Mar 25, 2023 12:12:39 AM seedu.duke.storage.UserCareerStorageHandler writeToJson
INFO: User Data has been written to file
Mar 25, 2023 12:12:39 AM seedu.duke.storage.UserCareerStorageHandler writeToJson
INFO: User Data has been written to file
Mar 25, 2023 12:12:39 AM seedu.duke.storage.UserCareerStorageHandler writeToJson
INFO: User Data has been written to file
Mar 25, 2023 12:12:39 AM seedu.duke.storage.UserCareerStorageHandler writeToJson
INFO: User Data has been written to file
Mar 25, 2023 12:12:39 AM seedu.duke.storage.UserCareerStorageHandler writeToJson
INFO: User Data has been written to file
Mar 25, 2023 12:12:39 AM seedu.duke.storage.UserCareerStorageHandler writeToJson
INFO: User Data has been written to file
Mar 25, 2023 12:12:39 AM seedu.duke.storage.UserCareerStorageHandler writeToJson
INFO: User Data has been written to file
Mar 25, 2023 12:12:39 AM seedu.duke.storage.UserCareerStorageHandler writeToJson
INFO: User Data has been written to file
Mar 25, 2023 12:12:39 AM seedu.duke.storage.UserCareerStorageHandler writeToJson
INFO: User Data has been written to file
Mar 25, 2023 12:12:39 AM seedu.duke.storage.UserCareerStorageHandler writeToJson
INFO: User Data has been written to file
Mar 25, 2023 12:12:39 AM seedu.duke.storage.UserCareerStorageHandler writeToJson
INFO: User Data has been written to file
Mar 25, 2023 12:12:39 AM seedu.duke.storage.UserCareerStorageHandler writeToJson
INFO: User Data has been written to file
Mar 25, 2023 12:12:39 AM seedu.duke.storage.UserCareerStorageHandler writeToJson
INFO: User Data has been written to file
Mar 25, 2023 12:12:39 AM seedu.duke.storage.UserCareerStorageHandler writeToJson
INFO: User Data has been written to file
Mar 25, 2023 12:12:39 AM seedu.duke.storage.UserCareerStorageHandler writeToJson
INFO: User Data has been written to file
Mar 25, 2023 12:12:39 AM seedu.duke.storage.UserCareerStorageHandler loadUserData
INFO: Data has been restored from previous session!
Mar 25, 2023 12:12:39 AM seedu.duke.storage.UserCareerStorageHandler loadUserPlans
WARNING: Plans data file has been corrupted or missing, we will create a new file for you, all your plans will be lost.
Mar 25, 2023 12:12:39 AM seedu.duke.storage.UserCareerStorageHandler writeToJson
INFO: User Plan has been written to file
Mar 25, 2023 12:12:39 AM seedu.duke.storage.UserCareerStorageHandler loadUserData
INFO: Data has been restored from previous session!
Mar 25, 2023 12:12:39 AM seedu.duke.storage.UserCareerStorageHandler loadUserPlans
INFO: Plans Data has been restored from the previous session!
Mar 25, 2023 12:12:39 AM seedu.duke.storage.UserCareerStorageHandler writeToJson
INFO: User Data has been written to file
Mar 25, 2023 12:12:39 AM seedu.duke.storage.UserCareerStorageHandler loadUserData
WARNING: Data file has been corrupted or missing, we will create a new file and reset your progress.
Mar 25, 2023 12:12:39 AM seedu.duke.storage.UserCareerStorageHandler writeToJson
INFO: User Data has been written to file
Mar 25, 2023 12:12:39 AM seedu.duke.storage.UserCareerStorageHandler loadUserData
INFO: Data has been restored from previous session!
Mar 25, 2023 12:12:39 AM seedu.duke.storage.UserCareerStorageHandler loadUserData
INFO: Data has been restored from previous session!
Mar 25, 2023 12:12:39 AM seedu.duke.storage.UserCareerStorageHandler loadUserPlans
WARNING: Plans data file has been corrupted or missing, we will create a new file for you, all your plans will be lost.
Mar 25, 2023 12:15:34 AM seedu.duke.storage.UserCareerStorageHandler writeToJson
INFO: User Data has been written to file
Mar 25, 2023 1:17:18 AM seedu.duke.storage.JsonUserCareerStorage writeToJson
INFO: User Data has been written to file
Mar 25, 2023 1:17:18 AM seedu.duke.storage.JsonUserCareerStorage writeToJson
INFO: User Data has been written to file
Mar 25, 2023 1:17:18 AM seedu.duke.storage.JsonUserCareerStorage loadUserData
WARNING: Data file has been corrupted or missing, we will create a new file and reset your progress.
Mar 25, 2023 1:17:18 AM seedu.duke.storage.JsonUserCareerStorage loadUserData
WARNING: Data file has been corrupted or missing, we will create a new file and reset your progress.
Mar 25, 2023 1:17:18 AM seedu.duke.storage.JsonUserPlansStorage loadUserPlans
WARNING: Plans data file has been corrupted or missing, we will create a new file for you, all your plans will be lost.
Mar 25, 2023 1:17:18 AM seedu.duke.storage.JsonUserPlansStorage loadUserPlans
WARNING: Plans data file has been corrupted or missing, we will create a new file for you, all your plans will be lost.
Mar 25, 2023 1:17:39 AM seedu.duke.storage.JsonUserPlansStorage writeToJson
INFO: User Plan has been written to file
Mar 25, 2023 1:17:39 AM seedu.duke.storage.JsonUserPlansStorage writeToJson
INFO: User Plan has been written to file
Mar 25, 2023 1:18:01 AM seedu.duke.storage.JsonUserCareerStorage loadUserData
INFO: Data has been restored from previous session!
Mar 25, 2023 1:18:01 AM seedu.duke.storage.JsonUserCareerStorage loadUserData
INFO: Data has been restored from previous session!
Mar 25, 2023 1:18:01 AM seedu.duke.storage.JsonUserPlansStorage loadUserPlans
INFO: Plans Data has been restored from the previous session!
Mar 25, 2023 1:18:01 AM seedu.duke.storage.JsonUserPlansStorage loadUserPlans
INFO: Plans Data has been restored from the previous session!
Mar 25, 2023 1:18:37 AM seedu.duke.storage.JsonUserCareerStorage writeToJson
INFO: User Data has been written to file
Mar 25, 2023 1:18:37 AM seedu.duke.storage.JsonUserCareerStorage writeToJson
INFO: User Data has been written to file
Mar 25, 2023 1:19:02 AM seedu.duke.storage.JsonUserCareerStorage loadUserData
INFO: Data has been restored from previous session!
Mar 25, 2023 1:19:02 AM seedu.duke.storage.JsonUserCareerStorage loadUserData
INFO: Data has been restored from previous session!
Mar 25, 2023 1:19:02 AM seedu.duke.storage.JsonUserPlansStorage loadUserPlans
INFO: Plans Data has been restored from the previous session!
Mar 25, 2023 1:19:02 AM seedu.duke.storage.JsonUserPlansStorage loadUserPlans
INFO: Plans Data has been restored from the previous session!
