#
# There is insufficient memory for the Java Runtime Environment to continue.
# Native memory allocation (malloc) failed to allocate 1868016 bytes for Chunk::new
# Possible reasons:
#   The system is out of physical RAM or swap space
#   The process is running with CompressedOops enabled, and the Java Heap may be blocking the growth of the native heap
# Possible solutions:
#   Reduce memory load on the system
#   Increase physical memory or swap space
#   Check if swap backing store is full
#   Decrease Java heap size (-Xmx/-Xms)
#   Decrease number of Java threads
#   Decrease Java thread stack sizes (-Xss)
#   Set larger code cache with -XX:ReservedCodeCacheSize=
#   JVM is running with Unscaled Compressed Oops mode in which the Java heap is
#     placed in the first 4GB address space. The Java Heap base address is the
#     maximum limit for the native heap growth. Please use -XX:HeapBaseMinAddress
#     to set the Java Heap base and to place the Java Heap above 4GB virtual address.
# This output file may be truncated or incomplete.
#
#  Out of Memory Error (./open/src/hotspot/share/memory/arena.cpp:197), pid=20140, tid=7604
#
# JRE version: Java(TM) SE Runtime Environment 18.9 (11.0.17+10) (build 11.0.17+10-LTS-269)
# Java VM: Java HotSpot(TM) 64-Bit Server VM 18.9 (11.0.17+10-LTS-269, mixed mode, tiered, compressed oops, g1 gc, windows-amd64)
# No core dump will be written. Minidumps are not enabled by default on client versions of Windows
#

---------------  S U M M A R Y ------------

Command Line: --add-opens=java.base/java.util=ALL-UNNAMED --add-opens=java.base/java.lang=ALL-UNNAMED --add-opens=java.base/java.lang.invoke=ALL-UNNAMED --add-opens=java.base/java.util=ALL-UNNAMED --add-opens=java.prefs/java.util.prefs=ALL-UNNAMED --add-opens=java.prefs/java.util.prefs=ALL-UNNAMED --add-opens=java.base/java.nio.charset=ALL-UNNAMED --add-opens=java.base/java.net=ALL-UNNAMED --add-opens=java.base/java.util.concurrent.atomic=ALL-UNNAMED -XX:MaxMetaspaceSize=256m -XX:+HeapDumpOnOutOfMemoryError -Xms256m -Xmx512m -Dfile.encoding=GBK -Duser.country=SG -Duser.language=en -Duser.variant org.gradle.launcher.daemon.bootstrap.GradleDaemon 7.4.2

Host: 11th Gen Intel(R) Core(TM) i7-11800H @ 2.30GHz, 16 cores, 15G,  Windows 10 , 64 bit Build 19041 (10.0.19041.2546)
Time: Fri Apr  7 00:51:56 2023 China Standard Time elapsed time: 2.905891 seconds (0d 0h 0m 2s)

---------------  T H R E A D  ---------------

Current thread (0x0000019293398800):  JavaThread "C2 CompilerThread2" daemon [_thread_in_native, id=7604, stack(0x0000005fd3300000,0x0000005fd3400000)]


Current CompileTask:
C2:   2905 4414       4       java.lang.invoke.MethodType::makeImpl (108 bytes)

Stack: [0x0000005fd3300000,0x0000005fd3400000]
Native frames: (J=compiled Java code, j=interpreted, Vv=VM code, C=native code)
V  [jvm.dll+0x62b5da]
V  [jvm.dll+0x7653df]
V  [jvm.dll+0x766a89]
V  [jvm.dll+0x767113]
V  [jvm.dll+0x23dd28]
V  [jvm.dll+0xb2a1c]
V  [jvm.dll+0xb2fdc]
V  [jvm.dll+0x341552]
V  [jvm.dll+0x30ef13]
V  [jvm.dll+0x30e25a]
V  [jvm.dll+0x1f8733]
V  [jvm.dll+0x1f78fd]
V  [jvm.dll+0x177c91]
V  [jvm.dll+0x207296]
V  [jvm.dll+0x20542b]
V  [jvm.dll+0x72b2c0]
V  [jvm.dll+0x723e64]
V  [jvm.dll+0x62a485]
C  [ucrtbase.dll+0x21bb2]
C  [KERNEL32.DLL+0x17614]
C  [ntdll.dll+0x526a1]


---------------  P R O C E S S  ---------------

Threads class SMR info:
_java_thread_list=0x00000192997e2c50, length=68, elements={
0x00000192f6fb5800, 0x00000192fffc3000, 0x00000192fffc4000, 0x0000019292a7b000,
0x0000019292a7e800, 0x0000019292a80800, 0x0000019292a81800, 0x0000019292a91000,
0x0000019292aa1800, 0x0000019292bfc800, 0x0000019292c0d800, 0x0000019292f47000,
0x0000019293398800, 0x000001929402c000, 0x000001929412f800, 0x0000019294b99800,
0x0000019294989800, 0x0000019295722000, 0x000001929563a000, 0x0000019295454800,
0x00000192941a4800, 0x00000192942ea800, 0x00000192942d8800, 0x0000019294fb5000,
0x0000019295bce800, 0x0000019295bcf800, 0x0000019295bd3000, 0x0000019295bd0800,
0x0000019295bcd000, 0x0000019295bd1000, 0x0000019295bd2000, 0x0000019295bd3800,
0x0000019295bce000, 0x0000019294c77800, 0x0000019294c7b800, 0x0000019294c7a000,
0x0000019294c7c800, 0x0000019297fe0000, 0x0000019294c77000, 0x0000019294c78800,
0x0000019294c79000, 0x000001929860b000, 0x000001929860c000, 0x0000019298609800,
0x000001929860a800, 0x0000019298607000, 0x0000019298609000, 0x0000019298606800,
0x000001929860d000, 0x000001929860d800, 0x0000019298608000, 0x0000019298614000,
0x000001929860e800, 0x0000019298611000, 0x0000019298612000, 0x0000019298612800,
0x0000019298613800, 0x0000019298615000, 0x000001929860f800, 0x0000019298610000,
0x00000192997d6000, 0x00000192997d5800, 0x00000192997d7000, 0x00000192997d7800,
0x00000192997d8800, 0x00000192997d3000, 0x00000192997d3800, 0x00000192997d4800
}

Java Threads: ( => current thread )
  0x00000192f6fb5800 JavaThread "main" [_thread_blocked, id=23852, stack(0x0000005fd2000000,0x0000005fd2100000)]
  0x00000192fffc3000 JavaThread "Reference Handler" daemon [_thread_blocked, id=12192, stack(0x0000005fd2700000,0x0000005fd2800000)]
  0x00000192fffc4000 JavaThread "Finalizer" daemon [_thread_blocked, id=3996, stack(0x0000005fd2800000,0x0000005fd2900000)]
  0x0000019292a7b000 JavaThread "Signal Dispatcher" daemon [_thread_blocked, id=13216, stack(0x0000005fd2900000,0x0000005fd2a00000)]
  0x0000019292a7e800 JavaThread "Attach Listener" daemon [_thread_blocked, id=19800, stack(0x0000005fd2a00000,0x0000005fd2b00000)]
  0x0000019292a80800 JavaThread "Service Thread" daemon [_thread_blocked, id=14664, stack(0x0000005fd2b00000,0x0000005fd2c00000)]
  0x0000019292a81800 JavaThread "C2 CompilerThread0" daemon [_thread_in_native, id=7328, stack(0x0000005fd2c00000,0x0000005fd2d00000)]
  0x0000019292a91000 JavaThread "C1 CompilerThread0" daemon [_thread_blocked, id=20964, stack(0x0000005fd2d00000,0x0000005fd2e00000)]
  0x0000019292aa1800 JavaThread "Sweeper thread" daemon [_thread_blocked, id=15504, stack(0x0000005fd2e00000,0x0000005fd2f00000)]
  0x0000019292bfc800 JavaThread "C1 CompilerThread1" daemon [_thread_blocked, id=18544, stack(0x0000005fd2f00000,0x0000005fd3000000)]
  0x0000019292c0d800 JavaThread "Common-Cleaner" daemon [_thread_blocked, id=7384, stack(0x0000005fd3000000,0x0000005fd3100000)]
  0x0000019292f47000 JavaThread "C2 CompilerThread1" daemon [_thread_in_native, id=23140, stack(0x0000005fd3200000,0x0000005fd3300000)]
=>0x0000019293398800 JavaThread "C2 CompilerThread2" daemon [_thread_in_native, id=7604, stack(0x0000005fd3300000,0x0000005fd3400000)]
  0x000001929402c000 JavaThread "C1 CompilerThread2" daemon [_thread_blocked, id=14260, stack(0x0000005fd3900000,0x0000005fd3a00000)]
  0x000001929412f800 JavaThread "C1 CompilerThread3" daemon [_thread_blocked, id=22264, stack(0x0000005fd3a00000,0x0000005fd3b00000)]
  0x0000019294b99800 JavaThread "Daemon health stats" [_thread_blocked, id=16632, stack(0x0000005fd3b00000,0x0000005fd3c00000)]
  0x0000019294989800 JavaThread "Incoming local TCP Connector on port 54357" [_thread_in_native, id=24148, stack(0x0000005fd3c00000,0x0000005fd3d00000)]
  0x0000019295722000 JavaThread "Daemon periodic checks" [_thread_blocked, id=3808, stack(0x0000005fd3d00000,0x0000005fd3e00000)]
  0x000001929563a000 JavaThread "Daemon" [_thread_blocked, id=11732, stack(0x0000005fd3e00000,0x0000005fd3f00000)]
  0x0000019295454800 JavaThread "Handler for socket connection from /127.0.0.1:54357 to /127.0.0.1:54358" [_thread_in_native, id=12524, stack(0x0000005fd3f00000,0x0000005fd4000000)]
  0x00000192941a4800 JavaThread "Cancel handler" [_thread_blocked, id=22736, stack(0x0000005fd4000000,0x0000005fd4100000)]
  0x00000192942ea800 JavaThread "Daemon worker" [_thread_in_vm, id=6780, stack(0x0000005fd4100000,0x0000005fd4200000)]
  0x00000192942d8800 JavaThread "Asynchronous log dispatcher for DefaultDaemonConnection: socket connection from /127.0.0.1:54357 to /127.0.0.1:54358" [_thread_blocked, id=21156, stack(0x0000005fd4200000,0x0000005fd4300000)]
  0x0000019294fb5000 JavaThread "Stdin handler" [_thread_blocked, id=23832, stack(0x0000005fd4300000,0x0000005fd4400000)]
  0x0000019295bce800 JavaThread "Daemon client event forwarder" [_thread_blocked, id=16100, stack(0x0000005fd4400000,0x0000005fd4500000)]
  0x0000019295bcf800 JavaThread "Cache worker for journal cache (C:\Users\Chen Zi Han\.gradle\caches\journal-1)" [_thread_blocked, id=4000, stack(0x0000005fd4500000,0x0000005fd4600000)]
  0x0000019295bd3000 JavaThread "File lock request listener" [_thread_in_native, id=9480, stack(0x0000005fd4600000,0x0000005fd4700000)]
  0x0000019295bd0800 JavaThread "Cache worker for file hash cache (C:\Users\Chen Zi Han\.gradle\caches\7.4.2\fileHashes)" [_thread_blocked, id=24164, stack(0x0000005fd4700000,0x0000005fd4800000)]
  0x0000019295bcd000 JavaThread "File watcher server" daemon [_thread_in_native, id=21448, stack(0x0000005fd5100000,0x0000005fd5200000)]
  0x0000019295bd1000 JavaThread "File watcher consumer" daemon [_thread_blocked, id=16144, stack(0x0000005fd5200000,0x0000005fd5300000)]
  0x0000019295bd2000 JavaThread "Cache worker for checksums cache (D:\NUS_Year2_SEM2\CS2113_NEW\tp\.gradle\7.4.2\checksums)" [_thread_blocked, id=14020, stack(0x0000005fd5300000,0x0000005fd5400000)]
  0x0000019295bd3800 JavaThread "Cache worker for cache directory md-rule (C:\Users\Chen Zi Han\.gradle\caches\7.4.2\md-rule)" [_thread_blocked, id=23188, stack(0x0000005fd5400000,0x0000005fd5500000)]
  0x0000019295bce000 JavaThread "Cache worker for file hash cache (D:\NUS_Year2_SEM2\CS2113_NEW\tp\.gradle\7.4.2\fileHashes)" [_thread_blocked, id=19224, stack(0x0000005fd5500000,0x0000005fd5600000)]
  0x0000019294c77800 JavaThread "Cache worker for cache directory md-supplier (C:\Users\Chen Zi Han\.gradle\caches\7.4.2\md-supplier)" [_thread_blocked, id=10584, stack(0x0000005fd5600000,0x0000005fd5700000)]
  0x0000019294c7b800 JavaThread "Cache worker for execution history cache (C:\Users\Chen Zi Han\.gradle\caches\7.4.2\executionHistory)" [_thread_blocked, id=18760, stack(0x0000005fd5700000,0x0000005fd5800000)]
  0x0000019294c7a000 JavaThread "jar transforms" [_thread_blocked, id=5444, stack(0x0000005fd5800000,0x0000005fd5900000)]
  0x0000019294c7c800 JavaThread "jar transforms Thread 2" [_thread_blocked, id=8332, stack(0x0000005fd5900000,0x0000005fd5a00000)]
  0x0000019297fe0000 JavaThread "C2 CompilerThread3" daemon [_thread_in_native, id=20536, stack(0x0000005fd5a00000,0x0000005fd5b00000)]
  0x0000019294c77000 JavaThread "Cache worker for file content cache (C:\Users\Chen Zi Han\.gradle\caches\7.4.2\fileContent)" [_thread_blocked, id=13588, stack(0x0000005fd5b00000,0x0000005fd5c00000)]
  0x0000019294c78800 JavaThread "jar transforms Thread 3" [_thread_blocked, id=13564, stack(0x0000005fd5c00000,0x0000005fd5d00000)]
  0x0000019294c79000 JavaThread "jar transforms Thread 4" [_thread_blocked, id=21148, stack(0x0000005fd5d00000,0x0000005fd5e00000)]
  0x000001929860b000 JavaThread "jar transforms Thread 5" [_thread_blocked, id=21720, stack(0x0000005fd5e00000,0x0000005fd5f00000)]
  0x000001929860c000 JavaThread "jar transforms Thread 6" [_thread_blocked, id=22156, stack(0x0000005fd5f00000,0x0000005fd6000000)]
  0x0000019298609800 JavaThread "Cache worker for dependencies-accessors (D:\NUS_Year2_SEM2\CS2113_NEW\tp\.gradle\7.4.2\dependencies-accessors)" [_thread_blocked, id=3584, stack(0x0000005fd6000000,0x0000005fd6100000)]
  0x000001929860a800 JavaThread "jar transforms Thread 7" [_thread_blocked, id=3372, stack(0x0000005fd6100000,0x0000005fd6200000)]
  0x0000019298607000 JavaThread "Cache worker for Build Output Cleanup Cache (D:\NUS_Year2_SEM2\CS2113_NEW\tp\.gradle\buildOutputCleanup)" [_thread_blocked, id=11592, stack(0x0000005fd6200000,0x0000005fd6300000)]
  0x0000019298609000 JavaThread "Unconstrained build operations" [_thread_blocked, id=23296, stack(0x0000005fd6300000,0x0000005fd6400000)]
  0x0000019298606800 JavaThread "Unconstrained build operations Thread 2" [_thread_blocked, id=22000, stack(0x0000005fd6400000,0x0000005fd6500000)]
  0x000001929860d000 JavaThread "Unconstrained build operations Thread 3" [_thread_blocked, id=24452, stack(0x0000005fd6500000,0x0000005fd6600000)]
  0x000001929860d800 JavaThread "Unconstrained build operations Thread 4" [_thread_blocked, id=3936, stack(0x0000005fd6600000,0x0000005fd6700000)]
  0x0000019298608000 JavaThread "Unconstrained build operations Thread 5" [_thread_blocked, id=19040, stack(0x0000005fd6700000,0x0000005fd6800000)]
  0x0000019298614000 JavaThread "Unconstrained build operations Thread 6" [_thread_blocked, id=7560, stack(0x0000005fd6800000,0x0000005fd6900000)]
  0x000001929860e800 JavaThread "Unconstrained build operations Thread 7" [_thread_blocked, id=11560, stack(0x0000005fd6900000,0x0000005fd6a00000)]
  0x0000019298611000 JavaThread "Unconstrained build operations Thread 8" [_thread_blocked, id=20748, stack(0x0000005fd6a00000,0x0000005fd6b00000)]
  0x0000019298612000 JavaThread "Unconstrained build operations Thread 9" [_thread_blocked, id=21248, stack(0x0000005fd6b00000,0x0000005fd6c00000)]
  0x0000019298612800 JavaThread "Unconstrained build operations Thread 10" [_thread_blocked, id=12700, stack(0x0000005fd6c00000,0x0000005fd6d00000)]
  0x0000019298613800 JavaThread "Unconstrained build operations Thread 11" [_thread_blocked, id=13808, stack(0x0000005fd6d00000,0x0000005fd6e00000)]
  0x0000019298615000 JavaThread "Unconstrained build operations Thread 12" [_thread_blocked, id=15708, stack(0x0000005fd6e00000,0x0000005fd6f00000)]
  0x000001929860f800 JavaThread "Unconstrained build operations Thread 13" [_thread_blocked, id=19152, stack(0x0000005fd6f00000,0x0000005fd7000000)]
  0x0000019298610000 JavaThread "jar transforms Thread 8" [_thread_blocked, id=20020, stack(0x0000005fd7000000,0x0000005fd7100000)]
  0x00000192997d6000 JavaThread "jar transforms Thread 9" [_thread_blocked, id=20912, stack(0x0000005fd7100000,0x0000005fd7200000)]
  0x00000192997d5800 JavaThread "jar transforms Thread 10" [_thread_blocked, id=21964, stack(0x0000005fd7200000,0x0000005fd7300000)]
  0x00000192997d7000 JavaThread "jar transforms Thread 11" [_thread_blocked, id=15336, stack(0x0000005fd7300000,0x0000005fd7400000)]
  0x00000192997d7800 JavaThread "jar transforms Thread 12" [_thread_blocked, id=2444, stack(0x0000005fd7400000,0x0000005fd7500000)]
  0x00000192997d8800 JavaThread "jar transforms Thread 13" [_thread_blocked, id=17776, stack(0x0000005fd7500000,0x0000005fd7600000)]
  0x00000192997d3000 JavaThread "jar transforms Thread 14" [_thread_blocked, id=15948, stack(0x0000005fd7600000,0x0000005fd7700000)]
  0x00000192997d3800 JavaThread "jar transforms Thread 15" [_thread_blocked, id=16292, stack(0x0000005fd7700000,0x0000005fd7800000)]
  0x00000192997d4800 JavaThread "jar transforms Thread 16" [_thread_blocked, id=19756, stack(0x0000005fd7800000,0x0000005fd7900000)]

Other Threads:
  0x00000192fffee000 VMThread "VM Thread" [stack: 0x0000005fd2600000,0x0000005fd2700000] [id=11768]
  0x0000019292c4d000 WatcherThread [stack: 0x0000005fd3100000,0x0000005fd3200000] [id=19244]
  0x00000192f6fc6000 GCTaskThread "GC Thread#0" [stack: 0x0000005fd2100000,0x0000005fd2200000] [id=23652]
  0x00000192944a5800 GCTaskThread "GC Thread#1" [stack: 0x0000005fd3400000,0x0000005fd3500000] [id=17332]
  0x0000019294623000 GCTaskThread "GC Thread#2" [stack: 0x0000005fd3500000,0x0000005fd3600000] [id=23236]
  0x0000019293d11000 GCTaskThread "GC Thread#3" [stack: 0x0000005fd3600000,0x0000005fd3700000] [id=20168]
  0x0000019293b14800 GCTaskThread "GC Thread#4" [stack: 0x0000005fd3700000,0x0000005fd3800000] [id=20036]
  0x0000019293baa000 GCTaskThread "GC Thread#5" [stack: 0x0000005fd3800000,0x0000005fd3900000] [id=16272]
  0x0000019294da3800 GCTaskThread "GC Thread#6" [stack: 0x0000005fd4800000,0x0000005fd4900000] [id=13324]
  0x0000019293ff2000 GCTaskThread "GC Thread#7" [stack: 0x0000005fd4900000,0x0000005fd4a00000] [id=18328]
  0x00000192954ca800 GCTaskThread "GC Thread#8" [stack: 0x0000005fd4a00000,0x0000005fd4b00000] [id=19528]
  0x0000019293d31000 GCTaskThread "GC Thread#9" [stack: 0x0000005fd4b00000,0x0000005fd4c00000] [id=16800]
  0x0000019293cf7000 GCTaskThread "GC Thread#10" [stack: 0x0000005fd4c00000,0x0000005fd4d00000] [id=9040]
  0x0000019294307800 GCTaskThread "GC Thread#11" [stack: 0x0000005fd4d00000,0x0000005fd4e00000] [id=4056]
  0x0000019295269800 GCTaskThread "GC Thread#12" [stack: 0x0000005fd4e00000,0x0000005fd4f00000] [id=4560]
  0x00000192f6fda800 ConcurrentGCThread "G1 Main Marker" [stack: 0x0000005fd2200000,0x0000005fd2300000] [id=24188]
  0x00000192f6fdb800 ConcurrentGCThread "G1 Conc#0" [stack: 0x0000005fd2300000,0x0000005fd2400000] [id=14368]
  0x0000019293ca6800 ConcurrentGCThread "G1 Conc#1" [stack: 0x0000005fd4f00000,0x0000005fd5000000] [id=22928]
  0x0000019294d72800 ConcurrentGCThread "G1 Conc#2" [stack: 0x0000005fd5000000,0x0000005fd5100000] [id=5240]
  0x00000192f701e000 ConcurrentGCThread "G1 Refine#0" [stack: 0x0000005fd2400000,0x0000005fd2500000] [id=22908]
  0x00000192ffee0800 ConcurrentGCThread "G1 Young RemSet Sampling" [stack: 0x0000005fd2500000,0x0000005fd2600000] [id=22636]

Threads with active compile tasks:
C2 CompilerThread0     2916 4540       4       org.objectweb.asm.SymbolTable::addConstantUtf8Reference (101 bytes)
C2 CompilerThread1     2916 4485       4       org.gradle.internal.reflect.MethodSet::add (50 bytes)
C2 CompilerThread2     2916 4414       4       java.lang.invoke.MethodType::makeImpl (108 bytes)
C2 CompilerThread3     2916 4493       4       org.objectweb.asm.SymbolTable::addConstantMemberReference (147 bytes)

VM state:not at safepoint (normal execution)

VM Mutex/Monitor currently owned by a thread: None

Heap address: 0x00000000e0000000, size: 512 MB, Compressed Oops mode: 32-bit
Narrow klass base: 0x0000000000000000, Narrow klass shift: 3
Compressed class space size: 260046848 Address: 0x0000000100000000

Heap:
 garbage-first heap   total 262144K, used 61361K [0x00000000e0000000, 0x0000000100000000)
  region size 1024K, 45 young (46080K), 12 survivors (12288K)
 Metaspace       used 47906K, capacity 49085K, committed 49280K, reserved 296960K
  class space    used 6242K, capacity 6705K, committed 6784K, reserved 253952K
Heap Regions: E=young(eden), S=young(survivor), O=old, HS=humongous(starts), HC=humongous(continues), CS=collection set, F=free, A=archive, TAMS=top-at-mark-start (previous, next)
|   0|0x00000000e0000000, 0x00000000e0100000, 0x00000000e0100000|100%| O|  |TAMS 0x00000000e0100000, 0x00000000e0000000| Untracked 
|   1|0x00000000e0100000, 0x00000000e0200000, 0x00000000e0200000|100%| O|  |TAMS 0x00000000e0200000, 0x00000000e0100000| Untracked 
|   2|0x00000000e0200000, 0x00000000e0300000, 0x00000000e0300000|100%| O|  |TAMS 0x00000000e0300000, 0x00000000e0200000| Untracked 
|   3|0x00000000e0300000, 0x00000000e0400000, 0x00000000e0400000|100%|HS|  |TAMS 0x00000000e0400000, 0x00000000e0300000| Complete 
|   4|0x00000000e0400000, 0x00000000e0500000, 0x00000000e0500000|100%|HC|  |TAMS 0x00000000e0500000, 0x00000000e0400000| Complete 
|   5|0x00000000e0500000, 0x00000000e0600000, 0x00000000e0600000|100%|HC|  |TAMS 0x00000000e0600000, 0x00000000e0500000| Complete 
|   6|0x00000000e0600000, 0x00000000e0700000, 0x00000000e0700000|100%| O|  |TAMS 0x00000000e0700000, 0x00000000e0600000| Untracked 
|   7|0x00000000e0700000, 0x00000000e0800000, 0x00000000e0800000|100%| O|  |TAMS 0x00000000e0800000, 0x00000000e0700000| Untracked 
|   8|0x00000000e0800000, 0x00000000e0900000, 0x00000000e0900000|100%| O|  |TAMS 0x00000000e0900000, 0x00000000e0800000| Untracked 
|   9|0x00000000e0900000, 0x00000000e0a00000, 0x00000000e0a00000|100%| O|  |TAMS 0x00000000e0a00000, 0x00000000e0900000| Untracked 
|  10|0x00000000e0a00000, 0x00000000e0b00000, 0x00000000e0b00000|100%| O|  |TAMS 0x00000000e0b00000, 0x00000000e0a00000| Untracked 
|  11|0x00000000e0b00000, 0x00000000e0c00000, 0x00000000e0c00000|100%| O|  |TAMS 0x00000000e0c00000, 0x00000000e0b00000| Untracked 
|  12|0x00000000e0c00000, 0x00000000e0d00000, 0x00000000e0d00000|100%| O|  |TAMS 0x00000000e0d00000, 0x00000000e0c00000| Untracked 
|  13|0x00000000e0d00000, 0x00000000e0e00000, 0x00000000e0e00000|100%| O|  |TAMS 0x00000000e0e00000, 0x00000000e0d00000| Untracked 
|  14|0x00000000e0e00000, 0x00000000e0f00000, 0x00000000e0f00000|100%| O|  |TAMS 0x00000000e0f00000, 0x00000000e0e00000| Untracked 
|  15|0x00000000e0f00000, 0x00000000e1000000, 0x00000000e1000000|100%| O|  |TAMS 0x00000000e1000000, 0x00000000e0f00000| Untracked 
|  16|0x00000000e1000000, 0x00000000e1032c00, 0x00000000e1100000| 19%| O|  |TAMS 0x00000000e1032c00, 0x00000000e1000000| Untracked 
|  17|0x00000000e1100000, 0x00000000e1100000, 0x00000000e1200000|  0%| F|  |TAMS 0x00000000e1100000, 0x00000000e1100000| Untracked 
|  18|0x00000000e1200000, 0x00000000e1200000, 0x00000000e1300000|  0%| F|  |TAMS 0x00000000e1200000, 0x00000000e1200000| Untracked 
|  19|0x00000000e1300000, 0x00000000e1300000, 0x00000000e1400000|  0%| F|  |TAMS 0x00000000e1300000, 0x00000000e1300000| Untracked 
|  20|0x00000000e1400000, 0x00000000e1400000, 0x00000000e1500000|  0%| F|  |TAMS 0x00000000e1400000, 0x00000000e1400000| Untracked 
|  21|0x00000000e1500000, 0x00000000e1500000, 0x00000000e1600000|  0%| F|  |TAMS 0x00000000e1500000, 0x00000000e1500000| Untracked 
|  22|0x00000000e1600000, 0x00000000e1600000, 0x00000000e1700000|  0%| F|  |TAMS 0x00000000e1600000, 0x00000000e1600000| Untracked 
|  23|0x00000000e1700000, 0x00000000e1700000, 0x00000000e1800000|  0%| F|  |TAMS 0x00000000e1700000, 0x00000000e1700000| Untracked 
|  24|0x00000000e1800000, 0x00000000e1800000, 0x00000000e1900000|  0%| F|  |TAMS 0x00000000e1800000, 0x00000000e1800000| Untracked 
|  25|0x00000000e1900000, 0x00000000e1900000, 0x00000000e1a00000|  0%| F|  |TAMS 0x00000000e1900000, 0x00000000e1900000| Untracked 
|  26|0x00000000e1a00000, 0x00000000e1a00000, 0x00000000e1b00000|  0%| F|  |TAMS 0x00000000e1a00000, 0x00000000e1a00000| Untracked 
|  27|0x00000000e1b00000, 0x00000000e1b00000, 0x00000000e1c00000|  0%| F|  |TAMS 0x00000000e1b00000, 0x00000000e1b00000| Untracked 
|  28|0x00000000e1c00000, 0x00000000e1c00000, 0x00000000e1d00000|  0%| F|  |TAMS 0x00000000e1c00000, 0x00000000e1c00000| Untracked 
|  29|0x00000000e1d00000, 0x00000000e1d00000, 0x00000000e1e00000|  0%| F|  |TAMS 0x00000000e1d00000, 0x00000000e1d00000| Untracked 
|  30|0x00000000e1e00000, 0x00000000e1e00000, 0x00000000e1f00000|  0%| F|  |TAMS 0x00000000e1e00000, 0x00000000e1e00000| Untracked 
|  31|0x00000000e1f00000, 0x00000000e1f00000, 0x00000000e2000000|  0%| F|  |TAMS 0x00000000e1f00000, 0x00000000e1f00000| Untracked 
|  32|0x00000000e2000000, 0x00000000e2000000, 0x00000000e2100000|  0%| F|  |TAMS 0x00000000e2000000, 0x00000000e2000000| Untracked 
|  33|0x00000000e2100000, 0x00000000e2100000, 0x00000000e2200000|  0%| F|  |TAMS 0x00000000e2100000, 0x00000000e2100000| Untracked 
|  34|0x00000000e2200000, 0x00000000e2200000, 0x00000000e2300000|  0%| F|  |TAMS 0x00000000e2200000, 0x00000000e2200000| Untracked 
|  35|0x00000000e2300000, 0x00000000e2300000, 0x00000000e2400000|  0%| F|  |TAMS 0x00000000e2300000, 0x00000000e2300000| Untracked 
|  36|0x00000000e2400000, 0x00000000e2400000, 0x00000000e2500000|  0%| F|  |TAMS 0x00000000e2400000, 0x00000000e2400000| Untracked 
|  37|0x00000000e2500000, 0x00000000e2500000, 0x00000000e2600000|  0%| F|  |TAMS 0x00000000e2500000, 0x00000000e2500000| Untracked 
|  38|0x00000000e2600000, 0x00000000e2600000, 0x00000000e2700000|  0%| F|  |TAMS 0x00000000e2600000, 0x00000000e2600000| Untracked 
|  39|0x00000000e2700000, 0x00000000e2700000, 0x00000000e2800000|  0%| F|  |TAMS 0x00000000e2700000, 0x00000000e2700000| Untracked 
|  40|0x00000000e2800000, 0x00000000e2800000, 0x00000000e2900000|  0%| F|  |TAMS 0x00000000e2800000, 0x00000000e2800000| Untracked 
|  41|0x00000000e2900000, 0x00000000e2900000, 0x00000000e2a00000|  0%| F|  |TAMS 0x00000000e2900000, 0x00000000e2900000| Untracked 
|  42|0x00000000e2a00000, 0x00000000e2a00000, 0x00000000e2b00000|  0%| F|  |TAMS 0x00000000e2a00000, 0x00000000e2a00000| Untracked 
|  43|0x00000000e2b00000, 0x00000000e2b00000, 0x00000000e2c00000|  0%| F|  |TAMS 0x00000000e2b00000, 0x00000000e2b00000| Untracked 
|  44|0x00000000e2c00000, 0x00000000e2c00000, 0x00000000e2d00000|  0%| F|  |TAMS 0x00000000e2c00000, 0x00000000e2c00000| Untracked 
|  45|0x00000000e2d00000, 0x00000000e2d00000, 0x00000000e2e00000|  0%| F|  |TAMS 0x00000000e2d00000, 0x00000000e2d00000| Untracked 
|  46|0x00000000e2e00000, 0x00000000e2e00000, 0x00000000e2f00000|  0%| F|  |TAMS 0x00000000e2e00000, 0x00000000e2e00000| Untracked 
|  47|0x00000000e2f00000, 0x00000000e2f00000, 0x00000000e3000000|  0%| F|  |TAMS 0x00000000e2f00000, 0x00000000e2f00000| Untracked 
|  48|0x00000000e3000000, 0x00000000e3000000, 0x00000000e3100000|  0%| F|  |TAMS 0x00000000e3000000, 0x00000000e3000000| Untracked 
|  49|0x00000000e3100000, 0x00000000e3100000, 0x00000000e3200000|  0%| F|  |TAMS 0x00000000e3100000, 0x00000000e3100000| Untracked 
|  50|0x00000000e3200000, 0x00000000e3200000, 0x00000000e3300000|  0%| F|  |TAMS 0x00000000e3200000, 0x00000000e3200000| Untracked 
|  51|0x00000000e3300000, 0x00000000e3300000, 0x00000000e3400000|  0%| F|  |TAMS 0x00000000e3300000, 0x00000000e3300000| Untracked 
|  52|0x00000000e3400000, 0x00000000e3400000, 0x00000000e3500000|  0%| F|  |TAMS 0x00000000e3400000, 0x00000000e3400000| Untracked 
|  53|0x00000000e3500000, 0x00000000e3500000, 0x00000000e3600000|  0%| F|  |TAMS 0x00000000e3500000, 0x00000000e3500000| Untracked 
|  54|0x00000000e3600000, 0x00000000e3600000, 0x00000000e3700000|  0%| F|  |TAMS 0x00000000e3600000, 0x00000000e3600000| Untracked 
|  55|0x00000000e3700000, 0x00000000e3700000, 0x00000000e3800000|  0%| F|  |TAMS 0x00000000e3700000, 0x00000000e3700000| Untracked 
|  56|0x00000000e3800000, 0x00000000e3800000, 0x00000000e3900000|  0%| F|  |TAMS 0x00000000e3800000, 0x00000000e3800000| Untracked 
|  57|0x00000000e3900000, 0x00000000e3900000, 0x00000000e3a00000|  0%| F|  |TAMS 0x00000000e3900000, 0x00000000e3900000| Untracked 
|  58|0x00000000e3a00000, 0x00000000e3a00000, 0x00000000e3b00000|  0%| F|  |TAMS 0x00000000e3a00000, 0x00000000e3a00000| Untracked 
|  59|0x00000000e3b00000, 0x00000000e3b00000, 0x00000000e3c00000|  0%| F|  |TAMS 0x00000000e3b00000, 0x00000000e3b00000| Untracked 
|  60|0x00000000e3c00000, 0x00000000e3c00000, 0x00000000e3d00000|  0%| F|  |TAMS 0x00000000e3c00000, 0x00000000e3c00000| Untracked 
|  61|0x00000000e3d00000, 0x00000000e3d00000, 0x00000000e3e00000|  0%| F|  |TAMS 0x00000000e3d00000, 0x00000000e3d00000| Untracked 
|  62|0x00000000e3e00000, 0x00000000e3e00000, 0x00000000e3f00000|  0%| F|  |TAMS 0x00000000e3e00000, 0x00000000e3e00000| Untracked 
|  63|0x00000000e3f00000, 0x00000000e3f00000, 0x00000000e4000000|  0%| F|  |TAMS 0x00000000e3f00000, 0x00000000e3f00000| Untracked 
|  64|0x00000000e4000000, 0x00000000e4000000, 0x00000000e4100000|  0%| F|  |TAMS 0x00000000e4000000, 0x00000000e4000000| Untracked 
|  65|0x00000000e4100000, 0x00000000e4100000, 0x00000000e4200000|  0%| F|  |TAMS 0x00000000e4100000, 0x00000000e4100000| Untracked 
|  66|0x00000000e4200000, 0x00000000e4200000, 0x00000000e4300000|  0%| F|  |TAMS 0x00000000e4200000, 0x00000000e4200000| Untracked 
|  67|0x00000000e4300000, 0x00000000e4300000, 0x00000000e4400000|  0%| F|  |TAMS 0x00000000e4300000, 0x00000000e4300000| Untracked 
|  68|0x00000000e4400000, 0x00000000e4400000, 0x00000000e4500000|  0%| F|  |TAMS 0x00000000e4400000, 0x00000000e4400000| Untracked 
|  69|0x00000000e4500000, 0x00000000e4500000, 0x00000000e4600000|  0%| F|  |TAMS 0x00000000e4500000, 0x00000000e4500000| Untracked 
|  70|0x00000000e4600000, 0x00000000e4600000, 0x00000000e4700000|  0%| F|  |TAMS 0x00000000e4600000, 0x00000000e4600000| Untracked 
|  71|0x00000000e4700000, 0x00000000e4700000, 0x00000000e4800000|  0%| F|  |TAMS 0x00000000e4700000, 0x00000000e4700000| Untracked 
|  72|0x00000000e4800000, 0x00000000e4800000, 0x00000000e4900000|  0%| F|  |TAMS 0x00000000e4800000, 0x00000000e4800000| Untracked 
|  73|0x00000000e4900000, 0x00000000e4900000, 0x00000000e4a00000|  0%| F|  |TAMS 0x00000000e4900000, 0x00000000e4900000| Untracked 
|  74|0x00000000e4a00000, 0x00000000e4a00000, 0x00000000e4b00000|  0%| F|  |TAMS 0x00000000e4a00000, 0x00000000e4a00000| Untracked 
|  75|0x00000000e4b00000, 0x00000000e4b00000, 0x00000000e4c00000|  0%| F|  |TAMS 0x00000000e4b00000, 0x00000000e4b00000| Untracked 
|  76|0x00000000e4c00000, 0x00000000e4c00000, 0x00000000e4d00000|  0%| F|  |TAMS 0x00000000e4c00000, 0x00000000e4c00000| Untracked 
|  77|0x00000000e4d00000, 0x00000000e4d00000, 0x00000000e4e00000|  0%| F|  |TAMS 0x00000000e4d00000, 0x00000000e4d00000| Untracked 
|  78|0x00000000e4e00000, 0x00000000e4e00000, 0x00000000e4f00000|  0%| F|  |TAMS 0x00000000e4e00000, 0x00000000e4e00000| Untracked 
|  79|0x00000000e4f00000, 0x00000000e4f00000, 0x00000000e5000000|  0%| F|  |TAMS 0x00000000e4f00000, 0x00000000e4f00000| Untracked 
|  80|0x00000000e5000000, 0x00000000e5000000, 0x00000000e5100000|  0%| F|  |TAMS 0x00000000e5000000, 0x00000000e5000000| Untracked 
|  81|0x00000000e5100000, 0x00000000e5100000, 0x00000000e5200000|  0%| F|  |TAMS 0x00000000e5100000, 0x00000000e5100000| Untracked 
|  82|0x00000000e5200000, 0x00000000e5200000, 0x00000000e5300000|  0%| F|  |TAMS 0x00000000e5200000, 0x00000000e5200000| Untracked 
|  83|0x00000000e5300000, 0x00000000e5300000, 0x00000000e5400000|  0%| F|  |TAMS 0x00000000e5300000, 0x00000000e5300000| Untracked 
|  84|0x00000000e5400000, 0x00000000e5400000, 0x00000000e5500000|  0%| F|  |TAMS 0x00000000e5400000, 0x00000000e5400000| Untracked 
|  85|0x00000000e5500000, 0x00000000e5500000, 0x00000000e5600000|  0%| F|  |TAMS 0x00000000e5500000, 0x00000000e5500000| Untracked 
|  86|0x00000000e5600000, 0x00000000e5600000, 0x00000000e5700000|  0%| F|  |TAMS 0x00000000e5600000, 0x00000000e5600000| Untracked 
|  87|0x00000000e5700000, 0x00000000e5700000, 0x00000000e5800000|  0%| F|  |TAMS 0x00000000e5700000, 0x00000000e5700000| Untracked 
|  88|0x00000000e5800000, 0x00000000e5800000, 0x00000000e5900000|  0%| F|  |TAMS 0x00000000e5800000, 0x00000000e5800000| Untracked 
|  89|0x00000000e5900000, 0x00000000e5900000, 0x00000000e5a00000|  0%| F|  |TAMS 0x00000000e5900000, 0x00000000e5900000| Untracked 
|  90|0x00000000e5a00000, 0x00000000e5a00000, 0x00000000e5b00000|  0%| F|  |TAMS 0x00000000e5a00000, 0x00000000e5a00000| Untracked 
|  91|0x00000000e5b00000, 0x00000000e5b00000, 0x00000000e5c00000|  0%| F|  |TAMS 0x00000000e5b00000, 0x00000000e5b00000| Untracked 
|  92|0x00000000e5c00000, 0x00000000e5c00000, 0x00000000e5d00000|  0%| F|  |TAMS 0x00000000e5c00000, 0x00000000e5c00000| Untracked 
|  93|0x00000000e5d00000, 0x00000000e5d00000, 0x00000000e5e00000|  0%| F|  |TAMS 0x00000000e5d00000, 0x00000000e5d00000| Untracked 
|  94|0x00000000e5e00000, 0x00000000e5e00000, 0x00000000e5f00000|  0%| F|  |TAMS 0x00000000e5e00000, 0x00000000e5e00000| Untracked 
|  95|0x00000000e5f00000, 0x00000000e5f00000, 0x00000000e6000000|  0%| F|  |TAMS 0x00000000e5f00000, 0x00000000e5f00000| Untracked 
|  96|0x00000000e6000000, 0x00000000e6000000, 0x00000000e6100000|  0%| F|  |TAMS 0x00000000e6000000, 0x00000000e6000000| Untracked 
|  97|0x00000000e6100000, 0x00000000e6100000, 0x00000000e6200000|  0%| F|  |TAMS 0x00000000e6100000, 0x00000000e6100000| Untracked 
|  98|0x00000000e6200000, 0x00000000e6200000, 0x00000000e6300000|  0%| F|  |TAMS 0x00000000e6200000, 0x00000000e6200000| Untracked 
|  99|0x00000000e6300000, 0x00000000e6300000, 0x00000000e6400000|  0%| F|  |TAMS 0x00000000e6300000, 0x00000000e6300000| Untracked 
| 100|0x00000000e6400000, 0x00000000e6400000, 0x00000000e6500000|  0%| F|  |TAMS 0x00000000e6400000, 0x00000000e6400000| Untracked 
| 101|0x00000000e6500000, 0x00000000e6500000, 0x00000000e6600000|  0%| F|  |TAMS 0x00000000e6500000, 0x00000000e6500000| Untracked 
| 102|0x00000000e6600000, 0x00000000e6600000, 0x00000000e6700000|  0%| F|  |TAMS 0x00000000e6600000, 0x00000000e6600000| Untracked 
| 103|0x00000000e6700000, 0x00000000e6700000, 0x00000000e6800000|  0%| F|  |TAMS 0x00000000e6700000, 0x00000000e6700000| Untracked 
| 104|0x00000000e6800000, 0x00000000e6800000, 0x00000000e6900000|  0%| F|  |TAMS 0x00000000e6800000, 0x00000000e6800000| Untracked 
| 105|0x00000000e6900000, 0x00000000e6900000, 0x00000000e6a00000|  0%| F|  |TAMS 0x00000000e6900000, 0x00000000e6900000| Untracked 
| 106|0x00000000e6a00000, 0x00000000e6a00000, 0x00000000e6b00000|  0%| F|  |TAMS 0x00000000e6a00000, 0x00000000e6a00000| Untracked 
| 107|0x00000000e6b00000, 0x00000000e6b00000, 0x00000000e6c00000|  0%| F|  |TAMS 0x00000000e6b00000, 0x00000000e6b00000| Untracked 
| 108|0x00000000e6c00000, 0x00000000e6c00000, 0x00000000e6d00000|  0%| F|  |TAMS 0x00000000e6c00000, 0x00000000e6c00000| Untracked 
| 109|0x00000000e6d00000, 0x00000000e6d00000, 0x00000000e6e00000|  0%| F|  |TAMS 0x00000000e6d00000, 0x00000000e6d00000| Untracked 
| 110|0x00000000e6e00000, 0x00000000e6e00000, 0x00000000e6f00000|  0%| F|  |TAMS 0x00000000e6e00000, 0x00000000e6e00000| Untracked 
| 111|0x00000000e6f00000, 0x00000000e6f00000, 0x00000000e7000000|  0%| F|  |TAMS 0x00000000e6f00000, 0x00000000e6f00000| Untracked 
| 112|0x00000000e7000000, 0x00000000e7000000, 0x00000000e7100000|  0%| F|  |TAMS 0x00000000e7000000, 0x00000000e7000000| Untracked 
| 113|0x00000000e7100000, 0x00000000e7100000, 0x00000000e7200000|  0%| F|  |TAMS 0x00000000e7100000, 0x00000000e7100000| Untracked 
| 114|0x00000000e7200000, 0x00000000e7200000, 0x00000000e7300000|  0%| F|  |TAMS 0x00000000e7200000, 0x00000000e7200000| Untracked 
| 115|0x00000000e7300000, 0x00000000e7300000, 0x00000000e7400000|  0%| F|  |TAMS 0x00000000e7300000, 0x00000000e7300000| Untracked 
| 116|0x00000000e7400000, 0x00000000e7400000, 0x00000000e7500000|  0%| F|  |TAMS 0x00000000e7400000, 0x00000000e7400000| Untracked 
| 117|0x00000000e7500000, 0x00000000e7500000, 0x00000000e7600000|  0%| F|  |TAMS 0x00000000e7500000, 0x00000000e7500000| Untracked 
| 118|0x00000000e7600000, 0x00000000e7600000, 0x00000000e7700000|  0%| F|  |TAMS 0x00000000e7600000, 0x00000000e7600000| Untracked 
| 119|0x00000000e7700000, 0x00000000e7700000, 0x00000000e7800000|  0%| F|  |TAMS 0x00000000e7700000, 0x00000000e7700000| Untracked 
| 120|0x00000000e7800000, 0x00000000e7800000, 0x00000000e7900000|  0%| F|  |TAMS 0x00000000e7800000, 0x00000000e7800000| Untracked 
| 121|0x00000000e7900000, 0x00000000e79b9938, 0x00000000e7a00000| 72%| S|CS|TAMS 0x00000000e7900000, 0x00000000e7900000| Complete 
| 122|0x00000000e7a00000, 0x00000000e7b00000, 0x00000000e7b00000|100%| S|CS|TAMS 0x00000000e7a00000, 0x00000000e7a00000| Complete 
| 123|0x00000000e7b00000, 0x00000000e7c00000, 0x00000000e7c00000|100%| S|CS|TAMS 0x00000000e7b00000, 0x00000000e7b00000| Complete 
| 124|0x00000000e7c00000, 0x00000000e7d00000, 0x00000000e7d00000|100%| S|CS|TAMS 0x00000000e7c00000, 0x00000000e7c00000| Complete 
| 125|0x00000000e7d00000, 0x00000000e7e00000, 0x00000000e7e00000|100%| S|CS|TAMS 0x00000000e7d00000, 0x00000000e7d00000| Complete 
| 126|0x00000000e7e00000, 0x00000000e7f00000, 0x00000000e7f00000|100%| S|CS|TAMS 0x00000000e7e00000, 0x00000000e7e00000| Complete 
| 127|0x00000000e7f00000, 0x00000000e8000000, 0x00000000e8000000|100%| S|CS|TAMS 0x00000000e7f00000, 0x00000000e7f00000| Complete 
| 128|0x00000000e8000000, 0x00000000e8100000, 0x00000000e8100000|100%| S|CS|TAMS 0x00000000e8000000, 0x00000000e8000000| Complete 
| 129|0x00000000e8100000, 0x00000000e8200000, 0x00000000e8200000|100%| S|CS|TAMS 0x00000000e8100000, 0x00000000e8100000| Complete 
| 130|0x00000000e8200000, 0x00000000e8300000, 0x00000000e8300000|100%| S|CS|TAMS 0x00000000e8200000, 0x00000000e8200000| Complete 
| 131|0x00000000e8300000, 0x00000000e8400000, 0x00000000e8400000|100%| S|CS|TAMS 0x00000000e8300000, 0x00000000e8300000| Complete 
| 132|0x00000000e8400000, 0x00000000e8500000, 0x00000000e8500000|100%| S|CS|TAMS 0x00000000e8400000, 0x00000000e8400000| Complete 
| 133|0x00000000e8500000, 0x00000000e8500000, 0x00000000e8600000|  0%| F|  |TAMS 0x00000000e8500000, 0x00000000e8500000| Untracked 
| 134|0x00000000e8600000, 0x00000000e8600000, 0x00000000e8700000|  0%| F|  |TAMS 0x00000000e8600000, 0x00000000e8600000| Untracked 
| 135|0x00000000e8700000, 0x00000000e8700000, 0x00000000e8800000|  0%| F|  |TAMS 0x00000000e8700000, 0x00000000e8700000| Untracked 
| 136|0x00000000e8800000, 0x00000000e8800000, 0x00000000e8900000|  0%| F|  |TAMS 0x00000000e8800000, 0x00000000e8800000| Untracked 
| 137|0x00000000e8900000, 0x00000000e8900000, 0x00000000e8a00000|  0%| F|  |TAMS 0x00000000e8900000, 0x00000000e8900000| Untracked 
| 138|0x00000000e8a00000, 0x00000000e8a00000, 0x00000000e8b00000|  0%| F|  |TAMS 0x00000000e8a00000, 0x00000000e8a00000| Untracked 
| 139|0x00000000e8b00000, 0x00000000e8b00000, 0x00000000e8c00000|  0%| F|  |TAMS 0x00000000e8b00000, 0x00000000e8b00000| Untracked 
| 140|0x00000000e8c00000, 0x00000000e8c00000, 0x00000000e8d00000|  0%| F|  |TAMS 0x00000000e8c00000, 0x00000000e8c00000| Untracked 
| 141|0x00000000e8d00000, 0x00000000e8d00000, 0x00000000e8e00000|  0%| F|  |TAMS 0x00000000e8d00000, 0x00000000e8d00000| Untracked 
| 142|0x00000000e8e00000, 0x00000000e8e00000, 0x00000000e8f00000|  0%| F|  |TAMS 0x00000000e8e00000, 0x00000000e8e00000| Untracked 
| 143|0x00000000e8f00000, 0x00000000e8f00000, 0x00000000e9000000|  0%| F|  |TAMS 0x00000000e8f00000, 0x00000000e8f00000| Untracked 
| 144|0x00000000e9000000, 0x00000000e9000000, 0x00000000e9100000|  0%| F|  |TAMS 0x00000000e9000000, 0x00000000e9000000| Untracked 
| 145|0x00000000e9100000, 0x00000000e9100000, 0x00000000e9200000|  0%| F|  |TAMS 0x00000000e9100000, 0x00000000e9100000| Untracked 
| 146|0x00000000e9200000, 0x00000000e9200000, 0x00000000e9300000|  0%| F|  |TAMS 0x00000000e9200000, 0x00000000e9200000| Untracked 
| 147|0x00000000e9300000, 0x00000000e9300000, 0x00000000e9400000|  0%| F|  |TAMS 0x00000000e9300000, 0x00000000e9300000| Untracked 
| 148|0x00000000e9400000, 0x00000000e9400000, 0x00000000e9500000|  0%| F|  |TAMS 0x00000000e9400000, 0x00000000e9400000| Untracked 
| 149|0x00000000e9500000, 0x00000000e9500000, 0x00000000e9600000|  0%| F|  |TAMS 0x00000000e9500000, 0x00000000e9500000| Untracked 
| 150|0x00000000e9600000, 0x00000000e9600000, 0x00000000e9700000|  0%| F|  |TAMS 0x00000000e9600000, 0x00000000e9600000| Untracked 
| 151|0x00000000e9700000, 0x00000000e9700000, 0x00000000e9800000|  0%| F|  |TAMS 0x00000000e9700000, 0x00000000e9700000| Untracked 
| 152|0x00000000e9800000, 0x00000000e9800000, 0x00000000e9900000|  0%| F|  |TAMS 0x00000000e9800000, 0x00000000e9800000| Untracked 
| 153|0x00000000e9900000, 0x00000000e9900000, 0x00000000e9a00000|  0%| F|  |TAMS 0x00000000e9900000, 0x00000000e9900000| Untracked 
| 154|0x00000000e9a00000, 0x00000000e9a00000, 0x00000000e9b00000|  0%| F|  |TAMS 0x00000000e9a00000, 0x00000000e9a00000| Untracked 
| 155|0x00000000e9b00000, 0x00000000e9b00000, 0x00000000e9c00000|  0%| F|  |TAMS 0x00000000e9b00000, 0x00000000e9b00000| Untracked 
| 156|0x00000000e9c00000, 0x00000000e9c00000, 0x00000000e9d00000|  0%| F|  |TAMS 0x00000000e9c00000, 0x00000000e9c00000| Untracked 
| 157|0x00000000e9d00000, 0x00000000e9d00000, 0x00000000e9e00000|  0%| F|  |TAMS 0x00000000e9d00000, 0x00000000e9d00000| Untracked 
| 158|0x00000000e9e00000, 0x00000000e9e00000, 0x00000000e9f00000|  0%| F|  |TAMS 0x00000000e9e00000, 0x00000000e9e00000| Untracked 
| 159|0x00000000e9f00000, 0x00000000e9f00000, 0x00000000ea000000|  0%| F|  |TAMS 0x00000000e9f00000, 0x00000000e9f00000| Untracked 
| 160|0x00000000ea000000, 0x00000000ea000000, 0x00000000ea100000|  0%| F|  |TAMS 0x00000000ea000000, 0x00000000ea000000| Untracked 
| 161|0x00000000ea100000, 0x00000000ea100000, 0x00000000ea200000|  0%| F|  |TAMS 0x00000000ea100000, 0x00000000ea100000| Untracked 
| 162|0x00000000ea200000, 0x00000000ea200000, 0x00000000ea300000|  0%| F|  |TAMS 0x00000000ea200000, 0x00000000ea200000| Untracked 
| 163|0x00000000ea300000, 0x00000000ea300000, 0x00000000ea400000|  0%| F|  |TAMS 0x00000000ea300000, 0x00000000ea300000| Untracked 
| 164|0x00000000ea400000, 0x00000000ea400000, 0x00000000ea500000|  0%| F|  |TAMS 0x00000000ea400000, 0x00000000ea400000| Untracked 
| 165|0x00000000ea500000, 0x00000000ea500000, 0x00000000ea600000|  0%| F|  |TAMS 0x00000000ea500000, 0x00000000ea500000| Untracked 
| 166|0x00000000ea600000, 0x00000000ea600000, 0x00000000ea700000|  0%| F|  |TAMS 0x00000000ea600000, 0x00000000ea600000| Untracked 
| 167|0x00000000ea700000, 0x00000000ea700000, 0x00000000ea800000|  0%| F|  |TAMS 0x00000000ea700000, 0x00000000ea700000| Untracked 
| 168|0x00000000ea800000, 0x00000000ea800000, 0x00000000ea900000|  0%| F|  |TAMS 0x00000000ea800000, 0x00000000ea800000| Untracked 
| 169|0x00000000ea900000, 0x00000000ea900000, 0x00000000eaa00000|  0%| F|  |TAMS 0x00000000ea900000, 0x00000000ea900000| Untracked 
| 170|0x00000000eaa00000, 0x00000000eaa00000, 0x00000000eab00000|  0%| F|  |TAMS 0x00000000eaa00000, 0x00000000eaa00000| Untracked 
| 171|0x00000000eab00000, 0x00000000eab00000, 0x00000000eac00000|  0%| F|  |TAMS 0x00000000eab00000, 0x00000000eab00000| Untracked 
| 172|0x00000000eac00000, 0x00000000eac00000, 0x00000000ead00000|  0%| F|  |TAMS 0x00000000eac00000, 0x00000000eac00000| Untracked 
| 173|0x00000000ead00000, 0x00000000ead00000, 0x00000000eae00000|  0%| F|  |TAMS 0x00000000ead00000, 0x00000000ead00000| Untracked 
| 174|0x00000000eae00000, 0x00000000eae00000, 0x00000000eaf00000|  0%| F|  |TAMS 0x00000000eae00000, 0x00000000eae00000| Untracked 
| 175|0x00000000eaf00000, 0x00000000eaf00000, 0x00000000eb000000|  0%| F|  |TAMS 0x00000000eaf00000, 0x00000000eaf00000| Untracked 
| 176|0x00000000eb000000, 0x00000000eb000000, 0x00000000eb100000|  0%| F|  |TAMS 0x00000000eb000000, 0x00000000eb000000| Untracked 
| 177|0x00000000eb100000, 0x00000000eb100000, 0x00000000eb200000|  0%| F|  |TAMS 0x00000000eb100000, 0x00000000eb100000| Untracked 
| 178|0x00000000eb200000, 0x00000000eb200000, 0x00000000eb300000|  0%| F|  |TAMS 0x00000000eb200000, 0x00000000eb200000| Untracked 
| 179|0x00000000eb300000, 0x00000000eb300000, 0x00000000eb400000|  0%| F|  |TAMS 0x00000000eb300000, 0x00000000eb300000| Untracked 
| 180|0x00000000eb400000, 0x00000000eb400000, 0x00000000eb500000|  0%| F|  |TAMS 0x00000000eb400000, 0x00000000eb400000| Untracked 
| 181|0x00000000eb500000, 0x00000000eb500000, 0x00000000eb600000|  0%| F|  |TAMS 0x00000000eb500000, 0x00000000eb500000| Untracked 
| 182|0x00000000eb600000, 0x00000000eb600000, 0x00000000eb700000|  0%| F|  |TAMS 0x00000000eb600000, 0x00000000eb600000| Untracked 
| 183|0x00000000eb700000, 0x00000000eb700000, 0x00000000eb800000|  0%| F|  |TAMS 0x00000000eb700000, 0x00000000eb700000| Untracked 
| 184|0x00000000eb800000, 0x00000000eb800000, 0x00000000eb900000|  0%| F|  |TAMS 0x00000000eb800000, 0x00000000eb800000| Untracked 
| 185|0x00000000eb900000, 0x00000000eb900000, 0x00000000eba00000|  0%| F|  |TAMS 0x00000000eb900000, 0x00000000eb900000| Untracked 
| 186|0x00000000eba00000, 0x00000000eba00000, 0x00000000ebb00000|  0%| F|  |TAMS 0x00000000eba00000, 0x00000000eba00000| Untracked 
| 187|0x00000000ebb00000, 0x00000000ebb00000, 0x00000000ebc00000|  0%| F|  |TAMS 0x00000000ebb00000, 0x00000000ebb00000| Untracked 
| 188|0x00000000ebc00000, 0x00000000ebc00000, 0x00000000ebd00000|  0%| F|  |TAMS 0x00000000ebc00000, 0x00000000ebc00000| Untracked 
| 189|0x00000000ebd00000, 0x00000000ebd00000, 0x00000000ebe00000|  0%| F|  |TAMS 0x00000000ebd00000, 0x00000000ebd00000| Untracked 
| 190|0x00000000ebe00000, 0x00000000ebe00000, 0x00000000ebf00000|  0%| F|  |TAMS 0x00000000ebe00000, 0x00000000ebe00000| Untracked 
| 191|0x00000000ebf00000, 0x00000000ebf00000, 0x00000000ec000000|  0%| F|  |TAMS 0x00000000ebf00000, 0x00000000ebf00000| Untracked 
| 192|0x00000000ec000000, 0x00000000ec000000, 0x00000000ec100000|  0%| F|  |TAMS 0x00000000ec000000, 0x00000000ec000000| Untracked 
| 193|0x00000000ec100000, 0x00000000ec100000, 0x00000000ec200000|  0%| F|  |TAMS 0x00000000ec100000, 0x00000000ec100000| Untracked 
| 194|0x00000000ec200000, 0x00000000ec200000, 0x00000000ec300000|  0%| F|  |TAMS 0x00000000ec200000, 0x00000000ec200000| Untracked 
| 195|0x00000000ec300000, 0x00000000ec300000, 0x00000000ec400000|  0%| F|  |TAMS 0x00000000ec300000, 0x00000000ec300000| Untracked 
| 196|0x00000000ec400000, 0x00000000ec400000, 0x00000000ec500000|  0%| F|  |TAMS 0x00000000ec400000, 0x00000000ec400000| Untracked 
| 197|0x00000000ec500000, 0x00000000ec500000, 0x00000000ec600000|  0%| F|  |TAMS 0x00000000ec500000, 0x00000000ec500000| Untracked 
| 198|0x00000000ec600000, 0x00000000ec600000, 0x00000000ec700000|  0%| F|  |TAMS 0x00000000ec600000, 0x00000000ec600000| Untracked 
| 199|0x00000000ec700000, 0x00000000ec700000, 0x00000000ec800000|  0%| F|  |TAMS 0x00000000ec700000, 0x00000000ec700000| Untracked 
| 200|0x00000000ec800000, 0x00000000ec800000, 0x00000000ec900000|  0%| F|  |TAMS 0x00000000ec800000, 0x00000000ec800000| Untracked 
| 201|0x00000000ec900000, 0x00000000ec900000, 0x00000000eca00000|  0%| F|  |TAMS 0x00000000ec900000, 0x00000000ec900000| Untracked 
| 202|0x00000000eca00000, 0x00000000eca00000, 0x00000000ecb00000|  0%| F|  |TAMS 0x00000000eca00000, 0x00000000eca00000| Untracked 
| 203|0x00000000ecb00000, 0x00000000ecb00000, 0x00000000ecc00000|  0%| F|  |TAMS 0x00000000ecb00000, 0x00000000ecb00000| Untracked 
| 204|0x00000000ecc00000, 0x00000000ecc00000, 0x00000000ecd00000|  0%| F|  |TAMS 0x00000000ecc00000, 0x00000000ecc00000| Untracked 
| 205|0x00000000ecd00000, 0x00000000ecd00000, 0x00000000ece00000|  0%| F|  |TAMS 0x00000000ecd00000, 0x00000000ecd00000| Untracked 
| 206|0x00000000ece00000, 0x00000000ece00000, 0x00000000ecf00000|  0%| F|  |TAMS 0x00000000ece00000, 0x00000000ece00000| Untracked 
| 207|0x00000000ecf00000, 0x00000000ecf00000, 0x00000000ed000000|  0%| F|  |TAMS 0x00000000ecf00000, 0x00000000ecf00000| Untracked 
| 208|0x00000000ed000000, 0x00000000ed000000, 0x00000000ed100000|  0%| F|  |TAMS 0x00000000ed000000, 0x00000000ed000000| Untracked 
| 209|0x00000000ed100000, 0x00000000ed100000, 0x00000000ed200000|  0%| F|  |TAMS 0x00000000ed100000, 0x00000000ed100000| Untracked 
| 210|0x00000000ed200000, 0x00000000ed200000, 0x00000000ed300000|  0%| F|  |TAMS 0x00000000ed200000, 0x00000000ed200000| Untracked 
| 211|0x00000000ed300000, 0x00000000ed300000, 0x00000000ed400000|  0%| F|  |TAMS 0x00000000ed300000, 0x00000000ed300000| Untracked 
| 212|0x00000000ed400000, 0x00000000ed400000, 0x00000000ed500000|  0%| F|  |TAMS 0x00000000ed400000, 0x00000000ed400000| Untracked 
| 213|0x00000000ed500000, 0x00000000ed500000, 0x00000000ed600000|  0%| F|  |TAMS 0x00000000ed500000, 0x00000000ed500000| Untracked 
| 214|0x00000000ed600000, 0x00000000ed600000, 0x00000000ed700000|  0%| F|  |TAMS 0x00000000ed600000, 0x00000000ed600000| Untracked 
| 215|0x00000000ed700000, 0x00000000ed700000, 0x00000000ed800000|  0%| F|  |TAMS 0x00000000ed700000, 0x00000000ed700000| Untracked 
| 216|0x00000000ed800000, 0x00000000ed800000, 0x00000000ed900000|  0%| F|  |TAMS 0x00000000ed800000, 0x00000000ed800000| Untracked 
| 217|0x00000000ed900000, 0x00000000ed900000, 0x00000000eda00000|  0%| F|  |TAMS 0x00000000ed900000, 0x00000000ed900000| Untracked 
| 218|0x00000000eda00000, 0x00000000eda00000, 0x00000000edb00000|  0%| F|  |TAMS 0x00000000eda00000, 0x00000000eda00000| Untracked 
| 219|0x00000000edb00000, 0x00000000edb00000, 0x00000000edc00000|  0%| F|  |TAMS 0x00000000edb00000, 0x00000000edb00000| Untracked 
| 220|0x00000000edc00000, 0x00000000edc00000, 0x00000000edd00000|  0%| F|  |TAMS 0x00000000edc00000, 0x00000000edc00000| Untracked 
| 221|0x00000000edd00000, 0x00000000edd00000, 0x00000000ede00000|  0%| F|  |TAMS 0x00000000edd00000, 0x00000000edd00000| Untracked 
| 222|0x00000000ede00000, 0x00000000ede80800, 0x00000000edf00000| 50%| E|  |TAMS 0x00000000ede00000, 0x00000000ede00000| Complete 
| 223|0x00000000edf00000, 0x00000000ee000000, 0x00000000ee000000|100%| E|CS|TAMS 0x00000000edf00000, 0x00000000edf00000| Complete 
| 224|0x00000000ee000000, 0x00000000ee100000, 0x00000000ee100000|100%| E|CS|TAMS 0x00000000ee000000, 0x00000000ee000000| Complete 
| 225|0x00000000ee100000, 0x00000000ee200000, 0x00000000ee200000|100%| E|CS|TAMS 0x00000000ee100000, 0x00000000ee100000| Complete 
| 226|0x00000000ee200000, 0x00000000ee300000, 0x00000000ee300000|100%| E|CS|TAMS 0x00000000ee200000, 0x00000000ee200000| Complete 
| 227|0x00000000ee300000, 0x00000000ee400000, 0x00000000ee400000|100%| E|CS|TAMS 0x00000000ee300000, 0x00000000ee300000| Complete 
| 228|0x00000000ee400000, 0x00000000ee500000, 0x00000000ee500000|100%| E|CS|TAMS 0x00000000ee400000, 0x00000000ee400000| Complete 
| 229|0x00000000ee500000, 0x00000000ee600000, 0x00000000ee600000|100%| E|CS|TAMS 0x00000000ee500000, 0x00000000ee500000| Complete 
| 230|0x00000000ee600000, 0x00000000ee700000, 0x00000000ee700000|100%| E|CS|TAMS 0x00000000ee600000, 0x00000000ee600000| Complete 
| 231|0x00000000ee700000, 0x00000000ee800000, 0x00000000ee800000|100%| E|CS|TAMS 0x00000000ee700000, 0x00000000ee700000| Complete 
| 232|0x00000000ee800000, 0x00000000ee900000, 0x00000000ee900000|100%| E|CS|TAMS 0x00000000ee800000, 0x00000000ee800000| Complete 
| 233|0x00000000ee900000, 0x00000000eea00000, 0x00000000eea00000|100%| E|CS|TAMS 0x00000000ee900000, 0x00000000ee900000| Complete 
| 234|0x00000000eea00000, 0x00000000eeb00000, 0x00000000eeb00000|100%| E|CS|TAMS 0x00000000eea00000, 0x00000000eea00000| Complete 
| 235|0x00000000eeb00000, 0x00000000eec00000, 0x00000000eec00000|100%| E|CS|TAMS 0x00000000eeb00000, 0x00000000eeb00000| Complete 
| 236|0x00000000eec00000, 0x00000000eed00000, 0x00000000eed00000|100%| E|CS|TAMS 0x00000000eec00000, 0x00000000eec00000| Complete 
| 237|0x00000000eed00000, 0x00000000eee00000, 0x00000000eee00000|100%| E|CS|TAMS 0x00000000eed00000, 0x00000000eed00000| Complete 
| 238|0x00000000eee00000, 0x00000000eef00000, 0x00000000eef00000|100%| E|CS|TAMS 0x00000000eee00000, 0x00000000eee00000| Complete 
| 239|0x00000000eef00000, 0x00000000ef000000, 0x00000000ef000000|100%| E|CS|TAMS 0x00000000eef00000, 0x00000000eef00000| Complete 
| 240|0x00000000ef000000, 0x00000000ef100000, 0x00000000ef100000|100%| E|CS|TAMS 0x00000000ef000000, 0x00000000ef000000| Complete 
| 241|0x00000000ef100000, 0x00000000ef200000, 0x00000000ef200000|100%| E|CS|TAMS 0x00000000ef100000, 0x00000000ef100000| Complete 
| 242|0x00000000ef200000, 0x00000000ef300000, 0x00000000ef300000|100%| E|CS|TAMS 0x00000000ef200000, 0x00000000ef200000| Complete 
| 243|0x00000000ef300000, 0x00000000ef400000, 0x00000000ef400000|100%| E|CS|TAMS 0x00000000ef300000, 0x00000000ef300000| Complete 
| 244|0x00000000ef400000, 0x00000000ef500000, 0x00000000ef500000|100%| E|CS|TAMS 0x00000000ef400000, 0x00000000ef400000| Complete 
| 245|0x00000000ef500000, 0x00000000ef600000, 0x00000000ef600000|100%| E|CS|TAMS 0x00000000ef500000, 0x00000000ef500000| Complete 
| 246|0x00000000ef600000, 0x00000000ef700000, 0x00000000ef700000|100%| E|CS|TAMS 0x00000000ef600000, 0x00000000ef600000| Complete 
| 247|0x00000000ef700000, 0x00000000ef800000, 0x00000000ef800000|100%| E|CS|TAMS 0x00000000ef700000, 0x00000000ef700000| Complete 
| 248|0x00000000ef800000, 0x00000000ef900000, 0x00000000ef900000|100%| E|CS|TAMS 0x00000000ef800000, 0x00000000ef800000| Complete 
| 249|0x00000000ef900000, 0x00000000efa00000, 0x00000000efa00000|100%| E|CS|TAMS 0x00000000ef900000, 0x00000000ef900000| Complete 
| 250|0x00000000efa00000, 0x00000000efb00000, 0x00000000efb00000|100%| E|CS|TAMS 0x00000000efa00000, 0x00000000efa00000| Complete 
| 251|0x00000000efb00000, 0x00000000efc00000, 0x00000000efc00000|100%| E|CS|TAMS 0x00000000efb00000, 0x00000000efb00000| Complete 
| 252|0x00000000efc00000, 0x00000000efd00000, 0x00000000efd00000|100%| E|CS|TAMS 0x00000000efc00000, 0x00000000efc00000| Complete 
| 253|0x00000000efd00000, 0x00000000efe00000, 0x00000000efe00000|100%| E|CS|TAMS 0x00000000efd00000, 0x00000000efd00000| Complete 
| 254|0x00000000efe00000, 0x00000000eff00000, 0x00000000eff00000|100%| E|CS|TAMS 0x00000000efe00000, 0x00000000efe00000| Complete 
| 255|0x00000000eff00000, 0x00000000f0000000, 0x00000000f0000000|100%| E|CS|TAMS 0x00000000eff00000, 0x00000000eff00000| Complete 

Card table byte_map: [0x00000192fefb0000,0x00000192ff0b0000] _byte_map_base: 0x00000192fe8b0000

Marking Bits (Prev, Next): (CMBitMap*) 0x00000192f6fd76e8, (CMBitMap*) 0x00000192f6fd7720
 Prev Bits: [0x00000192ff1b0000, 0x00000192ff9b0000)
 Next Bits: [0x000001928f000000, 0x000001928f800000)

Polling page: 0x00000192f5fc0000

Metaspace:

Usage:
  Non-class:     41.51 MB capacity,    40.72 MB ( 98%) used,   684.21 KB (  2%) free+waste,   128.13 KB ( <1%) overhead. 
      Class:      6.58 MB capacity,     6.10 MB ( 93%) used,   425.82 KB (  6%) free+waste,    63.63 KB ( <1%) overhead. 
       Both:     48.10 MB capacity,    46.82 MB ( 97%) used,     1.08 MB (  2%) free+waste,   191.75 KB ( <1%) overhead. 

Virtual space:
  Non-class space:       42.00 MB reserved,      41.75 MB (>99%) committed 
      Class space:      248.00 MB reserved,       6.63 MB (  3%) committed 
             Both:      290.00 MB reserved,      48.38 MB ( 17%) committed 

Chunk freelists:
   Non-Class:  6.13 KB
       Class:  1.63 KB
        Both:  7.75 KB

CodeHeap 'non-profiled nmethods': size=119168Kb used=2655Kb max_used=2655Kb free=116513Kb
 bounds [0x0000019287ba0000, 0x0000019287e40000, 0x000001928f000000]
CodeHeap 'profiled nmethods': size=119168Kb used=9723Kb max_used=9723Kb free=109445Kb
 bounds [0x0000019280740000, 0x00000192810c0000, 0x0000019287ba0000]
CodeHeap 'non-nmethods': size=7424Kb used=3921Kb max_used=3960Kb free=3502Kb
 bounds [0x0000019280000000, 0x00000192803f0000, 0x0000019280740000]
 total_blobs=5337 nmethods=4542 adapters=703
 compilation: enabled
              stopped_count=0, restarted_count=0
 full_count=0

Compilation events (10 events):
Event: 2.901 Thread 0x0000019292bfc800 4509       3       org.gradle.internal.instantiation.generator.ParamsMatchingConstructorSelector::forParams (481 bytes)
Event: 2.902 Thread 0x000001929412f800 4508       3       org.gradle.internal.instantiation.generator.AsmBackedClassGenerator::getDisplayNameForNext (21 bytes)
Event: 2.902 Thread 0x0000019292a91000 4510       3       org.gradle.internal.instantiation.generator.ParamsMatchingConstructorSelector::vetoParameters (1 bytes)
Event: 2.902 Thread 0x000001929402c000 4507       3       org.gradle.internal.event.AbstractBroadcastDispatch::<init> (10 bytes)
Event: 2.902 Thread 0x0000019292a91000 nmethod 4510 0x00000192810a7590 code [0x00000192810a7720, 0x00000192810a7818]
Event: 2.902 Thread 0x000001929412f800 nmethod 4508 0x00000192810a7890 code [0x00000192810a7a40, 0x00000192810a7d08]
Event: 2.902 Thread 0x000001929402c000 nmethod 4507 0x00000192810a7e10 code [0x00000192810a7fa0, 0x00000192810a8158]
Event: 2.902 Thread 0x0000019292a81800 4511       4       org.objectweb.asm.ByteVector::put122 (93 bytes)
Event: 2.903 Thread 0x0000019292bfc800 nmethod 4509 0x00000192810a8210 code [0x00000192810a8780, 0x00000192810ab838]
Event: 2.903 Thread 0x0000019292a81800 nmethod 4511 0x0000019287e35410 code [0x0000019287e355a0, 0x0000019287e35768]

GC Heap History (10 events):
Event: 0.392 GC heap before
{Heap before GC invocations=0 (full 0):
 garbage-first heap   total 262144K, used 29696K [0x00000000e0000000, 0x0000000100000000)
  region size 1024K, 24 young (24576K), 0 survivors (0K)
 Metaspace       used 9898K, capacity 10102K, committed 10368K, reserved 264192K
  class space    used 1007K, capacity 1074K, committed 1152K, reserved 253952K
}
Event: 0.395 GC heap after
{Heap after GC invocations=1 (full 0):
 garbage-first heap   total 262144K, used 9357K [0x00000000e0000000, 0x0000000100000000)
  region size 1024K, 3 young (3072K), 3 survivors (3072K)
 Metaspace       used 9898K, capacity 10102K, committed 10368K, reserved 264192K
  class space    used 1007K, capacity 1074K, committed 1152K, reserved 253952K
}
Event: 1.318 GC heap before
{Heap before GC invocations=1 (full 0):
 garbage-first heap   total 262144K, used 111757K [0x00000000e0000000, 0x0000000100000000)
  region size 1024K, 104 young (106496K), 3 survivors (3072K)
 Metaspace       used 20644K, capacity 21059K, committed 21248K, reserved 272384K
  class space    used 2534K, capacity 2689K, committed 2816K, reserved 253952K
}
Event: 1.323 GC heap after
{Heap after GC invocations=2 (full 0):
 garbage-first heap   total 262144K, used 16884K [0x00000000e0000000, 0x0000000100000000)
  region size 1024K, 11 young (11264K), 11 survivors (11264K)
 Metaspace       used 20644K, capacity 21059K, committed 21248K, reserved 272384K
  class space    used 2534K, capacity 2689K, committed 2816K, reserved 253952K
}
Event: 1.603 GC heap before
{Heap before GC invocations=3 (full 0):
 garbage-first heap   total 262144K, used 68084K [0x00000000e0000000, 0x0000000100000000)
  region size 1024K, 61 young (62464K), 11 survivors (11264K)
 Metaspace       used 25853K, capacity 26420K, committed 26752K, reserved 278528K
  class space    used 3387K, capacity 3594K, committed 3712K, reserved 253952K
}
Event: 1.608 GC heap after
{Heap after GC invocations=4 (full 0):
 garbage-first heap   total 262144K, used 18995K [0x00000000e0000000, 0x0000000100000000)
  region size 1024K, 3 young (3072K), 3 survivors (3072K)
 Metaspace       used 25853K, capacity 26420K, committed 26752K, reserved 278528K
  class space    used 3387K, capacity 3594K, committed 3712K, reserved 253952K
}
Event: 2.075 GC heap before
{Heap before GC invocations=4 (full 0):
 garbage-first heap   total 262144K, used 85555K [0x00000000e0000000, 0x0000000100000000)
  region size 1024K, 69 young (70656K), 3 survivors (3072K)
 Metaspace       used 34854K, capacity 35685K, committed 35840K, reserved 286720K
  class space    used 4559K, capacity 4900K, committed 4992K, reserved 253952K
}
Event: 2.078 GC heap after
{Heap after GC invocations=5 (full 0):
 garbage-first heap   total 262144K, used 21984K [0x00000000e0000000, 0x0000000100000000)
  region size 1024K, 6 young (6144K), 6 survivors (6144K)
 Metaspace       used 34854K, capacity 35685K, committed 35840K, reserved 286720K
  class space    used 4559K, capacity 4900K, committed 4992K, reserved 253952K
}
Event: 2.740 GC heap before
{Heap before GC invocations=6 (full 0):
 garbage-first heap   total 262144K, used 144864K [0x00000000e0000000, 0x0000000100000000)
  region size 1024K, 123 young (125952K), 6 survivors (6144K)
 Metaspace       used 45570K, capacity 46578K, committed 46720K, reserved 294912K
  class space    used 5854K, capacity 6249K, committed 6272K, reserved 253952K
}
Event: 2.745 GC heap after
{Heap after GC invocations=7 (full 0):
 garbage-first heap   total 262144K, used 28593K [0x00000000e0000000, 0x0000000100000000)
  region size 1024K, 12 young (12288K), 12 survivors (12288K)
 Metaspace       used 45570K, capacity 46578K, committed 46720K, reserved 294912K
  class space    used 5854K, capacity 6249K, committed 6272K, reserved 253952K
}

Deoptimization events (10 events):
Event: 2.829 Thread 0x00000192942ea800 Uncommon trap: reason=class_check action=maybe_recompile pc=0x0000019287d56be8 method=java.util.stream.ReferencePipeline.forEachWithCancel(Ljava/util/Spliterator;Ljava/util/stream/Sink;)Z @ 1 c2
Event: 2.863 Thread 0x0000019298612800 Uncommon trap: reason=unstable_if action=reinterpret pc=0x0000019287d0a6c4 method=java.util.concurrent.ConcurrentHashMap.addCount(JI)V @ 34 c2
Event: 2.863 Thread 0x0000019298606800 Uncommon trap: reason=unstable_if action=reinterpret pc=0x0000019287d0a6c4 method=java.util.concurrent.ConcurrentHashMap.addCount(JI)V @ 34 c2
Event: 2.863 Thread 0x0000019298613800 Uncommon trap: reason=unstable_if action=reinterpret pc=0x0000019287d0a6c4 method=java.util.concurrent.ConcurrentHashMap.addCount(JI)V @ 34 c2
Event: 2.863 Thread 0x0000019298608000 Uncommon trap: reason=speculate_null_assert action=make_not_entrant pc=0x0000019287d76820 method=java.lang.invoke.MethodType$ConcurrentWeakInternSet.add(Ljava/lang/Object;)Ljava/lang/Object; @ 47 c2
Event: 2.864 Thread 0x0000019298613800 Uncommon trap: reason=unstable_if action=reinterpret pc=0x0000019287c50e0c method=java.util.concurrent.ConcurrentHashMap.addCount(JI)V @ 7 c2
Event: 2.871 Thread 0x00000192942ea800 Uncommon trap: reason=profile_predicate action=maybe_recompile pc=0x0000019287e1dd14 method=java.util.stream.ReferencePipeline.forEachWithCancel(Ljava/util/Spliterator;Ljava/util/stream/Sink;)Z @ 8 c2
Event: 2.872 Thread 0x00000192942ea800 Uncommon trap: reason=profile_predicate action=maybe_recompile pc=0x0000019287e1dd14 method=java.util.stream.ReferencePipeline.forEachWithCancel(Ljava/util/Spliterator;Ljava/util/stream/Sink;)Z @ 8 c2
Event: 2.873 Thread 0x00000192942ea800 Uncommon trap: reason=profile_predicate action=maybe_recompile pc=0x0000019287e1dd14 method=java.util.stream.ReferencePipeline.forEachWithCancel(Ljava/util/Spliterator;Ljava/util/stream/Sink;)Z @ 8 c2
Event: 2.874 Thread 0x00000192942ea800 Uncommon trap: reason=profile_predicate action=maybe_recompile pc=0x0000019287e1dd14 method=java.util.stream.ReferencePipeline.forEachWithCancel(Ljava/util/Spliterator;Ljava/util/stream/Sink;)Z @ 8 c2

Classes redefined (0 events):
No events

Internal exceptions (10 events):
Event: 2.715 Thread 0x00000192942ea800 Exception <a 'java/lang/NoSuchMethodError'{0x00000000e897b210}: java.lang.invoke.DirectMethodHandle$Holder.invokeInterface(Ljava/lang/Object;Ljava/lang/Object;)I> (0x00000000e897b210) thrown at [./open/src/hotspot/share/interpreter/linkResolver.cpp, line 
Event: 2.715 Thread 0x00000192942ea800 Exception <a 'java/lang/IncompatibleClassChangeError'{0x00000000e897ecf0}: Found class java.lang.Object, but interface was expected> (0x00000000e897ecf0) thrown at [./open/src/hotspot/share/interpreter/linkResolver.cpp, line 838]
Event: 2.762 Thread 0x00000192942ea800 Exception <a 'java/lang/NoSuchMethodError'{0x00000000efce1978}: java.lang.invoke.DirectMethodHandle$Holder.invokeStaticInit(Ljava/lang/Object;)I> (0x00000000efce1978) thrown at [./open/src/hotspot/share/interpreter/linkResolver.cpp, line 772]
Event: 2.776 Thread 0x00000192942ea800 Exception <a 'java/lang/NoSuchMethodError'{0x00000000ef9a2e68}: java.lang.invoke.DirectMethodHandle$Holder.invokeStatic(Ljava/lang/Object;Ljava/lang/Object;Ljava/lang/Object;ILjava/lang/Object;)V> (0x00000000ef9a2e68) thrown at [./open/src/hotspot/share/i
Event: 2.811 Thread 0x00000192942ea800 Exception <a 'java/lang/NoSuchMethodError'{0x00000000ef2201a8}: java.lang.invoke.DelegatingMethodHandle$Holder.reinvoke_L(Ljava/lang/Object;Ljava/lang/Object;Ljava/lang/Object;Ljava/lang/Object;Ljava/lang/Object;Ljava/lang/Object;Ljava/lang/Object;Ljava/l
Event: 2.811 Thread 0x00000192942ea800 Exception <a 'java/lang/NoSuchMethodError'{0x00000000ef22be08}: java.lang.invoke.Invokers$Holder.invoker(Ljava/lang/Object;Ljava/lang/Object;Ljava/lang/Object;Ljava/lang/Object;Ljava/lang/Object;Ljava/lang/Object;Ljava/lang/Object;Ljava/lang/Object;Ljava/
Event: 2.811 Thread 0x00000192942ea800 Exception <a 'java/lang/NoSuchMethodError'{0x00000000ef233178}: java.lang.invoke.DelegatingMethodHandle$Holder.delegate(Ljava/lang/Object;Ljava/lang/Object;Ljava/lang/Object;Ljava/lang/Object;Ljava/lang/Object;Ljava/lang/Object;Ljava/lang/Object;Ljava/lan
Event: 2.813 Thread 0x00000192942ea800 Exception <a 'java/lang/NoSuchMethodError'{0x00000000ef27be90}: java.lang.invoke.DirectMethodHandle$Holder.invokeStatic(Ljava/lang/Object;Ljava/lang/Object;Ljava/lang/Object;Ljava/lang/Object;Ljava/lang/Object;Ljava/lang/Object;Ljava/lang/Object;Ljava/lan
Event: 2.814 Thread 0x00000192942ea800 Exception <a 'java/lang/NoSuchMethodError'{0x00000000ef104ab8}: java.lang.invoke.DirectMethodHandle$Holder.invokeStatic(Ljava/lang/Object;Ljava/lang/Object;Ljava/lang/Object;Ljava/lang/Object;Ljava/lang/Object;Ljava/lang/Object;Ljava/lang/Object;Ljava/lan
Event: 2.815 Thread 0x00000192942ea800 Exception <a 'java/lang/NoSuchMethodError'{0x00000000ef115000}: java.lang.invoke.DelegatingMethodHandle$Holder.reinvoke_L(Ljava/lang/Object;Ljava/lang/Object;Ljava/lang/Object;Ljava/lang/Object;Ljava/lang/Object;Ljava/lang/Object;Ljava/lang/Object;Ljava/l

Events (10 events):
Event: 2.904 loading class org/gradle/api/internal/DefaultCollectionCallbackActionDecorator$Operation
Event: 2.904 loading class org/gradle/api/internal/DefaultCollectionCallbackActionDecorator$Operation done
Event: 2.904 loading class org/gradle/api/internal/DefaultCollectionCallbackActionDecorator$OperationDetails
Event: 2.904 loading class org/gradle/api/internal/DefaultCollectionCallbackActionDecorator$OperationDetails done
Event: 2.904 loading class org/gradle/api/internal/ExecuteDomainObjectCollectionCallbackBuildOperationType
Event: 2.904 loading class org/gradle/api/internal/ExecuteDomainObjectCollectionCallbackBuildOperationType done
Event: 2.904 loading class org/gradle/api/internal/ExecuteDomainObjectCollectionCallbackBuildOperationType$Result
Event: 2.904 loading class org/gradle/api/internal/ExecuteDomainObjectCollectionCallbackBuildOperationType$Result done
Event: 2.904 loading class org/gradle/api/internal/ExecuteDomainObjectCollectionCallbackBuildOperationType$1
Event: 2.904 loading class org/gradle/api/internal/ExecuteDomainObjectCollectionCallbackBuildOperationType$1 done


Dynamic libraries:
0x00007ff6dd4c0000 - 0x00007ff6dd4cf000 	C:\Program Files\Java\jdk-11.0.17\bin\java.exe
0x00007ffefe6d0000 - 0x00007ffefe8c8000 	C:\Windows\SYSTEM32\ntdll.dll
0x00007ffefce00000 - 0x00007ffefcebf000 	C:\Windows\System32\KERNEL32.DLL
0x00007ffefc0a0000 - 0x00007ffefc372000 	C:\Windows\System32\KERNELBASE.dll
0x00007ffefc620000 - 0x00007ffefc720000 	C:\Windows\System32\ucrtbase.dll
0x00007ffee5260000 - 0x00007ffee5278000 	C:\Program Files\Java\jdk-11.0.17\bin\jli.dll
0x00007ffee9e40000 - 0x00007ffee9e55000 	C:\Program Files\Java\jdk-11.0.17\bin\VCRUNTIME140.dll
0x00007ffefe5e0000 - 0x00007ffefe68e000 	C:\Windows\System32\ADVAPI32.dll
0x00007ffefced0000 - 0x00007ffefcf6e000 	C:\Windows\System32\msvcrt.dll
0x00007ffefe1e0000 - 0x00007ffefe27c000 	C:\Windows\System32\sechost.dll
0x00007ffefcf90000 - 0x00007ffefd0b4000 	C:\Windows\System32\RPCRT4.dll
0x00007ffefd0c0000 - 0x00007ffefd261000 	C:\Windows\System32\USER32.dll
0x00007ffefbdd0000 - 0x00007ffefbdf2000 	C:\Windows\System32\win32u.dll
0x00007ffefd4d0000 - 0x00007ffefd4fb000 	C:\Windows\System32\GDI32.dll
0x00007ffefc3f0000 - 0x00007ffefc4ff000 	C:\Windows\System32\gdi32full.dll
0x00007ffefc550000 - 0x00007ffefc5ed000 	C:\Windows\System32\msvcp_win.dll
0x00007ffee5a70000 - 0x00007ffee5d0a000 	C:\Windows\WinSxS\amd64_microsoft.windows.common-controls_6595b64144ccf1df_6.0.19041.1110_none_60b5254171f9507e\COMCTL32.dll
0x00007ffef2520000 - 0x00007ffef252a000 	C:\Windows\SYSTEM32\VERSION.dll
0x00007ffefe070000 - 0x00007ffefe0a0000 	C:\Windows\System32\IMM32.DLL
0x00007ffef44c0000 - 0x00007ffef46b6000 	C:\Windows\system32\tmumh\20019\AddOn\8.55.0.1053\TmUmEvt64.dll
0x00007ffefdf10000 - 0x00007ffefdf18000 	C:\Windows\System32\PSAPI.DLL
0x0000000067a30000 - 0x0000000067ba3000 	C:\Windows\system32\tmumh\20019\TmMon\2.9.0.1043\tmmon64.dll
0x00007ffeb1070000 - 0x00007ffeb110b000 	C:\Program Files\Java\jdk-11.0.17\bin\msvcp140.dll
0x00007ffe975c0000 - 0x00007ffe980da000 	C:\Program Files\Java\jdk-11.0.17\bin\server\jvm.dll
0x00007ffef7570000 - 0x00007ffef7579000 	C:\Windows\SYSTEM32\WSOCK32.dll
0x00007ffefe170000 - 0x00007ffefe1db000 	C:\Windows\System32\WS2_32.dll
0x00007ffee2920000 - 0x00007ffee2947000 	C:\Windows\SYSTEM32\WINMM.dll
0x00007ffefa5e0000 - 0x00007ffefa5f2000 	C:\Windows\SYSTEM32\kernel.appcore.dll
0x00007ffef2730000 - 0x00007ffef2740000 	C:\Program Files\Java\jdk-11.0.17\bin\verify.dll
0x00007ffef9b30000 - 0x00007ffef9d14000 	C:\Windows\SYSTEM32\DBGHELP.DLL
0x00007ffeee600000 - 0x00007ffeee635000 	C:\Windows\SYSTEM32\dbgcore.DLL
0x00007ffefbf60000 - 0x00007ffefbfe2000 	C:\Windows\System32\bcryptPrimitives.dll
0x00007ffee4df0000 - 0x00007ffee4e18000 	C:\Program Files\Java\jdk-11.0.17\bin\java.dll
0x00007ffeeb0d0000 - 0x00007ffeeb0da000 	C:\Program Files\Java\jdk-11.0.17\bin\jimage.dll
0x00007ffee4db0000 - 0x00007ffee4dc6000 	C:\Program Files\Java\jdk-11.0.17\bin\zip.dll
0x00007ffefd7c0000 - 0x00007ffefdf05000 	C:\Windows\System32\SHELL32.dll
0x00007ffef9e30000 - 0x00007ffefa5c2000 	C:\Windows\SYSTEM32\windows.storage.dll
0x00007ffefe280000 - 0x00007ffefe5d5000 	C:\Windows\System32\combase.dll
0x00007ffefb750000 - 0x00007ffefb780000 	C:\Windows\SYSTEM32\Wldp.dll
0x00007ffefd410000 - 0x00007ffefd4bd000 	C:\Windows\System32\SHCORE.dll
0x00007ffefc930000 - 0x00007ffefc985000 	C:\Windows\System32\shlwapi.dll
0x00007ffefbd10000 - 0x00007ffefbd2f000 	C:\Windows\SYSTEM32\profapi.dll
0x00007ffee41f0000 - 0x00007ffee4209000 	C:\Program Files\Java\jdk-11.0.17\bin\net.dll
0x00007ffef6360000 - 0x00007ffef646a000 	C:\Windows\SYSTEM32\WINHTTP.dll
0x00007ffefb530000 - 0x00007ffefb59a000 	C:\Windows\system32\mswsock.dll
0x00007ffee27f0000 - 0x00007ffee2802000 	C:\Program Files\Java\jdk-11.0.17\bin\nio.dll
0x00007ffede5f0000 - 0x00007ffede617000 	C:\Users\Chen Zi Han\.gradle\native\e1d6ef7f7dcc3fd88c89a11ec53ec762bb8ba0a96d01ffa2cd45eb1d1d8dd5c5\windows-amd64\native-platform.dll
0x00007ffea4190000 - 0x00007ffea42d4000 	C:\Users\Chen Zi Han\.gradle\native\0d407fdbe67a94daf76414ababcb853783967236a71b16ec16e742cd7a986fd3\windows-amd64\native-platform-file-events.dll
0x00007ffeea300000 - 0x00007ffeea309000 	C:\Program Files\Java\jdk-11.0.17\bin\management.dll
0x00007ffee59e0000 - 0x00007ffee59eb000 	C:\Program Files\Java\jdk-11.0.17\bin\management_ext.dll
0x00007ffefb790000 - 0x00007ffefb7a8000 	C:\Windows\SYSTEM32\CRYPTSP.dll
0x00007ffefae00000 - 0x00007ffefae34000 	C:\Windows\system32\rsaenh.dll
0x00007ffefc5f0000 - 0x00007ffefc617000 	C:\Windows\System32\bcrypt.dll
0x00007ffefbcd0000 - 0x00007ffefbcfe000 	C:\Windows\SYSTEM32\USERENV.dll
0x00007ffefb6c0000 - 0x00007ffefb6cc000 	C:\Windows\SYSTEM32\CRYPTBASE.dll
0x00007ffefb1f0000 - 0x00007ffefb22b000 	C:\Windows\SYSTEM32\IPHLPAPI.DLL
0x00007ffefcec0000 - 0x00007ffefcec8000 	C:\Windows\System32\NSI.dll
0x00007ffef4870000 - 0x00007ffef4887000 	C:\Windows\SYSTEM32\dhcpcsvc6.DLL
0x00007ffef4850000 - 0x00007ffef486d000 	C:\Windows\SYSTEM32\dhcpcsvc.DLL
0x00007ffefb230000 - 0x00007ffefb2fb000 	C:\Windows\SYSTEM32\DNSAPI.dll

dbghelp: loaded successfully - version: 4.0.5 - missing functions: none
symbol engine: initialized successfully - sym options: 0x614 - pdb path: .;C:\Program Files\Java\jdk-11.0.17\bin;C:\Windows\SYSTEM32;C:\Windows\WinSxS\amd64_microsoft.windows.common-controls_6595b64144ccf1df_6.0.19041.1110_none_60b5254171f9507e;C:\Windows\system32\tmumh\20019\AddOn\8.55.0.1053;C:\Windows\system32\tmumh\20019\TmMon\2.9.0.1043;C:\Program Files\Java\jdk-11.0.17\bin\server;C:\Users\Chen Zi Han\.gradle\native\e1d6ef7f7dcc3fd88c89a11ec53ec762bb8ba0a96d01ffa2cd45eb1d1d8dd5c5\windows-amd64;C:\Users\Chen Zi Han\.gradle\native\0d407fdbe67a94daf76414ababcb853783967236a71b16ec16e742cd7a986fd3\windows-amd64

VM Arguments:
jvm_args: --add-opens=java.base/java.util=ALL-UNNAMED --add-opens=java.base/java.lang=ALL-UNNAMED --add-opens=java.base/java.lang.invoke=ALL-UNNAMED --add-opens=java.base/java.util=ALL-UNNAMED --add-opens=java.prefs/java.util.prefs=ALL-UNNAMED --add-opens=java.prefs/java.util.prefs=ALL-UNNAMED --add-opens=java.base/java.nio.charset=ALL-UNNAMED --add-opens=java.base/java.net=ALL-UNNAMED --add-opens=java.base/java.util.concurrent.atomic=ALL-UNNAMED -XX:MaxMetaspaceSize=256m -XX:+HeapDumpOnOutOfMemoryError -Xms256m -Xmx512m -Dfile.encoding=GBK -Duser.country=SG -Duser.language=en -Duser.variant 
java_command: org.gradle.launcher.daemon.bootstrap.GradleDaemon 7.4.2
java_class_path (initial): C:\Users\Chen Zi Han\.gradle\wrapper\dists\gradle-7.4.2-bin\48ivgl02cpt2ed3fh9dbalvx8\gradle-7.4.2\lib\gradle-launcher-7.4.2.jar
Launcher Type: SUN_STANDARD

[Global flags]
     intx CICompilerCount                          = 12                                        {product} {ergonomic}
   size_t CompressedClassSpaceSize                 = 260046848                                 {product} {ergonomic}
     uint ConcGCThreads                            = 3                                         {product} {ergonomic}
     uint G1ConcRefinementThreads                  = 13                                        {product} {ergonomic}
   size_t G1HeapRegionSize                         = 1048576                                   {product} {ergonomic}
    uintx GCDrainStackTargetSize                   = 64                                        {product} {ergonomic}
     bool HeapDumpOnOutOfMemoryError               = true                                   {manageable} {command line}
   size_t InitialHeapSize                          = 268435456                                 {product} {command line}
   size_t MarkStackSize                            = 4194304                                   {product} {ergonomic}
   size_t MaxHeapSize                              = 536870912                                 {product} {command line}
   size_t MaxMetaspaceSize                         = 268435456                                 {product} {command line}
   size_t MaxNewSize                               = 321912832                                 {product} {ergonomic}
   size_t MinHeapDeltaBytes                        = 1048576                                   {product} {ergonomic}
    uintx NonNMethodCodeHeapSize                   = 7594288                                {pd product} {ergonomic}
    uintx NonProfiledCodeHeapSize                  = 122031976                              {pd product} {ergonomic}
    uintx ProfiledCodeHeapSize                     = 122031976                              {pd product} {ergonomic}
    uintx ReservedCodeCacheSize                    = 251658240                              {pd product} {ergonomic}
     bool SegmentedCodeCache                       = true                                      {product} {ergonomic}
     bool UseCompressedClassPointers               = true                                 {lp64_product} {ergonomic}
     bool UseCompressedOops                        = true                                 {lp64_product} {ergonomic}
     bool UseG1GC                                  = true                                      {product} {ergonomic}
     bool UseLargePagesIndividualAllocation        = false                                  {pd product} {ergonomic}

Logging:
Log output configuration:
 #0: stdout all=warning uptime,level,tags
 #1: stderr all=off uptime,level,tags

Environment Variables:
JAVA_HOME=C:\Program Files\Java\jdk-18.0.1.1
PATH=C:\Program Files\Common Files\Oracle\Java\javapath;C:\Windows\system32;C:\Windows;C:\Windows\System32\Wbem;C:\Windows\System32\WindowsPowerShell\v1.0\;C:\Windows\System32\OpenSSH\;C:\Program Files (x86)\NVIDIA Corporation\PhysX\Common;C:\Program Files\NVIDIA Corporation\NVIDIA NvDLISR;E:\Notepad++;C:\Program Files\Java\jdk-18.0.1.1\bin;C:\Program Files\Azure Data Studio\bin;C:\Program Files\Microsoft SQL Server\150\Tools\Binn\;C:\Program Files\Java\jdk1.7.0_80\bin;E:\\web\dll;E:\\;\web\dll;C:\Progr;; Files\Git\cmd;C:\Program Files\Git\cmd;C:\Users\Chen Zi Han\AppData\Local\Microsoft\WindowsApps;C:\Users\Chen Zi Han\AppData\Roaming\TinyTeX\bin\win32;C:\Program Files\Azure Data Studio\bin;E:\Microsoft VS Code\bin;C:\Users\Chen Zi Han\AppData\Local\GitHubDesktop\bin
USERNAME=Chen Zi Han
OS=Windows_NT
PROCESSOR_IDENTIFIER=Intel64 Family 6 Model 141 Stepping 1, GenuineIntel



---------------  S Y S T E M  ---------------

OS: Windows 10 , 64 bit Build 19041 (10.0.19041.2546)
Hyper-V role detected

CPU:total 16 (initial active 16) (8 cores per cpu, 2 threads per core) family 6 model 141 stepping 1 microcode 0x34, cmov, cx8, fxsr, mmx, sse, sse2, sse3, ssse3, sse4.1, sse4.2, popcnt, avx, avx2, aes, clmul, erms, 3dnowpref, lzcnt, ht, tsc, tscinvbit, bmi1, bmi2, adx, evex, sha, fma

Memory: 4k page, system-wide physical 16122M (2356M free)
TotalPageFile size 26441M (AvailPageFile size 5M)
current process WorkingSet (physical memory assigned to process): 342M, peak: 342M
current process commit charge ("private bytes"): 495M, peak: 495M

vm_info: Java HotSpot(TM) 64-Bit Server VM (11.0.17+10-LTS-269) for windows-amd64 JRE (11.0.17+10-LTS-269), built on Sep 13 2022 19:26:37 by "mach5one" with MS VC++ 15.9 (VS2017)

END.
