#
# There is insufficient memory for the Java Runtime Environment to continue.
# Native memory allocation (malloc) failed to allocate 2062096 bytes for Chunk::new
# Possible reasons:
#   The system is out of physical RAM or swap space
#   The process is running with CompressedOops enabled, and the Java Heap may be blocking the growth of the native heap
# Possible solutions:
#   Reduce memory load on the system
#   Increase physical memory or swap space
#   Check if swap backing store is full
#   Decrease Java heap size (-Xmx/-Xms)
#   Decrease number of Java threads
#   Decrease Java thread stack sizes (-Xss)
#   Set larger code cache with -XX:ReservedCodeCacheSize=
#   JVM is running with Unscaled Compressed Oops mode in which the Java heap is
#     placed in the first 4GB address space. The Java Heap base address is the
#     maximum limit for the native heap growth. Please use -XX:HeapBaseMinAddress
#     to set the Java Heap base and to place the Java Heap above 4GB virtual address.
# This output file may be truncated or incomplete.
#
#  Out of Memory Error (./open/src/hotspot/share/memory/arena.cpp:197), pid=17936, tid=17612
#
# JRE version: Java(TM) SE Runtime Environment 18.9 (11.0.17+10) (build 11.0.17+10-LTS-269)
# Java VM: Java HotSpot(TM) 64-Bit Server VM 18.9 (11.0.17+10-LTS-269, mixed mode, tiered, compressed oops, g1 gc, windows-amd64)
# No core dump will be written. Minidumps are not enabled by default on client versions of Windows
#

---------------  S U M M A R Y ------------

Command Line: --add-opens=java.base/java.util=ALL-UNNAMED --add-opens=java.base/java.lang=ALL-UNNAMED --add-opens=java.base/java.lang.invoke=ALL-UNNAMED --add-opens=java.base/java.util=ALL-UNNAMED --add-opens=java.prefs/java.util.prefs=ALL-UNNAMED --add-opens=java.prefs/java.util.prefs=ALL-UNNAMED --add-opens=java.base/java.nio.charset=ALL-UNNAMED --add-opens=java.base/java.net=ALL-UNNAMED --add-opens=java.base/java.util.concurrent.atomic=ALL-UNNAMED -XX:MaxMetaspaceSize=256m -XX:+HeapDumpOnOutOfMemoryError -Xms256m -Xmx512m -Dfile.encoding=GBK -Duser.country=SG -Duser.language=en -Duser.variant org.gradle.launcher.daemon.bootstrap.GradleDaemon 7.4.2

Host: 11th Gen Intel(R) Core(TM) i7-11800H @ 2.30GHz, 16 cores, 15G,  Windows 10 , 64 bit Build 19041 (10.0.19041.2546)
Time: Fri Apr  7 00:46:48 2023 China Standard Time elapsed time: 13.967928 seconds (0d 0h 0m 13s)

---------------  T H R E A D  ---------------

Current thread (0x00000194a928b000):  JavaThread "C2 CompilerThread1" daemon [_thread_in_native, id=17612, stack(0x00000053d9500000,0x00000053d9600000)]


Current CompileTask:
C2:  13967 8754       4       org.antlr.v4.runtime.atn.PredictionContext::mergeArrays (579 bytes)

Stack: [0x00000053d9500000,0x00000053d9600000]
Native frames: (J=compiled Java code, j=interpreted, Vv=VM code, C=native code)
V  [jvm.dll+0x62b5da]
V  [jvm.dll+0x7653df]
V  [jvm.dll+0x766a89]
V  [jvm.dll+0x767113]
V  [jvm.dll+0x23dd28]
V  [jvm.dll+0xb2a1c]
V  [jvm.dll+0xb2fdc]
V  [jvm.dll+0x341552]
V  [jvm.dll+0x18ce51]
V  [jvm.dll+0x1f8815]
V  [jvm.dll+0x1f78fd]
V  [jvm.dll+0x177c91]
V  [jvm.dll+0x207296]
V  [jvm.dll+0x20542b]
V  [jvm.dll+0x72b2c0]
V  [jvm.dll+0x723e64]
V  [jvm.dll+0x62a485]
C  [ucrtbase.dll+0x21bb2]
C  [KERNEL32.DLL+0x17614]
C  [ntdll.dll+0x526a1]


---------------  P R O C E S S  ---------------

Threads class SMR info:
_java_thread_list=0x00000194b31f9b20, length=131, elements={
0x000001948b5a6000, 0x00000194a6fb4800, 0x00000194a6fb5000, 0x00000194a702c000,
0x00000194a702d000, 0x00000194a7031800, 0x00000194a7032800, 0x00000194a7033800,
0x00000194a7034800, 0x00000194a674d800, 0x00000194a71cf000, 0x00000194a7332000,
0x00000194a9b8a800, 0x00000194a78ef800, 0x00000194a9165800, 0x00000194aa601800,
0x00000194a77bf000, 0x00000194aa802800, 0x00000194a8b67800, 0x00000194a8b43800,
0x00000194a8b44800, 0x00000194a9fba000, 0x00000194a9fba800, 0x00000194a9fb8000,
0x00000194a9fbb800, 0x00000194a9fb9000, 0x00000194a9fbc800, 0x00000194a9fbd000,
0x00000194a9fb7800, 0x00000194a9fbe000, 0x00000194ada47800, 0x00000194ada4a800,
0x00000194ada49000, 0x00000194ada4b800, 0x00000194ada4d000, 0x00000194ada52000,
0x00000194ada52800, 0x00000194ada53800, 0x00000194ada4e800, 0x00000194ada55000,
0x00000194ada54800, 0x00000194ada4f800, 0x00000194ada51000, 0x00000194ada56000,
0x00000194ada50000, 0x00000194ac203000, 0x00000194ac204000, 0x00000194ac204800,
0x00000194ac201800, 0x00000194ac202800, 0x00000194ac205800, 0x00000194ac206800,
0x00000194ac200800, 0x00000194ac20a800, 0x00000194ac20d000, 0x00000194ac20c000,
0x00000194ac207000, 0x00000194ac20d800, 0x00000194ac209000, 0x00000194ac208000,
0x00000194ac209800, 0x00000194ac20e800, 0x00000194ac20f800, 0x00000194ac20b000,
0x00000194accfe000, 0x00000194accfc000, 0x00000194acd02800, 0x00000194acd01000,
0x00000194acd02000, 0x00000194accfe800, 0x00000194accff800, 0x00000194accfd000,
0x00000194acd05000, 0x00000194acd03800, 0x00000194acd06000, 0x00000194acd00000,
0x00000194acd09000, 0x00000194acd06800, 0x00000194acd0a000, 0x00000194acd07800,
0x00000194acd04800, 0x00000194acd08800, 0x00000194acd0b000, 0x00000194b1f1f000,
0x00000194b1f1b000, 0x00000194b1f1a000, 0x00000194b1f1b800, 0x00000194b1f1c800,
0x00000194b1f19000, 0x00000194b1f1d800, 0x00000194b1f20800, 0x00000194b1f21800,
0x00000194b1f22000, 0x00000194b1f23000, 0x00000194b1f24000, 0x00000194b1f1e000,
0x00000194b1f25800, 0x00000194b1f24800, 0x00000194b1f1f800, 0x00000194b1f26800,
0x00000194b1f27000, 0x00000194a928b000, 0x00000194a928f800, 0x00000194a9290800,
0x00000194b2588000, 0x00000194b2589000, 0x00000194b258a800, 0x00000194b2587800,
0x00000194b258a000, 0x00000194b258b800, 0x00000194b258c800, 0x00000194b2586800,
0x00000194b2592000, 0x00000194b2593000, 0x00000194b258d000, 0x00000194b2590800,
0x00000194b2591000, 0x00000194b2593800, 0x00000194b258e000, 0x00000194b2594800,
0x00000194b258e800, 0x00000194b2595000, 0x00000194b258f800, 0x00000194b3124800,
0x00000194b3125800, 0x00000194a928c000, 0x00000194a928d000, 0x00000194a928e000,
0x00000194a928e800, 0x00000194af6d9800, 0x00000194b3121800
}

Java Threads: ( => current thread )
  0x000001948b5a6000 JavaThread "main" [_thread_blocked, id=21028, stack(0x00000053d1b00000,0x00000053d1c00000)]
  0x00000194a6fb4800 JavaThread "Reference Handler" daemon [_thread_blocked, id=22724, stack(0x00000053d2200000,0x00000053d2300000)]
  0x00000194a6fb5000 JavaThread "Finalizer" daemon [_thread_blocked, id=11636, stack(0x00000053d2300000,0x00000053d2400000)]
  0x00000194a702c000 JavaThread "Signal Dispatcher" daemon [_thread_blocked, id=9072, stack(0x00000053d2400000,0x00000053d2500000)]
  0x00000194a702d000 JavaThread "Attach Listener" daemon [_thread_blocked, id=15828, stack(0x00000053d2500000,0x00000053d2600000)]
  0x00000194a7031800 JavaThread "Service Thread" daemon [_thread_blocked, id=6612, stack(0x00000053d2600000,0x00000053d2700000)]
  0x00000194a7032800 JavaThread "C2 CompilerThread0" daemon [_thread_in_native, id=15304, stack(0x00000053d2700000,0x00000053d2800000)]
  0x00000194a7033800 JavaThread "C1 CompilerThread0" daemon [_thread_blocked, id=14232, stack(0x00000053d2800000,0x00000053d2900000)]
  0x00000194a7034800 JavaThread "Sweeper thread" daemon [_thread_blocked, id=13440, stack(0x00000053d2900000,0x00000053d2a00000)]
  0x00000194a674d800 JavaThread "C1 CompilerThread1" daemon [_thread_blocked, id=13276, stack(0x00000053d2a00000,0x00000053d2b00000)]
  0x00000194a71cf000 JavaThread "Common-Cleaner" daemon [_thread_blocked, id=9908, stack(0x00000053d2b00000,0x00000053d2c00000)]
  0x00000194a7332000 JavaThread "C1 CompilerThread2" daemon [_thread_blocked, id=17564, stack(0x00000053d3300000,0x00000053d3400000)]
  0x00000194a9b8a800 JavaThread "Daemon health stats" [_thread_blocked, id=13128, stack(0x00000053d3700000,0x00000053d3800000)]
  0x00000194a78ef800 JavaThread "Incoming local TCP Connector on port 54211" [_thread_in_native, id=19912, stack(0x00000053d3400000,0x00000053d3500000)]
  0x00000194a9165800 JavaThread "Daemon periodic checks" [_thread_blocked, id=6388, stack(0x00000053d3500000,0x00000053d3600000)]
  0x00000194aa601800 JavaThread "Daemon" [_thread_blocked, id=13160, stack(0x00000053d3800000,0x00000053d3900000)]
  0x00000194a77bf000 JavaThread "Handler for socket connection from /127.0.0.1:54211 to /127.0.0.1:54212" [_thread_in_native, id=6356, stack(0x00000053d3900000,0x00000053d3a00000)]
  0x00000194aa802800 JavaThread "Cancel handler" [_thread_blocked, id=16980, stack(0x00000053d3a00000,0x00000053d3b00000)]
  0x00000194a8b67800 JavaThread "Daemon worker" [_thread_blocked, id=12044, stack(0x00000053d3b00000,0x00000053d3c00000)]
  0x00000194a8b43800 JavaThread "Asynchronous log dispatcher for DefaultDaemonConnection: socket connection from /127.0.0.1:54211 to /127.0.0.1:54212" [_thread_blocked, id=12860, stack(0x00000053d3c00000,0x00000053d3d00000)]
  0x00000194a8b44800 JavaThread "Stdin handler" [_thread_blocked, id=4568, stack(0x00000053d3d00000,0x00000053d3e00000)]
  0x00000194a9fba000 JavaThread "Daemon client event forwarder" [_thread_blocked, id=14148, stack(0x00000053d3e00000,0x00000053d3f00000)]
  0x00000194a9fba800 JavaThread "Cache worker for journal cache (C:\Users\Chen Zi Han\.gradle\caches\journal-1)" [_thread_blocked, id=24492, stack(0x00000053d3f00000,0x00000053d4000000)]
  0x00000194a9fb8000 JavaThread "File lock request listener" [_thread_in_native, id=18756, stack(0x00000053d4000000,0x00000053d4100000)]
  0x00000194a9fbb800 JavaThread "Cache worker for file hash cache (C:\Users\Chen Zi Han\.gradle\caches\7.4.2\fileHashes)" [_thread_blocked, id=4864, stack(0x00000053d4100000,0x00000053d4200000)]
  0x00000194a9fb9000 JavaThread "File watcher server" daemon [_thread_in_native, id=4996, stack(0x00000053d4c00000,0x00000053d4d00000)]
  0x00000194a9fbc800 JavaThread "File watcher consumer" daemon [_thread_blocked, id=580, stack(0x00000053d4d00000,0x00000053d4e00000)]
  0x00000194a9fbd000 JavaThread "Cache worker for checksums cache (D:\NUS_Year2_SEM2\CS2113_NEW\tp\.gradle\7.4.2\checksums)" [_thread_blocked, id=24224, stack(0x00000053d4e00000,0x00000053d4f00000)]
  0x00000194a9fb7800 JavaThread "Cache worker for cache directory md-rule (C:\Users\Chen Zi Han\.gradle\caches\7.4.2\md-rule)" [_thread_blocked, id=9780, stack(0x00000053d4f00000,0x00000053d5000000)]
  0x00000194a9fbe000 JavaThread "Cache worker for file hash cache (D:\NUS_Year2_SEM2\CS2113_NEW\tp\.gradle\7.4.2\fileHashes)" [_thread_blocked, id=12196, stack(0x00000053d5000000,0x00000053d5100000)]
  0x00000194ada47800 JavaThread "Cache worker for cache directory md-supplier (C:\Users\Chen Zi Han\.gradle\caches\7.4.2\md-supplier)" [_thread_blocked, id=12796, stack(0x00000053d5100000,0x00000053d5200000)]
  0x00000194ada4a800 JavaThread "Cache worker for execution history cache (C:\Users\Chen Zi Han\.gradle\caches\7.4.2\executionHistory)" [_thread_blocked, id=14736, stack(0x00000053d5200000,0x00000053d5300000)]
  0x00000194ada49000 JavaThread "jar transforms" [_thread_blocked, id=17544, stack(0x00000053d5300000,0x00000053d5400000)]
  0x00000194ada4b800 JavaThread "jar transforms Thread 2" [_thread_blocked, id=22788, stack(0x00000053d5400000,0x00000053d5500000)]
  0x00000194ada4d000 JavaThread "Cache worker for file content cache (C:\Users\Chen Zi Han\.gradle\caches\7.4.2\fileContent)" [_thread_blocked, id=23188, stack(0x00000053d5700000,0x00000053d5800000)]
  0x00000194ada52000 JavaThread "jar transforms Thread 3" [_thread_blocked, id=3932, stack(0x00000053d5800000,0x00000053d5900000)]
  0x00000194ada52800 JavaThread "jar transforms Thread 4" [_thread_blocked, id=8732, stack(0x00000053d5900000,0x00000053d5a00000)]
  0x00000194ada53800 JavaThread "jar transforms Thread 5" [_thread_blocked, id=13012, stack(0x00000053d5a00000,0x00000053d5b00000)]
  0x00000194ada4e800 JavaThread "jar transforms Thread 6" [_thread_blocked, id=4508, stack(0x00000053d5b00000,0x00000053d5c00000)]
  0x00000194ada55000 JavaThread "Cache worker for dependencies-accessors (D:\NUS_Year2_SEM2\CS2113_NEW\tp\.gradle\7.4.2\dependencies-accessors)" [_thread_blocked, id=12404, stack(0x00000053d5c00000,0x00000053d5d00000)]
  0x00000194ada54800 JavaThread "jar transforms Thread 7" [_thread_blocked, id=22544, stack(0x00000053d5d00000,0x00000053d5e00000)]
  0x00000194ada4f800 JavaThread "Cache worker for Build Output Cleanup Cache (D:\NUS_Year2_SEM2\CS2113_NEW\tp\.gradle\buildOutputCleanup)" [_thread_blocked, id=10656, stack(0x00000053d5e00000,0x00000053d5f00000)]
  0x00000194ada51000 JavaThread "Unconstrained build operations" [_thread_blocked, id=10156, stack(0x00000053d5f00000,0x00000053d6000000)]
  0x00000194ada56000 JavaThread "Unconstrained build operations Thread 2" [_thread_blocked, id=19024, stack(0x00000053d6000000,0x00000053d6100000)]
  0x00000194ada50000 JavaThread "Unconstrained build operations Thread 3" [_thread_blocked, id=10460, stack(0x00000053d6100000,0x00000053d6200000)]
  0x00000194ac203000 JavaThread "Unconstrained build operations Thread 4" [_thread_blocked, id=17000, stack(0x00000053d6200000,0x00000053d6300000)]
  0x00000194ac204000 JavaThread "Unconstrained build operations Thread 5" [_thread_blocked, id=6448, stack(0x00000053d6300000,0x00000053d6400000)]
  0x00000194ac204800 JavaThread "Unconstrained build operations Thread 6" [_thread_blocked, id=7568, stack(0x00000053d6400000,0x00000053d6500000)]
  0x00000194ac201800 JavaThread "Unconstrained build operations Thread 7" [_thread_blocked, id=3672, stack(0x00000053d6500000,0x00000053d6600000)]
  0x00000194ac202800 JavaThread "Unconstrained build operations Thread 8" [_thread_blocked, id=18160, stack(0x00000053d6600000,0x00000053d6700000)]
  0x00000194ac205800 JavaThread "Unconstrained build operations Thread 9" [_thread_blocked, id=22348, stack(0x00000053d6700000,0x00000053d6800000)]
  0x00000194ac206800 JavaThread "Unconstrained build operations Thread 10" [_thread_blocked, id=11076, stack(0x00000053d6800000,0x00000053d6900000)]
  0x00000194ac200800 JavaThread "Unconstrained build operations Thread 11" [_thread_blocked, id=4688, stack(0x00000053d6900000,0x00000053d6a00000)]
  0x00000194ac20a800 JavaThread "Unconstrained build operations Thread 12" [_thread_blocked, id=2944, stack(0x00000053d6a00000,0x00000053d6b00000)]
  0x00000194ac20d000 JavaThread "Unconstrained build operations Thread 13" [_thread_blocked, id=22232, stack(0x00000053d6b00000,0x00000053d6c00000)]
  0x00000194ac20c000 JavaThread "jar transforms Thread 8" [_thread_blocked, id=6580, stack(0x00000053d6c00000,0x00000053d6d00000)]
  0x00000194ac207000 JavaThread "jar transforms Thread 9" [_thread_blocked, id=16724, stack(0x00000053d6d00000,0x00000053d6e00000)]
  0x00000194ac20d800 JavaThread "jar transforms Thread 10" [_thread_blocked, id=15968, stack(0x00000053d6e00000,0x00000053d6f00000)]
  0x00000194ac209000 JavaThread "jar transforms Thread 11" [_thread_blocked, id=1468, stack(0x00000053d6f00000,0x00000053d7000000)]
  0x00000194ac208000 JavaThread "jar transforms Thread 12" [_thread_blocked, id=20856, stack(0x00000053d7000000,0x00000053d7100000)]
  0x00000194ac209800 JavaThread "jar transforms Thread 13" [_thread_blocked, id=2940, stack(0x00000053d7100000,0x00000053d7200000)]
  0x00000194ac20e800 JavaThread "jar transforms Thread 14" [_thread_blocked, id=17560, stack(0x00000053d7200000,0x00000053d7300000)]
  0x00000194ac20f800 JavaThread "jar transforms Thread 15" [_thread_blocked, id=12828, stack(0x00000053d7300000,0x00000053d7400000)]
  0x00000194ac20b000 JavaThread "jar transforms Thread 16" [_thread_blocked, id=3340, stack(0x00000053d7400000,0x00000053d7500000)]
  0x00000194accfe000 JavaThread "Memory manager" [_thread_blocked, id=1828, stack(0x00000053d7500000,0x00000053d7600000)]
  0x00000194accfc000 JavaThread "included builds" [_thread_blocked, id=6584, stack(0x00000053d7800000,0x00000053d7900000)]
  0x00000194acd02800 JavaThread "Execution worker for ':'" [_thread_blocked, id=18148, stack(0x00000053d7900000,0x00000053d7a00000)]
  0x00000194acd01000 JavaThread "Execution worker for ':' Thread 2" [_thread_in_Java, id=14732, stack(0x00000053d7a00000,0x00000053d7b00000)]
  0x00000194acd02000 JavaThread "Execution worker for ':' Thread 3" [_thread_blocked, id=16932, stack(0x00000053d7b00000,0x00000053d7c00000)]
  0x00000194accfe800 JavaThread "Execution worker for ':' Thread 4" [_thread_blocked, id=17520, stack(0x00000053d7c00000,0x00000053d7d00000)]
  0x00000194accff800 JavaThread "Execution worker for ':' Thread 5" [_thread_blocked, id=11880, stack(0x00000053d7d00000,0x00000053d7e00000)]
  0x00000194accfd000 JavaThread "Execution worker for ':' Thread 6" [_thread_blocked, id=13392, stack(0x00000053d7e00000,0x00000053d7f00000)]
  0x00000194acd05000 JavaThread "Execution worker for ':' Thread 7" [_thread_blocked, id=21396, stack(0x00000053d7f00000,0x00000053d8000000)]
  0x00000194acd03800 JavaThread "Execution worker for ':' Thread 8" [_thread_blocked, id=21448, stack(0x00000053d8000000,0x00000053d8100000)]
  0x00000194acd06000 JavaThread "Execution worker for ':' Thread 9" [_thread_blocked, id=23080, stack(0x00000053d8100000,0x00000053d8200000)]
  0x00000194acd00000 JavaThread "Execution worker for ':' Thread 10" [_thread_blocked, id=7372, stack(0x00000053d8200000,0x00000053d8300000)]
  0x00000194acd09000 JavaThread "Execution worker for ':' Thread 11" [_thread_blocked, id=14968, stack(0x00000053d8300000,0x00000053d8400000)]
  0x00000194acd06800 JavaThread "Execution worker for ':' Thread 12" [_thread_blocked, id=20612, stack(0x00000053d8400000,0x00000053d8500000)]
  0x00000194acd0a000 JavaThread "Execution worker for ':' Thread 13" [_thread_blocked, id=19044, stack(0x00000053d8500000,0x00000053d8600000)]
  0x00000194acd07800 JavaThread "Execution worker for ':' Thread 14" [_thread_blocked, id=24148, stack(0x00000053d8600000,0x00000053d8700000)]
  0x00000194acd04800 JavaThread "Execution worker for ':' Thread 15" [_thread_blocked, id=20616, stack(0x00000053d8700000,0x00000053d8800000)]
  0x00000194acd08800 JavaThread "Cache worker for execution history cache (D:\NUS_Year2_SEM2\CS2113_NEW\tp\.gradle\7.4.2\executionHistory)" [_thread_blocked, id=13588, stack(0x00000053d8800000,0x00000053d8900000)]
  0x00000194acd0b000 JavaThread "Unconstrained build operations Thread 14" [_thread_blocked, id=6640, stack(0x00000053d8900000,0x00000053d8a00000)]
  0x00000194b1f1f000 JavaThread "Unconstrained build operations Thread 15" [_thread_blocked, id=21040, stack(0x00000053d8a00000,0x00000053d8b00000)]
  0x00000194b1f1b000 JavaThread "Unconstrained build operations Thread 16" [_thread_blocked, id=13352, stack(0x00000053d8b00000,0x00000053d8c00000)]
  0x00000194b1f1a000 JavaThread "Unconstrained build operations Thread 17" [_thread_blocked, id=4336, stack(0x00000053d8c00000,0x00000053d8d00000)]
  0x00000194b1f1b800 JavaThread "Unconstrained build operations Thread 18" [_thread_blocked, id=18524, stack(0x00000053d8d00000,0x00000053d8e00000)]
  0x00000194b1f1c800 JavaThread "Unconstrained build operations Thread 19" [_thread_blocked, id=8672, stack(0x00000053d8e00000,0x00000053d8f00000)]
  0x00000194b1f19000 JavaThread "Unconstrained build operations Thread 20" [_thread_blocked, id=23360, stack(0x00000053d8f00000,0x00000053d9000000)]
  0x00000194b1f1d800 JavaThread "Unconstrained build operations Thread 21" [_thread_blocked, id=1336, stack(0x00000053d9000000,0x00000053d9100000)]
  0x00000194b1f20800 JavaThread "Unconstrained build operations Thread 22" [_thread_blocked, id=24480, stack(0x00000053d9100000,0x00000053d9200000)]
  0x00000194b1f21800 JavaThread "Cache worker for Java compile cache (C:\Users\Chen Zi Han\.gradle\caches\7.4.2\javaCompile)" [_thread_blocked, id=17820, stack(0x00000053d9200000,0x00000053d9300000)]
  0x00000194b1f22000 JavaThread "Build operations" [_thread_blocked, id=2968, stack(0x00000053d2d00000,0x00000053d2e00000)]
  0x00000194b1f23000 JavaThread "Build operations Thread 2" [_thread_blocked, id=12084, stack(0x00000053d3600000,0x00000053d3700000)]
  0x00000194b1f24000 JavaThread "Build operations Thread 3" [_thread_blocked, id=6796, stack(0x00000053d4b00000,0x00000053d4c00000)]
  0x00000194b1f1e000 JavaThread "Build operations Thread 4" [_thread_blocked, id=6792, stack(0x00000053d5500000,0x00000053d5600000)]
  0x00000194b1f25800 JavaThread "Build operations Thread 5" [_thread_blocked, id=24388, stack(0x00000053d5600000,0x00000053d5700000)]
  0x00000194b1f24800 JavaThread "Build operations Thread 6" [_thread_blocked, id=24416, stack(0x00000053d7600000,0x00000053d7700000)]
  0x00000194b1f1f800 JavaThread "Build operations Thread 7" [_thread_blocked, id=196, stack(0x00000053d7700000,0x00000053d7800000)]
  0x00000194b1f26800 JavaThread "Build operations Thread 8" [_thread_blocked, id=15964, stack(0x00000053d9300000,0x00000053d9400000)]
  0x00000194b1f27000 JavaThread "Build operations Thread 9" [_thread_blocked, id=19000, stack(0x00000053d9400000,0x00000053d9500000)]
=>0x00000194a928b000 JavaThread "C2 CompilerThread1" daemon [_thread_in_native, id=17612, stack(0x00000053d9500000,0x00000053d9600000)]
  0x00000194a928f800 JavaThread "C2 CompilerThread2" daemon [_thread_in_native, id=344, stack(0x00000053d9600000,0x00000053d9700000)]
  0x00000194a9290800 JavaThread "C1 CompilerThread3" daemon [_thread_blocked, id=23800, stack(0x00000053d9b00000,0x00000053d9c00000)]
  0x00000194b2588000 JavaThread "Unconstrained build operations Thread 23" [_thread_blocked, id=13656, stack(0x00000053d9c00000,0x00000053d9d00000)]
  0x00000194b2589000 JavaThread "Unconstrained build operations Thread 24" [_thread_blocked, id=22968, stack(0x00000053d9d00000,0x00000053d9e00000)]
  0x00000194b258a800 JavaThread "Unconstrained build operations Thread 25" [_thread_blocked, id=10444, stack(0x00000053d9e00000,0x00000053d9f00000)]
  0x00000194b2587800 JavaThread "Unconstrained build operations Thread 26" [_thread_blocked, id=17716, stack(0x00000053d9f00000,0x00000053da000000)]
  0x00000194b258a000 JavaThread "Unconstrained build operations Thread 27" [_thread_blocked, id=7656, stack(0x00000053da000000,0x00000053da100000)]
  0x00000194b258b800 JavaThread "Unconstrained build operations Thread 28" [_thread_blocked, id=1696, stack(0x00000053da100000,0x00000053da200000)]
  0x00000194b258c800 JavaThread "Unconstrained build operations Thread 29" [_thread_blocked, id=17256, stack(0x00000053da200000,0x00000053da300000)]
  0x00000194b2586800 JavaThread "Unconstrained build operations Thread 30" [_thread_blocked, id=16692, stack(0x00000053da300000,0x00000053da400000)]
  0x00000194b2592000 JavaThread "Unconstrained build operations Thread 31" [_thread_blocked, id=23796, stack(0x00000053da400000,0x00000053da500000)]
  0x00000194b2593000 JavaThread "Unconstrained build operations Thread 32" [_thread_blocked, id=19356, stack(0x00000053da500000,0x00000053da600000)]
  0x00000194b258d000 JavaThread "Unconstrained build operations Thread 33" [_thread_blocked, id=23256, stack(0x00000053da600000,0x00000053da700000)]
  0x00000194b2590800 JavaThread "Unconstrained build operations Thread 34" [_thread_blocked, id=8776, stack(0x00000053da700000,0x00000053da800000)]
  0x00000194b2591000 JavaThread "Unconstrained build operations Thread 35" [_thread_blocked, id=9804, stack(0x00000053da800000,0x00000053da900000)]
  0x00000194b2593800 JavaThread "Unconstrained build operations Thread 36" [_thread_blocked, id=11456, stack(0x00000053da900000,0x00000053daa00000)]
  0x00000194b258e000 JavaThread "Unconstrained build operations Thread 37" [_thread_blocked, id=16696, stack(0x00000053daa00000,0x00000053dab00000)]
  0x00000194b2594800 JavaThread "Unconstrained build operations Thread 38" [_thread_blocked, id=13424, stack(0x00000053dab00000,0x00000053dac00000)]
  0x00000194b258e800 JavaThread "Unconstrained build operations Thread 39" [_thread_blocked, id=14640, stack(0x00000053dac00000,0x00000053dad00000)]
  0x00000194b2595000 JavaThread "Unconstrained build operations Thread 40" [_thread_blocked, id=3608, stack(0x00000053dad00000,0x00000053dae00000)]
  0x00000194b258f800 JavaThread "Unconstrained build operations Thread 41" [_thread_blocked, id=15536, stack(0x00000053dae00000,0x00000053daf00000)]
  0x00000194b3124800 JavaThread "Unconstrained build operations Thread 42" [_thread_blocked, id=9660, stack(0x00000053daf00000,0x00000053db000000)]
  0x00000194b3125800 JavaThread "Classloader cache reference queue poller" daemon [_thread_blocked, id=17416, stack(0x00000053db000000,0x00000053db100000)]
  0x00000194a928c000 JavaThread "C2 CompilerThread3" daemon [_thread_in_native, id=21904, stack(0x00000053d9700000,0x00000053d9800000)]
  0x00000194a928d000 JavaThread "C2 CompilerThread4" daemon [_thread_in_native, id=18852, stack(0x00000053d9800000,0x00000053d9900000)]
  0x00000194a928e000 JavaThread "C2 CompilerThread5" daemon [_thread_in_native, id=19040, stack(0x00000053d9900000,0x00000053d9a00000)]
  0x00000194a928e800 JavaThread "C2 CompilerThread6" daemon [_thread_in_native, id=2772, stack(0x00000053d9a00000,0x00000053d9b00000)]
  0x00000194af6d9800 JavaThread "C2 CompilerThread7" daemon [_thread_in_native, id=5400, stack(0x00000053db100000,0x00000053db200000)]
  0x00000194b3121800 JavaThread "ForkJoinPool.commonPool-worker-19" daemon [_thread_blocked, id=16652, stack(0x00000053db200000,0x00000053db300000)]

Other Threads:
  0x00000194a6f91000 VMThread "VM Thread" [stack: 0x00000053d2100000,0x00000053d2200000] [id=4404]
  0x00000194a725d800 WatcherThread [stack: 0x00000053d2c00000,0x00000053d2d00000] [id=15900]
  0x000001948b5bb000 GCTaskThread "GC Thread#0" [stack: 0x00000053d1c00000,0x00000053d1d00000] [id=20584]
  0x00000194a7ede800 GCTaskThread "GC Thread#1" [stack: 0x00000053d2e00000,0x00000053d2f00000] [id=15132]
  0x00000194a7f64000 GCTaskThread "GC Thread#2" [stack: 0x00000053d2f00000,0x00000053d3000000] [id=20456]
  0x00000194a7ee2000 GCTaskThread "GC Thread#3" [stack: 0x00000053d3000000,0x00000053d3100000] [id=10740]
  0x00000194a7ee2800 GCTaskThread "GC Thread#4" [stack: 0x00000053d3100000,0x00000053d3200000] [id=8972]
  0x00000194a838f000 GCTaskThread "GC Thread#5" [stack: 0x00000053d3200000,0x00000053d3300000] [id=15180]
  0x00000194a93a0800 GCTaskThread "GC Thread#6" [stack: 0x00000053d4200000,0x00000053d4300000] [id=23720]
  0x00000194a882a800 GCTaskThread "GC Thread#7" [stack: 0x00000053d4300000,0x00000053d4400000] [id=22884]
  0x00000194a9c34800 GCTaskThread "GC Thread#8" [stack: 0x00000053d4400000,0x00000053d4500000] [id=20600]
  0x00000194aa047000 GCTaskThread "GC Thread#9" [stack: 0x00000053d4500000,0x00000053d4600000] [id=13208]
  0x00000194a8a1b800 GCTaskThread "GC Thread#10" [stack: 0x00000053d4600000,0x00000053d4700000] [id=18072]
  0x00000194aa010800 GCTaskThread "GC Thread#11" [stack: 0x00000053d4700000,0x00000053d4800000] [id=23184]
  0x00000194aa011000 GCTaskThread "GC Thread#12" [stack: 0x00000053d4800000,0x00000053d4900000] [id=23872]
  0x000001948b5d0800 ConcurrentGCThread "G1 Main Marker" [stack: 0x00000053d1d00000,0x00000053d1e00000] [id=21168]
  0x000001948b5d1800 ConcurrentGCThread "G1 Conc#0" [stack: 0x00000053d1e00000,0x00000053d1f00000] [id=21556]
  0x00000194a8874000 ConcurrentGCThread "G1 Conc#1" [stack: 0x00000053d4900000,0x00000053d4a00000] [id=20580]
  0x00000194a750f000 ConcurrentGCThread "G1 Conc#2" [stack: 0x00000053d4a00000,0x00000053d4b00000] [id=6756]
  0x00000194a6626000 ConcurrentGCThread "G1 Refine#0" [stack: 0x00000053d1f00000,0x00000053d2000000] [id=21492]
  0x00000194a6627000 ConcurrentGCThread "G1 Young RemSet Sampling" [stack: 0x00000053d2000000,0x00000053d2100000] [id=8200]

Threads with active compile tasks:
C2 CompilerThread0    13991 8977       4       org.antlr.v4.runtime.misc.Array2DHashSet::expand (247 bytes)
C2 CompilerThread1    13991 8754       4       org.antlr.v4.runtime.atn.PredictionContext::mergeArrays (579 bytes)
C2 CompilerThread2    13991 9015       4       org.antlr.v4.runtime.atn.PredictionContext::getCachedContext (261 bytes)
C2 CompilerThread3    13991 8755       4       org.antlr.v4.runtime.atn.PredictionContext::mergeSingletons (392 bytes)
C2 CompilerThread4    13991 8547       4       org.antlr.v4.runtime.atn.ParserATNSimulator::closure_ (311 bytes)
C2 CompilerThread5    13991 8546       4       org.antlr.v4.runtime.atn.ParserATNSimulator::closureCheckingStopState (244 bytes)
C2 CompilerThread6    13991 9043       4       org.antlr.v4.runtime.misc.IntervalSet::contains (97 bytes)
C2 CompilerThread7    13991 8962 %     4       org.antlr.v4.runtime.atn.ParserATNSimulator::computeReachSet @ 144 (455 bytes)

VM state:not at safepoint (normal execution)

VM Mutex/Monitor currently owned by a thread:  ([mutex/lock_event])
[0x000001948b5a4440] Compile_lock - owner thread: 0x00000194a928e800
[0x000001948b5a5880] MethodCompileQueue_lock - owner thread: 0x00000194a928e800

Heap address: 0x00000000e0000000, size: 512 MB, Compressed Oops mode: 32-bit
Narrow klass base: 0x0000000000000000, Narrow klass shift: 3
Compressed class space size: 260046848 Address: 0x0000000100000000

Heap:
 garbage-first heap   total 262144K, used 158617K [0x00000000e0000000, 0x0000000100000000)
  region size 1024K, 118 young (120832K), 19 survivors (19456K)
 Metaspace       used 76875K, capacity 79735K, committed 79872K, reserved 323584K
  class space    used 10133K, capacity 11197K, committed 11264K, reserved 253952K
Heap Regions: E=young(eden), S=young(survivor), O=old, HS=humongous(starts), HC=humongous(continues), CS=collection set, F=free, A=archive, TAMS=top-at-mark-start (previous, next)
|   0|0x00000000e0000000, 0x00000000e0100000, 0x00000000e0100000|100%| O|  |TAMS 0x00000000e0100000, 0x00000000e0000000| Untracked 
|   1|0x00000000e0100000, 0x00000000e0200000, 0x00000000e0200000|100%| O|  |TAMS 0x00000000e0200000, 0x00000000e0100000| Untracked 
|   2|0x00000000e0200000, 0x00000000e0300000, 0x00000000e0300000|100%| O|  |TAMS 0x00000000e0300000, 0x00000000e0200000| Untracked 
|   3|0x00000000e0300000, 0x00000000e0400000, 0x00000000e0400000|100%|HS|  |TAMS 0x00000000e0400000, 0x00000000e0300000| Complete 
|   4|0x00000000e0400000, 0x00000000e0500000, 0x00000000e0500000|100%|HC|  |TAMS 0x00000000e0500000, 0x00000000e0400000| Complete 
|   5|0x00000000e0500000, 0x00000000e0600000, 0x00000000e0600000|100%|HC|  |TAMS 0x00000000e0600000, 0x00000000e0500000| Complete 
|   6|0x00000000e0600000, 0x00000000e0700000, 0x00000000e0700000|100%| O|  |TAMS 0x00000000e0700000, 0x00000000e0600000| Untracked 
|   7|0x00000000e0700000, 0x00000000e0800000, 0x00000000e0800000|100%| O|  |TAMS 0x00000000e0800000, 0x00000000e0700000| Untracked 
|   8|0x00000000e0800000, 0x00000000e0900000, 0x00000000e0900000|100%| O|  |TAMS 0x00000000e0900000, 0x00000000e0800000| Untracked 
|   9|0x00000000e0900000, 0x00000000e0a00000, 0x00000000e0a00000|100%| O|  |TAMS 0x00000000e0a00000, 0x00000000e0900000| Untracked 
|  10|0x00000000e0a00000, 0x00000000e0b00000, 0x00000000e0b00000|100%| O|  |TAMS 0x00000000e0b00000, 0x00000000e0a00000| Untracked 
|  11|0x00000000e0b00000, 0x00000000e0c00000, 0x00000000e0c00000|100%| O|  |TAMS 0x00000000e0c00000, 0x00000000e0b00000| Untracked 
|  12|0x00000000e0c00000, 0x00000000e0d00000, 0x00000000e0d00000|100%| O|  |TAMS 0x00000000e0d00000, 0x00000000e0c00000| Untracked 
|  13|0x00000000e0d00000, 0x00000000e0e00000, 0x00000000e0e00000|100%| O|  |TAMS 0x00000000e0e00000, 0x00000000e0d00000| Untracked 
|  14|0x00000000e0e00000, 0x00000000e0f00000, 0x00000000e0f00000|100%| O|  |TAMS 0x00000000e0f00000, 0x00000000e0e00000| Untracked 
|  15|0x00000000e0f00000, 0x00000000e1000000, 0x00000000e1000000|100%| O|  |TAMS 0x00000000e1000000, 0x00000000e0f00000| Untracked 
|  16|0x00000000e1000000, 0x00000000e1100000, 0x00000000e1100000|100%| O|  |TAMS 0x00000000e1100000, 0x00000000e1000000| Untracked 
|  17|0x00000000e1100000, 0x00000000e1200000, 0x00000000e1200000|100%| O|  |TAMS 0x00000000e1200000, 0x00000000e1100000| Untracked 
|  18|0x00000000e1200000, 0x00000000e1300000, 0x00000000e1300000|100%| O|  |TAMS 0x00000000e1300000, 0x00000000e1200000| Untracked 
|  19|0x00000000e1300000, 0x00000000e1400000, 0x00000000e1400000|100%| O|  |TAMS 0x00000000e1400000, 0x00000000e1300000| Untracked 
|  20|0x00000000e1400000, 0x00000000e1500000, 0x00000000e1500000|100%| O|  |TAMS 0x00000000e1500000, 0x00000000e1400000| Untracked 
|  21|0x00000000e1500000, 0x00000000e1600000, 0x00000000e1600000|100%| O|  |TAMS 0x00000000e1600000, 0x00000000e1500000| Untracked 
|  22|0x00000000e1600000, 0x00000000e1700000, 0x00000000e1700000|100%| O|  |TAMS 0x00000000e1700000, 0x00000000e1600000| Untracked 
|  23|0x00000000e1700000, 0x00000000e1800000, 0x00000000e1800000|100%| O|  |TAMS 0x00000000e1800000, 0x00000000e1700000| Untracked 
|  24|0x00000000e1800000, 0x00000000e1900000, 0x00000000e1900000|100%| O|  |TAMS 0x00000000e1900000, 0x00000000e1800000| Untracked 
|  25|0x00000000e1900000, 0x00000000e1a00000, 0x00000000e1a00000|100%| O|  |TAMS 0x00000000e1a00000, 0x00000000e1900000| Untracked 
|  26|0x00000000e1a00000, 0x00000000e1b00000, 0x00000000e1b00000|100%| O|  |TAMS 0x00000000e1b00000, 0x00000000e1a00000| Untracked 
|  27|0x00000000e1b00000, 0x00000000e1c00000, 0x00000000e1c00000|100%| O|  |TAMS 0x00000000e1b8ee00, 0x00000000e1b00000| Untracked 
|  28|0x00000000e1c00000, 0x00000000e1d00000, 0x00000000e1d00000|100%| O|  |TAMS 0x00000000e1c00000, 0x00000000e1c00000| Untracked 
|  29|0x00000000e1d00000, 0x00000000e1e00000, 0x00000000e1e00000|100%| O|  |TAMS 0x00000000e1d00000, 0x00000000e1d00000| Untracked 
|  30|0x00000000e1e00000, 0x00000000e1f00000, 0x00000000e1f00000|100%| O|  |TAMS 0x00000000e1e00000, 0x00000000e1e00000| Untracked 
|  31|0x00000000e1f00000, 0x00000000e2000000, 0x00000000e2000000|100%| O|  |TAMS 0x00000000e1f00000, 0x00000000e1f00000| Untracked 
|  32|0x00000000e2000000, 0x00000000e2100000, 0x00000000e2100000|100%| O|  |TAMS 0x00000000e2000000, 0x00000000e2000000| Untracked 
|  33|0x00000000e2100000, 0x00000000e2200000, 0x00000000e2200000|100%| O|  |TAMS 0x00000000e2100000, 0x00000000e2100000| Untracked 
|  34|0x00000000e2200000, 0x00000000e2300000, 0x00000000e2300000|100%| O|  |TAMS 0x00000000e2200000, 0x00000000e2200000| Untracked 
|  35|0x00000000e2300000, 0x00000000e2400000, 0x00000000e2400000|100%| O|  |TAMS 0x00000000e2300000, 0x00000000e2300000| Untracked 
|  36|0x00000000e2400000, 0x00000000e2500000, 0x00000000e2500000|100%| O|  |TAMS 0x00000000e2400000, 0x00000000e2400000| Untracked 
|  37|0x00000000e2500000, 0x00000000e25ed000, 0x00000000e2600000| 92%| O|  |TAMS 0x00000000e2500000, 0x00000000e2500000| Untracked 
|  38|0x00000000e2600000, 0x00000000e2600000, 0x00000000e2700000|  0%| F|  |TAMS 0x00000000e2600000, 0x00000000e2600000| Untracked 
|  39|0x00000000e2700000, 0x00000000e2700000, 0x00000000e2800000|  0%| F|  |TAMS 0x00000000e2700000, 0x00000000e2700000| Untracked 
|  40|0x00000000e2800000, 0x00000000e2800000, 0x00000000e2900000|  0%| F|  |TAMS 0x00000000e2800000, 0x00000000e2800000| Untracked 
|  41|0x00000000e2900000, 0x00000000e2900000, 0x00000000e2a00000|  0%| F|  |TAMS 0x00000000e2900000, 0x00000000e2900000| Untracked 
|  42|0x00000000e2a00000, 0x00000000e2a00000, 0x00000000e2b00000|  0%| F|  |TAMS 0x00000000e2a00000, 0x00000000e2a00000| Untracked 
|  43|0x00000000e2b00000, 0x00000000e2b00000, 0x00000000e2c00000|  0%| F|  |TAMS 0x00000000e2b00000, 0x00000000e2b00000| Untracked 
|  44|0x00000000e2c00000, 0x00000000e2c00000, 0x00000000e2d00000|  0%| F|  |TAMS 0x00000000e2c00000, 0x00000000e2c00000| Untracked 
|  45|0x00000000e2d00000, 0x00000000e2d00000, 0x00000000e2e00000|  0%| F|  |TAMS 0x00000000e2d00000, 0x00000000e2d00000| Untracked 
|  46|0x00000000e2e00000, 0x00000000e2e00000, 0x00000000e2f00000|  0%| F|  |TAMS 0x00000000e2e00000, 0x00000000e2e00000| Untracked 
|  47|0x00000000e2f00000, 0x00000000e2f00000, 0x00000000e3000000|  0%| F|  |TAMS 0x00000000e2f00000, 0x00000000e2f00000| Untracked 
|  48|0x00000000e3000000, 0x00000000e3000000, 0x00000000e3100000|  0%| F|  |TAMS 0x00000000e3000000, 0x00000000e3000000| Untracked 
|  49|0x00000000e3100000, 0x00000000e3100000, 0x00000000e3200000|  0%| F|  |TAMS 0x00000000e3100000, 0x00000000e3100000| Untracked 
|  50|0x00000000e3200000, 0x00000000e3200000, 0x00000000e3300000|  0%| F|  |TAMS 0x00000000e3200000, 0x00000000e3200000| Untracked 
|  51|0x00000000e3300000, 0x00000000e3300000, 0x00000000e3400000|  0%| F|  |TAMS 0x00000000e3300000, 0x00000000e3300000| Untracked 
|  52|0x00000000e3400000, 0x00000000e3400000, 0x00000000e3500000|  0%| F|  |TAMS 0x00000000e3400000, 0x00000000e3400000| Untracked 
|  53|0x00000000e3500000, 0x00000000e3500000, 0x00000000e3600000|  0%| F|  |TAMS 0x00000000e3500000, 0x00000000e3500000| Untracked 
|  54|0x00000000e3600000, 0x00000000e3600000, 0x00000000e3700000|  0%| F|  |TAMS 0x00000000e3600000, 0x00000000e3600000| Untracked 
|  55|0x00000000e3700000, 0x00000000e3700000, 0x00000000e3800000|  0%| F|  |TAMS 0x00000000e3700000, 0x00000000e3700000| Untracked 
|  56|0x00000000e3800000, 0x00000000e3800000, 0x00000000e3900000|  0%| F|  |TAMS 0x00000000e3800000, 0x00000000e3800000| Untracked 
|  57|0x00000000e3900000, 0x00000000e3900000, 0x00000000e3a00000|  0%| F|  |TAMS 0x00000000e3900000, 0x00000000e3900000| Untracked 
|  58|0x00000000e3a00000, 0x00000000e3a00000, 0x00000000e3b00000|  0%| F|  |TAMS 0x00000000e3a00000, 0x00000000e3a00000| Untracked 
|  59|0x00000000e3b00000, 0x00000000e3b00000, 0x00000000e3c00000|  0%| F|  |TAMS 0x00000000e3b00000, 0x00000000e3b00000| Untracked 
|  60|0x00000000e3c00000, 0x00000000e3c00000, 0x00000000e3d00000|  0%| F|  |TAMS 0x00000000e3c00000, 0x00000000e3c00000| Untracked 
|  61|0x00000000e3d00000, 0x00000000e3d00000, 0x00000000e3e00000|  0%| F|  |TAMS 0x00000000e3d00000, 0x00000000e3d00000| Untracked 
|  62|0x00000000e3e00000, 0x00000000e3e00000, 0x00000000e3f00000|  0%| F|  |TAMS 0x00000000e3e00000, 0x00000000e3e00000| Untracked 
|  63|0x00000000e3f00000, 0x00000000e3f00000, 0x00000000e4000000|  0%| F|  |TAMS 0x00000000e3f00000, 0x00000000e3f00000| Untracked 
|  64|0x00000000e4000000, 0x00000000e4000000, 0x00000000e4100000|  0%| F|  |TAMS 0x00000000e4000000, 0x00000000e4000000| Untracked 
|  65|0x00000000e4100000, 0x00000000e4100000, 0x00000000e4200000|  0%| F|  |TAMS 0x00000000e4100000, 0x00000000e4100000| Untracked 
|  66|0x00000000e4200000, 0x00000000e4200000, 0x00000000e4300000|  0%| F|  |TAMS 0x00000000e4200000, 0x00000000e4200000| Untracked 
|  67|0x00000000e4300000, 0x00000000e4300000, 0x00000000e4400000|  0%| F|  |TAMS 0x00000000e4300000, 0x00000000e4300000| Untracked 
|  68|0x00000000e4400000, 0x00000000e4400000, 0x00000000e4500000|  0%| F|  |TAMS 0x00000000e4400000, 0x00000000e4400000| Untracked 
|  69|0x00000000e4500000, 0x00000000e4500000, 0x00000000e4600000|  0%| F|  |TAMS 0x00000000e4500000, 0x00000000e4500000| Untracked 
|  70|0x00000000e4600000, 0x00000000e4600000, 0x00000000e4700000|  0%| F|  |TAMS 0x00000000e4600000, 0x00000000e4600000| Untracked 
|  71|0x00000000e4700000, 0x00000000e4700000, 0x00000000e4800000|  0%| F|  |TAMS 0x00000000e4700000, 0x00000000e4700000| Untracked 
|  72|0x00000000e4800000, 0x00000000e4800000, 0x00000000e4900000|  0%| F|  |TAMS 0x00000000e4800000, 0x00000000e4800000| Untracked 
|  73|0x00000000e4900000, 0x00000000e4900000, 0x00000000e4a00000|  0%| F|  |TAMS 0x00000000e4900000, 0x00000000e4900000| Untracked 
|  74|0x00000000e4a00000, 0x00000000e4a00000, 0x00000000e4b00000|  0%| F|  |TAMS 0x00000000e4a00000, 0x00000000e4a00000| Untracked 
|  75|0x00000000e4b00000, 0x00000000e4b00000, 0x00000000e4c00000|  0%| F|  |TAMS 0x00000000e4b00000, 0x00000000e4b00000| Untracked 
|  76|0x00000000e4c00000, 0x00000000e4c00000, 0x00000000e4d00000|  0%| F|  |TAMS 0x00000000e4c00000, 0x00000000e4c00000| Untracked 
|  77|0x00000000e4d00000, 0x00000000e4d00000, 0x00000000e4e00000|  0%| F|  |TAMS 0x00000000e4d00000, 0x00000000e4d00000| Untracked 
|  78|0x00000000e4e00000, 0x00000000e4e00000, 0x00000000e4f00000|  0%| F|  |TAMS 0x00000000e4e00000, 0x00000000e4e00000| Untracked 
|  79|0x00000000e4f00000, 0x00000000e4f00000, 0x00000000e5000000|  0%| F|  |TAMS 0x00000000e4f00000, 0x00000000e4f00000| Untracked 
|  80|0x00000000e5000000, 0x00000000e5000000, 0x00000000e5100000|  0%| F|  |TAMS 0x00000000e5000000, 0x00000000e5000000| Untracked 
|  81|0x00000000e5100000, 0x00000000e5100000, 0x00000000e5200000|  0%| F|  |TAMS 0x00000000e5100000, 0x00000000e5100000| Untracked 
|  82|0x00000000e5200000, 0x00000000e5200000, 0x00000000e5300000|  0%| F|  |TAMS 0x00000000e5200000, 0x00000000e5200000| Untracked 
|  83|0x00000000e5300000, 0x00000000e5300000, 0x00000000e5400000|  0%| F|  |TAMS 0x00000000e5300000, 0x00000000e5300000| Untracked 
|  84|0x00000000e5400000, 0x00000000e54f9468, 0x00000000e5500000| 97%| S|CS|TAMS 0x00000000e5400000, 0x00000000e5400000| Complete 
|  85|0x00000000e5500000, 0x00000000e5600000, 0x00000000e5600000|100%| S|CS|TAMS 0x00000000e5500000, 0x00000000e5500000| Complete 
|  86|0x00000000e5600000, 0x00000000e5700000, 0x00000000e5700000|100%| S|CS|TAMS 0x00000000e5600000, 0x00000000e5600000| Complete 
|  87|0x00000000e5700000, 0x00000000e5800000, 0x00000000e5800000|100%| S|CS|TAMS 0x00000000e5700000, 0x00000000e5700000| Complete 
|  88|0x00000000e5800000, 0x00000000e5900000, 0x00000000e5900000|100%| S|CS|TAMS 0x00000000e5800000, 0x00000000e5800000| Complete 
|  89|0x00000000e5900000, 0x00000000e5a00000, 0x00000000e5a00000|100%| S|CS|TAMS 0x00000000e5900000, 0x00000000e5900000| Complete 
|  90|0x00000000e5a00000, 0x00000000e5b00000, 0x00000000e5b00000|100%| S|CS|TAMS 0x00000000e5a00000, 0x00000000e5a00000| Complete 
|  91|0x00000000e5b00000, 0x00000000e5c00000, 0x00000000e5c00000|100%| S|CS|TAMS 0x00000000e5b00000, 0x00000000e5b00000| Complete 
|  92|0x00000000e5c00000, 0x00000000e5d00000, 0x00000000e5d00000|100%| S|CS|TAMS 0x00000000e5c00000, 0x00000000e5c00000| Complete 
|  93|0x00000000e5d00000, 0x00000000e5e00000, 0x00000000e5e00000|100%| S|CS|TAMS 0x00000000e5d00000, 0x00000000e5d00000| Complete 
|  94|0x00000000e5e00000, 0x00000000e5f00000, 0x00000000e5f00000|100%| S|CS|TAMS 0x00000000e5e00000, 0x00000000e5e00000| Complete 
|  95|0x00000000e5f00000, 0x00000000e6000000, 0x00000000e6000000|100%| S|CS|TAMS 0x00000000e5f00000, 0x00000000e5f00000| Complete 
|  96|0x00000000e6000000, 0x00000000e6100000, 0x00000000e6100000|100%| S|CS|TAMS 0x00000000e6000000, 0x00000000e6000000| Complete 
|  97|0x00000000e6100000, 0x00000000e6200000, 0x00000000e6200000|100%| S|CS|TAMS 0x00000000e6100000, 0x00000000e6100000| Complete 
|  98|0x00000000e6200000, 0x00000000e6300000, 0x00000000e6300000|100%| S|CS|TAMS 0x00000000e6200000, 0x00000000e6200000| Complete 
|  99|0x00000000e6300000, 0x00000000e6400000, 0x00000000e6400000|100%| S|CS|TAMS 0x00000000e6300000, 0x00000000e6300000| Complete 
| 100|0x00000000e6400000, 0x00000000e6500000, 0x00000000e6500000|100%| S|CS|TAMS 0x00000000e6400000, 0x00000000e6400000| Complete 
| 101|0x00000000e6500000, 0x00000000e6600000, 0x00000000e6600000|100%| S|CS|TAMS 0x00000000e6500000, 0x00000000e6500000| Complete 
| 102|0x00000000e6600000, 0x00000000e6700000, 0x00000000e6700000|100%| S|CS|TAMS 0x00000000e6600000, 0x00000000e6600000| Complete 
| 103|0x00000000e6700000, 0x00000000e6700000, 0x00000000e6800000|  0%| F|  |TAMS 0x00000000e6700000, 0x00000000e6700000| Untracked 
| 104|0x00000000e6800000, 0x00000000e6800000, 0x00000000e6900000|  0%| F|  |TAMS 0x00000000e6800000, 0x00000000e6800000| Untracked 
| 105|0x00000000e6900000, 0x00000000e6900000, 0x00000000e6a00000|  0%| F|  |TAMS 0x00000000e6900000, 0x00000000e6900000| Untracked 
| 106|0x00000000e6a00000, 0x00000000e6a00000, 0x00000000e6b00000|  0%| F|  |TAMS 0x00000000e6a00000, 0x00000000e6a00000| Untracked 
| 107|0x00000000e6b00000, 0x00000000e6b00000, 0x00000000e6c00000|  0%| F|  |TAMS 0x00000000e6b00000, 0x00000000e6b00000| Untracked 
| 108|0x00000000e6c00000, 0x00000000e6c00000, 0x00000000e6d00000|  0%| F|  |TAMS 0x00000000e6c00000, 0x00000000e6c00000| Untracked 
| 109|0x00000000e6d00000, 0x00000000e6d00000, 0x00000000e6e00000|  0%| F|  |TAMS 0x00000000e6d00000, 0x00000000e6d00000| Untracked 
| 110|0x00000000e6e00000, 0x00000000e6e00000, 0x00000000e6f00000|  0%| F|  |TAMS 0x00000000e6e00000, 0x00000000e6e00000| Untracked 
| 111|0x00000000e6f00000, 0x00000000e6f00000, 0x00000000e7000000|  0%| F|  |TAMS 0x00000000e6f00000, 0x00000000e6f00000| Untracked 
| 112|0x00000000e7000000, 0x00000000e7000000, 0x00000000e7100000|  0%| F|  |TAMS 0x00000000e7000000, 0x00000000e7000000| Untracked 
| 113|0x00000000e7100000, 0x00000000e7100000, 0x00000000e7200000|  0%| F|  |TAMS 0x00000000e7100000, 0x00000000e7100000| Untracked 
| 114|0x00000000e7200000, 0x00000000e7200000, 0x00000000e7300000|  0%| F|  |TAMS 0x00000000e7200000, 0x00000000e7200000| Untracked 
| 115|0x00000000e7300000, 0x00000000e7300000, 0x00000000e7400000|  0%| F|  |TAMS 0x00000000e7300000, 0x00000000e7300000| Untracked 
| 116|0x00000000e7400000, 0x00000000e7400000, 0x00000000e7500000|  0%| F|  |TAMS 0x00000000e7400000, 0x00000000e7400000| Untracked 
| 117|0x00000000e7500000, 0x00000000e7500000, 0x00000000e7600000|  0%| F|  |TAMS 0x00000000e7500000, 0x00000000e7500000| Untracked 
| 118|0x00000000e7600000, 0x00000000e7600000, 0x00000000e7700000|  0%| F|  |TAMS 0x00000000e7600000, 0x00000000e7600000| Untracked 
| 119|0x00000000e7700000, 0x00000000e7700000, 0x00000000e7800000|  0%| F|  |TAMS 0x00000000e7700000, 0x00000000e7700000| Untracked 
| 120|0x00000000e7800000, 0x00000000e7800000, 0x00000000e7900000|  0%| F|  |TAMS 0x00000000e7800000, 0x00000000e7800000| Untracked 
| 121|0x00000000e7900000, 0x00000000e7900000, 0x00000000e7a00000|  0%| F|  |TAMS 0x00000000e7900000, 0x00000000e7900000| Untracked 
| 122|0x00000000e7a00000, 0x00000000e7a00000, 0x00000000e7b00000|  0%| F|  |TAMS 0x00000000e7a00000, 0x00000000e7a00000| Untracked 
| 123|0x00000000e7b00000, 0x00000000e7b00000, 0x00000000e7c00000|  0%| F|  |TAMS 0x00000000e7b00000, 0x00000000e7b00000| Untracked 
| 124|0x00000000e7c00000, 0x00000000e7c00000, 0x00000000e7d00000|  0%| F|  |TAMS 0x00000000e7c00000, 0x00000000e7c00000| Untracked 
| 125|0x00000000e7d00000, 0x00000000e7d00000, 0x00000000e7e00000|  0%| F|  |TAMS 0x00000000e7d00000, 0x00000000e7d00000| Untracked 
| 126|0x00000000e7e00000, 0x00000000e7e00000, 0x00000000e7f00000|  0%| F|  |TAMS 0x00000000e7e00000, 0x00000000e7e00000| Untracked 
| 127|0x00000000e7f00000, 0x00000000e7f00000, 0x00000000e8000000|  0%| F|  |TAMS 0x00000000e7f00000, 0x00000000e7f00000| Untracked 
| 128|0x00000000e8000000, 0x00000000e8000000, 0x00000000e8100000|  0%| F|  |TAMS 0x00000000e8000000, 0x00000000e8000000| Untracked 
| 129|0x00000000e8100000, 0x00000000e8100000, 0x00000000e8200000|  0%| F|  |TAMS 0x00000000e8100000, 0x00000000e8100000| Untracked 
| 130|0x00000000e8200000, 0x00000000e8200000, 0x00000000e8300000|  0%| F|  |TAMS 0x00000000e8200000, 0x00000000e8200000| Untracked 
| 131|0x00000000e8300000, 0x00000000e8300000, 0x00000000e8400000|  0%| F|  |TAMS 0x00000000e8300000, 0x00000000e8300000| Untracked 
| 132|0x00000000e8400000, 0x00000000e8400000, 0x00000000e8500000|  0%| F|  |TAMS 0x00000000e8400000, 0x00000000e8400000| Untracked 
| 133|0x00000000e8500000, 0x00000000e8500000, 0x00000000e8600000|  0%| F|  |TAMS 0x00000000e8500000, 0x00000000e8500000| Untracked 
| 134|0x00000000e8600000, 0x00000000e8600000, 0x00000000e8700000|  0%| F|  |TAMS 0x00000000e8600000, 0x00000000e8600000| Untracked 
| 135|0x00000000e8700000, 0x00000000e8700000, 0x00000000e8800000|  0%| F|  |TAMS 0x00000000e8700000, 0x00000000e8700000| Untracked 
| 136|0x00000000e8800000, 0x00000000e8800000, 0x00000000e8900000|  0%| F|  |TAMS 0x00000000e8800000, 0x00000000e8800000| Untracked 
| 137|0x00000000e8900000, 0x00000000e8900000, 0x00000000e8a00000|  0%| F|  |TAMS 0x00000000e8900000, 0x00000000e8900000| Untracked 
| 138|0x00000000e8a00000, 0x00000000e8a00000, 0x00000000e8b00000|  0%| F|  |TAMS 0x00000000e8a00000, 0x00000000e8a00000| Untracked 
| 139|0x00000000e8b00000, 0x00000000e8b00000, 0x00000000e8c00000|  0%| F|  |TAMS 0x00000000e8b00000, 0x00000000e8b00000| Untracked 
| 140|0x00000000e8c00000, 0x00000000e8c00000, 0x00000000e8d00000|  0%| F|  |TAMS 0x00000000e8c00000, 0x00000000e8c00000| Untracked 
| 141|0x00000000e8d00000, 0x00000000e8d00000, 0x00000000e8e00000|  0%| F|  |TAMS 0x00000000e8d00000, 0x00000000e8d00000| Untracked 
| 142|0x00000000e8e00000, 0x00000000e8e00000, 0x00000000e8f00000|  0%| F|  |TAMS 0x00000000e8e00000, 0x00000000e8e00000| Untracked 
| 143|0x00000000e8f00000, 0x00000000e8f00000, 0x00000000e9000000|  0%| F|  |TAMS 0x00000000e8f00000, 0x00000000e8f00000| Untracked 
| 144|0x00000000e9000000, 0x00000000e9000000, 0x00000000e9100000|  0%| F|  |TAMS 0x00000000e9000000, 0x00000000e9000000| Untracked 
| 145|0x00000000e9100000, 0x00000000e9100000, 0x00000000e9200000|  0%| F|  |TAMS 0x00000000e9100000, 0x00000000e9100000| Untracked 
| 146|0x00000000e9200000, 0x00000000e9200000, 0x00000000e9300000|  0%| F|  |TAMS 0x00000000e9200000, 0x00000000e9200000| Untracked 
| 147|0x00000000e9300000, 0x00000000e9300000, 0x00000000e9400000|  0%| F|  |TAMS 0x00000000e9300000, 0x00000000e9300000| Untracked 
| 148|0x00000000e9400000, 0x00000000e9400000, 0x00000000e9500000|  0%| F|  |TAMS 0x00000000e9400000, 0x00000000e9400000| Untracked 
| 149|0x00000000e9500000, 0x00000000e9500000, 0x00000000e9600000|  0%| F|  |TAMS 0x00000000e9500000, 0x00000000e9500000| Untracked 
| 150|0x00000000e9600000, 0x00000000e9600000, 0x00000000e9700000|  0%| F|  |TAMS 0x00000000e9600000, 0x00000000e9600000| Untracked 
| 151|0x00000000e9700000, 0x00000000e9700000, 0x00000000e9800000|  0%| F|  |TAMS 0x00000000e9700000, 0x00000000e9700000| Untracked 
| 152|0x00000000e9800000, 0x00000000e9800000, 0x00000000e9900000|  0%| F|  |TAMS 0x00000000e9800000, 0x00000000e9800000| Untracked 
| 153|0x00000000e9900000, 0x00000000e9900000, 0x00000000e9a00000|  0%| F|  |TAMS 0x00000000e9900000, 0x00000000e9900000| Untracked 
| 154|0x00000000e9a00000, 0x00000000e9a00000, 0x00000000e9b00000|  0%| F|  |TAMS 0x00000000e9a00000, 0x00000000e9a00000| Untracked 
| 155|0x00000000e9b00000, 0x00000000e9b00000, 0x00000000e9c00000|  0%| F|  |TAMS 0x00000000e9b00000, 0x00000000e9b00000| Untracked 
| 156|0x00000000e9c00000, 0x00000000e9c80800, 0x00000000e9d00000| 50%| E|  |TAMS 0x00000000e9c00000, 0x00000000e9c00000| Complete 
| 157|0x00000000e9d00000, 0x00000000e9e00000, 0x00000000e9e00000|100%| E|CS|TAMS 0x00000000e9d00000, 0x00000000e9d00000| Complete 
| 158|0x00000000e9e00000, 0x00000000e9f00000, 0x00000000e9f00000|100%| E|CS|TAMS 0x00000000e9e00000, 0x00000000e9e00000| Complete 
| 159|0x00000000e9f00000, 0x00000000ea000000, 0x00000000ea000000|100%| E|CS|TAMS 0x00000000e9f00000, 0x00000000e9f00000| Complete 
| 160|0x00000000ea000000, 0x00000000ea100000, 0x00000000ea100000|100%| E|CS|TAMS 0x00000000ea000000, 0x00000000ea000000| Complete 
| 161|0x00000000ea100000, 0x00000000ea200000, 0x00000000ea200000|100%| E|CS|TAMS 0x00000000ea100000, 0x00000000ea100000| Complete 
| 162|0x00000000ea200000, 0x00000000ea300000, 0x00000000ea300000|100%| E|CS|TAMS 0x00000000ea200000, 0x00000000ea200000| Complete 
| 163|0x00000000ea300000, 0x00000000ea400000, 0x00000000ea400000|100%| E|CS|TAMS 0x00000000ea300000, 0x00000000ea300000| Complete 
| 164|0x00000000ea400000, 0x00000000ea500000, 0x00000000ea500000|100%| E|CS|TAMS 0x00000000ea400000, 0x00000000ea400000| Complete 
| 165|0x00000000ea500000, 0x00000000ea600000, 0x00000000ea600000|100%| E|CS|TAMS 0x00000000ea500000, 0x00000000ea500000| Complete 
| 166|0x00000000ea600000, 0x00000000ea700000, 0x00000000ea700000|100%| E|CS|TAMS 0x00000000ea600000, 0x00000000ea600000| Complete 
| 167|0x00000000ea700000, 0x00000000ea800000, 0x00000000ea800000|100%| E|CS|TAMS 0x00000000ea700000, 0x00000000ea700000| Complete 
| 168|0x00000000ea800000, 0x00000000ea900000, 0x00000000ea900000|100%| E|CS|TAMS 0x00000000ea800000, 0x00000000ea800000| Complete 
| 169|0x00000000ea900000, 0x00000000eaa00000, 0x00000000eaa00000|100%| E|CS|TAMS 0x00000000ea900000, 0x00000000ea900000| Complete 
| 170|0x00000000eaa00000, 0x00000000eab00000, 0x00000000eab00000|100%| E|CS|TAMS 0x00000000eaa00000, 0x00000000eaa00000| Complete 
| 171|0x00000000eab00000, 0x00000000eac00000, 0x00000000eac00000|100%| E|CS|TAMS 0x00000000eab00000, 0x00000000eab00000| Complete 
| 172|0x00000000eac00000, 0x00000000ead00000, 0x00000000ead00000|100%| E|CS|TAMS 0x00000000eac00000, 0x00000000eac00000| Complete 
| 173|0x00000000ead00000, 0x00000000eae00000, 0x00000000eae00000|100%| E|CS|TAMS 0x00000000ead00000, 0x00000000ead00000| Complete 
| 174|0x00000000eae00000, 0x00000000eaf00000, 0x00000000eaf00000|100%| E|CS|TAMS 0x00000000eae00000, 0x00000000eae00000| Complete 
| 175|0x00000000eaf00000, 0x00000000eb000000, 0x00000000eb000000|100%| E|CS|TAMS 0x00000000eaf00000, 0x00000000eaf00000| Complete 
| 176|0x00000000eb000000, 0x00000000eb100000, 0x00000000eb100000|100%| E|CS|TAMS 0x00000000eb000000, 0x00000000eb000000| Complete 
| 177|0x00000000eb100000, 0x00000000eb200000, 0x00000000eb200000|100%| E|CS|TAMS 0x00000000eb100000, 0x00000000eb100000| Complete 
| 178|0x00000000eb200000, 0x00000000eb300000, 0x00000000eb300000|100%| E|CS|TAMS 0x00000000eb200000, 0x00000000eb200000| Complete 
| 179|0x00000000eb300000, 0x00000000eb400000, 0x00000000eb400000|100%| E|CS|TAMS 0x00000000eb300000, 0x00000000eb300000| Complete 
| 180|0x00000000eb400000, 0x00000000eb500000, 0x00000000eb500000|100%| E|CS|TAMS 0x00000000eb400000, 0x00000000eb400000| Complete 
| 181|0x00000000eb500000, 0x00000000eb600000, 0x00000000eb600000|100%| E|CS|TAMS 0x00000000eb500000, 0x00000000eb500000| Complete 
| 182|0x00000000eb600000, 0x00000000eb700000, 0x00000000eb700000|100%| E|CS|TAMS 0x00000000eb600000, 0x00000000eb600000| Complete 
| 183|0x00000000eb700000, 0x00000000eb800000, 0x00000000eb800000|100%| E|CS|TAMS 0x00000000eb700000, 0x00000000eb700000| Complete 
| 184|0x00000000eb800000, 0x00000000eb900000, 0x00000000eb900000|100%| E|CS|TAMS 0x00000000eb800000, 0x00000000eb800000| Complete 
| 185|0x00000000eb900000, 0x00000000eba00000, 0x00000000eba00000|100%| E|CS|TAMS 0x00000000eb900000, 0x00000000eb900000| Complete 
| 186|0x00000000eba00000, 0x00000000ebb00000, 0x00000000ebb00000|100%| E|CS|TAMS 0x00000000eba00000, 0x00000000eba00000| Complete 
| 187|0x00000000ebb00000, 0x00000000ebc00000, 0x00000000ebc00000|100%| E|CS|TAMS 0x00000000ebb00000, 0x00000000ebb00000| Complete 
| 188|0x00000000ebc00000, 0x00000000ebd00000, 0x00000000ebd00000|100%| E|CS|TAMS 0x00000000ebc00000, 0x00000000ebc00000| Complete 
| 189|0x00000000ebd00000, 0x00000000ebe00000, 0x00000000ebe00000|100%| E|CS|TAMS 0x00000000ebd00000, 0x00000000ebd00000| Complete 
| 190|0x00000000ebe00000, 0x00000000ebf00000, 0x00000000ebf00000|100%| E|CS|TAMS 0x00000000ebe00000, 0x00000000ebe00000| Complete 
| 191|0x00000000ebf00000, 0x00000000ec000000, 0x00000000ec000000|100%| E|CS|TAMS 0x00000000ebf00000, 0x00000000ebf00000| Complete 
| 192|0x00000000ec000000, 0x00000000ec100000, 0x00000000ec100000|100%| E|CS|TAMS 0x00000000ec000000, 0x00000000ec000000| Complete 
| 193|0x00000000ec100000, 0x00000000ec200000, 0x00000000ec200000|100%| E|CS|TAMS 0x00000000ec100000, 0x00000000ec100000| Complete 
| 194|0x00000000ec200000, 0x00000000ec300000, 0x00000000ec300000|100%| E|CS|TAMS 0x00000000ec200000, 0x00000000ec200000| Complete 
| 195|0x00000000ec300000, 0x00000000ec400000, 0x00000000ec400000|100%| E|CS|TAMS 0x00000000ec300000, 0x00000000ec300000| Complete 
| 196|0x00000000ec400000, 0x00000000ec500000, 0x00000000ec500000|100%| E|CS|TAMS 0x00000000ec400000, 0x00000000ec400000| Complete 
| 197|0x00000000ec500000, 0x00000000ec600000, 0x00000000ec600000|100%| E|CS|TAMS 0x00000000ec500000, 0x00000000ec500000| Complete 
| 198|0x00000000ec600000, 0x00000000ec700000, 0x00000000ec700000|100%| E|CS|TAMS 0x00000000ec600000, 0x00000000ec600000| Complete 
| 199|0x00000000ec700000, 0x00000000ec800000, 0x00000000ec800000|100%| E|CS|TAMS 0x00000000ec700000, 0x00000000ec700000| Complete 
| 200|0x00000000ec800000, 0x00000000ec900000, 0x00000000ec900000|100%| E|CS|TAMS 0x00000000ec800000, 0x00000000ec800000| Complete 
| 201|0x00000000ec900000, 0x00000000eca00000, 0x00000000eca00000|100%| E|CS|TAMS 0x00000000ec900000, 0x00000000ec900000| Complete 
| 202|0x00000000eca00000, 0x00000000ecb00000, 0x00000000ecb00000|100%| E|CS|TAMS 0x00000000eca00000, 0x00000000eca00000| Complete 
| 203|0x00000000ecb00000, 0x00000000ecc00000, 0x00000000ecc00000|100%| E|CS|TAMS 0x00000000ecb00000, 0x00000000ecb00000| Complete 
| 204|0x00000000ecc00000, 0x00000000ecd00000, 0x00000000ecd00000|100%| E|CS|TAMS 0x00000000ecc00000, 0x00000000ecc00000| Complete 
| 205|0x00000000ecd00000, 0x00000000ece00000, 0x00000000ece00000|100%| E|CS|TAMS 0x00000000ecd00000, 0x00000000ecd00000| Complete 
| 206|0x00000000ece00000, 0x00000000ecf00000, 0x00000000ecf00000|100%| E|CS|TAMS 0x00000000ece00000, 0x00000000ece00000| Complete 
| 207|0x00000000ecf00000, 0x00000000ed000000, 0x00000000ed000000|100%| E|CS|TAMS 0x00000000ecf00000, 0x00000000ecf00000| Complete 
| 208|0x00000000ed000000, 0x00000000ed100000, 0x00000000ed100000|100%| E|CS|TAMS 0x00000000ed000000, 0x00000000ed000000| Complete 
| 209|0x00000000ed100000, 0x00000000ed200000, 0x00000000ed200000|100%| E|CS|TAMS 0x00000000ed100000, 0x00000000ed100000| Complete 
| 210|0x00000000ed200000, 0x00000000ed300000, 0x00000000ed300000|100%| E|CS|TAMS 0x00000000ed200000, 0x00000000ed200000| Complete 
| 211|0x00000000ed300000, 0x00000000ed400000, 0x00000000ed400000|100%| E|CS|TAMS 0x00000000ed300000, 0x00000000ed300000| Complete 
| 212|0x00000000ed400000, 0x00000000ed500000, 0x00000000ed500000|100%| E|CS|TAMS 0x00000000ed400000, 0x00000000ed400000| Complete 
| 213|0x00000000ed500000, 0x00000000ed600000, 0x00000000ed600000|100%| E|CS|TAMS 0x00000000ed500000, 0x00000000ed500000| Complete 
| 214|0x00000000ed600000, 0x00000000ed700000, 0x00000000ed700000|100%| E|CS|TAMS 0x00000000ed600000, 0x00000000ed600000| Complete 
| 215|0x00000000ed700000, 0x00000000ed800000, 0x00000000ed800000|100%| E|CS|TAMS 0x00000000ed700000, 0x00000000ed700000| Complete 
| 216|0x00000000ed800000, 0x00000000ed900000, 0x00000000ed900000|100%| E|CS|TAMS 0x00000000ed800000, 0x00000000ed800000| Complete 
| 217|0x00000000ed900000, 0x00000000eda00000, 0x00000000eda00000|100%| E|CS|TAMS 0x00000000ed900000, 0x00000000ed900000| Complete 
| 218|0x00000000eda00000, 0x00000000edb00000, 0x00000000edb00000|100%| E|CS|TAMS 0x00000000eda00000, 0x00000000eda00000| Complete 
| 219|0x00000000edb00000, 0x00000000edc00000, 0x00000000edc00000|100%| E|CS|TAMS 0x00000000edb00000, 0x00000000edb00000| Complete 
| 220|0x00000000edc00000, 0x00000000edd00000, 0x00000000edd00000|100%| E|CS|TAMS 0x00000000edc00000, 0x00000000edc00000| Complete 
| 221|0x00000000edd00000, 0x00000000ede00000, 0x00000000ede00000|100%| E|CS|TAMS 0x00000000edd00000, 0x00000000edd00000| Complete 
| 222|0x00000000ede00000, 0x00000000edf00000, 0x00000000edf00000|100%| E|CS|TAMS 0x00000000ede00000, 0x00000000ede00000| Complete 
| 223|0x00000000edf00000, 0x00000000ee000000, 0x00000000ee000000|100%| E|CS|TAMS 0x00000000edf00000, 0x00000000edf00000| Complete 
| 224|0x00000000ee000000, 0x00000000ee100000, 0x00000000ee100000|100%| E|CS|TAMS 0x00000000ee000000, 0x00000000ee000000| Complete 
| 225|0x00000000ee100000, 0x00000000ee200000, 0x00000000ee200000|100%| E|CS|TAMS 0x00000000ee100000, 0x00000000ee100000| Complete 
| 226|0x00000000ee200000, 0x00000000ee300000, 0x00000000ee300000|100%| E|CS|TAMS 0x00000000ee200000, 0x00000000ee200000| Complete 
| 227|0x00000000ee300000, 0x00000000ee400000, 0x00000000ee400000|100%| E|CS|TAMS 0x00000000ee300000, 0x00000000ee300000| Complete 
| 228|0x00000000ee400000, 0x00000000ee500000, 0x00000000ee500000|100%| E|CS|TAMS 0x00000000ee400000, 0x00000000ee400000| Complete 
| 229|0x00000000ee500000, 0x00000000ee600000, 0x00000000ee600000|100%| E|CS|TAMS 0x00000000ee500000, 0x00000000ee500000| Complete 
| 230|0x00000000ee600000, 0x00000000ee700000, 0x00000000ee700000|100%| E|CS|TAMS 0x00000000ee600000, 0x00000000ee600000| Complete 
| 231|0x00000000ee700000, 0x00000000ee800000, 0x00000000ee800000|100%| E|CS|TAMS 0x00000000ee700000, 0x00000000ee700000| Complete 
| 232|0x00000000ee800000, 0x00000000ee900000, 0x00000000ee900000|100%| E|CS|TAMS 0x00000000ee800000, 0x00000000ee800000| Complete 
| 233|0x00000000ee900000, 0x00000000eea00000, 0x00000000eea00000|100%| E|CS|TAMS 0x00000000ee900000, 0x00000000ee900000| Complete 
| 234|0x00000000eea00000, 0x00000000eeb00000, 0x00000000eeb00000|100%| E|CS|TAMS 0x00000000eea00000, 0x00000000eea00000| Complete 
| 235|0x00000000eeb00000, 0x00000000eec00000, 0x00000000eec00000|100%| E|CS|TAMS 0x00000000eeb00000, 0x00000000eeb00000| Complete 
| 236|0x00000000eec00000, 0x00000000eed00000, 0x00000000eed00000|100%| E|CS|TAMS 0x00000000eec00000, 0x00000000eec00000| Complete 
| 237|0x00000000eed00000, 0x00000000eee00000, 0x00000000eee00000|100%| E|CS|TAMS 0x00000000eed00000, 0x00000000eed00000| Complete 
| 238|0x00000000eee00000, 0x00000000eef00000, 0x00000000eef00000|100%| E|CS|TAMS 0x00000000eee00000, 0x00000000eee00000| Complete 
| 239|0x00000000eef00000, 0x00000000ef000000, 0x00000000ef000000|100%| E|CS|TAMS 0x00000000eef00000, 0x00000000eef00000| Complete 
| 240|0x00000000ef000000, 0x00000000ef100000, 0x00000000ef100000|100%| E|CS|TAMS 0x00000000ef000000, 0x00000000ef000000| Complete 
| 241|0x00000000ef100000, 0x00000000ef200000, 0x00000000ef200000|100%| E|CS|TAMS 0x00000000ef100000, 0x00000000ef100000| Complete 
| 242|0x00000000ef200000, 0x00000000ef300000, 0x00000000ef300000|100%| E|CS|TAMS 0x00000000ef200000, 0x00000000ef200000| Complete 
| 243|0x00000000ef300000, 0x00000000ef400000, 0x00000000ef400000|100%| E|CS|TAMS 0x00000000ef300000, 0x00000000ef300000| Complete 
| 244|0x00000000ef400000, 0x00000000ef500000, 0x00000000ef500000|100%| E|CS|TAMS 0x00000000ef400000, 0x00000000ef400000| Complete 
| 245|0x00000000ef500000, 0x00000000ef600000, 0x00000000ef600000|100%| E|CS|TAMS 0x00000000ef500000, 0x00000000ef500000| Complete 
| 246|0x00000000ef600000, 0x00000000ef700000, 0x00000000ef700000|100%| E|CS|TAMS 0x00000000ef600000, 0x00000000ef600000| Complete 
| 247|0x00000000ef700000, 0x00000000ef800000, 0x00000000ef800000|100%| E|CS|TAMS 0x00000000ef700000, 0x00000000ef700000| Complete 
| 248|0x00000000ef800000, 0x00000000ef900000, 0x00000000ef900000|100%| E|CS|TAMS 0x00000000ef800000, 0x00000000ef800000| Complete 
| 249|0x00000000ef900000, 0x00000000efa00000, 0x00000000efa00000|100%| E|CS|TAMS 0x00000000ef900000, 0x00000000ef900000| Complete 
| 250|0x00000000efa00000, 0x00000000efb00000, 0x00000000efb00000|100%| E|CS|TAMS 0x00000000efa00000, 0x00000000efa00000| Complete 
| 251|0x00000000efb00000, 0x00000000efc00000, 0x00000000efc00000|100%| E|CS|TAMS 0x00000000efb00000, 0x00000000efb00000| Complete 
| 252|0x00000000efc00000, 0x00000000efd00000, 0x00000000efd00000|100%| E|CS|TAMS 0x00000000efc00000, 0x00000000efc00000| Complete 
| 253|0x00000000efd00000, 0x00000000efe00000, 0x00000000efe00000|100%| E|CS|TAMS 0x00000000efd00000, 0x00000000efd00000| Complete 
| 254|0x00000000efe00000, 0x00000000eff00000, 0x00000000eff00000|100%| E|CS|TAMS 0x00000000efe00000, 0x00000000efe00000| Complete 
| 255|0x00000000eff00000, 0x00000000f0000000, 0x00000000f0000000|100%| E|CS|TAMS 0x00000000eff00000, 0x00000000eff00000| Complete 

Card table byte_map: [0x00000194a2580000,0x00000194a2680000] _byte_map_base: 0x00000194a1e80000

Marking Bits (Prev, Next): (CMBitMap*) 0x000001948b5cd930, (CMBitMap*) 0x000001948b5cd8f8
 Prev Bits: [0x00000194a2f80000, 0x00000194a3780000)
 Next Bits: [0x00000194a2780000, 0x00000194a2f80000)

Polling page: 0x000001948ad10000

Metaspace:

Usage:
  Non-class:     67.06 MB capacity,    65.21 MB ( 97%) used,     1.58 MB (  2%) free+waste,   274.44 KB ( <1%) overhead. 
      Class:     10.93 MB capacity,     9.90 MB ( 91%) used,   925.29 KB (  8%) free+waste,   136.50 KB (  1%) overhead. 
       Both:     77.99 MB capacity,    75.10 MB ( 96%) used,     2.49 MB (  3%) free+waste,   410.94 KB ( <1%) overhead. 

Virtual space:
  Non-class space:       68.00 MB reserved,      67.25 MB ( 99%) committed 
      Class space:      248.00 MB reserved,      11.00 MB (  4%) committed 
             Both:      316.00 MB reserved,      78.25 MB ( 25%) committed 

Chunk freelists:
   Non-Class:  768 bytes
       Class:  0 bytes
        Both:  768 bytes

CodeHeap 'non-profiled nmethods': size=119168Kb used=6159Kb max_used=6159Kb free=113008Kb
 bounds [0x000001949a7a0000, 0x000001949adb0000, 0x00000194a1c00000]
CodeHeap 'profiled nmethods': size=119168Kb used=20255Kb max_used=20255Kb free=98913Kb
 bounds [0x0000019493340000, 0x0000019494710000, 0x000001949a7a0000]
CodeHeap 'non-nmethods': size=7424Kb used=3970Kb max_used=4012Kb free=3454Kb
 bounds [0x0000019492c00000, 0x0000019493080000, 0x0000019493340000]
 total_blobs=9933 nmethods=9063 adapters=778
 compilation: enabled
              stopped_count=0, restarted_count=0
 full_count=0

Compilation events (10 events):
Event: 13.950 Thread 0x00000194a674d800 nmethod 9065 0x00000194946e3410 code [0x00000194946e35c0, 0x00000194946e37b8]
Event: 13.950 Thread 0x00000194a7033800 9067       3       com.puppycrawl.tools.checkstyle.checks.coding.DeclarationOrderCheck::leaveToken (22 bytes)
Event: 13.950 Thread 0x00000194a7033800 nmethod 9067 0x00000194946e3890 code [0x00000194946e3a40, 0x00000194946e3ca8]
Event: 13.950 Thread 0x00000194a9290800 nmethod 9066 0x00000194946e3d90 code [0x00000194946e4060, 0x00000194946e4f88]
Event: 13.950 Thread 0x00000194a7332000 9069       3       java.util.TreeMap::lastKey (8 bytes)
Event: 13.951 Thread 0x00000194a7332000 nmethod 9069 0x00000194946e5410 code [0x00000194946e55e0, 0x00000194946e5988]
Event: 13.952 Thread 0x00000194a674d800 9070       3       java.lang.StringBuffer::<init> (7 bytes)
Event: 13.952 Thread 0x00000194a674d800 nmethod 9070 0x00000194946e5b10 code [0x00000194946e5cc0, 0x00000194946e5de8]
Event: 13.954 Thread 0x00000194a7033800 9072       3       sun.nio.cs.UTF_8$Encoder::encodeArrayLoop (489 bytes)
Event: 13.956 Thread 0x00000194a7033800 nmethod 9072 0x00000194946e5e90 code [0x00000194946e6460, 0x00000194946e9828]

GC Heap History (10 events):
Event: 8.586 GC heap before
{Heap before GC invocations=4 (full 0):
 garbage-first heap   total 262144K, used 87302K [0x00000000e0000000, 0x0000000100000000)
  region size 1024K, 70 young (71680K), 3 survivors (3072K)
 Metaspace       used 34855K, capacity 35685K, committed 35840K, reserved 286720K
  class space    used 4559K, capacity 4900K, committed 4992K, reserved 253952K
}
Event: 8.589 GC heap after
{Heap after GC invocations=5 (full 0):
 garbage-first heap   total 262144K, used 22670K [0x00000000e0000000, 0x0000000100000000)
  region size 1024K, 6 young (6144K), 6 survivors (6144K)
 Metaspace       used 34855K, capacity 35685K, committed 35840K, reserved 286720K
  class space    used 4559K, capacity 4900K, committed 4992K, reserved 253952K
}
Event: 9.297 GC heap before
{Heap before GC invocations=6 (full 0):
 garbage-first heap   total 262144K, used 142478K [0x00000000e0000000, 0x0000000100000000)
  region size 1024K, 120 young (122880K), 6 survivors (6144K)
 Metaspace       used 45331K, capacity 46387K, committed 46464K, reserved 294912K
  class space    used 5822K, capacity 6208K, committed 6272K, reserved 253952K
}
Event: 9.303 GC heap after
{Heap after GC invocations=7 (full 0):
 garbage-first heap   total 262144K, used 28998K [0x00000000e0000000, 0x0000000100000000)
  region size 1024K, 12 young (12288K), 12 survivors (12288K)
 Metaspace       used 45331K, capacity 46387K, committed 46464K, reserved 294912K
  class space    used 5822K, capacity 6208K, committed 6272K, reserved 253952K
}
Event: 10.497 GC heap before
{Heap before GC invocations=7 (full 0):
 garbage-first heap   total 262144K, used 172358K [0x00000000e0000000, 0x0000000100000000)
  region size 1024K, 153 young (156672K), 12 survivors (12288K)
 Metaspace       used 52618K, capacity 54270K, committed 54400K, reserved 301056K
  class space    used 6946K, capacity 7534K, committed 7552K, reserved 253952K
}
Event: 10.506 GC heap after
{Heap after GC invocations=8 (full 0):
 garbage-first heap   total 262144K, used 38606K [0x00000000e0000000, 0x0000000100000000)
  region size 1024K, 20 young (20480K), 20 survivors (20480K)
 Metaspace       used 52618K, capacity 54270K, committed 54400K, reserved 301056K
  class space    used 6946K, capacity 7534K, committed 7552K, reserved 253952K
}
Event: 11.736 GC heap before
{Heap before GC invocations=8 (full 0):
 garbage-first heap   total 262144K, used 136910K [0x00000000e0000000, 0x0000000100000000)
  region size 1024K, 117 young (119808K), 20 survivors (20480K)
 Metaspace       used 57940K, capacity 60043K, committed 60160K, reserved 307200K
  class space    used 7806K, capacity 8638K, committed 8704K, reserved 253952K
}
Event: 11.747 GC heap after
{Heap after GC invocations=9 (full 0):
 garbage-first heap   total 262144K, used 47917K [0x00000000e0000000, 0x0000000100000000)
  region size 1024K, 20 young (20480K), 20 survivors (20480K)
 Metaspace       used 57940K, capacity 60043K, committed 60160K, reserved 307200K
  class space    used 7806K, capacity 8638K, committed 8704K, reserved 253952K
}
Event: 13.550 GC heap before
{Heap before GC invocations=10 (full 0):
 garbage-first heap   total 262144K, used 183085K [0x00000000e0000000, 0x0000000100000000)
  region size 1024K, 153 young (156672K), 20 survivors (20480K)
 Metaspace       used 73787K, capacity 76576K, committed 76800K, reserved 321536K
  class space    used 9653K, capacity 10660K, committed 10752K, reserved 253952K
}
Event: 13.559 GC heap after
{Heap after GC invocations=11 (full 0):
 garbage-first heap   total 262144K, used 58265K [0x00000000e0000000, 0x0000000100000000)
  region size 1024K, 19 young (19456K), 19 survivors (19456K)
 Metaspace       used 73787K, capacity 76576K, committed 76800K, reserved 321536K
  class space    used 9653K, capacity 10660K, committed 10752K, reserved 253952K
}

Deoptimization events (10 events):
Event: 13.804 Thread 0x00000194acd01000 Uncommon trap: reason=array_check action=maybe_recompile pc=0x000001949ad6719c method=org.antlr.v4.runtime.misc.Array2DHashSet.getOrAddImpl(Ljava/lang/Object;)Ljava/lang/Object; @ 128 c2
Event: 13.805 Thread 0x00000194acd01000 Uncommon trap: reason=bimorphic_or_optimized_type_check action=maybe_recompile pc=0x000001949ad44608 method=org.antlr.v4.runtime.atn.ParserATNSimulator.canDropLoopEntryEdgeInLeftRecursiveRule(Lorg/antlr/v4/runtime/atn/ATNConfig;)Z @ 36 c2
Event: 13.827 Thread 0x00000194acd01000 Uncommon trap: reason=array_check action=maybe_recompile pc=0x000001949ad6dd70 method=org.antlr.v4.runtime.misc.Array2DHashSet.getOrAddImpl(Ljava/lang/Object;)Ljava/lang/Object; @ 133 c2
Event: 13.828 Thread 0x00000194acd01000 Uncommon trap: reason=array_check action=maybe_recompile pc=0x000001949ad6dd70 method=org.antlr.v4.runtime.misc.Array2DHashSet.getOrAddImpl(Ljava/lang/Object;)Ljava/lang/Object; @ 133 c2
Event: 13.861 Thread 0x00000194acd01000 Uncommon trap: reason=unstable_if action=reinterpret pc=0x000001949ad7226c method=org.antlr.v4.runtime.atn.PredictionContext.merge(Lorg/antlr/v4/runtime/atn/PredictionContext;Lorg/antlr/v4/runtime/atn/PredictionContext;ZLorg/antlr/v4/runtime/misc/DoubleKe
Event: 13.864 Thread 0x00000194acd01000 Uncommon trap: reason=unstable_if action=reinterpret pc=0x000001949ad74618 method=org.antlr.v4.runtime.atn.PredictionContext.merge(Lorg/antlr/v4/runtime/atn/PredictionContext;Lorg/antlr/v4/runtime/atn/PredictionContext;ZLorg/antlr/v4/runtime/misc/DoubleKe
Event: 13.889 Thread 0x00000194acd01000 Uncommon trap: reason=profile_predicate action=maybe_recompile pc=0x000001949ad830c0 method=org.antlr.v4.runtime.atn.PredictionContext.getCachedContext(Lorg/antlr/v4/runtime/atn/PredictionContext;Lorg/antlr/v4/runtime/atn/PredictionContextCache;Ljava/util
Event: 13.889 Thread 0x00000194acd01000 Uncommon trap: reason=profile_predicate action=maybe_recompile pc=0x000001949ad830c0 method=org.antlr.v4.runtime.atn.PredictionContext.getCachedContext(Lorg/antlr/v4/runtime/atn/PredictionContext;Lorg/antlr/v4/runtime/atn/PredictionContextCache;Ljava/util
Event: 13.890 Thread 0x00000194acd01000 Uncommon trap: reason=profile_predicate action=maybe_recompile pc=0x000001949ad830c0 method=org.antlr.v4.runtime.atn.PredictionContext.getCachedContext(Lorg/antlr/v4/runtime/atn/PredictionContext;Lorg/antlr/v4/runtime/atn/PredictionContextCache;Ljava/util
Event: 13.890 Thread 0x00000194acd01000 Uncommon trap: reason=profile_predicate action=maybe_recompile pc=0x000001949ad830c0 method=org.antlr.v4.runtime.atn.PredictionContext.getCachedContext(Lorg/antlr/v4/runtime/atn/PredictionContext;Lorg/antlr/v4/runtime/atn/PredictionContextCache;Ljava/util

Classes redefined (0 events):
No events

Internal exceptions (10 events):
Event: 13.563 Thread 0x00000194acd01000 Exception <a 'java/lang/ClassNotFoundException'{0x00000000efffdb70}: com/puppycrawl/tools/checkstyle/checks/javadoc/JavadocTagContinuationIndentationCheckCustomizer> (0x00000000efffdb70) thrown at [./open/src/hotspot/share/classfile/systemDictionary.cpp, 
Event: 13.565 Thread 0x00000194acd01000 Exception <a 'java/lang/ClassNotFoundException'{0x00000000efe72d88}: com/puppycrawl/tools/checkstyle/checks/javadoc/JavadocTypeCheckBeanInfo> (0x00000000efe72d88) thrown at [./open/src/hotspot/share/classfile/systemDictionary.cpp, line 226]
Event: 13.565 Thread 0x00000194acd01000 Exception <a 'java/lang/ClassNotFoundException'{0x00000000efe817f0}: com/puppycrawl/tools/checkstyle/checks/javadoc/JavadocTypeCheckCustomizer> (0x00000000efe817f0) thrown at [./open/src/hotspot/share/classfile/systemDictionary.cpp, line 226]
Event: 13.567 Thread 0x00000194acd01000 Exception <a 'java/lang/ClassNotFoundException'{0x00000000efd35888}: com/puppycrawl/tools/checkstyle/checks/javadoc/JavadocMethodCheckBeanInfo> (0x00000000efd35888) thrown at [./open/src/hotspot/share/classfile/systemDictionary.cpp, line 226]
Event: 13.567 Thread 0x00000194acd01000 Exception <a 'java/lang/ClassNotFoundException'{0x00000000efd44208}: com/puppycrawl/tools/checkstyle/checks/javadoc/JavadocMethodCheckCustomizer> (0x00000000efd44208) thrown at [./open/src/hotspot/share/classfile/systemDictionary.cpp, line 226]
Event: 13.569 Thread 0x00000194acd01000 Exception <a 'java/lang/ClassNotFoundException'{0x00000000efc996f8}: com/puppycrawl/tools/checkstyle/checks/javadoc/InvalidJavadocPositionCheckBeanInfo> (0x00000000efc996f8) thrown at [./open/src/hotspot/share/classfile/systemDictionary.cpp, line 226]
Event: 13.569 Thread 0x00000194acd01000 Exception <a 'java/lang/ClassNotFoundException'{0x00000000efca8330}: com/puppycrawl/tools/checkstyle/checks/javadoc/InvalidJavadocPositionCheckCustomizer> (0x00000000efca8330) thrown at [./open/src/hotspot/share/classfile/systemDictionary.cpp, line 226]
Event: 13.576 Thread 0x00000194acd01000 Implicit null exception at 0x000001949acbdacd to 0x000001949acbdaf8
Event: 13.577 Thread 0x00000194acd01000 Implicit null exception at 0x000001949a96074b to 0x000001949a96076c
Event: 13.586 Thread 0x00000194acd01000 Exception <a 'java/lang/NoSuchMethodError'{0x00000000efad1048}: java.lang.invoke.Invokers$Holder.linkToTargetMethod(JLjava/lang/Object;)Ljava/lang/Object;> (0x00000000efad1048) thrown at [./open/src/hotspot/share/interpreter/linkResolver.cpp, line 772]

Events (10 events):
Event: 13.894 Thread 0x00000194acd01000 DEOPT UNPACKING pc=0x0000019492c27c0e sp=0x00000053d7af5460 mode 0
Event: 13.904 Thread 0x00000194acd01000 DEOPT PACKING pc=0x00000194945e15f3 sp=0x00000053d7af5bd0
Event: 13.904 Thread 0x00000194acd01000 DEOPT UNPACKING pc=0x0000019492c27c0e sp=0x00000053d7af5070 mode 0
Event: 13.915 Thread 0x00000194acd01000 DEOPT PACKING pc=0x00000194945e15f3 sp=0x00000053d7af5a40
Event: 13.915 Thread 0x00000194acd01000 DEOPT UNPACKING pc=0x0000019492c27c0e sp=0x00000053d7af4ee0 mode 0
Event: 13.925 Thread 0x00000194acd01000 DEOPT PACKING pc=0x00000194945e15f3 sp=0x00000053d7af68e0
Event: 13.925 Thread 0x00000194acd01000 DEOPT UNPACKING pc=0x0000019492c27c0e sp=0x00000053d7af5d80 mode 0
Event: 13.945 loading class java/util/concurrent/ForkJoinPool$DefaultForkJoinWorkerThreadFactory$1
Event: 13.946 loading class java/util/concurrent/ForkJoinPool$DefaultForkJoinWorkerThreadFactory$1 done
Event: 13.947 Thread 0x00000194b3121800 Thread added: 0x00000194b3121800


Dynamic libraries:
0x00007ff6dd4c0000 - 0x00007ff6dd4cf000 	C:\Program Files\Java\jdk-11.0.17\bin\java.exe
0x00007ffefe6d0000 - 0x00007ffefe8c8000 	C:\Windows\SYSTEM32\ntdll.dll
0x00007ffefce00000 - 0x00007ffefcebf000 	C:\Windows\System32\KERNEL32.DLL
0x00007ffefc0a0000 - 0x00007ffefc372000 	C:\Windows\System32\KERNELBASE.dll
0x00007ffefc620000 - 0x00007ffefc720000 	C:\Windows\System32\ucrtbase.dll
0x00007ffee9e40000 - 0x00007ffee9e55000 	C:\Program Files\Java\jdk-11.0.17\bin\VCRUNTIME140.dll
0x00007ffee5260000 - 0x00007ffee5278000 	C:\Program Files\Java\jdk-11.0.17\bin\jli.dll
0x00007ffefe5e0000 - 0x00007ffefe68e000 	C:\Windows\System32\ADVAPI32.dll
0x00007ffefced0000 - 0x00007ffefcf6e000 	C:\Windows\System32\msvcrt.dll
0x00007ffefe1e0000 - 0x00007ffefe27c000 	C:\Windows\System32\sechost.dll
0x00007ffefcf90000 - 0x00007ffefd0b4000 	C:\Windows\System32\RPCRT4.dll
0x00007ffefd0c0000 - 0x00007ffefd261000 	C:\Windows\System32\USER32.dll
0x00007ffefbdd0000 - 0x00007ffefbdf2000 	C:\Windows\System32\win32u.dll
0x00007ffefd4d0000 - 0x00007ffefd4fb000 	C:\Windows\System32\GDI32.dll
0x00007ffefc3f0000 - 0x00007ffefc4ff000 	C:\Windows\System32\gdi32full.dll
0x00007ffefc550000 - 0x00007ffefc5ed000 	C:\Windows\System32\msvcp_win.dll
0x00007ffee5a70000 - 0x00007ffee5d0a000 	C:\Windows\WinSxS\amd64_microsoft.windows.common-controls_6595b64144ccf1df_6.0.19041.1110_none_60b5254171f9507e\COMCTL32.dll
0x00007ffef2520000 - 0x00007ffef252a000 	C:\Windows\SYSTEM32\VERSION.dll
0x00007ffefe070000 - 0x00007ffefe0a0000 	C:\Windows\System32\IMM32.DLL
0x00007ffef44c0000 - 0x00007ffef46b6000 	C:\Windows\system32\tmumh\20019\AddOn\8.55.0.1053\TmUmEvt64.dll
0x00007ffefdf10000 - 0x00007ffefdf18000 	C:\Windows\System32\PSAPI.DLL
0x0000000067a30000 - 0x0000000067ba3000 	C:\Windows\system32\tmumh\20019\TmMon\2.9.0.1043\tmmon64.dll
0x00007ffeb1070000 - 0x00007ffeb110b000 	C:\Program Files\Java\jdk-11.0.17\bin\msvcp140.dll
0x00007ffe975c0000 - 0x00007ffe980da000 	C:\Program Files\Java\jdk-11.0.17\bin\server\jvm.dll
0x00007ffef7570000 - 0x00007ffef7579000 	C:\Windows\SYSTEM32\WSOCK32.dll
0x00007ffefe170000 - 0x00007ffefe1db000 	C:\Windows\System32\WS2_32.dll
0x00007ffee2920000 - 0x00007ffee2947000 	C:\Windows\SYSTEM32\WINMM.dll
0x00007ffefa5e0000 - 0x00007ffefa5f2000 	C:\Windows\SYSTEM32\kernel.appcore.dll
0x00007ffef2730000 - 0x00007ffef2740000 	C:\Program Files\Java\jdk-11.0.17\bin\verify.dll
0x00007ffef9b30000 - 0x00007ffef9d14000 	C:\Windows\SYSTEM32\DBGHELP.DLL
0x00007ffeee600000 - 0x00007ffeee635000 	C:\Windows\SYSTEM32\dbgcore.DLL
0x00007ffefbf60000 - 0x00007ffefbfe2000 	C:\Windows\System32\bcryptPrimitives.dll
0x00007ffee4df0000 - 0x00007ffee4e18000 	C:\Program Files\Java\jdk-11.0.17\bin\java.dll
0x00007ffeeb0d0000 - 0x00007ffeeb0da000 	C:\Program Files\Java\jdk-11.0.17\bin\jimage.dll
0x00007ffee4db0000 - 0x00007ffee4dc6000 	C:\Program Files\Java\jdk-11.0.17\bin\zip.dll
0x00007ffefd7c0000 - 0x00007ffefdf05000 	C:\Windows\System32\SHELL32.dll
0x00007ffef9e30000 - 0x00007ffefa5c2000 	C:\Windows\SYSTEM32\windows.storage.dll
0x00007ffefe280000 - 0x00007ffefe5d5000 	C:\Windows\System32\combase.dll
0x00007ffefb750000 - 0x00007ffefb780000 	C:\Windows\SYSTEM32\Wldp.dll
0x00007ffefd410000 - 0x00007ffefd4bd000 	C:\Windows\System32\SHCORE.dll
0x00007ffefc930000 - 0x00007ffefc985000 	C:\Windows\System32\shlwapi.dll
0x00007ffefbd10000 - 0x00007ffefbd2f000 	C:\Windows\SYSTEM32\profapi.dll
0x00007ffee41f0000 - 0x00007ffee4209000 	C:\Program Files\Java\jdk-11.0.17\bin\net.dll
0x00007ffef6360000 - 0x00007ffef646a000 	C:\Windows\SYSTEM32\WINHTTP.dll
0x00007ffefb530000 - 0x00007ffefb59a000 	C:\Windows\system32\mswsock.dll
0x00007ffee27f0000 - 0x00007ffee2802000 	C:\Program Files\Java\jdk-11.0.17\bin\nio.dll
0x00007ffede5f0000 - 0x00007ffede617000 	C:\Users\Chen Zi Han\.gradle\native\e1d6ef7f7dcc3fd88c89a11ec53ec762bb8ba0a96d01ffa2cd45eb1d1d8dd5c5\windows-amd64\native-platform.dll
0x00007ffea4190000 - 0x00007ffea42d4000 	C:\Users\Chen Zi Han\.gradle\native\0d407fdbe67a94daf76414ababcb853783967236a71b16ec16e742cd7a986fd3\windows-amd64\native-platform-file-events.dll
0x00007ffeea300000 - 0x00007ffeea309000 	C:\Program Files\Java\jdk-11.0.17\bin\management.dll
0x00007ffee59e0000 - 0x00007ffee59eb000 	C:\Program Files\Java\jdk-11.0.17\bin\management_ext.dll
0x00007ffefb790000 - 0x00007ffefb7a8000 	C:\Windows\SYSTEM32\CRYPTSP.dll
0x00007ffefae00000 - 0x00007ffefae34000 	C:\Windows\system32\rsaenh.dll
0x00007ffefc5f0000 - 0x00007ffefc617000 	C:\Windows\System32\bcrypt.dll
0x00007ffefbcd0000 - 0x00007ffefbcfe000 	C:\Windows\SYSTEM32\USERENV.dll
0x00007ffefb6c0000 - 0x00007ffefb6cc000 	C:\Windows\SYSTEM32\CRYPTBASE.dll
0x00007ffefb1f0000 - 0x00007ffefb22b000 	C:\Windows\SYSTEM32\IPHLPAPI.DLL
0x00007ffefcec0000 - 0x00007ffefcec8000 	C:\Windows\System32\NSI.dll
0x00007ffef4870000 - 0x00007ffef4887000 	C:\Windows\SYSTEM32\dhcpcsvc6.DLL
0x00007ffef4850000 - 0x00007ffef486d000 	C:\Windows\SYSTEM32\dhcpcsvc.DLL
0x00007ffefb230000 - 0x00007ffefb2fb000 	C:\Windows\SYSTEM32\DNSAPI.dll

dbghelp: loaded successfully - version: 4.0.5 - missing functions: none
symbol engine: initialized successfully - sym options: 0x614 - pdb path: .;C:\Program Files\Java\jdk-11.0.17\bin;C:\Windows\SYSTEM32;C:\Windows\WinSxS\amd64_microsoft.windows.common-controls_6595b64144ccf1df_6.0.19041.1110_none_60b5254171f9507e;C:\Windows\system32\tmumh\20019\AddOn\8.55.0.1053;C:\Windows\system32\tmumh\20019\TmMon\2.9.0.1043;C:\Program Files\Java\jdk-11.0.17\bin\server;C:\Users\Chen Zi Han\.gradle\native\e1d6ef7f7dcc3fd88c89a11ec53ec762bb8ba0a96d01ffa2cd45eb1d1d8dd5c5\windows-amd64;C:\Users\Chen Zi Han\.gradle\native\0d407fdbe67a94daf76414ababcb853783967236a71b16ec16e742cd7a986fd3\windows-amd64

VM Arguments:
jvm_args: --add-opens=java.base/java.util=ALL-UNNAMED --add-opens=java.base/java.lang=ALL-UNNAMED --add-opens=java.base/java.lang.invoke=ALL-UNNAMED --add-opens=java.base/java.util=ALL-UNNAMED --add-opens=java.prefs/java.util.prefs=ALL-UNNAMED --add-opens=java.prefs/java.util.prefs=ALL-UNNAMED --add-opens=java.base/java.nio.charset=ALL-UNNAMED --add-opens=java.base/java.net=ALL-UNNAMED --add-opens=java.base/java.util.concurrent.atomic=ALL-UNNAMED -XX:MaxMetaspaceSize=256m -XX:+HeapDumpOnOutOfMemoryError -Xms256m -Xmx512m -Dfile.encoding=GBK -Duser.country=SG -Duser.language=en -Duser.variant 
java_command: org.gradle.launcher.daemon.bootstrap.GradleDaemon 7.4.2
java_class_path (initial): C:\Users\Chen Zi Han\.gradle\wrapper\dists\gradle-7.4.2-bin\48ivgl02cpt2ed3fh9dbalvx8\gradle-7.4.2\lib\gradle-launcher-7.4.2.jar
Launcher Type: SUN_STANDARD

[Global flags]
     intx CICompilerCount                          = 12                                        {product} {ergonomic}
   size_t CompressedClassSpaceSize                 = 260046848                                 {product} {ergonomic}
     uint ConcGCThreads                            = 3                                         {product} {ergonomic}
     uint G1ConcRefinementThreads                  = 13                                        {product} {ergonomic}
   size_t G1HeapRegionSize                         = 1048576                                   {product} {ergonomic}
    uintx GCDrainStackTargetSize                   = 64                                        {product} {ergonomic}
     bool HeapDumpOnOutOfMemoryError               = true                                   {manageable} {command line}
   size_t InitialHeapSize                          = 268435456                                 {product} {command line}
   size_t MarkStackSize                            = 4194304                                   {product} {ergonomic}
   size_t MaxHeapSize                              = 536870912                                 {product} {command line}
   size_t MaxMetaspaceSize                         = 268435456                                 {product} {command line}
   size_t MaxNewSize                               = 321912832                                 {product} {ergonomic}
   size_t MinHeapDeltaBytes                        = 1048576                                   {product} {ergonomic}
    uintx NonNMethodCodeHeapSize                   = 7594288                                {pd product} {ergonomic}
    uintx NonProfiledCodeHeapSize                  = 122031976                              {pd product} {ergonomic}
    uintx ProfiledCodeHeapSize                     = 122031976                              {pd product} {ergonomic}
    uintx ReservedCodeCacheSize                    = 251658240                              {pd product} {ergonomic}
     bool SegmentedCodeCache                       = true                                      {product} {ergonomic}
     bool UseCompressedClassPointers               = true                                 {lp64_product} {ergonomic}
     bool UseCompressedOops                        = true                                 {lp64_product} {ergonomic}
     bool UseG1GC                                  = true                                      {product} {ergonomic}
     bool UseLargePagesIndividualAllocation        = false                                  {pd product} {ergonomic}

Logging:
Log output configuration:
 #0: stdout all=warning uptime,level,tags
 #1: stderr all=off uptime,level,tags

Environment Variables:
JAVA_HOME=C:\Program Files\Java\jdk-18.0.1.1
PATH=C:\Program Files\Common Files\Oracle\Java\javapath;C:\Windows\system32;C:\Windows;C:\Windows\System32\Wbem;C:\Windows\System32\WindowsPowerShell\v1.0\;C:\Windows\System32\OpenSSH\;C:\Program Files (x86)\NVIDIA Corporation\PhysX\Common;C:\Program Files\NVIDIA Corporation\NVIDIA NvDLISR;E:\Notepad++;C:\Program Files\Java\jdk-18.0.1.1\bin;C:\Program Files\Azure Data Studio\bin;C:\Program Files\Microsoft SQL Server\150\Tools\Binn\;C:\Program Files\Java\jdk1.7.0_80\bin;E:\\web\dll;E:\\;\web\dll;C:\Progr;; Files\Git\cmd;C:\Program Files\Git\cmd;C:\Users\Chen Zi Han\AppData\Local\Microsoft\WindowsApps;C:\Users\Chen Zi Han\AppData\Roaming\TinyTeX\bin\win32;C:\Program Files\Azure Data Studio\bin;E:\Microsoft VS Code\bin;C:\Users\Chen Zi Han\AppData\Local\GitHubDesktop\bin
USERNAME=Chen Zi Han
OS=Windows_NT
PROCESSOR_IDENTIFIER=Intel64 Family 6 Model 141 Stepping 1, GenuineIntel



---------------  S Y S T E M  ---------------

OS: Windows 10 , 64 bit Build 19041 (10.0.19041.2546)
Hyper-V role detected

CPU:total 16 (initial active 16) (8 cores per cpu, 2 threads per core) family 6 model 141 stepping 1 microcode 0x34, cmov, cx8, fxsr, mmx, sse, sse2, sse3, ssse3, sse4.1, sse4.2, popcnt, avx, avx2, aes, clmul, erms, 3dnowpref, lzcnt, ht, tsc, tscinvbit, bmi1, bmi2, adx, evex, sha, fma

Memory: 4k page, system-wide physical 16122M (2184M free)
TotalPageFile size 26441M (AvailPageFile size 5M)
current process WorkingSet (physical memory assigned to process): 555M, peak: 559M
current process commit charge ("private bytes"): 653M, peak: 656M

vm_info: Java HotSpot(TM) 64-Bit Server VM (11.0.17+10-LTS-269) for windows-amd64 JRE (11.0.17+10-LTS-269), built on Sep 13 2022 19:26:37 by "mach5one" with MS VC++ 15.9 (VS2017)

END.
