#
# There is insufficient memory for the Java Runtime Environment to continue.
# Native memory allocation (malloc) failed to allocate 789456 bytes for Chunk::new
# Possible reasons:
#   The system is out of physical RAM or swap space
#   The process is running with CompressedOops enabled, and the Java Heap may be blocking the growth of the native heap
# Possible solutions:
#   Reduce memory load on the system
#   Increase physical memory or swap space
#   Check if swap backing store is full
#   Decrease Java heap size (-Xmx/-Xms)
#   Decrease number of Java threads
#   Decrease Java thread stack sizes (-Xss)
#   Set larger code cache with -XX:ReservedCodeCacheSize=
#   JVM is running with Unscaled Compressed Oops mode in which the Java heap is
#     placed in the first 4GB address space. The Java Heap base address is the
#     maximum limit for the native heap growth. Please use -XX:HeapBaseMinAddress
#     to set the Java Heap base and to place the Java Heap above 4GB virtual address.
# This output file may be truncated or incomplete.
#
#  Out of Memory Error (./open/src/hotspot/share/memory/arena.cpp:197), pid=15356, tid=21492
#
# JRE version: Java(TM) SE Runtime Environment 18.9 (11.0.17+10) (build 11.0.17+10-LTS-269)
# Java VM: Java HotSpot(TM) 64-Bit Server VM 18.9 (11.0.17+10-LTS-269, mixed mode, tiered, compressed oops, g1 gc, windows-amd64)
# No core dump will be written. Minidumps are not enabled by default on client versions of Windows
#

---------------  S U M M A R Y ------------

Command Line: --add-opens=java.base/java.util=ALL-UNNAMED --add-opens=java.base/java.lang=ALL-UNNAMED --add-opens=java.base/java.lang.invoke=ALL-UNNAMED --add-opens=java.base/java.util=ALL-UNNAMED --add-opens=java.prefs/java.util.prefs=ALL-UNNAMED --add-opens=java.prefs/java.util.prefs=ALL-UNNAMED --add-opens=java.base/java.nio.charset=ALL-UNNAMED --add-opens=java.base/java.net=ALL-UNNAMED --add-opens=java.base/java.util.concurrent.atomic=ALL-UNNAMED -XX:MaxMetaspaceSize=256m -XX:+HeapDumpOnOutOfMemoryError -Xms256m -Xmx512m -Dfile.encoding=GBK -Duser.country=SG -Duser.language=en -Duser.variant org.gradle.launcher.daemon.bootstrap.GradleDaemon 7.4.2

Host: 11th Gen Intel(R) Core(TM) i7-11800H @ 2.30GHz, 16 cores, 15G,  Windows 10 , 64 bit Build 19041 (10.0.19041.2546)
Time: Fri Apr  7 00:47:20 2023 China Standard Time elapsed time: 3.559097 seconds (0d 0h 0m 3s)

---------------  T H R E A D  ---------------

Current thread (0x0000019e3677e800):  JavaThread "C2 CompilerThread7" daemon [_thread_in_native, id=21492, stack(0x0000001cafd00000,0x0000001cafe00000)]


Current CompileTask:
C2:   3559 5515       4       org.gradle.internal.reflect.MethodSet::add (50 bytes)

Stack: [0x0000001cafd00000,0x0000001cafe00000]
Native frames: (J=compiled Java code, j=interpreted, Vv=VM code, C=native code)
V  [jvm.dll+0x62b5da]
V  [jvm.dll+0x7653df]
V  [jvm.dll+0x766a89]
V  [jvm.dll+0x767113]
V  [jvm.dll+0x23dd28]
V  [jvm.dll+0xb2a1c]
V  [jvm.dll+0xb2fdc]
V  [jvm.dll+0x341552]
V  [jvm.dll+0x30ef13]
V  [jvm.dll+0x30e25a]
V  [jvm.dll+0x1f8733]
V  [jvm.dll+0x1f78fd]
V  [jvm.dll+0x177c91]
V  [jvm.dll+0x207296]
V  [jvm.dll+0x20542b]
V  [jvm.dll+0x72b2c0]
V  [jvm.dll+0x723e64]
V  [jvm.dll+0x62a485]
C  [ucrtbase.dll+0x21bb2]
C  [KERNEL32.DLL+0x17614]
C  [ntdll.dll+0x526a1]


---------------  P R O C E S S  ---------------

Threads class SMR info:
_java_thread_list=0x0000019e36bb4610, length=73, elements={
0x0000019e12a55000, 0x0000019e2e452800, 0x0000019e2e475000, 0x0000019e2e4eb000,
0x0000019e2e4ed000, 0x0000019e2e4ee000, 0x0000019e2e4f6800, 0x0000019e2e4fb000,
0x0000019e2e510800, 0x0000019e2e663800, 0x0000019e2e673800, 0x0000019e2e675800,
0x0000019e2e990000, 0x0000019e2f9bf800, 0x0000019e30b90800, 0x0000019e2fb51800,
0x0000019e30d9e800, 0x0000019e305f3000, 0x0000019e2fcd9800, 0x0000019e30430800,
0x0000019e30a2d800, 0x0000019e2f9fd000, 0x0000019e30503000, 0x0000019e2fa08000,
0x0000019e2fa09000, 0x0000019e2fa06800, 0x0000019e2fa07000, 0x0000019e310d3000,
0x0000019e34d59000, 0x0000019e34d57800, 0x0000019e34d5a000, 0x0000019e34d55000,
0x0000019e34d5b800, 0x0000019e34d5b000, 0x0000019e34d56000, 0x0000019e34d58800,
0x0000019e34d5c800, 0x0000019e3225d000, 0x0000019e34d5f800, 0x0000019e34d5f000,
0x0000019e34d60800, 0x0000019e34d61800, 0x0000019e34d63000, 0x0000019e34d5e000,
0x0000019e34d64000, 0x0000019e34d62000, 0x0000019e33550000, 0x0000019e3354d800,
0x0000019e33551000, 0x0000019e3354b800, 0x0000019e33552000, 0x0000019e3354c000,
0x0000019e3354d000, 0x0000019e3354e800, 0x0000019e3354f800, 0x0000019e321c8000,
0x0000019e321cc000, 0x0000019e321c9800, 0x0000019e321cc800, 0x0000019e321cd800,
0x0000019e321ce800, 0x0000019e321c8800, 0x0000019e321cf000, 0x0000019e321d0000,
0x0000019e321ca000, 0x0000019e321cb000, 0x0000019e321d0800, 0x0000019e321d1800,
0x0000019e321d5000, 0x0000019e2f8b6000, 0x0000019e35886800, 0x0000019e338c8000,
0x0000019e3677e800
}

Java Threads: ( => current thread )
  0x0000019e12a55000 JavaThread "main" [_thread_blocked, id=9844, stack(0x0000001caa000000,0x0000001caa100000)]
  0x0000019e2e452800 JavaThread "Reference Handler" daemon [_thread_blocked, id=22340, stack(0x0000001caa700000,0x0000001caa800000)]
  0x0000019e2e475000 JavaThread "Finalizer" daemon [_thread_blocked, id=17400, stack(0x0000001caa800000,0x0000001caa900000)]
  0x0000019e2e4eb000 JavaThread "Signal Dispatcher" daemon [_thread_blocked, id=14600, stack(0x0000001caa900000,0x0000001caaa00000)]
  0x0000019e2e4ed000 JavaThread "Attach Listener" daemon [_thread_blocked, id=4004, stack(0x0000001caaa00000,0x0000001caab00000)]
  0x0000019e2e4ee000 JavaThread "Service Thread" daemon [_thread_blocked, id=22036, stack(0x0000001caab00000,0x0000001caac00000)]
  0x0000019e2e4f6800 JavaThread "C2 CompilerThread0" daemon [_thread_in_native, id=19752, stack(0x0000001caac00000,0x0000001caad00000)]
  0x0000019e2e4fb000 JavaThread "C1 CompilerThread0" daemon [_thread_blocked, id=18564, stack(0x0000001caad00000,0x0000001caae00000)]
  0x0000019e2e510800 JavaThread "Sweeper thread" daemon [_thread_blocked, id=22060, stack(0x0000001caae00000,0x0000001caaf00000)]
  0x0000019e2e663800 JavaThread "C1 CompilerThread1" daemon [_thread_blocked, id=9876, stack(0x0000001caaf00000,0x0000001cab000000)]
  0x0000019e2e673800 JavaThread "C1 CompilerThread2" daemon [_thread_blocked, id=608, stack(0x0000001cab000000,0x0000001cab100000)]
  0x0000019e2e675800 JavaThread "Common-Cleaner" daemon [_thread_blocked, id=19116, stack(0x0000001cab100000,0x0000001cab200000)]
  0x0000019e2e990000 JavaThread "C2 CompilerThread1" daemon [_thread_in_native, id=15984, stack(0x0000001cab300000,0x0000001cab400000)]
  0x0000019e2f9bf800 JavaThread "C1 CompilerThread3" daemon [_thread_in_native, id=15860, stack(0x0000001caba00000,0x0000001cabb00000)]
  0x0000019e30b90800 JavaThread "Daemon health stats" [_thread_blocked, id=19128, stack(0x0000001cabb00000,0x0000001cabc00000)]
  0x0000019e2fb51800 JavaThread "Incoming local TCP Connector on port 54259" [_thread_in_native, id=21656, stack(0x0000001cab400000,0x0000001cab500000)]
  0x0000019e30d9e800 JavaThread "Daemon periodic checks" [_thread_blocked, id=14200, stack(0x0000001cabc00000,0x0000001cabd00000)]
  0x0000019e305f3000 JavaThread "Daemon" [_thread_blocked, id=11120, stack(0x0000001cabd00000,0x0000001cabe00000)]
  0x0000019e2fcd9800 JavaThread "Handler for socket connection from /127.0.0.1:54259 to /127.0.0.1:54260" [_thread_in_native, id=13004, stack(0x0000001cabe00000,0x0000001cabf00000)]
  0x0000019e30430800 JavaThread "Cancel handler" [_thread_blocked, id=18648, stack(0x0000001cabf00000,0x0000001cac000000)]
  0x0000019e30a2d800 JavaThread "Daemon worker" [_thread_in_vm, id=7772, stack(0x0000001cac000000,0x0000001cac100000)]
  0x0000019e2f9fd000 JavaThread "Asynchronous log dispatcher for DefaultDaemonConnection: socket connection from /127.0.0.1:54259 to /127.0.0.1:54260" [_thread_blocked, id=17856, stack(0x0000001cac100000,0x0000001cac200000)]
  0x0000019e30503000 JavaThread "Stdin handler" [_thread_blocked, id=21096, stack(0x0000001cac200000,0x0000001cac300000)]
  0x0000019e2fa08000 JavaThread "Daemon client event forwarder" [_thread_blocked, id=16276, stack(0x0000001cac300000,0x0000001cac400000)]
  0x0000019e2fa09000 JavaThread "Cache worker for journal cache (C:\Users\Chen Zi Han\.gradle\caches\journal-1)" [_thread_blocked, id=2076, stack(0x0000001cac400000,0x0000001cac500000)]
  0x0000019e2fa06800 JavaThread "File lock request listener" [_thread_in_native, id=4144, stack(0x0000001cac500000,0x0000001cac600000)]
  0x0000019e2fa07000 JavaThread "Cache worker for file hash cache (C:\Users\Chen Zi Han\.gradle\caches\7.4.2\fileHashes)" [_thread_blocked, id=4152, stack(0x0000001cac600000,0x0000001cac700000)]
  0x0000019e310d3000 JavaThread "C2 CompilerThread2" daemon [_thread_in_native, id=23956, stack(0x0000001cad000000,0x0000001cad100000)]
  0x0000019e34d59000 JavaThread "File watcher server" daemon [_thread_in_native, id=16924, stack(0x0000001cad100000,0x0000001cad200000)]
  0x0000019e34d57800 JavaThread "File watcher consumer" daemon [_thread_blocked, id=11976, stack(0x0000001cad200000,0x0000001cad300000)]
  0x0000019e34d5a000 JavaThread "Cache worker for checksums cache (D:\NUS_Year2_SEM2\CS2113_NEW\tp\.gradle\7.4.2\checksums)" [_thread_blocked, id=4936, stack(0x0000001cad300000,0x0000001cad400000)]
  0x0000019e34d55000 JavaThread "Cache worker for cache directory md-rule (C:\Users\Chen Zi Han\.gradle\caches\7.4.2\md-rule)" [_thread_blocked, id=13284, stack(0x0000001cad400000,0x0000001cad500000)]
  0x0000019e34d5b800 JavaThread "Cache worker for file hash cache (D:\NUS_Year2_SEM2\CS2113_NEW\tp\.gradle\7.4.2\fileHashes)" [_thread_blocked, id=13944, stack(0x0000001cad500000,0x0000001cad600000)]
  0x0000019e34d5b000 JavaThread "Cache worker for cache directory md-supplier (C:\Users\Chen Zi Han\.gradle\caches\7.4.2\md-supplier)" [_thread_blocked, id=12536, stack(0x0000001cad600000,0x0000001cad700000)]
  0x0000019e34d56000 JavaThread "Cache worker for execution history cache (C:\Users\Chen Zi Han\.gradle\caches\7.4.2\executionHistory)" [_thread_blocked, id=15796, stack(0x0000001cad700000,0x0000001cad800000)]
  0x0000019e34d58800 JavaThread "jar transforms" [_thread_blocked, id=16664, stack(0x0000001cad800000,0x0000001cad900000)]
  0x0000019e34d5c800 JavaThread "jar transforms Thread 2" [_thread_blocked, id=12640, stack(0x0000001cad900000,0x0000001cada00000)]
  0x0000019e3225d000 JavaThread "C2 CompilerThread3" daemon [_thread_in_native, id=17844, stack(0x0000001cada00000,0x0000001cadb00000)]
  0x0000019e34d5f800 JavaThread "Cache worker for file content cache (C:\Users\Chen Zi Han\.gradle\caches\7.4.2\fileContent)" [_thread_blocked, id=2264, stack(0x0000001cadb00000,0x0000001cadc00000)]
  0x0000019e34d5f000 JavaThread "jar transforms Thread 3" [_thread_blocked, id=15448, stack(0x0000001cadc00000,0x0000001cadd00000)]
  0x0000019e34d60800 JavaThread "jar transforms Thread 4" [_thread_blocked, id=23572, stack(0x0000001cadd00000,0x0000001cade00000)]
  0x0000019e34d61800 JavaThread "jar transforms Thread 5" [_thread_blocked, id=13356, stack(0x0000001cade00000,0x0000001cadf00000)]
  0x0000019e34d63000 JavaThread "jar transforms Thread 6" [_thread_blocked, id=12236, stack(0x0000001cadf00000,0x0000001cae000000)]
  0x0000019e34d5e000 JavaThread "Cache worker for dependencies-accessors (D:\NUS_Year2_SEM2\CS2113_NEW\tp\.gradle\7.4.2\dependencies-accessors)" [_thread_blocked, id=23640, stack(0x0000001cae000000,0x0000001cae100000)]
  0x0000019e34d64000 JavaThread "jar transforms Thread 7" [_thread_blocked, id=4496, stack(0x0000001cae100000,0x0000001cae200000)]
  0x0000019e34d62000 JavaThread "Cache worker for Build Output Cleanup Cache (D:\NUS_Year2_SEM2\CS2113_NEW\tp\.gradle\buildOutputCleanup)" [_thread_blocked, id=3760, stack(0x0000001cae200000,0x0000001cae300000)]
  0x0000019e33550000 JavaThread "Unconstrained build operations" [_thread_blocked, id=6824, stack(0x0000001cae300000,0x0000001cae400000)]
  0x0000019e3354d800 JavaThread "Unconstrained build operations Thread 2" [_thread_blocked, id=4796, stack(0x0000001cae400000,0x0000001cae500000)]
  0x0000019e33551000 JavaThread "Unconstrained build operations Thread 3" [_thread_blocked, id=10708, stack(0x0000001cae500000,0x0000001cae600000)]
  0x0000019e3354b800 JavaThread "Unconstrained build operations Thread 4" [_thread_blocked, id=2752, stack(0x0000001cae600000,0x0000001cae700000)]
  0x0000019e33552000 JavaThread "Unconstrained build operations Thread 5" [_thread_blocked, id=21852, stack(0x0000001cae700000,0x0000001cae800000)]
  0x0000019e3354c000 JavaThread "Unconstrained build operations Thread 6" [_thread_blocked, id=21640, stack(0x0000001cae800000,0x0000001cae900000)]
  0x0000019e3354d000 JavaThread "Unconstrained build operations Thread 7" [_thread_blocked, id=6940, stack(0x0000001cae900000,0x0000001caea00000)]
  0x0000019e3354e800 JavaThread "Unconstrained build operations Thread 8" [_thread_blocked, id=12628, stack(0x0000001caea00000,0x0000001caeb00000)]
  0x0000019e3354f800 JavaThread "Unconstrained build operations Thread 9" [_thread_blocked, id=23556, stack(0x0000001caeb00000,0x0000001caec00000)]
  0x0000019e321c8000 JavaThread "Unconstrained build operations Thread 10" [_thread_blocked, id=15300, stack(0x0000001caec00000,0x0000001caed00000)]
  0x0000019e321cc000 JavaThread "Unconstrained build operations Thread 11" [_thread_blocked, id=21172, stack(0x0000001caed00000,0x0000001caee00000)]
  0x0000019e321c9800 JavaThread "Unconstrained build operations Thread 12" [_thread_blocked, id=18068, stack(0x0000001caee00000,0x0000001caef00000)]
  0x0000019e321cc800 JavaThread "Unconstrained build operations Thread 13" [_thread_blocked, id=17992, stack(0x0000001caef00000,0x0000001caf000000)]
  0x0000019e321cd800 JavaThread "jar transforms Thread 8" [_thread_blocked, id=5856, stack(0x0000001caf000000,0x0000001caf100000)]
  0x0000019e321ce800 JavaThread "jar transforms Thread 9" [_thread_blocked, id=24524, stack(0x0000001caf100000,0x0000001caf200000)]
  0x0000019e321c8800 JavaThread "jar transforms Thread 10" [_thread_blocked, id=4528, stack(0x0000001caf200000,0x0000001caf300000)]
  0x0000019e321cf000 JavaThread "jar transforms Thread 11" [_thread_blocked, id=14220, stack(0x0000001caf300000,0x0000001caf400000)]
  0x0000019e321d0000 JavaThread "jar transforms Thread 12" [_thread_blocked, id=19700, stack(0x0000001caf400000,0x0000001caf500000)]
  0x0000019e321ca000 JavaThread "jar transforms Thread 13" [_thread_blocked, id=13872, stack(0x0000001caf500000,0x0000001caf600000)]
  0x0000019e321cb000 JavaThread "jar transforms Thread 14" [_thread_blocked, id=17876, stack(0x0000001caf600000,0x0000001caf700000)]
  0x0000019e321d0800 JavaThread "jar transforms Thread 15" [_thread_blocked, id=10160, stack(0x0000001caf700000,0x0000001caf800000)]
  0x0000019e321d1800 JavaThread "jar transforms Thread 16" [_thread_blocked, id=9240, stack(0x0000001caf800000,0x0000001caf900000)]
  0x0000019e321d5000 JavaThread "Memory manager" [_thread_blocked, id=6208, stack(0x0000001caf900000,0x0000001cafa00000)]
  0x0000019e2f8b6000 JavaThread "C2 CompilerThread4" daemon [_thread_in_native, id=20584, stack(0x0000001cafa00000,0x0000001cafb00000)]
  0x0000019e35886800 JavaThread "C2 CompilerThread5" daemon [_thread_in_native, id=21168, stack(0x0000001cafb00000,0x0000001cafc00000)]
  0x0000019e338c8000 JavaThread "C2 CompilerThread6" daemon [_thread_in_native, id=21556, stack(0x0000001cafc00000,0x0000001cafd00000)]
=>0x0000019e3677e800 JavaThread "C2 CompilerThread7" daemon [_thread_in_native, id=21492, stack(0x0000001cafd00000,0x0000001cafe00000)]

Other Threads:
  0x0000019e2e450800 VMThread "VM Thread" [stack: 0x0000001caa600000,0x0000001caa700000] [id=14092]
  0x0000019e2e6ef800 WatcherThread [stack: 0x0000001cab200000,0x0000001cab300000] [id=15336]
  0x0000019e12a6a000 GCTaskThread "GC Thread#0" [stack: 0x0000001caa100000,0x0000001caa200000] [id=15424]
  0x0000019e2fc0d800 GCTaskThread "GC Thread#1" [stack: 0x0000001cab500000,0x0000001cab600000] [id=364]
  0x0000019e2fe58800 GCTaskThread "GC Thread#2" [stack: 0x0000001cab600000,0x0000001cab700000] [id=6424]
  0x0000019e2fc6c000 GCTaskThread "GC Thread#3" [stack: 0x0000001cab700000,0x0000001cab800000] [id=14900]
  0x0000019e304b0800 GCTaskThread "GC Thread#4" [stack: 0x0000001cab800000,0x0000001cab900000] [id=19636]
  0x0000019e2f610800 GCTaskThread "GC Thread#5" [stack: 0x0000001cab900000,0x0000001caba00000] [id=18372]
  0x0000019e2f3e9000 GCTaskThread "GC Thread#6" [stack: 0x0000001cac700000,0x0000001cac800000] [id=23752]
  0x0000019e3161e800 GCTaskThread "GC Thread#7" [stack: 0x0000001cac800000,0x0000001cac900000] [id=10748]
  0x0000019e2ff17800 GCTaskThread "GC Thread#8" [stack: 0x0000001cac900000,0x0000001caca00000] [id=23948]
  0x0000019e30464000 GCTaskThread "GC Thread#9" [stack: 0x0000001caca00000,0x0000001cacb00000] [id=1308]
  0x0000019e311c4000 GCTaskThread "GC Thread#10" [stack: 0x0000001cacb00000,0x0000001cacc00000] [id=24264]
  0x0000019e2fb01800 GCTaskThread "GC Thread#11" [stack: 0x0000001cacc00000,0x0000001cacd00000] [id=16712]
  0x0000019e30eca800 GCTaskThread "GC Thread#12" [stack: 0x0000001cacd00000,0x0000001cace00000] [id=6020]
  0x0000019e12a80000 ConcurrentGCThread "G1 Main Marker" [stack: 0x0000001caa200000,0x0000001caa300000] [id=15084]
  0x0000019e12a81000 ConcurrentGCThread "G1 Conc#0" [stack: 0x0000001caa300000,0x0000001caa400000] [id=16708]
  0x0000019e2fe18800 ConcurrentGCThread "G1 Conc#1" [stack: 0x0000001cace00000,0x0000001cacf00000] [id=12728]
  0x0000019e2faa8000 ConcurrentGCThread "G1 Conc#2" [stack: 0x0000001cacf00000,0x0000001cad000000] [id=11228]
  0x0000019e2dae5800 ConcurrentGCThread "G1 Refine#0" [stack: 0x0000001caa400000,0x0000001caa500000] [id=16612]
  0x0000019e2dae6800 ConcurrentGCThread "G1 Young RemSet Sampling" [stack: 0x0000001caa500000,0x0000001caa600000] [id=2444]

Threads with active compile tasks:
C2 CompilerThread0     3571 5373   !   4       java.lang.reflect.Executable::sharedToGenericString (321 bytes)
C2 CompilerThread1     3571 5248       4       com.sun.beans.TypeResolver::resolve (37 bytes)
C2 CompilerThread2     3571 5514       4       org.gradle.internal.reflect.ClassInspector::inspectClass (179 bytes)
C2 CompilerThread3     3571 5328       4       java.beans.MethodRef::set (58 bytes)
C2 CompilerThread4     3571 5380       4       org.objectweb.asm.Frame::execute (2318 bytes)
C2 CompilerThread5     3571 5532       4       java.util.TreeMap::fixAfterInsertion (267 bytes)
C2 CompilerThread6     3571 5415 %     4       org.gradle.internal.instantiation.generator.AbstractClassGenerator::inspectType @ 77 (560 bytes)
C2 CompilerThread7     3571 5515       4       org.gradle.internal.reflect.MethodSet::add (50 bytes)

VM state:not at safepoint (normal execution)

VM Mutex/Monitor currently owned by a thread:  ([mutex/lock_event])
[0x0000019e12a53210] CompiledIC_lock - owner thread: 0x0000000000000000

Heap address: 0x00000000e0000000, size: 512 MB, Compressed Oops mode: 32-bit
Narrow klass base: 0x0000000000000000, Narrow klass shift: 3
Compressed class space size: 260046848 Address: 0x0000000100000000

Heap:
 garbage-first heap   total 262144K, used 102582K [0x00000000e0000000, 0x0000000100000000)
  region size 1024K, 83 young (84992K), 19 survivors (19456K)
 Metaspace       used 54519K, capacity 56325K, committed 56576K, reserved 303104K
  class space    used 7254K, capacity 7914K, committed 7936K, reserved 253952K
Heap Regions: E=young(eden), S=young(survivor), O=old, HS=humongous(starts), HC=humongous(continues), CS=collection set, F=free, A=archive, TAMS=top-at-mark-start (previous, next)
|   0|0x00000000e0000000, 0x00000000e0100000, 0x00000000e0100000|100%| O|  |TAMS 0x00000000e0100000, 0x00000000e0000000| Untracked 
|   1|0x00000000e0100000, 0x00000000e0200000, 0x00000000e0200000|100%| O|  |TAMS 0x00000000e0200000, 0x00000000e0100000| Untracked 
|   2|0x00000000e0200000, 0x00000000e0300000, 0x00000000e0300000|100%| O|  |TAMS 0x00000000e0300000, 0x00000000e0200000| Untracked 
|   3|0x00000000e0300000, 0x00000000e0400000, 0x00000000e0400000|100%|HS|  |TAMS 0x00000000e0400000, 0x00000000e0300000| Complete 
|   4|0x00000000e0400000, 0x00000000e0500000, 0x00000000e0500000|100%|HC|  |TAMS 0x00000000e0500000, 0x00000000e0400000| Complete 
|   5|0x00000000e0500000, 0x00000000e0600000, 0x00000000e0600000|100%|HC|  |TAMS 0x00000000e0600000, 0x00000000e0500000| Complete 
|   6|0x00000000e0600000, 0x00000000e0700000, 0x00000000e0700000|100%| O|  |TAMS 0x00000000e0700000, 0x00000000e0600000| Untracked 
|   7|0x00000000e0700000, 0x00000000e0800000, 0x00000000e0800000|100%| O|  |TAMS 0x00000000e0800000, 0x00000000e0700000| Untracked 
|   8|0x00000000e0800000, 0x00000000e0900000, 0x00000000e0900000|100%| O|  |TAMS 0x00000000e0900000, 0x00000000e0800000| Untracked 
|   9|0x00000000e0900000, 0x00000000e0a00000, 0x00000000e0a00000|100%| O|  |TAMS 0x00000000e0a00000, 0x00000000e0900000| Untracked 
|  10|0x00000000e0a00000, 0x00000000e0b00000, 0x00000000e0b00000|100%| O|  |TAMS 0x00000000e0b00000, 0x00000000e0a00000| Untracked 
|  11|0x00000000e0b00000, 0x00000000e0c00000, 0x00000000e0c00000|100%| O|  |TAMS 0x00000000e0c00000, 0x00000000e0b00000| Untracked 
|  12|0x00000000e0c00000, 0x00000000e0d00000, 0x00000000e0d00000|100%| O|  |TAMS 0x00000000e0d00000, 0x00000000e0c00000| Untracked 
|  13|0x00000000e0d00000, 0x00000000e0e00000, 0x00000000e0e00000|100%| O|  |TAMS 0x00000000e0e00000, 0x00000000e0d00000| Untracked 
|  14|0x00000000e0e00000, 0x00000000e0f00000, 0x00000000e0f00000|100%| O|  |TAMS 0x00000000e0f00000, 0x00000000e0e00000| Untracked 
|  15|0x00000000e0f00000, 0x00000000e1000000, 0x00000000e1000000|100%| O|  |TAMS 0x00000000e1000000, 0x00000000e0f00000| Untracked 
|  16|0x00000000e1000000, 0x00000000e1100000, 0x00000000e1100000|100%| O|  |TAMS 0x00000000e10e5400, 0x00000000e1000000| Untracked 
|  17|0x00000000e1100000, 0x00000000e1200000, 0x00000000e1200000|100%| O|  |TAMS 0x00000000e1100000, 0x00000000e1100000| Untracked 
|  18|0x00000000e1200000, 0x00000000e1300000, 0x00000000e1300000|100%| O|  |TAMS 0x00000000e1200000, 0x00000000e1200000| Untracked 
|  19|0x00000000e1300000, 0x00000000e130a600, 0x00000000e1400000|  4%| O|  |TAMS 0x00000000e1300000, 0x00000000e1300000| Untracked 
|  20|0x00000000e1400000, 0x00000000e1400000, 0x00000000e1500000|  0%| F|  |TAMS 0x00000000e1400000, 0x00000000e1400000| Untracked 
|  21|0x00000000e1500000, 0x00000000e1500000, 0x00000000e1600000|  0%| F|  |TAMS 0x00000000e1500000, 0x00000000e1500000| Untracked 
|  22|0x00000000e1600000, 0x00000000e1600000, 0x00000000e1700000|  0%| F|  |TAMS 0x00000000e1600000, 0x00000000e1600000| Untracked 
|  23|0x00000000e1700000, 0x00000000e1700000, 0x00000000e1800000|  0%| F|  |TAMS 0x00000000e1700000, 0x00000000e1700000| Untracked 
|  24|0x00000000e1800000, 0x00000000e1800000, 0x00000000e1900000|  0%| F|  |TAMS 0x00000000e1800000, 0x00000000e1800000| Untracked 
|  25|0x00000000e1900000, 0x00000000e1900000, 0x00000000e1a00000|  0%| F|  |TAMS 0x00000000e1900000, 0x00000000e1900000| Untracked 
|  26|0x00000000e1a00000, 0x00000000e1a00000, 0x00000000e1b00000|  0%| F|  |TAMS 0x00000000e1a00000, 0x00000000e1a00000| Untracked 
|  27|0x00000000e1b00000, 0x00000000e1b00000, 0x00000000e1c00000|  0%| F|  |TAMS 0x00000000e1b00000, 0x00000000e1b00000| Untracked 
|  28|0x00000000e1c00000, 0x00000000e1c00000, 0x00000000e1d00000|  0%| F|  |TAMS 0x00000000e1c00000, 0x00000000e1c00000| Untracked 
|  29|0x00000000e1d00000, 0x00000000e1d00000, 0x00000000e1e00000|  0%| F|  |TAMS 0x00000000e1d00000, 0x00000000e1d00000| Untracked 
|  30|0x00000000e1e00000, 0x00000000e1e00000, 0x00000000e1f00000|  0%| F|  |TAMS 0x00000000e1e00000, 0x00000000e1e00000| Untracked 
|  31|0x00000000e1f00000, 0x00000000e1f00000, 0x00000000e2000000|  0%| F|  |TAMS 0x00000000e1f00000, 0x00000000e1f00000| Untracked 
|  32|0x00000000e2000000, 0x00000000e2000000, 0x00000000e2100000|  0%| F|  |TAMS 0x00000000e2000000, 0x00000000e2000000| Untracked 
|  33|0x00000000e2100000, 0x00000000e2100000, 0x00000000e2200000|  0%| F|  |TAMS 0x00000000e2100000, 0x00000000e2100000| Untracked 
|  34|0x00000000e2200000, 0x00000000e2200000, 0x00000000e2300000|  0%| F|  |TAMS 0x00000000e2200000, 0x00000000e2200000| Untracked 
|  35|0x00000000e2300000, 0x00000000e2300000, 0x00000000e2400000|  0%| F|  |TAMS 0x00000000e2300000, 0x00000000e2300000| Untracked 
|  36|0x00000000e2400000, 0x00000000e2400000, 0x00000000e2500000|  0%| F|  |TAMS 0x00000000e2400000, 0x00000000e2400000| Untracked 
|  37|0x00000000e2500000, 0x00000000e2500000, 0x00000000e2600000|  0%| F|  |TAMS 0x00000000e2500000, 0x00000000e2500000| Untracked 
|  38|0x00000000e2600000, 0x00000000e2600000, 0x00000000e2700000|  0%| F|  |TAMS 0x00000000e2600000, 0x00000000e2600000| Untracked 
|  39|0x00000000e2700000, 0x00000000e2700000, 0x00000000e2800000|  0%| F|  |TAMS 0x00000000e2700000, 0x00000000e2700000| Untracked 
|  40|0x00000000e2800000, 0x00000000e2800000, 0x00000000e2900000|  0%| F|  |TAMS 0x00000000e2800000, 0x00000000e2800000| Untracked 
|  41|0x00000000e2900000, 0x00000000e2900000, 0x00000000e2a00000|  0%| F|  |TAMS 0x00000000e2900000, 0x00000000e2900000| Untracked 
|  42|0x00000000e2a00000, 0x00000000e2a00000, 0x00000000e2b00000|  0%| F|  |TAMS 0x00000000e2a00000, 0x00000000e2a00000| Untracked 
|  43|0x00000000e2b00000, 0x00000000e2b00000, 0x00000000e2c00000|  0%| F|  |TAMS 0x00000000e2b00000, 0x00000000e2b00000| Untracked 
|  44|0x00000000e2c00000, 0x00000000e2c00000, 0x00000000e2d00000|  0%| F|  |TAMS 0x00000000e2c00000, 0x00000000e2c00000| Untracked 
|  45|0x00000000e2d00000, 0x00000000e2d00000, 0x00000000e2e00000|  0%| F|  |TAMS 0x00000000e2d00000, 0x00000000e2d00000| Untracked 
|  46|0x00000000e2e00000, 0x00000000e2e00000, 0x00000000e2f00000|  0%| F|  |TAMS 0x00000000e2e00000, 0x00000000e2e00000| Untracked 
|  47|0x00000000e2f00000, 0x00000000e2f00000, 0x00000000e3000000|  0%| F|  |TAMS 0x00000000e2f00000, 0x00000000e2f00000| Untracked 
|  48|0x00000000e3000000, 0x00000000e3000000, 0x00000000e3100000|  0%| F|  |TAMS 0x00000000e3000000, 0x00000000e3000000| Untracked 
|  49|0x00000000e3100000, 0x00000000e3100000, 0x00000000e3200000|  0%| F|  |TAMS 0x00000000e3100000, 0x00000000e3100000| Untracked 
|  50|0x00000000e3200000, 0x00000000e3200000, 0x00000000e3300000|  0%| F|  |TAMS 0x00000000e3200000, 0x00000000e3200000| Untracked 
|  51|0x00000000e3300000, 0x00000000e3300000, 0x00000000e3400000|  0%| F|  |TAMS 0x00000000e3300000, 0x00000000e3300000| Untracked 
|  52|0x00000000e3400000, 0x00000000e3400000, 0x00000000e3500000|  0%| F|  |TAMS 0x00000000e3400000, 0x00000000e3400000| Untracked 
|  53|0x00000000e3500000, 0x00000000e3500000, 0x00000000e3600000|  0%| F|  |TAMS 0x00000000e3500000, 0x00000000e3500000| Untracked 
|  54|0x00000000e3600000, 0x00000000e3600000, 0x00000000e3700000|  0%| F|  |TAMS 0x00000000e3600000, 0x00000000e3600000| Untracked 
|  55|0x00000000e3700000, 0x00000000e3700000, 0x00000000e3800000|  0%| F|  |TAMS 0x00000000e3700000, 0x00000000e3700000| Untracked 
|  56|0x00000000e3800000, 0x00000000e3800000, 0x00000000e3900000|  0%| F|  |TAMS 0x00000000e3800000, 0x00000000e3800000| Untracked 
|  57|0x00000000e3900000, 0x00000000e3900000, 0x00000000e3a00000|  0%| F|  |TAMS 0x00000000e3900000, 0x00000000e3900000| Untracked 
|  58|0x00000000e3a00000, 0x00000000e3a00000, 0x00000000e3b00000|  0%| F|  |TAMS 0x00000000e3a00000, 0x00000000e3a00000| Untracked 
|  59|0x00000000e3b00000, 0x00000000e3b00000, 0x00000000e3c00000|  0%| F|  |TAMS 0x00000000e3b00000, 0x00000000e3b00000| Untracked 
|  60|0x00000000e3c00000, 0x00000000e3c00000, 0x00000000e3d00000|  0%| F|  |TAMS 0x00000000e3c00000, 0x00000000e3c00000| Untracked 
|  61|0x00000000e3d00000, 0x00000000e3d00000, 0x00000000e3e00000|  0%| F|  |TAMS 0x00000000e3d00000, 0x00000000e3d00000| Untracked 
|  62|0x00000000e3e00000, 0x00000000e3e00000, 0x00000000e3f00000|  0%| F|  |TAMS 0x00000000e3e00000, 0x00000000e3e00000| Untracked 
|  63|0x00000000e3f00000, 0x00000000e3f00000, 0x00000000e4000000|  0%| F|  |TAMS 0x00000000e3f00000, 0x00000000e3f00000| Untracked 
|  64|0x00000000e4000000, 0x00000000e4000000, 0x00000000e4100000|  0%| F|  |TAMS 0x00000000e4000000, 0x00000000e4000000| Untracked 
|  65|0x00000000e4100000, 0x00000000e4100000, 0x00000000e4200000|  0%| F|  |TAMS 0x00000000e4100000, 0x00000000e4100000| Untracked 
|  66|0x00000000e4200000, 0x00000000e4200000, 0x00000000e4300000|  0%| F|  |TAMS 0x00000000e4200000, 0x00000000e4200000| Untracked 
|  67|0x00000000e4300000, 0x00000000e4300000, 0x00000000e4400000|  0%| F|  |TAMS 0x00000000e4300000, 0x00000000e4300000| Untracked 
|  68|0x00000000e4400000, 0x00000000e4400000, 0x00000000e4500000|  0%| F|  |TAMS 0x00000000e4400000, 0x00000000e4400000| Untracked 
|  69|0x00000000e4500000, 0x00000000e4500000, 0x00000000e4600000|  0%| F|  |TAMS 0x00000000e4500000, 0x00000000e4500000| Untracked 
|  70|0x00000000e4600000, 0x00000000e4600000, 0x00000000e4700000|  0%| F|  |TAMS 0x00000000e4600000, 0x00000000e4600000| Untracked 
|  71|0x00000000e4700000, 0x00000000e4700000, 0x00000000e4800000|  0%| F|  |TAMS 0x00000000e4700000, 0x00000000e4700000| Untracked 
|  72|0x00000000e4800000, 0x00000000e4800000, 0x00000000e4900000|  0%| F|  |TAMS 0x00000000e4800000, 0x00000000e4800000| Untracked 
|  73|0x00000000e4900000, 0x00000000e4900000, 0x00000000e4a00000|  0%| F|  |TAMS 0x00000000e4900000, 0x00000000e4900000| Untracked 
|  74|0x00000000e4a00000, 0x00000000e4a00000, 0x00000000e4b00000|  0%| F|  |TAMS 0x00000000e4a00000, 0x00000000e4a00000| Untracked 
|  75|0x00000000e4b00000, 0x00000000e4b00000, 0x00000000e4c00000|  0%| F|  |TAMS 0x00000000e4b00000, 0x00000000e4b00000| Untracked 
|  76|0x00000000e4c00000, 0x00000000e4c00000, 0x00000000e4d00000|  0%| F|  |TAMS 0x00000000e4c00000, 0x00000000e4c00000| Untracked 
|  77|0x00000000e4d00000, 0x00000000e4d00000, 0x00000000e4e00000|  0%| F|  |TAMS 0x00000000e4d00000, 0x00000000e4d00000| Untracked 
|  78|0x00000000e4e00000, 0x00000000e4e00000, 0x00000000e4f00000|  0%| F|  |TAMS 0x00000000e4e00000, 0x00000000e4e00000| Untracked 
|  79|0x00000000e4f00000, 0x00000000e4f00000, 0x00000000e5000000|  0%| F|  |TAMS 0x00000000e4f00000, 0x00000000e4f00000| Untracked 
|  80|0x00000000e5000000, 0x00000000e5000000, 0x00000000e5100000|  0%| F|  |TAMS 0x00000000e5000000, 0x00000000e5000000| Untracked 
|  81|0x00000000e5100000, 0x00000000e5100000, 0x00000000e5200000|  0%| F|  |TAMS 0x00000000e5100000, 0x00000000e5100000| Untracked 
|  82|0x00000000e5200000, 0x00000000e5200000, 0x00000000e5300000|  0%| F|  |TAMS 0x00000000e5200000, 0x00000000e5200000| Untracked 
|  83|0x00000000e5300000, 0x00000000e5300000, 0x00000000e5400000|  0%| F|  |TAMS 0x00000000e5300000, 0x00000000e5300000| Untracked 
|  84|0x00000000e5400000, 0x00000000e5400000, 0x00000000e5500000|  0%| F|  |TAMS 0x00000000e5400000, 0x00000000e5400000| Untracked 
|  85|0x00000000e5500000, 0x00000000e5500000, 0x00000000e5600000|  0%| F|  |TAMS 0x00000000e5500000, 0x00000000e5500000| Untracked 
|  86|0x00000000e5600000, 0x00000000e5600000, 0x00000000e5700000|  0%| F|  |TAMS 0x00000000e5600000, 0x00000000e5600000| Untracked 
|  87|0x00000000e5700000, 0x00000000e5700000, 0x00000000e5800000|  0%| F|  |TAMS 0x00000000e5700000, 0x00000000e5700000| Untracked 
|  88|0x00000000e5800000, 0x00000000e58232b8, 0x00000000e5900000| 13%| S|CS|TAMS 0x00000000e5800000, 0x00000000e5800000| Complete 
|  89|0x00000000e5900000, 0x00000000e5a00000, 0x00000000e5a00000|100%| S|CS|TAMS 0x00000000e5900000, 0x00000000e5900000| Complete 
|  90|0x00000000e5a00000, 0x00000000e5b00000, 0x00000000e5b00000|100%| S|CS|TAMS 0x00000000e5a00000, 0x00000000e5a00000| Complete 
|  91|0x00000000e5b00000, 0x00000000e5c00000, 0x00000000e5c00000|100%| S|CS|TAMS 0x00000000e5b00000, 0x00000000e5b00000| Complete 
|  92|0x00000000e5c00000, 0x00000000e5d00000, 0x00000000e5d00000|100%| S|CS|TAMS 0x00000000e5c00000, 0x00000000e5c00000| Complete 
|  93|0x00000000e5d00000, 0x00000000e5e00000, 0x00000000e5e00000|100%| S|CS|TAMS 0x00000000e5d00000, 0x00000000e5d00000| Complete 
|  94|0x00000000e5e00000, 0x00000000e5f00000, 0x00000000e5f00000|100%| S|CS|TAMS 0x00000000e5e00000, 0x00000000e5e00000| Complete 
|  95|0x00000000e5f00000, 0x00000000e6000000, 0x00000000e6000000|100%| S|CS|TAMS 0x00000000e5f00000, 0x00000000e5f00000| Complete 
|  96|0x00000000e6000000, 0x00000000e6100000, 0x00000000e6100000|100%| S|CS|TAMS 0x00000000e6000000, 0x00000000e6000000| Complete 
|  97|0x00000000e6100000, 0x00000000e6200000, 0x00000000e6200000|100%| S|CS|TAMS 0x00000000e6100000, 0x00000000e6100000| Complete 
|  98|0x00000000e6200000, 0x00000000e6300000, 0x00000000e6300000|100%| S|CS|TAMS 0x00000000e6200000, 0x00000000e6200000| Complete 
|  99|0x00000000e6300000, 0x00000000e6400000, 0x00000000e6400000|100%| S|CS|TAMS 0x00000000e6300000, 0x00000000e6300000| Complete 
| 100|0x00000000e6400000, 0x00000000e6500000, 0x00000000e6500000|100%| S|CS|TAMS 0x00000000e6400000, 0x00000000e6400000| Complete 
| 101|0x00000000e6500000, 0x00000000e6600000, 0x00000000e6600000|100%| S|CS|TAMS 0x00000000e6500000, 0x00000000e6500000| Complete 
| 102|0x00000000e6600000, 0x00000000e6700000, 0x00000000e6700000|100%| S|CS|TAMS 0x00000000e6600000, 0x00000000e6600000| Complete 
| 103|0x00000000e6700000, 0x00000000e6800000, 0x00000000e6800000|100%| S|CS|TAMS 0x00000000e6700000, 0x00000000e6700000| Complete 
| 104|0x00000000e6800000, 0x00000000e6900000, 0x00000000e6900000|100%| S|CS|TAMS 0x00000000e6800000, 0x00000000e6800000| Complete 
| 105|0x00000000e6900000, 0x00000000e6a00000, 0x00000000e6a00000|100%| S|CS|TAMS 0x00000000e6900000, 0x00000000e6900000| Complete 
| 106|0x00000000e6a00000, 0x00000000e6b00000, 0x00000000e6b00000|100%| S|CS|TAMS 0x00000000e6a00000, 0x00000000e6a00000| Complete 
| 107|0x00000000e6b00000, 0x00000000e6b00000, 0x00000000e6c00000|  0%| F|  |TAMS 0x00000000e6b00000, 0x00000000e6b00000| Untracked 
| 108|0x00000000e6c00000, 0x00000000e6c00000, 0x00000000e6d00000|  0%| F|  |TAMS 0x00000000e6c00000, 0x00000000e6c00000| Untracked 
| 109|0x00000000e6d00000, 0x00000000e6d00000, 0x00000000e6e00000|  0%| F|  |TAMS 0x00000000e6d00000, 0x00000000e6d00000| Untracked 
| 110|0x00000000e6e00000, 0x00000000e6e00000, 0x00000000e6f00000|  0%| F|  |TAMS 0x00000000e6e00000, 0x00000000e6e00000| Untracked 
| 111|0x00000000e6f00000, 0x00000000e6f00000, 0x00000000e7000000|  0%| F|  |TAMS 0x00000000e6f00000, 0x00000000e6f00000| Untracked 
| 112|0x00000000e7000000, 0x00000000e7000000, 0x00000000e7100000|  0%| F|  |TAMS 0x00000000e7000000, 0x00000000e7000000| Untracked 
| 113|0x00000000e7100000, 0x00000000e7100000, 0x00000000e7200000|  0%| F|  |TAMS 0x00000000e7100000, 0x00000000e7100000| Untracked 
| 114|0x00000000e7200000, 0x00000000e7200000, 0x00000000e7300000|  0%| F|  |TAMS 0x00000000e7200000, 0x00000000e7200000| Untracked 
| 115|0x00000000e7300000, 0x00000000e7300000, 0x00000000e7400000|  0%| F|  |TAMS 0x00000000e7300000, 0x00000000e7300000| Untracked 
| 116|0x00000000e7400000, 0x00000000e7400000, 0x00000000e7500000|  0%| F|  |TAMS 0x00000000e7400000, 0x00000000e7400000| Untracked 
| 117|0x00000000e7500000, 0x00000000e7500000, 0x00000000e7600000|  0%| F|  |TAMS 0x00000000e7500000, 0x00000000e7500000| Untracked 
| 118|0x00000000e7600000, 0x00000000e7600000, 0x00000000e7700000|  0%| F|  |TAMS 0x00000000e7600000, 0x00000000e7600000| Untracked 
| 119|0x00000000e7700000, 0x00000000e7700000, 0x00000000e7800000|  0%| F|  |TAMS 0x00000000e7700000, 0x00000000e7700000| Untracked 
| 120|0x00000000e7800000, 0x00000000e7800000, 0x00000000e7900000|  0%| F|  |TAMS 0x00000000e7800000, 0x00000000e7800000| Untracked 
| 121|0x00000000e7900000, 0x00000000e7900000, 0x00000000e7a00000|  0%| F|  |TAMS 0x00000000e7900000, 0x00000000e7900000| Untracked 
| 122|0x00000000e7a00000, 0x00000000e7a00000, 0x00000000e7b00000|  0%| F|  |TAMS 0x00000000e7a00000, 0x00000000e7a00000| Untracked 
| 123|0x00000000e7b00000, 0x00000000e7b00000, 0x00000000e7c00000|  0%| F|  |TAMS 0x00000000e7b00000, 0x00000000e7b00000| Untracked 
| 124|0x00000000e7c00000, 0x00000000e7c00000, 0x00000000e7d00000|  0%| F|  |TAMS 0x00000000e7c00000, 0x00000000e7c00000| Untracked 
| 125|0x00000000e7d00000, 0x00000000e7d00000, 0x00000000e7e00000|  0%| F|  |TAMS 0x00000000e7d00000, 0x00000000e7d00000| Untracked 
| 126|0x00000000e7e00000, 0x00000000e7e00000, 0x00000000e7f00000|  0%| F|  |TAMS 0x00000000e7e00000, 0x00000000e7e00000| Untracked 
| 127|0x00000000e7f00000, 0x00000000e7f00000, 0x00000000e8000000|  0%| F|  |TAMS 0x00000000e7f00000, 0x00000000e7f00000| Untracked 
| 128|0x00000000e8000000, 0x00000000e8000000, 0x00000000e8100000|  0%| F|  |TAMS 0x00000000e8000000, 0x00000000e8000000| Untracked 
| 129|0x00000000e8100000, 0x00000000e8100000, 0x00000000e8200000|  0%| F|  |TAMS 0x00000000e8100000, 0x00000000e8100000| Untracked 
| 130|0x00000000e8200000, 0x00000000e8200000, 0x00000000e8300000|  0%| F|  |TAMS 0x00000000e8200000, 0x00000000e8200000| Untracked 
| 131|0x00000000e8300000, 0x00000000e8300000, 0x00000000e8400000|  0%| F|  |TAMS 0x00000000e8300000, 0x00000000e8300000| Untracked 
| 132|0x00000000e8400000, 0x00000000e8400000, 0x00000000e8500000|  0%| F|  |TAMS 0x00000000e8400000, 0x00000000e8400000| Untracked 
| 133|0x00000000e8500000, 0x00000000e8500000, 0x00000000e8600000|  0%| F|  |TAMS 0x00000000e8500000, 0x00000000e8500000| Untracked 
| 134|0x00000000e8600000, 0x00000000e8600000, 0x00000000e8700000|  0%| F|  |TAMS 0x00000000e8600000, 0x00000000e8600000| Untracked 
| 135|0x00000000e8700000, 0x00000000e8700000, 0x00000000e8800000|  0%| F|  |TAMS 0x00000000e8700000, 0x00000000e8700000| Untracked 
| 136|0x00000000e8800000, 0x00000000e8800000, 0x00000000e8900000|  0%| F|  |TAMS 0x00000000e8800000, 0x00000000e8800000| Untracked 
| 137|0x00000000e8900000, 0x00000000e8900000, 0x00000000e8a00000|  0%| F|  |TAMS 0x00000000e8900000, 0x00000000e8900000| Untracked 
| 138|0x00000000e8a00000, 0x00000000e8a00000, 0x00000000e8b00000|  0%| F|  |TAMS 0x00000000e8a00000, 0x00000000e8a00000| Untracked 
| 139|0x00000000e8b00000, 0x00000000e8b00000, 0x00000000e8c00000|  0%| F|  |TAMS 0x00000000e8b00000, 0x00000000e8b00000| Untracked 
| 140|0x00000000e8c00000, 0x00000000e8c00000, 0x00000000e8d00000|  0%| F|  |TAMS 0x00000000e8c00000, 0x00000000e8c00000| Untracked 
| 141|0x00000000e8d00000, 0x00000000e8d00000, 0x00000000e8e00000|  0%| F|  |TAMS 0x00000000e8d00000, 0x00000000e8d00000| Untracked 
| 142|0x00000000e8e00000, 0x00000000e8e00000, 0x00000000e8f00000|  0%| F|  |TAMS 0x00000000e8e00000, 0x00000000e8e00000| Untracked 
| 143|0x00000000e8f00000, 0x00000000e8f00000, 0x00000000e9000000|  0%| F|  |TAMS 0x00000000e8f00000, 0x00000000e8f00000| Untracked 
| 144|0x00000000e9000000, 0x00000000e9000000, 0x00000000e9100000|  0%| F|  |TAMS 0x00000000e9000000, 0x00000000e9000000| Untracked 
| 145|0x00000000e9100000, 0x00000000e9100000, 0x00000000e9200000|  0%| F|  |TAMS 0x00000000e9100000, 0x00000000e9100000| Untracked 
| 146|0x00000000e9200000, 0x00000000e9200000, 0x00000000e9300000|  0%| F|  |TAMS 0x00000000e9200000, 0x00000000e9200000| Untracked 
| 147|0x00000000e9300000, 0x00000000e9300000, 0x00000000e9400000|  0%| F|  |TAMS 0x00000000e9300000, 0x00000000e9300000| Untracked 
| 148|0x00000000e9400000, 0x00000000e9400000, 0x00000000e9500000|  0%| F|  |TAMS 0x00000000e9400000, 0x00000000e9400000| Untracked 
| 149|0x00000000e9500000, 0x00000000e9500000, 0x00000000e9600000|  0%| F|  |TAMS 0x00000000e9500000, 0x00000000e9500000| Untracked 
| 150|0x00000000e9600000, 0x00000000e9600000, 0x00000000e9700000|  0%| F|  |TAMS 0x00000000e9600000, 0x00000000e9600000| Untracked 
| 151|0x00000000e9700000, 0x00000000e9700000, 0x00000000e9800000|  0%| F|  |TAMS 0x00000000e9700000, 0x00000000e9700000| Untracked 
| 152|0x00000000e9800000, 0x00000000e9800000, 0x00000000e9900000|  0%| F|  |TAMS 0x00000000e9800000, 0x00000000e9800000| Untracked 
| 153|0x00000000e9900000, 0x00000000e9900000, 0x00000000e9a00000|  0%| F|  |TAMS 0x00000000e9900000, 0x00000000e9900000| Untracked 
| 154|0x00000000e9a00000, 0x00000000e9a00000, 0x00000000e9b00000|  0%| F|  |TAMS 0x00000000e9a00000, 0x00000000e9a00000| Untracked 
| 155|0x00000000e9b00000, 0x00000000e9b00000, 0x00000000e9c00000|  0%| F|  |TAMS 0x00000000e9b00000, 0x00000000e9b00000| Untracked 
| 156|0x00000000e9c00000, 0x00000000e9c00000, 0x00000000e9d00000|  0%| F|  |TAMS 0x00000000e9c00000, 0x00000000e9c00000| Untracked 
| 157|0x00000000e9d00000, 0x00000000e9d00000, 0x00000000e9e00000|  0%| F|  |TAMS 0x00000000e9d00000, 0x00000000e9d00000| Untracked 
| 158|0x00000000e9e00000, 0x00000000e9e00000, 0x00000000e9f00000|  0%| F|  |TAMS 0x00000000e9e00000, 0x00000000e9e00000| Untracked 
| 159|0x00000000e9f00000, 0x00000000e9f00000, 0x00000000ea000000|  0%| F|  |TAMS 0x00000000e9f00000, 0x00000000e9f00000| Untracked 
| 160|0x00000000ea000000, 0x00000000ea000000, 0x00000000ea100000|  0%| F|  |TAMS 0x00000000ea000000, 0x00000000ea000000| Untracked 
| 161|0x00000000ea100000, 0x00000000ea100000, 0x00000000ea200000|  0%| F|  |TAMS 0x00000000ea100000, 0x00000000ea100000| Untracked 
| 162|0x00000000ea200000, 0x00000000ea200000, 0x00000000ea300000|  0%| F|  |TAMS 0x00000000ea200000, 0x00000000ea200000| Untracked 
| 163|0x00000000ea300000, 0x00000000ea300000, 0x00000000ea400000|  0%| F|  |TAMS 0x00000000ea300000, 0x00000000ea300000| Untracked 
| 164|0x00000000ea400000, 0x00000000ea400000, 0x00000000ea500000|  0%| F|  |TAMS 0x00000000ea400000, 0x00000000ea400000| Untracked 
| 165|0x00000000ea500000, 0x00000000ea500000, 0x00000000ea600000|  0%| F|  |TAMS 0x00000000ea500000, 0x00000000ea500000| Untracked 
| 166|0x00000000ea600000, 0x00000000ea600000, 0x00000000ea700000|  0%| F|  |TAMS 0x00000000ea600000, 0x00000000ea600000| Untracked 
| 167|0x00000000ea700000, 0x00000000ea700000, 0x00000000ea800000|  0%| F|  |TAMS 0x00000000ea700000, 0x00000000ea700000| Untracked 
| 168|0x00000000ea800000, 0x00000000ea800000, 0x00000000ea900000|  0%| F|  |TAMS 0x00000000ea800000, 0x00000000ea800000| Untracked 
| 169|0x00000000ea900000, 0x00000000ea900000, 0x00000000eaa00000|  0%| F|  |TAMS 0x00000000ea900000, 0x00000000ea900000| Untracked 
| 170|0x00000000eaa00000, 0x00000000eaa00000, 0x00000000eab00000|  0%| F|  |TAMS 0x00000000eaa00000, 0x00000000eaa00000| Untracked 
| 171|0x00000000eab00000, 0x00000000eab00000, 0x00000000eac00000|  0%| F|  |TAMS 0x00000000eab00000, 0x00000000eab00000| Untracked 
| 172|0x00000000eac00000, 0x00000000eac00000, 0x00000000ead00000|  0%| F|  |TAMS 0x00000000eac00000, 0x00000000eac00000| Untracked 
| 173|0x00000000ead00000, 0x00000000ead00000, 0x00000000eae00000|  0%| F|  |TAMS 0x00000000ead00000, 0x00000000ead00000| Untracked 
| 174|0x00000000eae00000, 0x00000000eae00000, 0x00000000eaf00000|  0%| F|  |TAMS 0x00000000eae00000, 0x00000000eae00000| Untracked 
| 175|0x00000000eaf00000, 0x00000000eaf00000, 0x00000000eb000000|  0%| F|  |TAMS 0x00000000eaf00000, 0x00000000eaf00000| Untracked 
| 176|0x00000000eb000000, 0x00000000eb000000, 0x00000000eb100000|  0%| F|  |TAMS 0x00000000eb000000, 0x00000000eb000000| Untracked 
| 177|0x00000000eb100000, 0x00000000eb100000, 0x00000000eb200000|  0%| F|  |TAMS 0x00000000eb100000, 0x00000000eb100000| Untracked 
| 178|0x00000000eb200000, 0x00000000eb200000, 0x00000000eb300000|  0%| F|  |TAMS 0x00000000eb200000, 0x00000000eb200000| Untracked 
| 179|0x00000000eb300000, 0x00000000eb300000, 0x00000000eb400000|  0%| F|  |TAMS 0x00000000eb300000, 0x00000000eb300000| Untracked 
| 180|0x00000000eb400000, 0x00000000eb400000, 0x00000000eb500000|  0%| F|  |TAMS 0x00000000eb400000, 0x00000000eb400000| Untracked 
| 181|0x00000000eb500000, 0x00000000eb500000, 0x00000000eb600000|  0%| F|  |TAMS 0x00000000eb500000, 0x00000000eb500000| Untracked 
| 182|0x00000000eb600000, 0x00000000eb600000, 0x00000000eb700000|  0%| F|  |TAMS 0x00000000eb600000, 0x00000000eb600000| Untracked 
| 183|0x00000000eb700000, 0x00000000eb700000, 0x00000000eb800000|  0%| F|  |TAMS 0x00000000eb700000, 0x00000000eb700000| Untracked 
| 184|0x00000000eb800000, 0x00000000eb800000, 0x00000000eb900000|  0%| F|  |TAMS 0x00000000eb800000, 0x00000000eb800000| Untracked 
| 185|0x00000000eb900000, 0x00000000eb900000, 0x00000000eba00000|  0%| F|  |TAMS 0x00000000eb900000, 0x00000000eb900000| Untracked 
| 186|0x00000000eba00000, 0x00000000eba00000, 0x00000000ebb00000|  0%| F|  |TAMS 0x00000000eba00000, 0x00000000eba00000| Untracked 
| 187|0x00000000ebb00000, 0x00000000ebb00000, 0x00000000ebc00000|  0%| F|  |TAMS 0x00000000ebb00000, 0x00000000ebb00000| Untracked 
| 188|0x00000000ebc00000, 0x00000000ebc00000, 0x00000000ebd00000|  0%| F|  |TAMS 0x00000000ebc00000, 0x00000000ebc00000| Untracked 
| 189|0x00000000ebd00000, 0x00000000ebd00000, 0x00000000ebe00000|  0%| F|  |TAMS 0x00000000ebd00000, 0x00000000ebd00000| Untracked 
| 190|0x00000000ebe00000, 0x00000000ebe00000, 0x00000000ebf00000|  0%| F|  |TAMS 0x00000000ebe00000, 0x00000000ebe00000| Untracked 
| 191|0x00000000ebf00000, 0x00000000ebf00000, 0x00000000ec000000|  0%| F|  |TAMS 0x00000000ebf00000, 0x00000000ebf00000| Untracked 
| 192|0x00000000ec000000, 0x00000000ec100000, 0x00000000ec100000|100%| E|  |TAMS 0x00000000ec000000, 0x00000000ec000000| Complete 
| 193|0x00000000ec100000, 0x00000000ec200000, 0x00000000ec200000|100%| E|CS|TAMS 0x00000000ec100000, 0x00000000ec100000| Complete 
| 194|0x00000000ec200000, 0x00000000ec300000, 0x00000000ec300000|100%| E|CS|TAMS 0x00000000ec200000, 0x00000000ec200000| Complete 
| 195|0x00000000ec300000, 0x00000000ec400000, 0x00000000ec400000|100%| E|CS|TAMS 0x00000000ec300000, 0x00000000ec300000| Complete 
| 196|0x00000000ec400000, 0x00000000ec500000, 0x00000000ec500000|100%| E|CS|TAMS 0x00000000ec400000, 0x00000000ec400000| Complete 
| 197|0x00000000ec500000, 0x00000000ec600000, 0x00000000ec600000|100%| E|CS|TAMS 0x00000000ec500000, 0x00000000ec500000| Complete 
| 198|0x00000000ec600000, 0x00000000ec700000, 0x00000000ec700000|100%| E|CS|TAMS 0x00000000ec600000, 0x00000000ec600000| Complete 
| 199|0x00000000ec700000, 0x00000000ec800000, 0x00000000ec800000|100%| E|CS|TAMS 0x00000000ec700000, 0x00000000ec700000| Complete 
| 200|0x00000000ec800000, 0x00000000ec900000, 0x00000000ec900000|100%| E|CS|TAMS 0x00000000ec800000, 0x00000000ec800000| Complete 
| 201|0x00000000ec900000, 0x00000000eca00000, 0x00000000eca00000|100%| E|CS|TAMS 0x00000000ec900000, 0x00000000ec900000| Complete 
| 202|0x00000000eca00000, 0x00000000ecb00000, 0x00000000ecb00000|100%| E|CS|TAMS 0x00000000eca00000, 0x00000000eca00000| Complete 
| 203|0x00000000ecb00000, 0x00000000ecc00000, 0x00000000ecc00000|100%| E|CS|TAMS 0x00000000ecb00000, 0x00000000ecb00000| Complete 
| 204|0x00000000ecc00000, 0x00000000ecd00000, 0x00000000ecd00000|100%| E|CS|TAMS 0x00000000ecc00000, 0x00000000ecc00000| Complete 
| 205|0x00000000ecd00000, 0x00000000ece00000, 0x00000000ece00000|100%| E|CS|TAMS 0x00000000ecd00000, 0x00000000ecd00000| Complete 
| 206|0x00000000ece00000, 0x00000000ecf00000, 0x00000000ecf00000|100%| E|CS|TAMS 0x00000000ece00000, 0x00000000ece00000| Complete 
| 207|0x00000000ecf00000, 0x00000000ed000000, 0x00000000ed000000|100%| E|CS|TAMS 0x00000000ecf00000, 0x00000000ecf00000| Complete 
| 208|0x00000000ed000000, 0x00000000ed100000, 0x00000000ed100000|100%| E|CS|TAMS 0x00000000ed000000, 0x00000000ed000000| Complete 
| 209|0x00000000ed100000, 0x00000000ed200000, 0x00000000ed200000|100%| E|CS|TAMS 0x00000000ed100000, 0x00000000ed100000| Complete 
| 210|0x00000000ed200000, 0x00000000ed300000, 0x00000000ed300000|100%| E|CS|TAMS 0x00000000ed200000, 0x00000000ed200000| Complete 
| 211|0x00000000ed300000, 0x00000000ed400000, 0x00000000ed400000|100%| E|CS|TAMS 0x00000000ed300000, 0x00000000ed300000| Complete 
| 212|0x00000000ed400000, 0x00000000ed500000, 0x00000000ed500000|100%| E|CS|TAMS 0x00000000ed400000, 0x00000000ed400000| Complete 
| 213|0x00000000ed500000, 0x00000000ed600000, 0x00000000ed600000|100%| E|CS|TAMS 0x00000000ed500000, 0x00000000ed500000| Complete 
| 214|0x00000000ed600000, 0x00000000ed700000, 0x00000000ed700000|100%| E|CS|TAMS 0x00000000ed600000, 0x00000000ed600000| Complete 
| 215|0x00000000ed700000, 0x00000000ed800000, 0x00000000ed800000|100%| E|CS|TAMS 0x00000000ed700000, 0x00000000ed700000| Complete 
| 216|0x00000000ed800000, 0x00000000ed900000, 0x00000000ed900000|100%| E|CS|TAMS 0x00000000ed800000, 0x00000000ed800000| Complete 
| 217|0x00000000ed900000, 0x00000000eda00000, 0x00000000eda00000|100%| E|CS|TAMS 0x00000000ed900000, 0x00000000ed900000| Complete 
| 218|0x00000000eda00000, 0x00000000edb00000, 0x00000000edb00000|100%| E|CS|TAMS 0x00000000eda00000, 0x00000000eda00000| Complete 
| 219|0x00000000edb00000, 0x00000000edc00000, 0x00000000edc00000|100%| E|CS|TAMS 0x00000000edb00000, 0x00000000edb00000| Complete 
| 220|0x00000000edc00000, 0x00000000edd00000, 0x00000000edd00000|100%| E|CS|TAMS 0x00000000edc00000, 0x00000000edc00000| Complete 
| 221|0x00000000edd00000, 0x00000000ede00000, 0x00000000ede00000|100%| E|CS|TAMS 0x00000000edd00000, 0x00000000edd00000| Complete 
| 222|0x00000000ede00000, 0x00000000edf00000, 0x00000000edf00000|100%| E|CS|TAMS 0x00000000ede00000, 0x00000000ede00000| Complete 
| 223|0x00000000edf00000, 0x00000000ee000000, 0x00000000ee000000|100%| E|CS|TAMS 0x00000000edf00000, 0x00000000edf00000| Complete 
| 224|0x00000000ee000000, 0x00000000ee100000, 0x00000000ee100000|100%| E|CS|TAMS 0x00000000ee000000, 0x00000000ee000000| Complete 
| 225|0x00000000ee100000, 0x00000000ee200000, 0x00000000ee200000|100%| E|CS|TAMS 0x00000000ee100000, 0x00000000ee100000| Complete 
| 226|0x00000000ee200000, 0x00000000ee300000, 0x00000000ee300000|100%| E|CS|TAMS 0x00000000ee200000, 0x00000000ee200000| Complete 
| 227|0x00000000ee300000, 0x00000000ee400000, 0x00000000ee400000|100%| E|CS|TAMS 0x00000000ee300000, 0x00000000ee300000| Complete 
| 228|0x00000000ee400000, 0x00000000ee500000, 0x00000000ee500000|100%| E|CS|TAMS 0x00000000ee400000, 0x00000000ee400000| Complete 
| 229|0x00000000ee500000, 0x00000000ee600000, 0x00000000ee600000|100%| E|CS|TAMS 0x00000000ee500000, 0x00000000ee500000| Complete 
| 230|0x00000000ee600000, 0x00000000ee700000, 0x00000000ee700000|100%| E|CS|TAMS 0x00000000ee600000, 0x00000000ee600000| Complete 
| 231|0x00000000ee700000, 0x00000000ee800000, 0x00000000ee800000|100%| E|CS|TAMS 0x00000000ee700000, 0x00000000ee700000| Complete 
| 232|0x00000000ee800000, 0x00000000ee900000, 0x00000000ee900000|100%| E|CS|TAMS 0x00000000ee800000, 0x00000000ee800000| Complete 
| 233|0x00000000ee900000, 0x00000000eea00000, 0x00000000eea00000|100%| E|CS|TAMS 0x00000000ee900000, 0x00000000ee900000| Complete 
| 234|0x00000000eea00000, 0x00000000eeb00000, 0x00000000eeb00000|100%| E|CS|TAMS 0x00000000eea00000, 0x00000000eea00000| Complete 
| 235|0x00000000eeb00000, 0x00000000eec00000, 0x00000000eec00000|100%| E|CS|TAMS 0x00000000eeb00000, 0x00000000eeb00000| Complete 
| 236|0x00000000eec00000, 0x00000000eed00000, 0x00000000eed00000|100%| E|CS|TAMS 0x00000000eec00000, 0x00000000eec00000| Complete 
| 237|0x00000000eed00000, 0x00000000eee00000, 0x00000000eee00000|100%| E|CS|TAMS 0x00000000eed00000, 0x00000000eed00000| Complete 
| 238|0x00000000eee00000, 0x00000000eef00000, 0x00000000eef00000|100%| E|CS|TAMS 0x00000000eee00000, 0x00000000eee00000| Complete 
| 239|0x00000000eef00000, 0x00000000ef000000, 0x00000000ef000000|100%| E|CS|TAMS 0x00000000eef00000, 0x00000000eef00000| Complete 
| 240|0x00000000ef000000, 0x00000000ef100000, 0x00000000ef100000|100%| E|CS|TAMS 0x00000000ef000000, 0x00000000ef000000| Complete 
| 241|0x00000000ef100000, 0x00000000ef200000, 0x00000000ef200000|100%| E|CS|TAMS 0x00000000ef100000, 0x00000000ef100000| Complete 
| 242|0x00000000ef200000, 0x00000000ef300000, 0x00000000ef300000|100%| E|CS|TAMS 0x00000000ef200000, 0x00000000ef200000| Complete 
| 243|0x00000000ef300000, 0x00000000ef400000, 0x00000000ef400000|100%| E|CS|TAMS 0x00000000ef300000, 0x00000000ef300000| Complete 
| 244|0x00000000ef400000, 0x00000000ef500000, 0x00000000ef500000|100%| E|CS|TAMS 0x00000000ef400000, 0x00000000ef400000| Complete 
| 245|0x00000000ef500000, 0x00000000ef600000, 0x00000000ef600000|100%| E|CS|TAMS 0x00000000ef500000, 0x00000000ef500000| Complete 
| 246|0x00000000ef600000, 0x00000000ef700000, 0x00000000ef700000|100%| E|CS|TAMS 0x00000000ef600000, 0x00000000ef600000| Complete 
| 247|0x00000000ef700000, 0x00000000ef800000, 0x00000000ef800000|100%| E|CS|TAMS 0x00000000ef700000, 0x00000000ef700000| Complete 
| 248|0x00000000ef800000, 0x00000000ef900000, 0x00000000ef900000|100%| E|CS|TAMS 0x00000000ef800000, 0x00000000ef800000| Complete 
| 249|0x00000000ef900000, 0x00000000efa00000, 0x00000000efa00000|100%| E|CS|TAMS 0x00000000ef900000, 0x00000000ef900000| Complete 
| 250|0x00000000efa00000, 0x00000000efb00000, 0x00000000efb00000|100%| E|CS|TAMS 0x00000000efa00000, 0x00000000efa00000| Complete 
| 251|0x00000000efb00000, 0x00000000efc00000, 0x00000000efc00000|100%| E|CS|TAMS 0x00000000efb00000, 0x00000000efb00000| Complete 
| 252|0x00000000efc00000, 0x00000000efd00000, 0x00000000efd00000|100%| E|CS|TAMS 0x00000000efc00000, 0x00000000efc00000| Complete 
| 253|0x00000000efd00000, 0x00000000efe00000, 0x00000000efe00000|100%| E|CS|TAMS 0x00000000efd00000, 0x00000000efd00000| Complete 
| 254|0x00000000efe00000, 0x00000000eff00000, 0x00000000eff00000|100%| E|CS|TAMS 0x00000000efe00000, 0x00000000efe00000| Complete 
| 255|0x00000000eff00000, 0x00000000f0000000, 0x00000000f0000000|100%| E|CS|TAMS 0x00000000eff00000, 0x00000000eff00000| Complete 

Card table byte_map: [0x0000019e29a40000,0x0000019e29b40000] _byte_map_base: 0x0000019e29340000

Marking Bits (Prev, Next): (CMBitMap*) 0x0000019e12a7d4c8, (CMBitMap*) 0x0000019e12a7d500
 Prev Bits: [0x0000019e29c40000, 0x0000019e2a440000)
 Next Bits: [0x0000019e2a440000, 0x0000019e2ac40000)

Polling page: 0x0000019e121c0000

Metaspace:

Usage:
  Non-class:     47.28 MB capacity,    46.19 MB ( 98%) used,   941.83 KB (  2%) free+waste,   170.63 KB ( <1%) overhead. 
      Class:      7.73 MB capacity,     7.09 MB ( 92%) used,   566.53 KB (  7%) free+waste,    86.06 KB (  1%) overhead. 
       Both:     55.00 MB capacity,    53.28 MB ( 97%) used,     1.47 MB (  3%) free+waste,   256.69 KB ( <1%) overhead. 

Virtual space:
  Non-class space:       48.00 MB reserved,      47.50 MB ( 99%) committed 
      Class space:      248.00 MB reserved,       7.75 MB (  3%) committed 
             Both:      296.00 MB reserved,      55.25 MB ( 19%) committed 

Chunk freelists:
   Non-Class:  4.63 KB
       Class:  2.75 KB
        Both:  7.38 KB

CodeHeap 'non-profiled nmethods': size=119168Kb used=3838Kb max_used=3838Kb free=115329Kb
 bounds [0x0000019e21c50000, 0x0000019e22010000, 0x0000019e290b0000]
CodeHeap 'profiled nmethods': size=119168Kb used=12395Kb max_used=12395Kb free=106772Kb
 bounds [0x0000019e1a7f0000, 0x0000019e1b410000, 0x0000019e21c50000]
CodeHeap 'non-nmethods': size=7424Kb used=3933Kb max_used=3997Kb free=3490Kb
 bounds [0x0000019e1a0b0000, 0x0000019e1a4a0000, 0x0000019e1a7f0000]
 total_blobs=6362 nmethods=5548 adapters=722
 compilation: enabled
              stopped_count=0, restarted_count=0
 full_count=0

Compilation events (10 events):
Event: 3.553 Thread 0x0000019e2e663800 5530       3       com.google.common.collect.Iterables::toArray (13 bytes)
Event: 3.553 Thread 0x0000019e2e663800 nmethod 5530 0x0000019e1b3ff390 code [0x0000019e1b3ff5c0, 0x0000019e1b3ffe28]
Event: 3.553 Thread 0x0000019e2e673800 5531       3       java.util.LinkedHashMap::transferLinks (58 bytes)
Event: 3.553 Thread 0x0000019e2e673800 nmethod 5531 0x0000019e1b400090 code [0x0000019e1b400260, 0x0000019e1b400658]
Event: 3.553 Thread 0x0000019e35886800 nmethod 5527 0x0000019e2200d710 code [0x0000019e2200d8e0, 0x0000019e2200e1e8]
Event: 3.553 Thread 0x0000019e35886800 5532       4       java.util.TreeMap::fixAfterInsertion (267 bytes)
Event: 3.554 Thread 0x0000019e2f9bf800 5534       3       java.util.HashMap$TreeNode::getTreeNode (22 bytes)
Event: 3.554 Thread 0x0000019e2f9bf800 nmethod 5534 0x0000019e1b400790 code [0x0000019e1b400940, 0x0000019e1b400be8]
Event: 3.555 Thread 0x0000019e2e4fb000 5536       3       com.google.common.collect.LinkedHashMultimap$ValueSet$1::next (43 bytes)
Event: 3.555 Thread 0x0000019e2e4fb000 nmethod 5536 0x0000019e1b400d10 code [0x0000019e1b400f00, 0x0000019e1b401538]

GC Heap History (10 events):
Event: 1.264 GC heap before
{Heap before GC invocations=1 (full 0):
 garbage-first heap   total 262144K, used 112982K [0x00000000e0000000, 0x0000000100000000)
  region size 1024K, 104 young (106496K), 3 survivors (3072K)
 Metaspace       used 20643K, capacity 21093K, committed 21248K, reserved 272384K
  class space    used 2541K, capacity 2723K, committed 2816K, reserved 253952K
}
Event: 1.269 GC heap after
{Heap after GC invocations=2 (full 0):
 garbage-first heap   total 262144K, used 17597K [0x00000000e0000000, 0x0000000100000000)
  region size 1024K, 11 young (11264K), 11 survivors (11264K)
 Metaspace       used 20643K, capacity 21093K, committed 21248K, reserved 272384K
  class space    used 2541K, capacity 2723K, committed 2816K, reserved 253952K
}
Event: 1.614 GC heap before
{Heap before GC invocations=3 (full 0):
 garbage-first heap   total 262144K, used 85181K [0x00000000e0000000, 0x0000000100000000)
  region size 1024K, 77 young (78848K), 11 survivors (11264K)
 Metaspace       used 27020K, capacity 27605K, committed 27904K, reserved 278528K
  class space    used 3556K, capacity 3777K, committed 3840K, reserved 253952K
}
Event: 1.619 GC heap after
{Heap after GC invocations=4 (full 0):
 garbage-first heap   total 262144K, used 20103K [0x00000000e0000000, 0x0000000100000000)
  region size 1024K, 3 young (3072K), 3 survivors (3072K)
 Metaspace       used 27020K, capacity 27605K, committed 27904K, reserved 278528K
  class space    used 3556K, capacity 3777K, committed 3840K, reserved 253952K
}
Event: 1.975 GC heap before
{Heap before GC invocations=4 (full 0):
 garbage-first heap   total 262144K, used 70279K [0x00000000e0000000, 0x0000000100000000)
  region size 1024K, 53 young (54272K), 3 survivors (3072K)
 Metaspace       used 34903K, capacity 35685K, committed 35840K, reserved 286720K
  class space    used 4559K, capacity 4900K, committed 4992K, reserved 253952K
}
Event: 1.979 GC heap after
{Heap after GC invocations=5 (full 0):
 garbage-first heap   total 262144K, used 22843K [0x00000000e0000000, 0x0000000100000000)
  region size 1024K, 6 young (6144K), 6 survivors (6144K)
 Metaspace       used 34903K, capacity 35685K, committed 35840K, reserved 286720K
  class space    used 4559K, capacity 4900K, committed 4992K, reserved 253952K
}
Event: 2.576 GC heap before
{Heap before GC invocations=6 (full 0):
 garbage-first heap   total 262144K, used 135483K [0x00000000e0000000, 0x0000000100000000)
  region size 1024K, 113 young (115712K), 6 survivors (6144K)
 Metaspace       used 44778K, capacity 45862K, committed 46208K, reserved 294912K
  class space    used 5752K, capacity 6158K, committed 6272K, reserved 253952K
}
Event: 2.581 GC heap after
{Heap after GC invocations=7 (full 0):
 garbage-first heap   total 262144K, used 29176K [0x00000000e0000000, 0x0000000100000000)
  region size 1024K, 12 young (12288K), 12 survivors (12288K)
 Metaspace       used 44778K, capacity 45862K, committed 46208K, reserved 294912K
  class space    used 5752K, capacity 6158K, committed 6272K, reserved 253952K
}
Event: 3.226 GC heap before
{Heap before GC invocations=7 (full 0):
 garbage-first heap   total 262144K, used 169464K [0x00000000e0000000, 0x0000000100000000)
  region size 1024K, 149 young (152576K), 12 survivors (12288K)
 Metaspace       used 51930K, capacity 53460K, committed 53504K, reserved 301056K
  class space    used 6838K, capacity 7415K, committed 7424K, reserved 253952K
}
Event: 3.234 GC heap after
{Heap after GC invocations=8 (full 0):
 garbage-first heap   total 262144K, used 38070K [0x00000000e0000000, 0x0000000100000000)
  region size 1024K, 19 young (19456K), 19 survivors (19456K)
 Metaspace       used 51930K, capacity 53460K, committed 53504K, reserved 301056K
  class space    used 6838K, capacity 7415K, committed 7424K, reserved 253952K
}

Deoptimization events (10 events):
Event: 3.353 Thread 0x0000019e30a2d800 Uncommon trap: reason=class_check action=maybe_recompile pc=0x0000019e21e3e5e4 method=org.codehaus.groovy.reflection.ParameterTypes.getParametersTypes0()V @ 16 c2
Event: 3.392 Thread 0x0000019e30a2d800 Uncommon trap: reason=unstable_if action=reinterpret pc=0x0000019e21e7679c method=java.lang.ClassLoader.checkCerts(Ljava/lang/String;Ljava/security/CodeSource;)V @ 29 c2
Event: 3.392 Thread 0x0000019e30a2d800 Uncommon trap: reason=unstable_if action=reinterpret pc=0x0000019e21ec0bf8 method=java.lang.ClassLoader.loadClass(Ljava/lang/String;Z)Ljava/lang/Class; @ 29 c2
Event: 3.424 Thread 0x0000019e30a2d800 Uncommon trap: reason=unstable_if action=reinterpret pc=0x0000019e21e1e0e0 method=java.util.StringJoiner.add(Ljava/lang/CharSequence;)Ljava/util/StringJoiner; @ 33 c2
Event: 3.500 Thread 0x0000019e30a2d800 Uncommon trap: reason=profile_predicate action=maybe_recompile pc=0x0000019e21fbab64 method=java.util.TreeMap.getEntryUsingComparator(Ljava/lang/Object;)Ljava/util/TreeMap$Entry; @ 19 c2
Event: 3.502 Thread 0x0000019e30a2d800 Uncommon trap: reason=profile_predicate action=maybe_recompile pc=0x0000019e21fbab64 method=java.util.TreeMap.getEntryUsingComparator(Ljava/lang/Object;)Ljava/util/TreeMap$Entry; @ 19 c2
Event: 3.506 Thread 0x0000019e30a2d800 Uncommon trap: reason=profile_predicate action=maybe_recompile pc=0x0000019e21fbab64 method=java.util.TreeMap.getEntryUsingComparator(Ljava/lang/Object;)Ljava/util/TreeMap$Entry; @ 19 c2
Event: 3.507 Thread 0x0000019e30a2d800 Uncommon trap: reason=profile_predicate action=maybe_recompile pc=0x0000019e21fbab64 method=java.util.TreeMap.getEntryUsingComparator(Ljava/lang/Object;)Ljava/util/TreeMap$Entry; @ 19 c2
Event: 3.509 Thread 0x0000019e30a2d800 Uncommon trap: reason=bimorphic_or_optimized_type_check action=maybe_recompile pc=0x0000019e21f3b6fc method=com.google.common.collect.AbstractIndexedListIterator.next()Ljava/lang/Object; @ 27 c2
Event: 3.526 Thread 0x0000019e30a2d800 Uncommon trap: reason=class_check action=make_not_entrant pc=0x0000019e21ffecbc method=java.util.ArrayList.toArray([Ljava/lang/Object;)[Ljava/lang/Object; @ 21 c2

Classes redefined (0 events):
No events

Internal exceptions (10 events):
Event: 3.429 Thread 0x0000019e30a2d800 Exception <a 'java/lang/ClassNotFoundException'{0x00000000ed17eda0}: org/gradle/api/plugins/quality/CodeQualityExtensionCustomizer> (0x00000000ed17eda0) thrown at [./open/src/hotspot/share/classfile/systemDictionary.cpp, line 226]
Event: 3.430 Thread 0x0000019e30a2d800 Exception <a 'java/lang/ClassNotFoundException'{0x00000000ed1c1458}: org/gradle/api/plugins/quality/CheckstyleExtensionCustomizer> (0x00000000ed1c1458) thrown at [./open/src/hotspot/share/classfile/systemDictionary.cpp, line 226]
Event: 3.431 Thread 0x0000019e30a2d800 Exception <a 'java/lang/ClassNotFoundException'{0x00000000ed00f448}: org/gradle/api/plugins/quality/CheckstyleExtension_DecoratedCustomizer> (0x00000000ed00f448) thrown at [./open/src/hotspot/share/classfile/systemDictionary.cpp, line 226]
Event: 3.442 Thread 0x0000019e30a2d800 Exception <a 'java/lang/ClassNotFoundException'{0x00000000ece2d4f8}: java/lang/SystemBeanInfo> (0x00000000ece2d4f8) thrown at [./open/src/hotspot/share/classfile/systemDictionary.cpp, line 226]
Event: 3.442 Thread 0x0000019e30a2d800 Exception <a 'java/lang/ClassNotFoundException'{0x00000000ece347f8}: java/lang/SystemCustomizer> (0x00000000ece347f8) thrown at [./open/src/hotspot/share/classfile/systemDictionary.cpp, line 226]
Event: 3.444 Thread 0x0000019e30a2d800 Exception <a 'java/lang/ClassNotFoundException'{0x00000000ecef9e18}: org/gradle/api/tasks/JavaExec_DecoratedBeanInfo> (0x00000000ecef9e18) thrown at [./open/src/hotspot/share/classfile/systemDictionary.cpp, line 226]
Event: 3.445 Thread 0x0000019e30a2d800 Exception <a 'java/lang/ClassNotFoundException'{0x00000000ecd28ab8}: org/gradle/api/tasks/JavaExecBeanInfo> (0x00000000ecd28ab8) thrown at [./open/src/hotspot/share/classfile/systemDictionary.cpp, line 226]
Event: 3.445 Thread 0x0000019e30a2d800 Exception <a 'java/lang/ClassNotFoundException'{0x00000000ecd56f10}: org/gradle/api/tasks/JavaExecCustomizer> (0x00000000ecd56f10) thrown at [./open/src/hotspot/share/classfile/systemDictionary.cpp, line 226]
Event: 3.446 Thread 0x0000019e30a2d800 Exception <a 'java/lang/ClassNotFoundException'{0x00000000ecddcd00}: org/gradle/api/tasks/JavaExec_DecoratedCustomizer> (0x00000000ecddcd00) thrown at [./open/src/hotspot/share/classfile/systemDictionary.cpp, line 226]
Event: 3.505 Thread 0x0000019e30a2d800 Exception <a 'java/lang/NoSuchMethodError'{0x00000000ec7ab010}: java.lang.invoke.DirectMethodHandle$Holder.invokeInterface(Ljava/lang/Object;Ljava/lang/Object;Ljava/lang/Object;Ljava/lang/Object;)I> (0x00000000ec7ab010) thrown at [./open/src/hotspot/share

Events (10 events):
Event: 3.551 loading class org/gradle/api/internal/artifacts/configurations/ConfigurationInternal
Event: 3.551 loading class org/gradle/api/internal/artifacts/configurations/ConfigurationInternal done
Event: 3.552 loading class org/gradle/api/internal/artifacts/publish/ArchivePublishArtifact
Event: 3.552 loading class org/gradle/api/internal/artifacts/publish/ArchivePublishArtifact done
Event: 3.552 loading class org/gradle/api/internal/artifacts/publish/ArchivePublishArtifact
Event: 3.552 loading class org/gradle/api/internal/artifacts/publish/ArchivePublishArtifact done
Event: 3.552 loading class org/gradle/api/internal/artifacts/publish/ArchivePublishArtifact
Event: 3.552 loading class org/gradle/api/internal/artifacts/publish/ArchivePublishArtifact done
Event: 3.552 loading class org/gradle/api/internal/artifacts/publish/ArchivePublishArtifact
Event: 3.552 loading class org/gradle/api/internal/artifacts/publish/ArchivePublishArtifact done


Dynamic libraries:
0x00007ff6dd4c0000 - 0x00007ff6dd4cf000 	C:\Program Files\Java\jdk-11.0.17\bin\java.exe
0x00007ffefe6d0000 - 0x00007ffefe8c8000 	C:\Windows\SYSTEM32\ntdll.dll
0x00007ffefce00000 - 0x00007ffefcebf000 	C:\Windows\System32\KERNEL32.DLL
0x00007ffefc0a0000 - 0x00007ffefc372000 	C:\Windows\System32\KERNELBASE.dll
0x00007ffefc620000 - 0x00007ffefc720000 	C:\Windows\System32\ucrtbase.dll
0x00007ffee9e40000 - 0x00007ffee9e55000 	C:\Program Files\Java\jdk-11.0.17\bin\VCRUNTIME140.dll
0x00007ffee5260000 - 0x00007ffee5278000 	C:\Program Files\Java\jdk-11.0.17\bin\jli.dll
0x00007ffefe5e0000 - 0x00007ffefe68e000 	C:\Windows\System32\ADVAPI32.dll
0x00007ffefced0000 - 0x00007ffefcf6e000 	C:\Windows\System32\msvcrt.dll
0x00007ffefe1e0000 - 0x00007ffefe27c000 	C:\Windows\System32\sechost.dll
0x00007ffefcf90000 - 0x00007ffefd0b4000 	C:\Windows\System32\RPCRT4.dll
0x00007ffefd0c0000 - 0x00007ffefd261000 	C:\Windows\System32\USER32.dll
0x00007ffefbdd0000 - 0x00007ffefbdf2000 	C:\Windows\System32\win32u.dll
0x00007ffefd4d0000 - 0x00007ffefd4fb000 	C:\Windows\System32\GDI32.dll
0x00007ffee5a70000 - 0x00007ffee5d0a000 	C:\Windows\WinSxS\amd64_microsoft.windows.common-controls_6595b64144ccf1df_6.0.19041.1110_none_60b5254171f9507e\COMCTL32.dll
0x00007ffefc3f0000 - 0x00007ffefc4ff000 	C:\Windows\System32\gdi32full.dll
0x00007ffefc550000 - 0x00007ffefc5ed000 	C:\Windows\System32\msvcp_win.dll
0x00007ffef2520000 - 0x00007ffef252a000 	C:\Windows\SYSTEM32\VERSION.dll
0x00007ffefe070000 - 0x00007ffefe0a0000 	C:\Windows\System32\IMM32.DLL
0x00007ffef44c0000 - 0x00007ffef46b6000 	C:\Windows\system32\tmumh\20019\AddOn\8.55.0.1053\TmUmEvt64.dll
0x00007ffefdf10000 - 0x00007ffefdf18000 	C:\Windows\System32\PSAPI.DLL
0x0000000067a30000 - 0x0000000067ba3000 	C:\Windows\system32\tmumh\20019\TmMon\2.9.0.1043\tmmon64.dll
0x00007ffeb1070000 - 0x00007ffeb110b000 	C:\Program Files\Java\jdk-11.0.17\bin\msvcp140.dll
0x00007ffe975c0000 - 0x00007ffe980da000 	C:\Program Files\Java\jdk-11.0.17\bin\server\jvm.dll
0x00007ffef7570000 - 0x00007ffef7579000 	C:\Windows\SYSTEM32\WSOCK32.dll
0x00007ffefe170000 - 0x00007ffefe1db000 	C:\Windows\System32\WS2_32.dll
0x00007ffee2920000 - 0x00007ffee2947000 	C:\Windows\SYSTEM32\WINMM.dll
0x00007ffefa5e0000 - 0x00007ffefa5f2000 	C:\Windows\SYSTEM32\kernel.appcore.dll
0x00007ffef2730000 - 0x00007ffef2740000 	C:\Program Files\Java\jdk-11.0.17\bin\verify.dll
0x00007ffef9b30000 - 0x00007ffef9d14000 	C:\Windows\SYSTEM32\DBGHELP.DLL
0x00007ffeee600000 - 0x00007ffeee635000 	C:\Windows\SYSTEM32\dbgcore.DLL
0x00007ffefbf60000 - 0x00007ffefbfe2000 	C:\Windows\System32\bcryptPrimitives.dll
0x00007ffee4df0000 - 0x00007ffee4e18000 	C:\Program Files\Java\jdk-11.0.17\bin\java.dll
0x00007ffeeb0d0000 - 0x00007ffeeb0da000 	C:\Program Files\Java\jdk-11.0.17\bin\jimage.dll
0x00007ffee4db0000 - 0x00007ffee4dc6000 	C:\Program Files\Java\jdk-11.0.17\bin\zip.dll
0x00007ffefd7c0000 - 0x00007ffefdf05000 	C:\Windows\System32\SHELL32.dll
0x00007ffef9e30000 - 0x00007ffefa5c2000 	C:\Windows\SYSTEM32\windows.storage.dll
0x00007ffefe280000 - 0x00007ffefe5d5000 	C:\Windows\System32\combase.dll
0x00007ffefb750000 - 0x00007ffefb780000 	C:\Windows\SYSTEM32\Wldp.dll
0x00007ffefd410000 - 0x00007ffefd4bd000 	C:\Windows\System32\SHCORE.dll
0x00007ffefc930000 - 0x00007ffefc985000 	C:\Windows\System32\shlwapi.dll
0x00007ffefbd10000 - 0x00007ffefbd2f000 	C:\Windows\SYSTEM32\profapi.dll
0x00007ffee41f0000 - 0x00007ffee4209000 	C:\Program Files\Java\jdk-11.0.17\bin\net.dll
0x00007ffef6360000 - 0x00007ffef646a000 	C:\Windows\SYSTEM32\WINHTTP.dll
0x00007ffefb530000 - 0x00007ffefb59a000 	C:\Windows\system32\mswsock.dll
0x00007ffee27f0000 - 0x00007ffee2802000 	C:\Program Files\Java\jdk-11.0.17\bin\nio.dll
0x00007ffede5f0000 - 0x00007ffede617000 	C:\Users\Chen Zi Han\.gradle\native\e1d6ef7f7dcc3fd88c89a11ec53ec762bb8ba0a96d01ffa2cd45eb1d1d8dd5c5\windows-amd64\native-platform.dll
0x00007ffea4190000 - 0x00007ffea42d4000 	C:\Users\Chen Zi Han\.gradle\native\0d407fdbe67a94daf76414ababcb853783967236a71b16ec16e742cd7a986fd3\windows-amd64\native-platform-file-events.dll
0x00007ffeea300000 - 0x00007ffeea309000 	C:\Program Files\Java\jdk-11.0.17\bin\management.dll
0x00007ffee59e0000 - 0x00007ffee59eb000 	C:\Program Files\Java\jdk-11.0.17\bin\management_ext.dll
0x00007ffefb790000 - 0x00007ffefb7a8000 	C:\Windows\SYSTEM32\CRYPTSP.dll
0x00007ffefae00000 - 0x00007ffefae34000 	C:\Windows\system32\rsaenh.dll
0x00007ffefc5f0000 - 0x00007ffefc617000 	C:\Windows\System32\bcrypt.dll
0x00007ffefbcd0000 - 0x00007ffefbcfe000 	C:\Windows\SYSTEM32\USERENV.dll
0x00007ffefb6c0000 - 0x00007ffefb6cc000 	C:\Windows\SYSTEM32\CRYPTBASE.dll
0x00007ffefb1f0000 - 0x00007ffefb22b000 	C:\Windows\SYSTEM32\IPHLPAPI.DLL
0x00007ffefcec0000 - 0x00007ffefcec8000 	C:\Windows\System32\NSI.dll
0x00007ffef4870000 - 0x00007ffef4887000 	C:\Windows\SYSTEM32\dhcpcsvc6.DLL
0x00007ffef4850000 - 0x00007ffef486d000 	C:\Windows\SYSTEM32\dhcpcsvc.DLL
0x00007ffefb230000 - 0x00007ffefb2fb000 	C:\Windows\SYSTEM32\DNSAPI.dll

dbghelp: loaded successfully - version: 4.0.5 - missing functions: none
symbol engine: initialized successfully - sym options: 0x614 - pdb path: .;C:\Program Files\Java\jdk-11.0.17\bin;C:\Windows\SYSTEM32;C:\Windows\WinSxS\amd64_microsoft.windows.common-controls_6595b64144ccf1df_6.0.19041.1110_none_60b5254171f9507e;C:\Windows\system32\tmumh\20019\AddOn\8.55.0.1053;C:\Windows\system32\tmumh\20019\TmMon\2.9.0.1043;C:\Program Files\Java\jdk-11.0.17\bin\server;C:\Users\Chen Zi Han\.gradle\native\e1d6ef7f7dcc3fd88c89a11ec53ec762bb8ba0a96d01ffa2cd45eb1d1d8dd5c5\windows-amd64;C:\Users\Chen Zi Han\.gradle\native\0d407fdbe67a94daf76414ababcb853783967236a71b16ec16e742cd7a986fd3\windows-amd64

VM Arguments:
jvm_args: --add-opens=java.base/java.util=ALL-UNNAMED --add-opens=java.base/java.lang=ALL-UNNAMED --add-opens=java.base/java.lang.invoke=ALL-UNNAMED --add-opens=java.base/java.util=ALL-UNNAMED --add-opens=java.prefs/java.util.prefs=ALL-UNNAMED --add-opens=java.prefs/java.util.prefs=ALL-UNNAMED --add-opens=java.base/java.nio.charset=ALL-UNNAMED --add-opens=java.base/java.net=ALL-UNNAMED --add-opens=java.base/java.util.concurrent.atomic=ALL-UNNAMED -XX:MaxMetaspaceSize=256m -XX:+HeapDumpOnOutOfMemoryError -Xms256m -Xmx512m -Dfile.encoding=GBK -Duser.country=SG -Duser.language=en -Duser.variant 
java_command: org.gradle.launcher.daemon.bootstrap.GradleDaemon 7.4.2
java_class_path (initial): C:\Users\Chen Zi Han\.gradle\wrapper\dists\gradle-7.4.2-bin\48ivgl02cpt2ed3fh9dbalvx8\gradle-7.4.2\lib\gradle-launcher-7.4.2.jar
Launcher Type: SUN_STANDARD

[Global flags]
     intx CICompilerCount                          = 12                                        {product} {ergonomic}
   size_t CompressedClassSpaceSize                 = 260046848                                 {product} {ergonomic}
     uint ConcGCThreads                            = 3                                         {product} {ergonomic}
     uint G1ConcRefinementThreads                  = 13                                        {product} {ergonomic}
   size_t G1HeapRegionSize                         = 1048576                                   {product} {ergonomic}
    uintx GCDrainStackTargetSize                   = 64                                        {product} {ergonomic}
     bool HeapDumpOnOutOfMemoryError               = true                                   {manageable} {command line}
   size_t InitialHeapSize                          = 268435456                                 {product} {command line}
   size_t MarkStackSize                            = 4194304                                   {product} {ergonomic}
   size_t MaxHeapSize                              = 536870912                                 {product} {command line}
   size_t MaxMetaspaceSize                         = 268435456                                 {product} {command line}
   size_t MaxNewSize                               = 321912832                                 {product} {ergonomic}
   size_t MinHeapDeltaBytes                        = 1048576                                   {product} {ergonomic}
    uintx NonNMethodCodeHeapSize                   = 7594288                                {pd product} {ergonomic}
    uintx NonProfiledCodeHeapSize                  = 122031976                              {pd product} {ergonomic}
    uintx ProfiledCodeHeapSize                     = 122031976                              {pd product} {ergonomic}
    uintx ReservedCodeCacheSize                    = 251658240                              {pd product} {ergonomic}
     bool SegmentedCodeCache                       = true                                      {product} {ergonomic}
     bool UseCompressedClassPointers               = true                                 {lp64_product} {ergonomic}
     bool UseCompressedOops                        = true                                 {lp64_product} {ergonomic}
     bool UseG1GC                                  = true                                      {product} {ergonomic}
     bool UseLargePagesIndividualAllocation        = false                                  {pd product} {ergonomic}

Logging:
Log output configuration:
 #0: stdout all=warning uptime,level,tags
 #1: stderr all=off uptime,level,tags

Environment Variables:
JAVA_HOME=C:\Program Files\Java\jdk-18.0.1.1
PATH=C:\Program Files\Common Files\Oracle\Java\javapath;C:\Windows\system32;C:\Windows;C:\Windows\System32\Wbem;C:\Windows\System32\WindowsPowerShell\v1.0\;C:\Windows\System32\OpenSSH\;C:\Program Files (x86)\NVIDIA Corporation\PhysX\Common;C:\Program Files\NVIDIA Corporation\NVIDIA NvDLISR;E:\Notepad++;C:\Program Files\Java\jdk-18.0.1.1\bin;C:\Program Files\Azure Data Studio\bin;C:\Program Files\Microsoft SQL Server\150\Tools\Binn\;C:\Program Files\Java\jdk1.7.0_80\bin;E:\\web\dll;E:\\;\web\dll;C:\Progr;; Files\Git\cmd;C:\Program Files\Git\cmd;C:\Users\Chen Zi Han\AppData\Local\Microsoft\WindowsApps;C:\Users\Chen Zi Han\AppData\Roaming\TinyTeX\bin\win32;C:\Program Files\Azure Data Studio\bin;E:\Microsoft VS Code\bin;C:\Users\Chen Zi Han\AppData\Local\GitHubDesktop\bin
USERNAME=Chen Zi Han
OS=Windows_NT
PROCESSOR_IDENTIFIER=Intel64 Family 6 Model 141 Stepping 1, GenuineIntel



---------------  S Y S T E M  ---------------

OS: Windows 10 , 64 bit Build 19041 (10.0.19041.2546)
Hyper-V role detected

CPU:total 16 (initial active 16) (8 cores per cpu, 2 threads per core) family 6 model 141 stepping 1 microcode 0x34, cmov, cx8, fxsr, mmx, sse, sse2, sse3, ssse3, sse4.1, sse4.2, popcnt, avx, avx2, aes, clmul, erms, 3dnowpref, lzcnt, ht, tsc, tscinvbit, bmi1, bmi2, adx, evex, sha, fma

Memory: 4k page, system-wide physical 16122M (2140M free)
TotalPageFile size 26441M (AvailPageFile size 11M)
current process WorkingSet (physical memory assigned to process): 443M, peak: 451M
current process commit charge ("private bytes"): 569M, peak: 576M

vm_info: Java HotSpot(TM) 64-Bit Server VM (11.0.17+10-LTS-269) for windows-amd64 JRE (11.0.17+10-LTS-269), built on Sep 13 2022 19:26:37 by "mach5one" with MS VC++ 15.9 (VS2017)

END.
