#
# There is insufficient memory for the Java Runtime Environment to continue.
# Native memory allocation (malloc) failed to allocate 262160 bytes for Chunk::new
# Possible reasons:
#   The system is out of physical RAM or swap space
#   The process is running with CompressedOops enabled, and the Java Heap may be blocking the growth of the native heap
# Possible solutions:
#   Reduce memory load on the system
#   Increase physical memory or swap space
#   Check if swap backing store is full
#   Decrease Java heap size (-Xmx/-Xms)
#   Decrease number of Java threads
#   Decrease Java thread stack sizes (-Xss)
#   Set larger code cache with -XX:ReservedCodeCacheSize=
#   JVM is running with Unscaled Compressed Oops mode in which the Java heap is
#     placed in the first 4GB address space. The Java Heap base address is the
#     maximum limit for the native heap growth. Please use -XX:HeapBaseMinAddress
#     to set the Java Heap base and to place the Java Heap above 4GB virtual address.
# This output file may be truncated or incomplete.
#
#  Out of Memory Error (./open/src/hotspot/share/memory/arena.cpp:197), pid=3436, tid=1320
#
# JRE version: Java(TM) SE Runtime Environment 18.9 (11.0.17+10) (build 11.0.17+10-LTS-269)
# Java VM: Java HotSpot(TM) 64-Bit Server VM 18.9 (11.0.17+10-LTS-269, mixed mode, tiered, compressed oops, g1 gc, windows-amd64)
# No core dump will be written. Minidumps are not enabled by default on client versions of Windows
#

---------------  S U M M A R Y ------------

Command Line: --add-opens=java.base/java.util=ALL-UNNAMED --add-opens=java.base/java.lang=ALL-UNNAMED --add-opens=java.base/java.lang.invoke=ALL-UNNAMED --add-opens=java.base/java.util=ALL-UNNAMED --add-opens=java.prefs/java.util.prefs=ALL-UNNAMED --add-opens=java.prefs/java.util.prefs=ALL-UNNAMED --add-opens=java.base/java.nio.charset=ALL-UNNAMED --add-opens=java.base/java.net=ALL-UNNAMED --add-opens=java.base/java.util.concurrent.atomic=ALL-UNNAMED -XX:MaxMetaspaceSize=256m -XX:+HeapDumpOnOutOfMemoryError -Xms256m -Xmx512m -Dfile.encoding=GBK -Duser.country=SG -Duser.language=en -Duser.variant org.gradle.launcher.daemon.bootstrap.GradleDaemon 7.4.2

Host: 11th Gen Intel(R) Core(TM) i7-11800H @ 2.30GHz, 16 cores, 15G,  Windows 10 , 64 bit Build 19041 (10.0.19041.2546)
Time: Fri Apr  7 00:47:44 2023 China Standard Time elapsed time: 3.423463 seconds (0d 0h 0m 3s)

---------------  T H R E A D  ---------------

Current thread (0x000001b87cb02000):  JavaThread "C2 CompilerThread7" daemon [_thread_in_native, id=1320, stack(0x0000000a91d00000,0x0000000a91e00000)]


Current CompileTask:
C2:   3423 5337   !   4       java.lang.reflect.Executable::sharedToGenericString (321 bytes)

Stack: [0x0000000a91d00000,0x0000000a91e00000]
Native frames: (J=compiled Java code, j=interpreted, Vv=VM code, C=native code)
V  [jvm.dll+0x62b5da]
V  [jvm.dll+0x7653df]
V  [jvm.dll+0x766a89]
V  [jvm.dll+0x767113]
V  [jvm.dll+0x23dd28]
V  [jvm.dll+0xb2a1c]
V  [jvm.dll+0xb2fdc]
V  [jvm.dll+0xb2b2b]
V  [jvm.dll+0x60b89f]
V  [jvm.dll+0x33e053]
V  [jvm.dll+0x2c90e6]
V  [jvm.dll+0x5f41f1]
V  [jvm.dll+0xf937c]
V  [jvm.dll+0x31f41d]
V  [jvm.dll+0x64b859]
V  [jvm.dll+0x64abbd]
V  [jvm.dll+0x645da5]
V  [jvm.dll+0x63fabf]
V  [jvm.dll+0x63f14b]
V  [jvm.dll+0x63d005]
V  [jvm.dll+0x17a5ac]
V  [jvm.dll+0x2adb06]
V  [jvm.dll+0x647d08]
V  [jvm.dll+0x63fabf]
V  [jvm.dll+0x63f14b]
V  [jvm.dll+0x63d005]
V  [jvm.dll+0x17a5ac]
V  [jvm.dll+0x2adb06]
V  [jvm.dll+0x647d08]
V  [jvm.dll+0x63fabf]
V  [jvm.dll+0x63f14b]
V  [jvm.dll+0x63d005]
V  [jvm.dll+0x17a5ac]
V  [jvm.dll+0x1792c6]
V  [jvm.dll+0x20048e]
V  [jvm.dll+0x1f7693]
V  [jvm.dll+0x177c91]
V  [jvm.dll+0x207296]
V  [jvm.dll+0x20542b]
V  [jvm.dll+0x72b2c0]
V  [jvm.dll+0x723e64]
V  [jvm.dll+0x62a485]
C  [ucrtbase.dll+0x21bb2]
C  [KERNEL32.DLL+0x17614]
C  [ntdll.dll+0x526a1]


---------------  P R O C E S S  ---------------

Threads class SMR info:
_java_thread_list=0x000001b879105cd0, length=73, elements={
0x000001b8583c0000, 0x000001b873df4800, 0x000001b873df5800, 0x000001b873e63000,
0x000001b873e64000, 0x000001b873e66800, 0x000001b873e69800, 0x000001b873e6c800,
0x000001b873e7a000, 0x000001b87358e000, 0x000001b873ff8000, 0x000001b874359800,
0x000001b874483800, 0x000001b8742ba000, 0x000001b873ff8800, 0x000001b873ff9800,
0x000001b873ffc000, 0x000001b873ffa800, 0x000001b873ffd800, 0x000001b873ffe800,
0x000001b873ffc800, 0x000001b8761d4800, 0x000001b8761d7000, 0x000001b8761db000,
0x000001b8761d9800, 0x000001b8761d5800, 0x000001b8761d8000, 0x000001b876569000,
0x000001b8761d8800, 0x000001b8761da800, 0x000001b8761dc000, 0x000001b8761d6000,
0x000001b8761e2800, 0x000001b8761dc800, 0x000001b8761e1800, 0x000001b8761e1000,
0x000001b8761e3000, 0x000001b879147800, 0x000001b8761de800, 0x000001b8761df000,
0x000001b878dd3800, 0x000001b878dd6000, 0x000001b878dd6800, 0x000001b878dd7800,
0x000001b878dd8800, 0x000001b878dd2800, 0x000001b878dda000, 0x000001b878dd9000,
0x000001b878dd4000, 0x000001b878ddb000, 0x000001b878dd5000, 0x000001b878de1800,
0x000001b878ddf000, 0x000001b878ddb800, 0x000001b878ddd000, 0x000001b878ddc800,
0x000001b878dde000, 0x000001b878ddf800, 0x000001b878de0800, 0x000001b8790b3800,
0x000001b8790b3000, 0x000001b8790b4800, 0x000001b8790b5800, 0x000001b8790af800,
0x000001b8790b2000, 0x000001b8790b0800, 0x000001b8790b6000, 0x000001b8790b7000,
0x000001b8790b1000, 0x000001b87917a000, 0x000001b87c569800, 0x000001b87aabd800,
0x000001b87cb02000
}

Java Threads: ( => current thread )
  0x000001b8583c0000 JavaThread "main" [_thread_blocked, id=21500, stack(0x0000000a8c000000,0x0000000a8c100000)]
  0x000001b873df4800 JavaThread "Reference Handler" daemon [_thread_blocked, id=5828, stack(0x0000000a8c700000,0x0000000a8c800000)]
  0x000001b873df5800 JavaThread "Finalizer" daemon [_thread_blocked, id=2380, stack(0x0000000a8c800000,0x0000000a8c900000)]
  0x000001b873e63000 JavaThread "Signal Dispatcher" daemon [_thread_blocked, id=16204, stack(0x0000000a8c900000,0x0000000a8ca00000)]
  0x000001b873e64000 JavaThread "Attach Listener" daemon [_thread_blocked, id=15044, stack(0x0000000a8ca00000,0x0000000a8cb00000)]
  0x000001b873e66800 JavaThread "Service Thread" daemon [_thread_blocked, id=21964, stack(0x0000000a8cb00000,0x0000000a8cc00000)]
  0x000001b873e69800 JavaThread "C2 CompilerThread0" daemon [_thread_in_native, id=16040, stack(0x0000000a8cc00000,0x0000000a8cd00000)]
  0x000001b873e6c800 JavaThread "C1 CompilerThread0" daemon [_thread_blocked, id=7560, stack(0x0000000a8cd00000,0x0000000a8ce00000)]
  0x000001b873e7a000 JavaThread "Sweeper thread" daemon [_thread_blocked, id=9016, stack(0x0000000a8ce00000,0x0000000a8cf00000)]
  0x000001b87358e000 JavaThread "C1 CompilerThread1" daemon [_thread_blocked, id=18664, stack(0x0000000a8cf00000,0x0000000a8d000000)]
  0x000001b873ff8000 JavaThread "Common-Cleaner" daemon [_thread_blocked, id=23484, stack(0x0000000a8d000000,0x0000000a8d100000)]
  0x000001b874359800 JavaThread "C2 CompilerThread1" daemon [_thread_in_native, id=9024, stack(0x0000000a8d200000,0x0000000a8d300000)]
  0x000001b874483800 JavaThread "C1 CompilerThread2" daemon [_thread_blocked, id=13604, stack(0x0000000a8d900000,0x0000000a8da00000)]
  0x000001b8742ba000 JavaThread "C1 CompilerThread3" daemon [_thread_blocked, id=21436, stack(0x0000000a8da00000,0x0000000a8db00000)]
  0x000001b873ff8800 JavaThread "Daemon health stats" [_thread_blocked, id=11380, stack(0x0000000a8db00000,0x0000000a8dc00000)]
  0x000001b873ff9800 JavaThread "Incoming local TCP Connector on port 54270" [_thread_in_native, id=11168, stack(0x0000000a8d300000,0x0000000a8d400000)]
  0x000001b873ffc000 JavaThread "Daemon periodic checks" [_thread_blocked, id=16560, stack(0x0000000a8dc00000,0x0000000a8dd00000)]
  0x000001b873ffa800 JavaThread "Daemon" [_thread_blocked, id=18272, stack(0x0000000a8dd00000,0x0000000a8de00000)]
  0x000001b873ffd800 JavaThread "Handler for socket connection from /127.0.0.1:54270 to /127.0.0.1:54271" [_thread_in_native, id=10416, stack(0x0000000a8de00000,0x0000000a8df00000)]
  0x000001b873ffe800 JavaThread "Cancel handler" [_thread_blocked, id=10280, stack(0x0000000a8df00000,0x0000000a8e000000)]
  0x000001b873ffc800 JavaThread "Daemon worker" [_thread_in_vm, id=4460, stack(0x0000000a8e000000,0x0000000a8e100000)]
  0x000001b8761d4800 JavaThread "Asynchronous log dispatcher for DefaultDaemonConnection: socket connection from /127.0.0.1:54270 to /127.0.0.1:54271" [_thread_blocked, id=9328, stack(0x0000000a8e100000,0x0000000a8e200000)]
  0x000001b8761d7000 JavaThread "Stdin handler" [_thread_blocked, id=14936, stack(0x0000000a8e200000,0x0000000a8e300000)]
  0x000001b8761db000 JavaThread "Daemon client event forwarder" [_thread_blocked, id=2916, stack(0x0000000a8e300000,0x0000000a8e400000)]
  0x000001b8761d9800 JavaThread "Cache worker for journal cache (C:\Users\Chen Zi Han\.gradle\caches\journal-1)" [_thread_blocked, id=18136, stack(0x0000000a8e400000,0x0000000a8e500000)]
  0x000001b8761d5800 JavaThread "File lock request listener" [_thread_in_native, id=7840, stack(0x0000000a8e500000,0x0000000a8e600000)]
  0x000001b8761d8000 JavaThread "Cache worker for file hash cache (C:\Users\Chen Zi Han\.gradle\caches\7.4.2\fileHashes)" [_thread_blocked, id=12020, stack(0x0000000a8e600000,0x0000000a8e700000)]
  0x000001b876569000 JavaThread "C2 CompilerThread2" daemon [_thread_in_native, id=22452, stack(0x0000000a8f000000,0x0000000a8f100000)]
  0x000001b8761d8800 JavaThread "File watcher server" daemon [_thread_in_native, id=23296, stack(0x0000000a8f100000,0x0000000a8f200000)]
  0x000001b8761da800 JavaThread "File watcher consumer" daemon [_thread_blocked, id=16196, stack(0x0000000a8f200000,0x0000000a8f300000)]
  0x000001b8761dc000 JavaThread "Cache worker for checksums cache (D:\NUS_Year2_SEM2\CS2113_NEW\tp\.gradle\7.4.2\checksums)" [_thread_blocked, id=19404, stack(0x0000000a8f300000,0x0000000a8f400000)]
  0x000001b8761d6000 JavaThread "Cache worker for cache directory md-rule (C:\Users\Chen Zi Han\.gradle\caches\7.4.2\md-rule)" [_thread_blocked, id=24548, stack(0x0000000a8f400000,0x0000000a8f500000)]
  0x000001b8761e2800 JavaThread "Cache worker for file hash cache (D:\NUS_Year2_SEM2\CS2113_NEW\tp\.gradle\7.4.2\fileHashes)" [_thread_blocked, id=10100, stack(0x0000000a8f500000,0x0000000a8f600000)]
  0x000001b8761dc800 JavaThread "Cache worker for cache directory md-supplier (C:\Users\Chen Zi Han\.gradle\caches\7.4.2\md-supplier)" [_thread_blocked, id=1424, stack(0x0000000a8f600000,0x0000000a8f700000)]
  0x000001b8761e1800 JavaThread "Cache worker for execution history cache (C:\Users\Chen Zi Han\.gradle\caches\7.4.2\executionHistory)" [_thread_blocked, id=1704, stack(0x0000000a8f700000,0x0000000a8f800000)]
  0x000001b8761e1000 JavaThread "jar transforms" [_thread_blocked, id=23176, stack(0x0000000a8f800000,0x0000000a8f900000)]
  0x000001b8761e3000 JavaThread "jar transforms Thread 2" [_thread_blocked, id=2140, stack(0x0000000a8f900000,0x0000000a8fa00000)]
  0x000001b879147800 JavaThread "C2 CompilerThread3" daemon [_thread_in_native, id=20848, stack(0x0000000a8fa00000,0x0000000a8fb00000)]
  0x000001b8761de800 JavaThread "Cache worker for file content cache (C:\Users\Chen Zi Han\.gradle\caches\7.4.2\fileContent)" [_thread_blocked, id=6896, stack(0x0000000a8fb00000,0x0000000a8fc00000)]
  0x000001b8761df000 JavaThread "jar transforms Thread 3" [_thread_blocked, id=10884, stack(0x0000000a8fc00000,0x0000000a8fd00000)]
  0x000001b878dd3800 JavaThread "jar transforms Thread 4" [_thread_blocked, id=22840, stack(0x0000000a8fd00000,0x0000000a8fe00000)]
  0x000001b878dd6000 JavaThread "jar transforms Thread 5" [_thread_blocked, id=14204, stack(0x0000000a8fe00000,0x0000000a8ff00000)]
  0x000001b878dd6800 JavaThread "jar transforms Thread 6" [_thread_blocked, id=12556, stack(0x0000000a8ff00000,0x0000000a90000000)]
  0x000001b878dd7800 JavaThread "Cache worker for dependencies-accessors (D:\NUS_Year2_SEM2\CS2113_NEW\tp\.gradle\7.4.2\dependencies-accessors)" [_thread_blocked, id=24348, stack(0x0000000a90000000,0x0000000a90100000)]
  0x000001b878dd8800 JavaThread "jar transforms Thread 7" [_thread_blocked, id=19516, stack(0x0000000a90100000,0x0000000a90200000)]
  0x000001b878dd2800 JavaThread "Cache worker for Build Output Cleanup Cache (D:\NUS_Year2_SEM2\CS2113_NEW\tp\.gradle\buildOutputCleanup)" [_thread_blocked, id=10172, stack(0x0000000a90200000,0x0000000a90300000)]
  0x000001b878dda000 JavaThread "Unconstrained build operations" [_thread_blocked, id=21300, stack(0x0000000a90300000,0x0000000a90400000)]
  0x000001b878dd9000 JavaThread "Unconstrained build operations Thread 2" [_thread_blocked, id=14364, stack(0x0000000a90400000,0x0000000a90500000)]
  0x000001b878dd4000 JavaThread "Unconstrained build operations Thread 3" [_thread_blocked, id=12524, stack(0x0000000a90500000,0x0000000a90600000)]
  0x000001b878ddb000 JavaThread "Unconstrained build operations Thread 4" [_thread_blocked, id=24284, stack(0x0000000a90600000,0x0000000a90700000)]
  0x000001b878dd5000 JavaThread "Unconstrained build operations Thread 5" [_thread_blocked, id=19444, stack(0x0000000a90700000,0x0000000a90800000)]
  0x000001b878de1800 JavaThread "Unconstrained build operations Thread 6" [_thread_blocked, id=13876, stack(0x0000000a90800000,0x0000000a90900000)]
  0x000001b878ddf000 JavaThread "Unconstrained build operations Thread 7" [_thread_blocked, id=12360, stack(0x0000000a90900000,0x0000000a90a00000)]
  0x000001b878ddb800 JavaThread "Unconstrained build operations Thread 8" [_thread_blocked, id=7376, stack(0x0000000a90a00000,0x0000000a90b00000)]
  0x000001b878ddd000 JavaThread "Unconstrained build operations Thread 9" [_thread_blocked, id=19324, stack(0x0000000a90b00000,0x0000000a90c00000)]
  0x000001b878ddc800 JavaThread "Unconstrained build operations Thread 10" [_thread_blocked, id=18992, stack(0x0000000a90c00000,0x0000000a90d00000)]
  0x000001b878dde000 JavaThread "Unconstrained build operations Thread 11" [_thread_blocked, id=11320, stack(0x0000000a90d00000,0x0000000a90e00000)]
  0x000001b878ddf800 JavaThread "Unconstrained build operations Thread 12" [_thread_blocked, id=21044, stack(0x0000000a90e00000,0x0000000a90f00000)]
  0x000001b878de0800 JavaThread "Unconstrained build operations Thread 13" [_thread_blocked, id=22012, stack(0x0000000a90f00000,0x0000000a91000000)]
  0x000001b8790b3800 JavaThread "jar transforms Thread 8" [_thread_blocked, id=12328, stack(0x0000000a91000000,0x0000000a91100000)]
  0x000001b8790b3000 JavaThread "jar transforms Thread 9" [_thread_blocked, id=18808, stack(0x0000000a91100000,0x0000000a91200000)]
  0x000001b8790b4800 JavaThread "jar transforms Thread 10" [_thread_blocked, id=7852, stack(0x0000000a91200000,0x0000000a91300000)]
  0x000001b8790b5800 JavaThread "jar transforms Thread 11" [_thread_blocked, id=16764, stack(0x0000000a91300000,0x0000000a91400000)]
  0x000001b8790af800 JavaThread "jar transforms Thread 12" [_thread_blocked, id=2596, stack(0x0000000a91400000,0x0000000a91500000)]
  0x000001b8790b2000 JavaThread "jar transforms Thread 13" [_thread_blocked, id=12064, stack(0x0000000a91500000,0x0000000a91600000)]
  0x000001b8790b0800 JavaThread "jar transforms Thread 14" [_thread_blocked, id=13920, stack(0x0000000a91600000,0x0000000a91700000)]
  0x000001b8790b6000 JavaThread "jar transforms Thread 15" [_thread_blocked, id=9896, stack(0x0000000a91700000,0x0000000a91800000)]
  0x000001b8790b7000 JavaThread "jar transforms Thread 16" [_thread_blocked, id=18408, stack(0x0000000a91800000,0x0000000a91900000)]
  0x000001b8790b1000 JavaThread "Memory manager" [_thread_blocked, id=14340, stack(0x0000000a91900000,0x0000000a91a00000)]
  0x000001b87917a000 JavaThread "C2 CompilerThread4" daemon [_thread_in_native, id=15996, stack(0x0000000a91a00000,0x0000000a91b00000)]
  0x000001b87c569800 JavaThread "C2 CompilerThread5" daemon [_thread_in_native, id=1520, stack(0x0000000a91b00000,0x0000000a91c00000)]
  0x000001b87aabd800 JavaThread "C2 CompilerThread6" daemon [_thread_in_native, id=9176, stack(0x0000000a91c00000,0x0000000a91d00000)]
=>0x000001b87cb02000 JavaThread "C2 CompilerThread7" daemon [_thread_in_native, id=1320, stack(0x0000000a91d00000,0x0000000a91e00000)]

Other Threads:
  0x000001b873dd1800 VMThread "VM Thread" [stack: 0x0000000a8c600000,0x0000000a8c700000] [id=11744]
  0x000001b87405a800 WatcherThread [stack: 0x0000000a8d100000,0x0000000a8d200000] [id=23420]
  0x000001b8583d5000 GCTaskThread "GC Thread#0" [stack: 0x0000000a8c100000,0x0000000a8c200000] [id=11696]
  0x000001b8754db800 GCTaskThread "GC Thread#1" [stack: 0x0000000a8d400000,0x0000000a8d500000] [id=19380]
  0x000001b8754dc800 GCTaskThread "GC Thread#2" [stack: 0x0000000a8d500000,0x0000000a8d600000] [id=22564]
  0x000001b874b08000 GCTaskThread "GC Thread#3" [stack: 0x0000000a8d600000,0x0000000a8d700000] [id=14188]
  0x000001b874b08800 GCTaskThread "GC Thread#4" [stack: 0x0000000a8d700000,0x0000000a8d800000] [id=7544]
  0x000001b874577800 GCTaskThread "GC Thread#5" [stack: 0x0000000a8d800000,0x0000000a8d900000] [id=6200]
  0x000001b87666b800 GCTaskThread "GC Thread#6" [stack: 0x0000000a8e700000,0x0000000a8e800000] [id=16948]
  0x000001b876945800 GCTaskThread "GC Thread#7" [stack: 0x0000000a8e800000,0x0000000a8e900000] [id=10640]
  0x000001b876946800 GCTaskThread "GC Thread#8" [stack: 0x0000000a8e900000,0x0000000a8ea00000] [id=16544]
  0x000001b876e67800 GCTaskThread "GC Thread#9" [stack: 0x0000000a8ea00000,0x0000000a8eb00000] [id=7540]
  0x000001b876e68800 GCTaskThread "GC Thread#10" [stack: 0x0000000a8eb00000,0x0000000a8ec00000] [id=14348]
  0x000001b876e65800 GCTaskThread "GC Thread#11" [stack: 0x0000000a8ec00000,0x0000000a8ed00000] [id=11376]
  0x000001b876e69000 GCTaskThread "GC Thread#12" [stack: 0x0000000a8ed00000,0x0000000a8ee00000] [id=21240]
  0x000001b8583eb000 ConcurrentGCThread "G1 Main Marker" [stack: 0x0000000a8c200000,0x0000000a8c300000] [id=11560]
  0x000001b8583ec800 ConcurrentGCThread "G1 Conc#0" [stack: 0x0000000a8c300000,0x0000000a8c400000] [id=20608]
  0x000001b876e6a800 ConcurrentGCThread "G1 Conc#1" [stack: 0x0000000a8ee00000,0x0000000a8ef00000] [id=22356]
  0x000001b876e66000 ConcurrentGCThread "G1 Conc#2" [stack: 0x0000000a8ef00000,0x0000000a8f000000] [id=21768]
  0x000001b873469000 ConcurrentGCThread "G1 Refine#0" [stack: 0x0000000a8c400000,0x0000000a8c500000] [id=2620]
  0x000001b87346a000 ConcurrentGCThread "G1 Young RemSet Sampling" [stack: 0x0000000a8c500000,0x0000000a8c600000] [id=12704]

Threads with active compile tasks:
C2 CompilerThread0     3441 5187 %     4       groovy.lang.MetaClassImpl::inheritInterfaceNewMetaMethods @ 100 (195 bytes)
C1 CompilerThread0     3441 5364       3       org.gradle.internal.instantiation.generator.AsmBackedClassGenerator$ClassBuilderImpl::applyConventionMappingToSetter (177 bytes)
C2 CompilerThread1     3441 5342   !   4       java.util.concurrent.ConcurrentHashMap::computeIfAbsent (576 bytes)
C2 CompilerThread2     3441 5238       4       sun.reflect.generics.parser.SignatureParser::parsePackageNameAndSimpleClassTypeSignature (119 bytes)
C2 CompilerThread3     3441 5192       4       java.beans.Introspector::addMethod (196 bytes)
C2 CompilerThread4     3441 5257       4       com.sun.beans.TypeResolver::resolve (37 bytes)
C2 CompilerThread5     3441 5307       4       java.beans.MethodRef::set (58 bytes)
C2 CompilerThread6     3441 5336       4       groovy.lang.MetaClassImpl$1MOPIter::methodNameAction (325 bytes)
C2 CompilerThread7     3441 5337   !   4       java.lang.reflect.Executable::sharedToGenericString (321 bytes)

VM state:not at safepoint (normal execution)

VM Mutex/Monitor currently owned by a thread: None

Heap address: 0x00000000e0000000, size: 512 MB, Compressed Oops mode: 32-bit
Narrow klass base: 0x0000000000000000, Narrow klass shift: 3
Compressed class space size: 260046848 Address: 0x0000000100000000

Heap:
 garbage-first heap   total 262144K, used 75792K [0x00000000e0000000, 0x0000000100000000)
  region size 1024K, 56 young (57344K), 19 survivors (19456K)
 Metaspace       used 53352K, capacity 55061K, committed 55296K, reserved 303104K
  class space    used 7058K, capacity 7667K, committed 7680K, reserved 253952K
Heap Regions: E=young(eden), S=young(survivor), O=old, HS=humongous(starts), HC=humongous(continues), CS=collection set, F=free, A=archive, TAMS=top-at-mark-start (previous, next)
|   0|0x00000000e0000000, 0x00000000e0100000, 0x00000000e0100000|100%| O|  |TAMS 0x00000000e0100000, 0x00000000e0000000| Untracked 
|   1|0x00000000e0100000, 0x00000000e0200000, 0x00000000e0200000|100%| O|  |TAMS 0x00000000e0200000, 0x00000000e0100000| Untracked 
|   2|0x00000000e0200000, 0x00000000e0300000, 0x00000000e0300000|100%| O|  |TAMS 0x00000000e0300000, 0x00000000e0200000| Untracked 
|   3|0x00000000e0300000, 0x00000000e0400000, 0x00000000e0400000|100%|HS|  |TAMS 0x00000000e0400000, 0x00000000e0300000| Complete 
|   4|0x00000000e0400000, 0x00000000e0500000, 0x00000000e0500000|100%|HC|  |TAMS 0x00000000e0500000, 0x00000000e0400000| Complete 
|   5|0x00000000e0500000, 0x00000000e0600000, 0x00000000e0600000|100%|HC|  |TAMS 0x00000000e0600000, 0x00000000e0500000| Complete 
|   6|0x00000000e0600000, 0x00000000e0700000, 0x00000000e0700000|100%| O|  |TAMS 0x00000000e0700000, 0x00000000e0600000| Untracked 
|   7|0x00000000e0700000, 0x00000000e0800000, 0x00000000e0800000|100%| O|  |TAMS 0x00000000e0800000, 0x00000000e0700000| Untracked 
|   8|0x00000000e0800000, 0x00000000e0900000, 0x00000000e0900000|100%| O|  |TAMS 0x00000000e0900000, 0x00000000e0800000| Untracked 
|   9|0x00000000e0900000, 0x00000000e0a00000, 0x00000000e0a00000|100%| O|  |TAMS 0x00000000e0a00000, 0x00000000e0900000| Untracked 
|  10|0x00000000e0a00000, 0x00000000e0b00000, 0x00000000e0b00000|100%| O|  |TAMS 0x00000000e0b00000, 0x00000000e0a00000| Untracked 
|  11|0x00000000e0b00000, 0x00000000e0c00000, 0x00000000e0c00000|100%| O|  |TAMS 0x00000000e0c00000, 0x00000000e0b00000| Untracked 
|  12|0x00000000e0c00000, 0x00000000e0d00000, 0x00000000e0d00000|100%| O|  |TAMS 0x00000000e0d00000, 0x00000000e0c00000| Untracked 
|  13|0x00000000e0d00000, 0x00000000e0e00000, 0x00000000e0e00000|100%| O|  |TAMS 0x00000000e0e00000, 0x00000000e0d00000| Untracked 
|  14|0x00000000e0e00000, 0x00000000e0f00000, 0x00000000e0f00000|100%| O|  |TAMS 0x00000000e0f00000, 0x00000000e0e00000| Untracked 
|  15|0x00000000e0f00000, 0x00000000e1000000, 0x00000000e1000000|100%| O|  |TAMS 0x00000000e1000000, 0x00000000e0f00000| Untracked 
|  16|0x00000000e1000000, 0x00000000e1100000, 0x00000000e1100000|100%| O|  |TAMS 0x00000000e1100000, 0x00000000e1000000| Untracked 
|  17|0x00000000e1100000, 0x00000000e1200000, 0x00000000e1200000|100%| O|  |TAMS 0x00000000e1117200, 0x00000000e1100000| Untracked 
|  18|0x00000000e1200000, 0x00000000e1300000, 0x00000000e1300000|100%| O|  |TAMS 0x00000000e1200000, 0x00000000e1200000| Untracked 
|  19|0x00000000e1300000, 0x00000000e130b400, 0x00000000e1400000|  4%| O|  |TAMS 0x00000000e1300000, 0x00000000e1300000| Untracked 
|  20|0x00000000e1400000, 0x00000000e1400000, 0x00000000e1500000|  0%| F|  |TAMS 0x00000000e1400000, 0x00000000e1400000| Untracked 
|  21|0x00000000e1500000, 0x00000000e1500000, 0x00000000e1600000|  0%| F|  |TAMS 0x00000000e1500000, 0x00000000e1500000| Untracked 
|  22|0x00000000e1600000, 0x00000000e1600000, 0x00000000e1700000|  0%| F|  |TAMS 0x00000000e1600000, 0x00000000e1600000| Untracked 
|  23|0x00000000e1700000, 0x00000000e1700000, 0x00000000e1800000|  0%| F|  |TAMS 0x00000000e1700000, 0x00000000e1700000| Untracked 
|  24|0x00000000e1800000, 0x00000000e1800000, 0x00000000e1900000|  0%| F|  |TAMS 0x00000000e1800000, 0x00000000e1800000| Untracked 
|  25|0x00000000e1900000, 0x00000000e1900000, 0x00000000e1a00000|  0%| F|  |TAMS 0x00000000e1900000, 0x00000000e1900000| Untracked 
|  26|0x00000000e1a00000, 0x00000000e1a00000, 0x00000000e1b00000|  0%| F|  |TAMS 0x00000000e1a00000, 0x00000000e1a00000| Untracked 
|  27|0x00000000e1b00000, 0x00000000e1b00000, 0x00000000e1c00000|  0%| F|  |TAMS 0x00000000e1b00000, 0x00000000e1b00000| Untracked 
|  28|0x00000000e1c00000, 0x00000000e1c00000, 0x00000000e1d00000|  0%| F|  |TAMS 0x00000000e1c00000, 0x00000000e1c00000| Untracked 
|  29|0x00000000e1d00000, 0x00000000e1d00000, 0x00000000e1e00000|  0%| F|  |TAMS 0x00000000e1d00000, 0x00000000e1d00000| Untracked 
|  30|0x00000000e1e00000, 0x00000000e1e00000, 0x00000000e1f00000|  0%| F|  |TAMS 0x00000000e1e00000, 0x00000000e1e00000| Untracked 
|  31|0x00000000e1f00000, 0x00000000e1f00000, 0x00000000e2000000|  0%| F|  |TAMS 0x00000000e1f00000, 0x00000000e1f00000| Untracked 
|  32|0x00000000e2000000, 0x00000000e2000000, 0x00000000e2100000|  0%| F|  |TAMS 0x00000000e2000000, 0x00000000e2000000| Untracked 
|  33|0x00000000e2100000, 0x00000000e2100000, 0x00000000e2200000|  0%| F|  |TAMS 0x00000000e2100000, 0x00000000e2100000| Untracked 
|  34|0x00000000e2200000, 0x00000000e2200000, 0x00000000e2300000|  0%| F|  |TAMS 0x00000000e2200000, 0x00000000e2200000| Untracked 
|  35|0x00000000e2300000, 0x00000000e2300000, 0x00000000e2400000|  0%| F|  |TAMS 0x00000000e2300000, 0x00000000e2300000| Untracked 
|  36|0x00000000e2400000, 0x00000000e2400000, 0x00000000e2500000|  0%| F|  |TAMS 0x00000000e2400000, 0x00000000e2400000| Untracked 
|  37|0x00000000e2500000, 0x00000000e2500000, 0x00000000e2600000|  0%| F|  |TAMS 0x00000000e2500000, 0x00000000e2500000| Untracked 
|  38|0x00000000e2600000, 0x00000000e2600000, 0x00000000e2700000|  0%| F|  |TAMS 0x00000000e2600000, 0x00000000e2600000| Untracked 
|  39|0x00000000e2700000, 0x00000000e2700000, 0x00000000e2800000|  0%| F|  |TAMS 0x00000000e2700000, 0x00000000e2700000| Untracked 
|  40|0x00000000e2800000, 0x00000000e2800000, 0x00000000e2900000|  0%| F|  |TAMS 0x00000000e2800000, 0x00000000e2800000| Untracked 
|  41|0x00000000e2900000, 0x00000000e2900000, 0x00000000e2a00000|  0%| F|  |TAMS 0x00000000e2900000, 0x00000000e2900000| Untracked 
|  42|0x00000000e2a00000, 0x00000000e2a00000, 0x00000000e2b00000|  0%| F|  |TAMS 0x00000000e2a00000, 0x00000000e2a00000| Untracked 
|  43|0x00000000e2b00000, 0x00000000e2b00000, 0x00000000e2c00000|  0%| F|  |TAMS 0x00000000e2b00000, 0x00000000e2b00000| Untracked 
|  44|0x00000000e2c00000, 0x00000000e2c00000, 0x00000000e2d00000|  0%| F|  |TAMS 0x00000000e2c00000, 0x00000000e2c00000| Untracked 
|  45|0x00000000e2d00000, 0x00000000e2d00000, 0x00000000e2e00000|  0%| F|  |TAMS 0x00000000e2d00000, 0x00000000e2d00000| Untracked 
|  46|0x00000000e2e00000, 0x00000000e2e00000, 0x00000000e2f00000|  0%| F|  |TAMS 0x00000000e2e00000, 0x00000000e2e00000| Untracked 
|  47|0x00000000e2f00000, 0x00000000e2f00000, 0x00000000e3000000|  0%| F|  |TAMS 0x00000000e2f00000, 0x00000000e2f00000| Untracked 
|  48|0x00000000e3000000, 0x00000000e3000000, 0x00000000e3100000|  0%| F|  |TAMS 0x00000000e3000000, 0x00000000e3000000| Untracked 
|  49|0x00000000e3100000, 0x00000000e3100000, 0x00000000e3200000|  0%| F|  |TAMS 0x00000000e3100000, 0x00000000e3100000| Untracked 
|  50|0x00000000e3200000, 0x00000000e3200000, 0x00000000e3300000|  0%| F|  |TAMS 0x00000000e3200000, 0x00000000e3200000| Untracked 
|  51|0x00000000e3300000, 0x00000000e3300000, 0x00000000e3400000|  0%| F|  |TAMS 0x00000000e3300000, 0x00000000e3300000| Untracked 
|  52|0x00000000e3400000, 0x00000000e3400000, 0x00000000e3500000|  0%| F|  |TAMS 0x00000000e3400000, 0x00000000e3400000| Untracked 
|  53|0x00000000e3500000, 0x00000000e3500000, 0x00000000e3600000|  0%| F|  |TAMS 0x00000000e3500000, 0x00000000e3500000| Untracked 
|  54|0x00000000e3600000, 0x00000000e3600000, 0x00000000e3700000|  0%| F|  |TAMS 0x00000000e3600000, 0x00000000e3600000| Untracked 
|  55|0x00000000e3700000, 0x00000000e3700000, 0x00000000e3800000|  0%| F|  |TAMS 0x00000000e3700000, 0x00000000e3700000| Untracked 
|  56|0x00000000e3800000, 0x00000000e3800000, 0x00000000e3900000|  0%| F|  |TAMS 0x00000000e3800000, 0x00000000e3800000| Untracked 
|  57|0x00000000e3900000, 0x00000000e3900000, 0x00000000e3a00000|  0%| F|  |TAMS 0x00000000e3900000, 0x00000000e3900000| Untracked 
|  58|0x00000000e3a00000, 0x00000000e3a00000, 0x00000000e3b00000|  0%| F|  |TAMS 0x00000000e3a00000, 0x00000000e3a00000| Untracked 
|  59|0x00000000e3b00000, 0x00000000e3b00000, 0x00000000e3c00000|  0%| F|  |TAMS 0x00000000e3b00000, 0x00000000e3b00000| Untracked 
|  60|0x00000000e3c00000, 0x00000000e3c00000, 0x00000000e3d00000|  0%| F|  |TAMS 0x00000000e3c00000, 0x00000000e3c00000| Untracked 
|  61|0x00000000e3d00000, 0x00000000e3d00000, 0x00000000e3e00000|  0%| F|  |TAMS 0x00000000e3d00000, 0x00000000e3d00000| Untracked 
|  62|0x00000000e3e00000, 0x00000000e3e00000, 0x00000000e3f00000|  0%| F|  |TAMS 0x00000000e3e00000, 0x00000000e3e00000| Untracked 
|  63|0x00000000e3f00000, 0x00000000e3f00000, 0x00000000e4000000|  0%| F|  |TAMS 0x00000000e3f00000, 0x00000000e3f00000| Untracked 
|  64|0x00000000e4000000, 0x00000000e4000000, 0x00000000e4100000|  0%| F|  |TAMS 0x00000000e4000000, 0x00000000e4000000| Untracked 
|  65|0x00000000e4100000, 0x00000000e4100000, 0x00000000e4200000|  0%| F|  |TAMS 0x00000000e4100000, 0x00000000e4100000| Untracked 
|  66|0x00000000e4200000, 0x00000000e4200000, 0x00000000e4300000|  0%| F|  |TAMS 0x00000000e4200000, 0x00000000e4200000| Untracked 
|  67|0x00000000e4300000, 0x00000000e4300000, 0x00000000e4400000|  0%| F|  |TAMS 0x00000000e4300000, 0x00000000e4300000| Untracked 
|  68|0x00000000e4400000, 0x00000000e4400000, 0x00000000e4500000|  0%| F|  |TAMS 0x00000000e4400000, 0x00000000e4400000| Untracked 
|  69|0x00000000e4500000, 0x00000000e4500000, 0x00000000e4600000|  0%| F|  |TAMS 0x00000000e4500000, 0x00000000e4500000| Untracked 
|  70|0x00000000e4600000, 0x00000000e4600000, 0x00000000e4700000|  0%| F|  |TAMS 0x00000000e4600000, 0x00000000e4600000| Untracked 
|  71|0x00000000e4700000, 0x00000000e4700000, 0x00000000e4800000|  0%| F|  |TAMS 0x00000000e4700000, 0x00000000e4700000| Untracked 
|  72|0x00000000e4800000, 0x00000000e4800000, 0x00000000e4900000|  0%| F|  |TAMS 0x00000000e4800000, 0x00000000e4800000| Untracked 
|  73|0x00000000e4900000, 0x00000000e4900000, 0x00000000e4a00000|  0%| F|  |TAMS 0x00000000e4900000, 0x00000000e4900000| Untracked 
|  74|0x00000000e4a00000, 0x00000000e4a00000, 0x00000000e4b00000|  0%| F|  |TAMS 0x00000000e4a00000, 0x00000000e4a00000| Untracked 
|  75|0x00000000e4b00000, 0x00000000e4b00000, 0x00000000e4c00000|  0%| F|  |TAMS 0x00000000e4b00000, 0x00000000e4b00000| Untracked 
|  76|0x00000000e4c00000, 0x00000000e4c00000, 0x00000000e4d00000|  0%| F|  |TAMS 0x00000000e4c00000, 0x00000000e4c00000| Untracked 
|  77|0x00000000e4d00000, 0x00000000e4d00000, 0x00000000e4e00000|  0%| F|  |TAMS 0x00000000e4d00000, 0x00000000e4d00000| Untracked 
|  78|0x00000000e4e00000, 0x00000000e4e00000, 0x00000000e4f00000|  0%| F|  |TAMS 0x00000000e4e00000, 0x00000000e4e00000| Untracked 
|  79|0x00000000e4f00000, 0x00000000e4f00000, 0x00000000e5000000|  0%| F|  |TAMS 0x00000000e4f00000, 0x00000000e4f00000| Untracked 
|  80|0x00000000e5000000, 0x00000000e5000000, 0x00000000e5100000|  0%| F|  |TAMS 0x00000000e5000000, 0x00000000e5000000| Untracked 
|  81|0x00000000e5100000, 0x00000000e5100000, 0x00000000e5200000|  0%| F|  |TAMS 0x00000000e5100000, 0x00000000e5100000| Untracked 
|  82|0x00000000e5200000, 0x00000000e5200000, 0x00000000e5300000|  0%| F|  |TAMS 0x00000000e5200000, 0x00000000e5200000| Untracked 
|  83|0x00000000e5300000, 0x00000000e5300000, 0x00000000e5400000|  0%| F|  |TAMS 0x00000000e5300000, 0x00000000e5300000| Untracked 
|  84|0x00000000e5400000, 0x00000000e54f8f70, 0x00000000e5500000| 97%| S|CS|TAMS 0x00000000e5400000, 0x00000000e5400000| Complete 
|  85|0x00000000e5500000, 0x00000000e5600000, 0x00000000e5600000|100%| S|CS|TAMS 0x00000000e5500000, 0x00000000e5500000| Complete 
|  86|0x00000000e5600000, 0x00000000e5700000, 0x00000000e5700000|100%| S|CS|TAMS 0x00000000e5600000, 0x00000000e5600000| Complete 
|  87|0x00000000e5700000, 0x00000000e5800000, 0x00000000e5800000|100%| S|CS|TAMS 0x00000000e5700000, 0x00000000e5700000| Complete 
|  88|0x00000000e5800000, 0x00000000e5900000, 0x00000000e5900000|100%| S|CS|TAMS 0x00000000e5800000, 0x00000000e5800000| Complete 
|  89|0x00000000e5900000, 0x00000000e5a00000, 0x00000000e5a00000|100%| S|CS|TAMS 0x00000000e5900000, 0x00000000e5900000| Complete 
|  90|0x00000000e5a00000, 0x00000000e5b00000, 0x00000000e5b00000|100%| S|CS|TAMS 0x00000000e5a00000, 0x00000000e5a00000| Complete 
|  91|0x00000000e5b00000, 0x00000000e5c00000, 0x00000000e5c00000|100%| S|CS|TAMS 0x00000000e5b00000, 0x00000000e5b00000| Complete 
|  92|0x00000000e5c00000, 0x00000000e5d00000, 0x00000000e5d00000|100%| S|CS|TAMS 0x00000000e5c00000, 0x00000000e5c00000| Complete 
|  93|0x00000000e5d00000, 0x00000000e5e00000, 0x00000000e5e00000|100%| S|CS|TAMS 0x00000000e5d00000, 0x00000000e5d00000| Complete 
|  94|0x00000000e5e00000, 0x00000000e5f00000, 0x00000000e5f00000|100%| S|CS|TAMS 0x00000000e5e00000, 0x00000000e5e00000| Complete 
|  95|0x00000000e5f00000, 0x00000000e6000000, 0x00000000e6000000|100%| S|CS|TAMS 0x00000000e5f00000, 0x00000000e5f00000| Complete 
|  96|0x00000000e6000000, 0x00000000e6100000, 0x00000000e6100000|100%| S|CS|TAMS 0x00000000e6000000, 0x00000000e6000000| Complete 
|  97|0x00000000e6100000, 0x00000000e6200000, 0x00000000e6200000|100%| S|CS|TAMS 0x00000000e6100000, 0x00000000e6100000| Complete 
|  98|0x00000000e6200000, 0x00000000e6300000, 0x00000000e6300000|100%| S|CS|TAMS 0x00000000e6200000, 0x00000000e6200000| Complete 
|  99|0x00000000e6300000, 0x00000000e6400000, 0x00000000e6400000|100%| S|CS|TAMS 0x00000000e6300000, 0x00000000e6300000| Complete 
| 100|0x00000000e6400000, 0x00000000e6500000, 0x00000000e6500000|100%| S|CS|TAMS 0x00000000e6400000, 0x00000000e6400000| Complete 
| 101|0x00000000e6500000, 0x00000000e6600000, 0x00000000e6600000|100%| S|CS|TAMS 0x00000000e6500000, 0x00000000e6500000| Complete 
| 102|0x00000000e6600000, 0x00000000e6700000, 0x00000000e6700000|100%| S|CS|TAMS 0x00000000e6600000, 0x00000000e6600000| Complete 
| 103|0x00000000e6700000, 0x00000000e6700000, 0x00000000e6800000|  0%| F|  |TAMS 0x00000000e6700000, 0x00000000e6700000| Untracked 
| 104|0x00000000e6800000, 0x00000000e6800000, 0x00000000e6900000|  0%| F|  |TAMS 0x00000000e6800000, 0x00000000e6800000| Untracked 
| 105|0x00000000e6900000, 0x00000000e6900000, 0x00000000e6a00000|  0%| F|  |TAMS 0x00000000e6900000, 0x00000000e6900000| Untracked 
| 106|0x00000000e6a00000, 0x00000000e6a00000, 0x00000000e6b00000|  0%| F|  |TAMS 0x00000000e6a00000, 0x00000000e6a00000| Untracked 
| 107|0x00000000e6b00000, 0x00000000e6b00000, 0x00000000e6c00000|  0%| F|  |TAMS 0x00000000e6b00000, 0x00000000e6b00000| Untracked 
| 108|0x00000000e6c00000, 0x00000000e6c00000, 0x00000000e6d00000|  0%| F|  |TAMS 0x00000000e6c00000, 0x00000000e6c00000| Untracked 
| 109|0x00000000e6d00000, 0x00000000e6d00000, 0x00000000e6e00000|  0%| F|  |TAMS 0x00000000e6d00000, 0x00000000e6d00000| Untracked 
| 110|0x00000000e6e00000, 0x00000000e6e00000, 0x00000000e6f00000|  0%| F|  |TAMS 0x00000000e6e00000, 0x00000000e6e00000| Untracked 
| 111|0x00000000e6f00000, 0x00000000e6f00000, 0x00000000e7000000|  0%| F|  |TAMS 0x00000000e6f00000, 0x00000000e6f00000| Untracked 
| 112|0x00000000e7000000, 0x00000000e7000000, 0x00000000e7100000|  0%| F|  |TAMS 0x00000000e7000000, 0x00000000e7000000| Untracked 
| 113|0x00000000e7100000, 0x00000000e7100000, 0x00000000e7200000|  0%| F|  |TAMS 0x00000000e7100000, 0x00000000e7100000| Untracked 
| 114|0x00000000e7200000, 0x00000000e7200000, 0x00000000e7300000|  0%| F|  |TAMS 0x00000000e7200000, 0x00000000e7200000| Untracked 
| 115|0x00000000e7300000, 0x00000000e7300000, 0x00000000e7400000|  0%| F|  |TAMS 0x00000000e7300000, 0x00000000e7300000| Untracked 
| 116|0x00000000e7400000, 0x00000000e7400000, 0x00000000e7500000|  0%| F|  |TAMS 0x00000000e7400000, 0x00000000e7400000| Untracked 
| 117|0x00000000e7500000, 0x00000000e7500000, 0x00000000e7600000|  0%| F|  |TAMS 0x00000000e7500000, 0x00000000e7500000| Untracked 
| 118|0x00000000e7600000, 0x00000000e7600000, 0x00000000e7700000|  0%| F|  |TAMS 0x00000000e7600000, 0x00000000e7600000| Untracked 
| 119|0x00000000e7700000, 0x00000000e7700000, 0x00000000e7800000|  0%| F|  |TAMS 0x00000000e7700000, 0x00000000e7700000| Untracked 
| 120|0x00000000e7800000, 0x00000000e7800000, 0x00000000e7900000|  0%| F|  |TAMS 0x00000000e7800000, 0x00000000e7800000| Untracked 
| 121|0x00000000e7900000, 0x00000000e7900000, 0x00000000e7a00000|  0%| F|  |TAMS 0x00000000e7900000, 0x00000000e7900000| Untracked 
| 122|0x00000000e7a00000, 0x00000000e7a00000, 0x00000000e7b00000|  0%| F|  |TAMS 0x00000000e7a00000, 0x00000000e7a00000| Untracked 
| 123|0x00000000e7b00000, 0x00000000e7b00000, 0x00000000e7c00000|  0%| F|  |TAMS 0x00000000e7b00000, 0x00000000e7b00000| Untracked 
| 124|0x00000000e7c00000, 0x00000000e7c00000, 0x00000000e7d00000|  0%| F|  |TAMS 0x00000000e7c00000, 0x00000000e7c00000| Untracked 
| 125|0x00000000e7d00000, 0x00000000e7d00000, 0x00000000e7e00000|  0%| F|  |TAMS 0x00000000e7d00000, 0x00000000e7d00000| Untracked 
| 126|0x00000000e7e00000, 0x00000000e7e00000, 0x00000000e7f00000|  0%| F|  |TAMS 0x00000000e7e00000, 0x00000000e7e00000| Untracked 
| 127|0x00000000e7f00000, 0x00000000e7f00000, 0x00000000e8000000|  0%| F|  |TAMS 0x00000000e7f00000, 0x00000000e7f00000| Untracked 
| 128|0x00000000e8000000, 0x00000000e8000000, 0x00000000e8100000|  0%| F|  |TAMS 0x00000000e8000000, 0x00000000e8000000| Untracked 
| 129|0x00000000e8100000, 0x00000000e8100000, 0x00000000e8200000|  0%| F|  |TAMS 0x00000000e8100000, 0x00000000e8100000| Untracked 
| 130|0x00000000e8200000, 0x00000000e8200000, 0x00000000e8300000|  0%| F|  |TAMS 0x00000000e8200000, 0x00000000e8200000| Untracked 
| 131|0x00000000e8300000, 0x00000000e8300000, 0x00000000e8400000|  0%| F|  |TAMS 0x00000000e8300000, 0x00000000e8300000| Untracked 
| 132|0x00000000e8400000, 0x00000000e8400000, 0x00000000e8500000|  0%| F|  |TAMS 0x00000000e8400000, 0x00000000e8400000| Untracked 
| 133|0x00000000e8500000, 0x00000000e8500000, 0x00000000e8600000|  0%| F|  |TAMS 0x00000000e8500000, 0x00000000e8500000| Untracked 
| 134|0x00000000e8600000, 0x00000000e8600000, 0x00000000e8700000|  0%| F|  |TAMS 0x00000000e8600000, 0x00000000e8600000| Untracked 
| 135|0x00000000e8700000, 0x00000000e8700000, 0x00000000e8800000|  0%| F|  |TAMS 0x00000000e8700000, 0x00000000e8700000| Untracked 
| 136|0x00000000e8800000, 0x00000000e8800000, 0x00000000e8900000|  0%| F|  |TAMS 0x00000000e8800000, 0x00000000e8800000| Untracked 
| 137|0x00000000e8900000, 0x00000000e8900000, 0x00000000e8a00000|  0%| F|  |TAMS 0x00000000e8900000, 0x00000000e8900000| Untracked 
| 138|0x00000000e8a00000, 0x00000000e8a00000, 0x00000000e8b00000|  0%| F|  |TAMS 0x00000000e8a00000, 0x00000000e8a00000| Untracked 
| 139|0x00000000e8b00000, 0x00000000e8b00000, 0x00000000e8c00000|  0%| F|  |TAMS 0x00000000e8b00000, 0x00000000e8b00000| Untracked 
| 140|0x00000000e8c00000, 0x00000000e8c00000, 0x00000000e8d00000|  0%| F|  |TAMS 0x00000000e8c00000, 0x00000000e8c00000| Untracked 
| 141|0x00000000e8d00000, 0x00000000e8d00000, 0x00000000e8e00000|  0%| F|  |TAMS 0x00000000e8d00000, 0x00000000e8d00000| Untracked 
| 142|0x00000000e8e00000, 0x00000000e8e00000, 0x00000000e8f00000|  0%| F|  |TAMS 0x00000000e8e00000, 0x00000000e8e00000| Untracked 
| 143|0x00000000e8f00000, 0x00000000e8f00000, 0x00000000e9000000|  0%| F|  |TAMS 0x00000000e8f00000, 0x00000000e8f00000| Untracked 
| 144|0x00000000e9000000, 0x00000000e9000000, 0x00000000e9100000|  0%| F|  |TAMS 0x00000000e9000000, 0x00000000e9000000| Untracked 
| 145|0x00000000e9100000, 0x00000000e9100000, 0x00000000e9200000|  0%| F|  |TAMS 0x00000000e9100000, 0x00000000e9100000| Untracked 
| 146|0x00000000e9200000, 0x00000000e9200000, 0x00000000e9300000|  0%| F|  |TAMS 0x00000000e9200000, 0x00000000e9200000| Untracked 
| 147|0x00000000e9300000, 0x00000000e9300000, 0x00000000e9400000|  0%| F|  |TAMS 0x00000000e9300000, 0x00000000e9300000| Untracked 
| 148|0x00000000e9400000, 0x00000000e9400000, 0x00000000e9500000|  0%| F|  |TAMS 0x00000000e9400000, 0x00000000e9400000| Untracked 
| 149|0x00000000e9500000, 0x00000000e9500000, 0x00000000e9600000|  0%| F|  |TAMS 0x00000000e9500000, 0x00000000e9500000| Untracked 
| 150|0x00000000e9600000, 0x00000000e9600000, 0x00000000e9700000|  0%| F|  |TAMS 0x00000000e9600000, 0x00000000e9600000| Untracked 
| 151|0x00000000e9700000, 0x00000000e9700000, 0x00000000e9800000|  0%| F|  |TAMS 0x00000000e9700000, 0x00000000e9700000| Untracked 
| 152|0x00000000e9800000, 0x00000000e9800000, 0x00000000e9900000|  0%| F|  |TAMS 0x00000000e9800000, 0x00000000e9800000| Untracked 
| 153|0x00000000e9900000, 0x00000000e9900000, 0x00000000e9a00000|  0%| F|  |TAMS 0x00000000e9900000, 0x00000000e9900000| Untracked 
| 154|0x00000000e9a00000, 0x00000000e9a00000, 0x00000000e9b00000|  0%| F|  |TAMS 0x00000000e9a00000, 0x00000000e9a00000| Untracked 
| 155|0x00000000e9b00000, 0x00000000e9b00000, 0x00000000e9c00000|  0%| F|  |TAMS 0x00000000e9b00000, 0x00000000e9b00000| Untracked 
| 156|0x00000000e9c00000, 0x00000000e9c00000, 0x00000000e9d00000|  0%| F|  |TAMS 0x00000000e9c00000, 0x00000000e9c00000| Untracked 
| 157|0x00000000e9d00000, 0x00000000e9d00000, 0x00000000e9e00000|  0%| F|  |TAMS 0x00000000e9d00000, 0x00000000e9d00000| Untracked 
| 158|0x00000000e9e00000, 0x00000000e9e00000, 0x00000000e9f00000|  0%| F|  |TAMS 0x00000000e9e00000, 0x00000000e9e00000| Untracked 
| 159|0x00000000e9f00000, 0x00000000e9f00000, 0x00000000ea000000|  0%| F|  |TAMS 0x00000000e9f00000, 0x00000000e9f00000| Untracked 
| 160|0x00000000ea000000, 0x00000000ea000000, 0x00000000ea100000|  0%| F|  |TAMS 0x00000000ea000000, 0x00000000ea000000| Untracked 
| 161|0x00000000ea100000, 0x00000000ea100000, 0x00000000ea200000|  0%| F|  |TAMS 0x00000000ea100000, 0x00000000ea100000| Untracked 
| 162|0x00000000ea200000, 0x00000000ea200000, 0x00000000ea300000|  0%| F|  |TAMS 0x00000000ea200000, 0x00000000ea200000| Untracked 
| 163|0x00000000ea300000, 0x00000000ea300000, 0x00000000ea400000|  0%| F|  |TAMS 0x00000000ea300000, 0x00000000ea300000| Untracked 
| 164|0x00000000ea400000, 0x00000000ea400000, 0x00000000ea500000|  0%| F|  |TAMS 0x00000000ea400000, 0x00000000ea400000| Untracked 
| 165|0x00000000ea500000, 0x00000000ea500000, 0x00000000ea600000|  0%| F|  |TAMS 0x00000000ea500000, 0x00000000ea500000| Untracked 
| 166|0x00000000ea600000, 0x00000000ea600000, 0x00000000ea700000|  0%| F|  |TAMS 0x00000000ea600000, 0x00000000ea600000| Untracked 
| 167|0x00000000ea700000, 0x00000000ea700000, 0x00000000ea800000|  0%| F|  |TAMS 0x00000000ea700000, 0x00000000ea700000| Untracked 
| 168|0x00000000ea800000, 0x00000000ea800000, 0x00000000ea900000|  0%| F|  |TAMS 0x00000000ea800000, 0x00000000ea800000| Untracked 
| 169|0x00000000ea900000, 0x00000000ea900000, 0x00000000eaa00000|  0%| F|  |TAMS 0x00000000ea900000, 0x00000000ea900000| Untracked 
| 170|0x00000000eaa00000, 0x00000000eaa00000, 0x00000000eab00000|  0%| F|  |TAMS 0x00000000eaa00000, 0x00000000eaa00000| Untracked 
| 171|0x00000000eab00000, 0x00000000eab00000, 0x00000000eac00000|  0%| F|  |TAMS 0x00000000eab00000, 0x00000000eab00000| Untracked 
| 172|0x00000000eac00000, 0x00000000eac00000, 0x00000000ead00000|  0%| F|  |TAMS 0x00000000eac00000, 0x00000000eac00000| Untracked 
| 173|0x00000000ead00000, 0x00000000ead00000, 0x00000000eae00000|  0%| F|  |TAMS 0x00000000ead00000, 0x00000000ead00000| Untracked 
| 174|0x00000000eae00000, 0x00000000eae00000, 0x00000000eaf00000|  0%| F|  |TAMS 0x00000000eae00000, 0x00000000eae00000| Untracked 
| 175|0x00000000eaf00000, 0x00000000eaf00000, 0x00000000eb000000|  0%| F|  |TAMS 0x00000000eaf00000, 0x00000000eaf00000| Untracked 
| 176|0x00000000eb000000, 0x00000000eb000000, 0x00000000eb100000|  0%| F|  |TAMS 0x00000000eb000000, 0x00000000eb000000| Untracked 
| 177|0x00000000eb100000, 0x00000000eb100000, 0x00000000eb200000|  0%| F|  |TAMS 0x00000000eb100000, 0x00000000eb100000| Untracked 
| 178|0x00000000eb200000, 0x00000000eb200000, 0x00000000eb300000|  0%| F|  |TAMS 0x00000000eb200000, 0x00000000eb200000| Untracked 
| 179|0x00000000eb300000, 0x00000000eb300000, 0x00000000eb400000|  0%| F|  |TAMS 0x00000000eb300000, 0x00000000eb300000| Untracked 
| 180|0x00000000eb400000, 0x00000000eb400000, 0x00000000eb500000|  0%| F|  |TAMS 0x00000000eb400000, 0x00000000eb400000| Untracked 
| 181|0x00000000eb500000, 0x00000000eb500000, 0x00000000eb600000|  0%| F|  |TAMS 0x00000000eb500000, 0x00000000eb500000| Untracked 
| 182|0x00000000eb600000, 0x00000000eb600000, 0x00000000eb700000|  0%| F|  |TAMS 0x00000000eb600000, 0x00000000eb600000| Untracked 
| 183|0x00000000eb700000, 0x00000000eb700000, 0x00000000eb800000|  0%| F|  |TAMS 0x00000000eb700000, 0x00000000eb700000| Untracked 
| 184|0x00000000eb800000, 0x00000000eb800000, 0x00000000eb900000|  0%| F|  |TAMS 0x00000000eb800000, 0x00000000eb800000| Untracked 
| 185|0x00000000eb900000, 0x00000000eb900000, 0x00000000eba00000|  0%| F|  |TAMS 0x00000000eb900000, 0x00000000eb900000| Untracked 
| 186|0x00000000eba00000, 0x00000000eba00000, 0x00000000ebb00000|  0%| F|  |TAMS 0x00000000eba00000, 0x00000000eba00000| Untracked 
| 187|0x00000000ebb00000, 0x00000000ebb00000, 0x00000000ebc00000|  0%| F|  |TAMS 0x00000000ebb00000, 0x00000000ebb00000| Untracked 
| 188|0x00000000ebc00000, 0x00000000ebc00000, 0x00000000ebd00000|  0%| F|  |TAMS 0x00000000ebc00000, 0x00000000ebc00000| Untracked 
| 189|0x00000000ebd00000, 0x00000000ebd00000, 0x00000000ebe00000|  0%| F|  |TAMS 0x00000000ebd00000, 0x00000000ebd00000| Untracked 
| 190|0x00000000ebe00000, 0x00000000ebe00000, 0x00000000ebf00000|  0%| F|  |TAMS 0x00000000ebe00000, 0x00000000ebe00000| Untracked 
| 191|0x00000000ebf00000, 0x00000000ebf00000, 0x00000000ec000000|  0%| F|  |TAMS 0x00000000ebf00000, 0x00000000ebf00000| Untracked 
| 192|0x00000000ec000000, 0x00000000ec000000, 0x00000000ec100000|  0%| F|  |TAMS 0x00000000ec000000, 0x00000000ec000000| Untracked 
| 193|0x00000000ec100000, 0x00000000ec100000, 0x00000000ec200000|  0%| F|  |TAMS 0x00000000ec100000, 0x00000000ec100000| Untracked 
| 194|0x00000000ec200000, 0x00000000ec200000, 0x00000000ec300000|  0%| F|  |TAMS 0x00000000ec200000, 0x00000000ec200000| Untracked 
| 195|0x00000000ec300000, 0x00000000ec300000, 0x00000000ec400000|  0%| F|  |TAMS 0x00000000ec300000, 0x00000000ec300000| Untracked 
| 196|0x00000000ec400000, 0x00000000ec400000, 0x00000000ec500000|  0%| F|  |TAMS 0x00000000ec400000, 0x00000000ec400000| Untracked 
| 197|0x00000000ec500000, 0x00000000ec500000, 0x00000000ec600000|  0%| F|  |TAMS 0x00000000ec500000, 0x00000000ec500000| Untracked 
| 198|0x00000000ec600000, 0x00000000ec600000, 0x00000000ec700000|  0%| F|  |TAMS 0x00000000ec600000, 0x00000000ec600000| Untracked 
| 199|0x00000000ec700000, 0x00000000ec700000, 0x00000000ec800000|  0%| F|  |TAMS 0x00000000ec700000, 0x00000000ec700000| Untracked 
| 200|0x00000000ec800000, 0x00000000ec800000, 0x00000000ec900000|  0%| F|  |TAMS 0x00000000ec800000, 0x00000000ec800000| Untracked 
| 201|0x00000000ec900000, 0x00000000ec900000, 0x00000000eca00000|  0%| F|  |TAMS 0x00000000ec900000, 0x00000000ec900000| Untracked 
| 202|0x00000000eca00000, 0x00000000eca00000, 0x00000000ecb00000|  0%| F|  |TAMS 0x00000000eca00000, 0x00000000eca00000| Untracked 
| 203|0x00000000ecb00000, 0x00000000ecb00000, 0x00000000ecc00000|  0%| F|  |TAMS 0x00000000ecb00000, 0x00000000ecb00000| Untracked 
| 204|0x00000000ecc00000, 0x00000000ecc00000, 0x00000000ecd00000|  0%| F|  |TAMS 0x00000000ecc00000, 0x00000000ecc00000| Untracked 
| 205|0x00000000ecd00000, 0x00000000ecd00000, 0x00000000ece00000|  0%| F|  |TAMS 0x00000000ecd00000, 0x00000000ecd00000| Untracked 
| 206|0x00000000ece00000, 0x00000000ece00000, 0x00000000ecf00000|  0%| F|  |TAMS 0x00000000ece00000, 0x00000000ece00000| Untracked 
| 207|0x00000000ecf00000, 0x00000000ecf00000, 0x00000000ed000000|  0%| F|  |TAMS 0x00000000ecf00000, 0x00000000ecf00000| Untracked 
| 208|0x00000000ed000000, 0x00000000ed000000, 0x00000000ed100000|  0%| F|  |TAMS 0x00000000ed000000, 0x00000000ed000000| Untracked 
| 209|0x00000000ed100000, 0x00000000ed100000, 0x00000000ed200000|  0%| F|  |TAMS 0x00000000ed100000, 0x00000000ed100000| Untracked 
| 210|0x00000000ed200000, 0x00000000ed200000, 0x00000000ed300000|  0%| F|  |TAMS 0x00000000ed200000, 0x00000000ed200000| Untracked 
| 211|0x00000000ed300000, 0x00000000ed300000, 0x00000000ed400000|  0%| F|  |TAMS 0x00000000ed300000, 0x00000000ed300000| Untracked 
| 212|0x00000000ed400000, 0x00000000ed400000, 0x00000000ed500000|  0%| F|  |TAMS 0x00000000ed400000, 0x00000000ed400000| Untracked 
| 213|0x00000000ed500000, 0x00000000ed500000, 0x00000000ed600000|  0%| F|  |TAMS 0x00000000ed500000, 0x00000000ed500000| Untracked 
| 214|0x00000000ed600000, 0x00000000ed600000, 0x00000000ed700000|  0%| F|  |TAMS 0x00000000ed600000, 0x00000000ed600000| Untracked 
| 215|0x00000000ed700000, 0x00000000ed700000, 0x00000000ed800000|  0%| F|  |TAMS 0x00000000ed700000, 0x00000000ed700000| Untracked 
| 216|0x00000000ed800000, 0x00000000ed800000, 0x00000000ed900000|  0%| F|  |TAMS 0x00000000ed800000, 0x00000000ed800000| Untracked 
| 217|0x00000000ed900000, 0x00000000ed900000, 0x00000000eda00000|  0%| F|  |TAMS 0x00000000ed900000, 0x00000000ed900000| Untracked 
| 218|0x00000000eda00000, 0x00000000eda00000, 0x00000000edb00000|  0%| F|  |TAMS 0x00000000eda00000, 0x00000000eda00000| Untracked 
| 219|0x00000000edb00000, 0x00000000edb83598, 0x00000000edc00000| 51%| E|  |TAMS 0x00000000edb00000, 0x00000000edb00000| Complete 
| 220|0x00000000edc00000, 0x00000000edd00000, 0x00000000edd00000|100%| E|CS|TAMS 0x00000000edc00000, 0x00000000edc00000| Complete 
| 221|0x00000000edd00000, 0x00000000ede00000, 0x00000000ede00000|100%| E|CS|TAMS 0x00000000edd00000, 0x00000000edd00000| Complete 
| 222|0x00000000ede00000, 0x00000000edf00000, 0x00000000edf00000|100%| E|CS|TAMS 0x00000000ede00000, 0x00000000ede00000| Complete 
| 223|0x00000000edf00000, 0x00000000ee000000, 0x00000000ee000000|100%| E|CS|TAMS 0x00000000edf00000, 0x00000000edf00000| Complete 
| 224|0x00000000ee000000, 0x00000000ee100000, 0x00000000ee100000|100%| E|CS|TAMS 0x00000000ee000000, 0x00000000ee000000| Complete 
| 225|0x00000000ee100000, 0x00000000ee200000, 0x00000000ee200000|100%| E|CS|TAMS 0x00000000ee100000, 0x00000000ee100000| Complete 
| 226|0x00000000ee200000, 0x00000000ee300000, 0x00000000ee300000|100%| E|CS|TAMS 0x00000000ee200000, 0x00000000ee200000| Complete 
| 227|0x00000000ee300000, 0x00000000ee400000, 0x00000000ee400000|100%| E|CS|TAMS 0x00000000ee300000, 0x00000000ee300000| Complete 
| 228|0x00000000ee400000, 0x00000000ee500000, 0x00000000ee500000|100%| E|CS|TAMS 0x00000000ee400000, 0x00000000ee400000| Complete 
| 229|0x00000000ee500000, 0x00000000ee600000, 0x00000000ee600000|100%| E|CS|TAMS 0x00000000ee500000, 0x00000000ee500000| Complete 
| 230|0x00000000ee600000, 0x00000000ee700000, 0x00000000ee700000|100%| E|CS|TAMS 0x00000000ee600000, 0x00000000ee600000| Complete 
| 231|0x00000000ee700000, 0x00000000ee800000, 0x00000000ee800000|100%| E|CS|TAMS 0x00000000ee700000, 0x00000000ee700000| Complete 
| 232|0x00000000ee800000, 0x00000000ee900000, 0x00000000ee900000|100%| E|CS|TAMS 0x00000000ee800000, 0x00000000ee800000| Complete 
| 233|0x00000000ee900000, 0x00000000eea00000, 0x00000000eea00000|100%| E|CS|TAMS 0x00000000ee900000, 0x00000000ee900000| Complete 
| 234|0x00000000eea00000, 0x00000000eeb00000, 0x00000000eeb00000|100%| E|CS|TAMS 0x00000000eea00000, 0x00000000eea00000| Complete 
| 235|0x00000000eeb00000, 0x00000000eec00000, 0x00000000eec00000|100%| E|CS|TAMS 0x00000000eeb00000, 0x00000000eeb00000| Complete 
| 236|0x00000000eec00000, 0x00000000eed00000, 0x00000000eed00000|100%| E|CS|TAMS 0x00000000eec00000, 0x00000000eec00000| Complete 
| 237|0x00000000eed00000, 0x00000000eee00000, 0x00000000eee00000|100%| E|CS|TAMS 0x00000000eed00000, 0x00000000eed00000| Complete 
| 238|0x00000000eee00000, 0x00000000eef00000, 0x00000000eef00000|100%| E|CS|TAMS 0x00000000eee00000, 0x00000000eee00000| Complete 
| 239|0x00000000eef00000, 0x00000000ef000000, 0x00000000ef000000|100%| E|CS|TAMS 0x00000000eef00000, 0x00000000eef00000| Complete 
| 240|0x00000000ef000000, 0x00000000ef100000, 0x00000000ef100000|100%| E|CS|TAMS 0x00000000ef000000, 0x00000000ef000000| Complete 
| 241|0x00000000ef100000, 0x00000000ef200000, 0x00000000ef200000|100%| E|CS|TAMS 0x00000000ef100000, 0x00000000ef100000| Complete 
| 242|0x00000000ef200000, 0x00000000ef300000, 0x00000000ef300000|100%| E|CS|TAMS 0x00000000ef200000, 0x00000000ef200000| Complete 
| 243|0x00000000ef300000, 0x00000000ef400000, 0x00000000ef400000|100%| E|CS|TAMS 0x00000000ef300000, 0x00000000ef300000| Complete 
| 244|0x00000000ef400000, 0x00000000ef500000, 0x00000000ef500000|100%| E|CS|TAMS 0x00000000ef400000, 0x00000000ef400000| Complete 
| 245|0x00000000ef500000, 0x00000000ef600000, 0x00000000ef600000|100%| E|CS|TAMS 0x00000000ef500000, 0x00000000ef500000| Complete 
| 246|0x00000000ef600000, 0x00000000ef700000, 0x00000000ef700000|100%| E|CS|TAMS 0x00000000ef600000, 0x00000000ef600000| Complete 
| 247|0x00000000ef700000, 0x00000000ef800000, 0x00000000ef800000|100%| E|CS|TAMS 0x00000000ef700000, 0x00000000ef700000| Complete 
| 248|0x00000000ef800000, 0x00000000ef900000, 0x00000000ef900000|100%| E|CS|TAMS 0x00000000ef800000, 0x00000000ef800000| Complete 
| 249|0x00000000ef900000, 0x00000000efa00000, 0x00000000efa00000|100%| E|CS|TAMS 0x00000000ef900000, 0x00000000ef900000| Complete 
| 250|0x00000000efa00000, 0x00000000efb00000, 0x00000000efb00000|100%| E|CS|TAMS 0x00000000efa00000, 0x00000000efa00000| Complete 
| 251|0x00000000efb00000, 0x00000000efc00000, 0x00000000efc00000|100%| E|CS|TAMS 0x00000000efb00000, 0x00000000efb00000| Complete 
| 252|0x00000000efc00000, 0x00000000efd00000, 0x00000000efd00000|100%| E|CS|TAMS 0x00000000efc00000, 0x00000000efc00000| Complete 
| 253|0x00000000efd00000, 0x00000000efe00000, 0x00000000efe00000|100%| E|CS|TAMS 0x00000000efd00000, 0x00000000efd00000| Complete 
| 254|0x00000000efe00000, 0x00000000eff00000, 0x00000000eff00000|100%| E|CS|TAMS 0x00000000efe00000, 0x00000000efe00000| Complete 
| 255|0x00000000eff00000, 0x00000000f0000000, 0x00000000f0000000|100%| E|CS|TAMS 0x00000000eff00000, 0x00000000eff00000| Complete 

Card table byte_map: [0x000001b86f3a0000,0x000001b86f4a0000] _byte_map_base: 0x000001b86eca0000

Marking Bits (Prev, Next): (CMBitMap*) 0x000001b8583e85b8, (CMBitMap*) 0x000001b8583e85f0
 Prev Bits: [0x000001b86f5a0000, 0x000001b86fda0000)
 Next Bits: [0x000001b86fda0000, 0x000001b8705a0000)

Polling page: 0x000001b857b30000

Metaspace:

Usage:
  Non-class:     46.28 MB capacity,    45.24 MB ( 98%) used,   905.83 KB (  2%) free+waste,   158.81 KB ( <1%) overhead. 
      Class:      7.52 MB capacity,     6.90 MB ( 92%) used,   555.60 KB (  7%) free+waste,    80.38 KB (  1%) overhead. 
       Both:     53.80 MB capacity,    52.14 MB ( 97%) used,     1.43 MB (  3%) free+waste,   239.19 KB ( <1%) overhead. 

Virtual space:
  Non-class space:       48.00 MB reserved,      46.50 MB ( 97%) committed 
      Class space:      248.00 MB reserved,       7.63 MB (  3%) committed 
             Both:      296.00 MB reserved,      54.13 MB ( 18%) committed 

Chunk freelists:
   Non-Class:  3.75 KB
       Class:  1.63 KB
        Both:  5.38 KB

CodeHeap 'non-profiled nmethods': size=119168Kb used=3560Kb max_used=3560Kb free=115607Kb
 bounds [0x000001b8675c0000, 0x000001b867940000, 0x000001b86ea20000]
CodeHeap 'profiled nmethods': size=119168Kb used=11940Kb max_used=11940Kb free=107227Kb
 bounds [0x000001b860160000, 0x000001b860d10000, 0x000001b8675c0000]
CodeHeap 'non-nmethods': size=7424Kb used=3933Kb max_used=3989Kb free=3490Kb
 bounds [0x000001b85fa20000, 0x000001b85fe20000, 0x000001b860160000]
 total_blobs=6158 nmethods=5345 adapters=721
 compilation: enabled
              stopped_count=0, restarted_count=0
 full_count=0

Compilation events (10 events):
Event: 3.417 Thread 0x000001b8742ba000 5344  s!   3       org.codehaus.groovy.runtime.callsite.CallSiteClassLoader::loadClass (44 bytes)
Event: 3.418 Thread 0x000001b873e6c800 nmethod 5343 0x000001b860cf8890 code [0x000001b860cf8a60, 0x000001b860cf8e08]
Event: 3.418 Thread 0x000001b8742ba000 nmethod 5344 0x000001b860cf8f90 code [0x000001b860cf92a0, 0x000001b860cfaa18]
Event: 3.419 Thread 0x000001b8742ba000 5348       3       groovyjarjarasm.asm.Type::appendDescriptor (185 bytes)
Event: 3.419 Thread 0x000001b874483800 5346       3       org.codehaus.groovy.classgen.asm.BytecodeHelper::getTypeDescription (5 bytes)
Event: 3.419 Thread 0x000001b87358e000 5347       3       groovyjarjarasm.asm.Type::getDescriptor (18 bytes)
Event: 3.419 Thread 0x000001b873e6c800 5349       3       groovyjarjarasm.asm.MethodWriter::computeAllFrames (510 bytes)
Event: 3.419 Thread 0x000001b874483800 nmethod 5346 0x000001b860cfb110 code [0x000001b860cfb2e0, 0x000001b860cfb588]
Event: 3.419 Thread 0x000001b87358e000 nmethod 5347 0x000001b860cfb710 code [0x000001b860cfb920, 0x000001b860cfbf38]
Event: 3.420 Thread 0x000001b8742ba000 nmethod 5348 0x000001b860cfc190 code [0x000001b860cfc460, 0x000001b860cfd058]

GC Heap History (10 events):
Event: 1.284 GC heap before
{Heap before GC invocations=1 (full 0):
 garbage-first heap   total 262144K, used 113249K [0x00000000e0000000, 0x0000000100000000)
  region size 1024K, 104 young (106496K), 3 survivors (3072K)
 Metaspace       used 20633K, capacity 21093K, committed 21248K, reserved 272384K
  class space    used 2536K, capacity 2723K, committed 2816K, reserved 253952K
}
Event: 1.289 GC heap after
{Heap after GC invocations=2 (full 0):
 garbage-first heap   total 262144K, used 17312K [0x00000000e0000000, 0x0000000100000000)
  region size 1024K, 11 young (11264K), 11 survivors (11264K)
 Metaspace       used 20633K, capacity 21093K, committed 21248K, reserved 272384K
  class space    used 2536K, capacity 2723K, committed 2816K, reserved 253952K
}
Event: 1.581 GC heap before
{Heap before GC invocations=3 (full 0):
 garbage-first heap   total 262144K, used 74656K [0x00000000e0000000, 0x0000000100000000)
  region size 1024K, 67 young (68608K), 11 survivors (11264K)
 Metaspace       used 26455K, capacity 27066K, committed 27264K, reserved 278528K
  class space    used 3464K, capacity 3703K, committed 3712K, reserved 253952K
}
Event: 1.585 GC heap after
{Heap after GC invocations=4 (full 0):
 garbage-first heap   total 262144K, used 20078K [0x00000000e0000000, 0x0000000100000000)
  region size 1024K, 3 young (3072K), 3 survivors (3072K)
 Metaspace       used 26455K, capacity 27066K, committed 27264K, reserved 278528K
  class space    used 3464K, capacity 3703K, committed 3712K, reserved 253952K
}
Event: 1.975 GC heap before
{Heap before GC invocations=4 (full 0):
 garbage-first heap   total 262144K, used 79470K [0x00000000e0000000, 0x0000000100000000)
  region size 1024K, 62 young (63488K), 3 survivors (3072K)
 Metaspace       used 34911K, capacity 35685K, committed 35840K, reserved 286720K
  class space    used 4566K, capacity 4900K, committed 4992K, reserved 253952K
}
Event: 1.979 GC heap after
{Heap after GC invocations=5 (full 0):
 garbage-first heap   total 262144K, used 22968K [0x00000000e0000000, 0x0000000100000000)
  region size 1024K, 6 young (6144K), 6 survivors (6144K)
 Metaspace       used 34911K, capacity 35685K, committed 35840K, reserved 286720K
  class space    used 4566K, capacity 4900K, committed 4992K, reserved 253952K
}
Event: 2.597 GC heap before
{Heap before GC invocations=6 (full 0):
 garbage-first heap   total 262144K, used 144824K [0x00000000e0000000, 0x0000000100000000)
  region size 1024K, 121 young (123904K), 6 survivors (6144K)
 Metaspace       used 45413K, capacity 46498K, committed 46720K, reserved 294912K
  class space    used 5832K, capacity 6244K, committed 6272K, reserved 253952K
}
Event: 2.602 GC heap after
{Heap after GC invocations=7 (full 0):
 garbage-first heap   total 262144K, used 29510K [0x00000000e0000000, 0x0000000100000000)
  region size 1024K, 12 young (12288K), 12 survivors (12288K)
 Metaspace       used 45413K, capacity 46498K, committed 46720K, reserved 294912K
  class space    used 5832K, capacity 6244K, committed 6272K, reserved 253952K
}
Event: 3.288 GC heap before
{Heap before GC invocations=7 (full 0):
 garbage-first heap   total 262144K, used 173894K [0x00000000e0000000, 0x0000000100000000)
  region size 1024K, 153 young (156672K), 12 survivors (12288K)
 Metaspace       used 52571K, capacity 54165K, committed 54400K, reserved 301056K
  class space    used 6937K, capacity 7520K, committed 7552K, reserved 253952K
}
Event: 3.298 GC heap after
{Heap after GC invocations=8 (full 0):
 garbage-first heap   total 262144K, used 38928K [0x00000000e0000000, 0x0000000100000000)
  region size 1024K, 19 young (19456K), 19 survivors (19456K)
 Metaspace       used 52571K, capacity 54165K, committed 54400K, reserved 301056K
  class space    used 6937K, capacity 7520K, committed 7552K, reserved 253952K
}

Deoptimization events (10 events):
Event: 3.342 Thread 0x000001b873ffc800 Uncommon trap: reason=bimorphic_or_optimized_type_check action=maybe_recompile pc=0x000001b86786c8a8 method=java.util.Arrays.binarySearch0([Ljava/lang/Object;IILjava/lang/Object;Ljava/util/Comparator;)I @ 48 c2
Event: 3.342 Thread 0x000001b873ffc800 Uncommon trap: reason=bimorphic_or_optimized_type_check action=maybe_recompile pc=0x000001b867875354 method=java.util.Arrays.binarySearch0([Ljava/lang/Object;IILjava/lang/Object;Ljava/util/Comparator;)I @ 48 c2
Event: 3.342 Thread 0x000001b873ffc800 Uncommon trap: reason=unstable_if action=reinterpret pc=0x000001b8678f611c method=groovy.lang.MetaClassImpl$1MOPIter.methodNameAction(Ljava/lang/Class;Lorg/codehaus/groovy/runtime/metaclass/MetaMethodIndex$Entry;)V @ 277 c2
Event: 3.354 Thread 0x000001b873ffc800 Uncommon trap: reason=class_check action=maybe_recompile pc=0x000001b86779ef68 method=org.codehaus.groovy.reflection.ParameterTypes.getParametersTypes0()V @ 16 c2
Event: 3.354 Thread 0x000001b873ffc800 Uncommon trap: reason=class_check action=maybe_recompile pc=0x000001b86779ef68 method=org.codehaus.groovy.reflection.ParameterTypes.getParametersTypes0()V @ 16 c2
Event: 3.354 Thread 0x000001b873ffc800 Uncommon trap: reason=class_check action=maybe_recompile pc=0x000001b86779ef68 method=org.codehaus.groovy.reflection.ParameterTypes.getParametersTypes0()V @ 16 c2
Event: 3.393 Thread 0x000001b873ffc800 Uncommon trap: reason=unstable_if action=reinterpret pc=0x000001b8677cf058 method=java.lang.ClassLoader.checkCerts(Ljava/lang/String;Ljava/security/CodeSource;)V @ 29 c2
Event: 3.393 Thread 0x000001b873ffc800 Uncommon trap: reason=unstable_if action=reinterpret pc=0x000001b8677df694 method=java.lang.ClassLoader.postDefineClass(Ljava/lang/Class;Ljava/security/ProtectionDomain;)V @ 17 c2
Event: 3.393 Thread 0x000001b873ffc800 Uncommon trap: reason=unstable_if action=reinterpret pc=0x000001b8678242f4 method=java.lang.ClassLoader.loadClass(Ljava/lang/String;Z)Ljava/lang/Class; @ 29 c2
Event: 3.397 Thread 0x000001b873ffc800 Uncommon trap: reason=class_check action=make_not_entrant pc=0x000001b867922e3c method=java.util.ArrayList.toArray([Ljava/lang/Object;)[Ljava/lang/Object; @ 21 c2

Classes redefined (0 events):
No events

Internal exceptions (10 events):
Event: 3.402 Thread 0x000001b873ffc800 Exception <a 'java/lang/ClassNotFoundException'{0x00000000ee6c2d58}: org/gradle/api/internal/file/CompositeFileCollectionCustomizer> (0x00000000ee6c2d58) thrown at [./open/src/hotspot/share/classfile/systemDictionary.cpp, line 226]
Event: 3.402 Thread 0x000001b873ffc800 Exception <a 'java/lang/ClassNotFoundException'{0x00000000ee6fecc8}: org/gradle/api/internal/file/collections/DefaultConfigurableFileCollectionCustomizer> (0x00000000ee6fecc8) thrown at [./open/src/hotspot/share/classfile/systemDictionary.cpp, line 226]
Event: 3.407 Thread 0x000001b873ffc800 Exception <a 'java/lang/ClassNotFoundException'{0x00000000ee38eb00}: org/gradle/api/internal/tasks/DefaultSourceSetContainer_DecoratedBeanInfo> (0x00000000ee38eb00) thrown at [./open/src/hotspot/share/classfile/systemDictionary.cpp, line 226]
Event: 3.408 Thread 0x000001b873ffc800 Exception <a 'java/lang/ClassNotFoundException'{0x00000000ee3c98f8}: org/gradle/api/internal/tasks/DefaultSourceSetContainerBeanInfo> (0x00000000ee3c98f8) thrown at [./open/src/hotspot/share/classfile/systemDictionary.cpp, line 226]
Event: 3.408 Thread 0x000001b873ffc800 Exception <a 'java/lang/ClassNotFoundException'{0x00000000ee204570}: org/gradle/api/internal/tasks/DefaultSourceSetContainerCustomizer> (0x00000000ee204570) thrown at [./open/src/hotspot/share/classfile/systemDictionary.cpp, line 226]
Event: 3.409 Thread 0x000001b873ffc800 Exception <a 'java/lang/ClassNotFoundException'{0x00000000ee24ee58}: org/gradle/api/internal/tasks/DefaultSourceSetContainer_DecoratedCustomizer> (0x00000000ee24ee58) thrown at [./open/src/hotspot/share/classfile/systemDictionary.cpp, line 226]
Event: 3.412 Thread 0x000001b873ffc800 Exception <a 'java/lang/ClassNotFoundException'{0x00000000ee1029c0}: org/gradle/api/internal/tasks/DefaultSourceSet_DecoratedBeanInfo> (0x00000000ee1029c0) thrown at [./open/src/hotspot/share/classfile/systemDictionary.cpp, line 226]
Event: 3.412 Thread 0x000001b873ffc800 Exception <a 'java/lang/ClassNotFoundException'{0x00000000ee13a6c8}: org/gradle/api/internal/tasks/DefaultSourceSetBeanInfo> (0x00000000ee13a6c8) thrown at [./open/src/hotspot/share/classfile/systemDictionary.cpp, line 226]
Event: 3.413 Thread 0x000001b873ffc800 Exception <a 'java/lang/ClassNotFoundException'{0x00000000ee171da8}: org/gradle/api/internal/tasks/DefaultSourceSetCustomizer> (0x00000000ee171da8) thrown at [./open/src/hotspot/share/classfile/systemDictionary.cpp, line 226]
Event: 3.415 Thread 0x000001b873ffc800 Exception <a 'java/lang/ClassNotFoundException'{0x00000000ee1cd048}: org/gradle/api/internal/tasks/DefaultSourceSet_DecoratedCustomizer> (0x00000000ee1cd048) thrown at [./open/src/hotspot/share/classfile/systemDictionary.cpp, line 226]

Events (10 events):
Event: 3.418 loading class com/github/jengelman/gradle/plugins/shadow/ShadowJavaPlugin$_configureShadowTask_closure3$_closure11
Event: 3.418 loading class com/github/jengelman/gradle/plugins/shadow/ShadowJavaPlugin$_configureShadowTask_closure3$_closure11 done
Event: 3.418 loading class groovy/runtime/metaclass/com/github/jengelman/gradle/plugins/shadow/ShadowJavaPlugin$_configureShadowTask_closure3$_closure11MetaClass
Event: 3.418 loading class groovy/runtime/metaclass/com/github/jengelman/gradle/plugins/shadow/ShadowJavaPlugin$_configureShadowTask_closure3$_closure11MetaClass done
Event: 3.419 loading class org/gradle/util/internal/ConfigureUtil
Event: 3.419 loading class org/gradle/util/internal/ConfigureUtil done
Event: 3.420 loading class org/gradle/api/internal/notations/DependencyClassPathNotationConverter$1
Event: 3.420 loading class org/gradle/api/internal/notations/DependencyClassPathNotationConverter$1 done
Event: 3.421 loading class org/gradle/api/internal/notations/DependencyClassPathNotationConverter$GeneratedFileCollection
Event: 3.421 loading class org/gradle/api/internal/notations/DependencyClassPathNotationConverter$GeneratedFileCollection done


Dynamic libraries:
0x00007ff6dd4c0000 - 0x00007ff6dd4cf000 	C:\Program Files\Java\jdk-11.0.17\bin\java.exe
0x00007ffefe6d0000 - 0x00007ffefe8c8000 	C:\Windows\SYSTEM32\ntdll.dll
0x00007ffefce00000 - 0x00007ffefcebf000 	C:\Windows\System32\KERNEL32.DLL
0x00007ffefc0a0000 - 0x00007ffefc372000 	C:\Windows\System32\KERNELBASE.dll
0x00007ffefc620000 - 0x00007ffefc720000 	C:\Windows\System32\ucrtbase.dll
0x00007ffee9e40000 - 0x00007ffee9e55000 	C:\Program Files\Java\jdk-11.0.17\bin\VCRUNTIME140.dll
0x00007ffee5260000 - 0x00007ffee5278000 	C:\Program Files\Java\jdk-11.0.17\bin\jli.dll
0x00007ffefe5e0000 - 0x00007ffefe68e000 	C:\Windows\System32\ADVAPI32.dll
0x00007ffefced0000 - 0x00007ffefcf6e000 	C:\Windows\System32\msvcrt.dll
0x00007ffefe1e0000 - 0x00007ffefe27c000 	C:\Windows\System32\sechost.dll
0x00007ffefcf90000 - 0x00007ffefd0b4000 	C:\Windows\System32\RPCRT4.dll
0x00007ffefd0c0000 - 0x00007ffefd261000 	C:\Windows\System32\USER32.dll
0x00007ffefbdd0000 - 0x00007ffefbdf2000 	C:\Windows\System32\win32u.dll
0x00007ffefd4d0000 - 0x00007ffefd4fb000 	C:\Windows\System32\GDI32.dll
0x00007ffefc3f0000 - 0x00007ffefc4ff000 	C:\Windows\System32\gdi32full.dll
0x00007ffee5a70000 - 0x00007ffee5d0a000 	C:\Windows\WinSxS\amd64_microsoft.windows.common-controls_6595b64144ccf1df_6.0.19041.1110_none_60b5254171f9507e\COMCTL32.dll
0x00007ffefc550000 - 0x00007ffefc5ed000 	C:\Windows\System32\msvcp_win.dll
0x00007ffef2520000 - 0x00007ffef252a000 	C:\Windows\SYSTEM32\VERSION.dll
0x00007ffefe070000 - 0x00007ffefe0a0000 	C:\Windows\System32\IMM32.DLL
0x00007ffef44c0000 - 0x00007ffef46b6000 	C:\Windows\system32\tmumh\20019\AddOn\8.55.0.1053\TmUmEvt64.dll
0x00007ffefdf10000 - 0x00007ffefdf18000 	C:\Windows\System32\PSAPI.DLL
0x0000000067a30000 - 0x0000000067ba3000 	C:\Windows\system32\tmumh\20019\TmMon\2.9.0.1043\tmmon64.dll
0x00007ffeb1070000 - 0x00007ffeb110b000 	C:\Program Files\Java\jdk-11.0.17\bin\msvcp140.dll
0x00007ffe975c0000 - 0x00007ffe980da000 	C:\Program Files\Java\jdk-11.0.17\bin\server\jvm.dll
0x00007ffef7570000 - 0x00007ffef7579000 	C:\Windows\SYSTEM32\WSOCK32.dll
0x00007ffefe170000 - 0x00007ffefe1db000 	C:\Windows\System32\WS2_32.dll
0x00007ffee2920000 - 0x00007ffee2947000 	C:\Windows\SYSTEM32\WINMM.dll
0x00007ffefa5e0000 - 0x00007ffefa5f2000 	C:\Windows\SYSTEM32\kernel.appcore.dll
0x00007ffef2730000 - 0x00007ffef2740000 	C:\Program Files\Java\jdk-11.0.17\bin\verify.dll
0x00007ffef9b30000 - 0x00007ffef9d14000 	C:\Windows\SYSTEM32\DBGHELP.DLL
0x00007ffeee600000 - 0x00007ffeee635000 	C:\Windows\SYSTEM32\dbgcore.DLL
0x00007ffefbf60000 - 0x00007ffefbfe2000 	C:\Windows\System32\bcryptPrimitives.dll
0x00007ffee4df0000 - 0x00007ffee4e18000 	C:\Program Files\Java\jdk-11.0.17\bin\java.dll
0x00007ffeeb0d0000 - 0x00007ffeeb0da000 	C:\Program Files\Java\jdk-11.0.17\bin\jimage.dll
0x00007ffee4db0000 - 0x00007ffee4dc6000 	C:\Program Files\Java\jdk-11.0.17\bin\zip.dll
0x00007ffefd7c0000 - 0x00007ffefdf05000 	C:\Windows\System32\SHELL32.dll
0x00007ffef9e30000 - 0x00007ffefa5c2000 	C:\Windows\SYSTEM32\windows.storage.dll
0x00007ffefe280000 - 0x00007ffefe5d5000 	C:\Windows\System32\combase.dll
0x00007ffefb750000 - 0x00007ffefb780000 	C:\Windows\SYSTEM32\Wldp.dll
0x00007ffefd410000 - 0x00007ffefd4bd000 	C:\Windows\System32\SHCORE.dll
0x00007ffefc930000 - 0x00007ffefc985000 	C:\Windows\System32\shlwapi.dll
0x00007ffefbd10000 - 0x00007ffefbd2f000 	C:\Windows\SYSTEM32\profapi.dll
0x00007ffee41f0000 - 0x00007ffee4209000 	C:\Program Files\Java\jdk-11.0.17\bin\net.dll
0x00007ffef6360000 - 0x00007ffef646a000 	C:\Windows\SYSTEM32\WINHTTP.dll
0x00007ffefb530000 - 0x00007ffefb59a000 	C:\Windows\system32\mswsock.dll
0x00007ffee27f0000 - 0x00007ffee2802000 	C:\Program Files\Java\jdk-11.0.17\bin\nio.dll
0x00007ffede5f0000 - 0x00007ffede617000 	C:\Users\Chen Zi Han\.gradle\native\e1d6ef7f7dcc3fd88c89a11ec53ec762bb8ba0a96d01ffa2cd45eb1d1d8dd5c5\windows-amd64\native-platform.dll
0x00007ffea4190000 - 0x00007ffea42d4000 	C:\Users\Chen Zi Han\.gradle\native\0d407fdbe67a94daf76414ababcb853783967236a71b16ec16e742cd7a986fd3\windows-amd64\native-platform-file-events.dll
0x00007ffeea300000 - 0x00007ffeea309000 	C:\Program Files\Java\jdk-11.0.17\bin\management.dll
0x00007ffee59e0000 - 0x00007ffee59eb000 	C:\Program Files\Java\jdk-11.0.17\bin\management_ext.dll
0x00007ffefb790000 - 0x00007ffefb7a8000 	C:\Windows\SYSTEM32\CRYPTSP.dll
0x00007ffefae00000 - 0x00007ffefae34000 	C:\Windows\system32\rsaenh.dll
0x00007ffefc5f0000 - 0x00007ffefc617000 	C:\Windows\System32\bcrypt.dll
0x00007ffefbcd0000 - 0x00007ffefbcfe000 	C:\Windows\SYSTEM32\USERENV.dll
0x00007ffefb6c0000 - 0x00007ffefb6cc000 	C:\Windows\SYSTEM32\CRYPTBASE.dll
0x00007ffefb1f0000 - 0x00007ffefb22b000 	C:\Windows\SYSTEM32\IPHLPAPI.DLL
0x00007ffefcec0000 - 0x00007ffefcec8000 	C:\Windows\System32\NSI.dll
0x00007ffef4870000 - 0x00007ffef4887000 	C:\Windows\SYSTEM32\dhcpcsvc6.DLL
0x00007ffef4850000 - 0x00007ffef486d000 	C:\Windows\SYSTEM32\dhcpcsvc.DLL
0x00007ffefb230000 - 0x00007ffefb2fb000 	C:\Windows\SYSTEM32\DNSAPI.dll

dbghelp: loaded successfully - version: 4.0.5 - missing functions: none
symbol engine: initialized successfully - sym options: 0x614 - pdb path: .;C:\Program Files\Java\jdk-11.0.17\bin;C:\Windows\SYSTEM32;C:\Windows\WinSxS\amd64_microsoft.windows.common-controls_6595b64144ccf1df_6.0.19041.1110_none_60b5254171f9507e;C:\Windows\system32\tmumh\20019\AddOn\8.55.0.1053;C:\Windows\system32\tmumh\20019\TmMon\2.9.0.1043;C:\Program Files\Java\jdk-11.0.17\bin\server;C:\Users\Chen Zi Han\.gradle\native\e1d6ef7f7dcc3fd88c89a11ec53ec762bb8ba0a96d01ffa2cd45eb1d1d8dd5c5\windows-amd64;C:\Users\Chen Zi Han\.gradle\native\0d407fdbe67a94daf76414ababcb853783967236a71b16ec16e742cd7a986fd3\windows-amd64

VM Arguments:
jvm_args: --add-opens=java.base/java.util=ALL-UNNAMED --add-opens=java.base/java.lang=ALL-UNNAMED --add-opens=java.base/java.lang.invoke=ALL-UNNAMED --add-opens=java.base/java.util=ALL-UNNAMED --add-opens=java.prefs/java.util.prefs=ALL-UNNAMED --add-opens=java.prefs/java.util.prefs=ALL-UNNAMED --add-opens=java.base/java.nio.charset=ALL-UNNAMED --add-opens=java.base/java.net=ALL-UNNAMED --add-opens=java.base/java.util.concurrent.atomic=ALL-UNNAMED -XX:MaxMetaspaceSize=256m -XX:+HeapDumpOnOutOfMemoryError -Xms256m -Xmx512m -Dfile.encoding=GBK -Duser.country=SG -Duser.language=en -Duser.variant 
java_command: org.gradle.launcher.daemon.bootstrap.GradleDaemon 7.4.2
java_class_path (initial): C:\Users\Chen Zi Han\.gradle\wrapper\dists\gradle-7.4.2-bin\48ivgl02cpt2ed3fh9dbalvx8\gradle-7.4.2\lib\gradle-launcher-7.4.2.jar
Launcher Type: SUN_STANDARD

[Global flags]
     intx CICompilerCount                          = 12                                        {product} {ergonomic}
   size_t CompressedClassSpaceSize                 = 260046848                                 {product} {ergonomic}
     uint ConcGCThreads                            = 3                                         {product} {ergonomic}
     uint G1ConcRefinementThreads                  = 13                                        {product} {ergonomic}
   size_t G1HeapRegionSize                         = 1048576                                   {product} {ergonomic}
    uintx GCDrainStackTargetSize                   = 64                                        {product} {ergonomic}
     bool HeapDumpOnOutOfMemoryError               = true                                   {manageable} {command line}
   size_t InitialHeapSize                          = 268435456                                 {product} {command line}
   size_t MarkStackSize                            = 4194304                                   {product} {ergonomic}
   size_t MaxHeapSize                              = 536870912                                 {product} {command line}
   size_t MaxMetaspaceSize                         = 268435456                                 {product} {command line}
   size_t MaxNewSize                               = 321912832                                 {product} {ergonomic}
   size_t MinHeapDeltaBytes                        = 1048576                                   {product} {ergonomic}
    uintx NonNMethodCodeHeapSize                   = 7594288                                {pd product} {ergonomic}
    uintx NonProfiledCodeHeapSize                  = 122031976                              {pd product} {ergonomic}
    uintx ProfiledCodeHeapSize                     = 122031976                              {pd product} {ergonomic}
    uintx ReservedCodeCacheSize                    = 251658240                              {pd product} {ergonomic}
     bool SegmentedCodeCache                       = true                                      {product} {ergonomic}
     bool UseCompressedClassPointers               = true                                 {lp64_product} {ergonomic}
     bool UseCompressedOops                        = true                                 {lp64_product} {ergonomic}
     bool UseG1GC                                  = true                                      {product} {ergonomic}
     bool UseLargePagesIndividualAllocation        = false                                  {pd product} {ergonomic}

Logging:
Log output configuration:
 #0: stdout all=warning uptime,level,tags
 #1: stderr all=off uptime,level,tags

Environment Variables:
JAVA_HOME=C:\Program Files\Java\jdk-18.0.1.1
PATH=C:\Program Files\Common Files\Oracle\Java\javapath;C:\Windows\system32;C:\Windows;C:\Windows\System32\Wbem;C:\Windows\System32\WindowsPowerShell\v1.0\;C:\Windows\System32\OpenSSH\;C:\Program Files (x86)\NVIDIA Corporation\PhysX\Common;C:\Program Files\NVIDIA Corporation\NVIDIA NvDLISR;E:\Notepad++;C:\Program Files\Java\jdk-18.0.1.1\bin;C:\Program Files\Azure Data Studio\bin;C:\Program Files\Microsoft SQL Server\150\Tools\Binn\;C:\Program Files\Java\jdk1.7.0_80\bin;E:\\web\dll;E:\\;\web\dll;C:\Progr;; Files\Git\cmd;C:\Program Files\Git\cmd;C:\Users\Chen Zi Han\AppData\Local\Microsoft\WindowsApps;C:\Users\Chen Zi Han\AppData\Roaming\TinyTeX\bin\win32;C:\Program Files\Azure Data Studio\bin;E:\Microsoft VS Code\bin;C:\Users\Chen Zi Han\AppData\Local\GitHubDesktop\bin
USERNAME=Chen Zi Han
OS=Windows_NT
PROCESSOR_IDENTIFIER=Intel64 Family 6 Model 141 Stepping 1, GenuineIntel



---------------  S Y S T E M  ---------------

OS: Windows 10 , 64 bit Build 19041 (10.0.19041.2546)
Hyper-V role detected

CPU:total 16 (initial active 16) (8 cores per cpu, 2 threads per core) family 6 model 141 stepping 1 microcode 0x34, cmov, cx8, fxsr, mmx, sse, sse2, sse3, ssse3, sse4.1, sse4.2, popcnt, avx, avx2, aes, clmul, erms, 3dnowpref, lzcnt, ht, tsc, tscinvbit, bmi1, bmi2, adx, evex, sha, fma

Memory: 4k page, system-wide physical 16122M (2321M free)
TotalPageFile size 26441M (AvailPageFile size 6M)
current process WorkingSet (physical memory assigned to process): 446M, peak: 451M
current process commit charge ("private bytes"): 565M, peak: 567M

vm_info: Java HotSpot(TM) 64-Bit Server VM (11.0.17+10-LTS-269) for windows-amd64 JRE (11.0.17+10-LTS-269), built on Sep 13 2022 19:26:37 by "mach5one" with MS VC++ 15.9 (VS2017)

END.
