<?xml version="1.0" encoding="windows-1252" standalone="no"?>
<!DOCTYPE log SYSTEM "logger.dtd">
<log>
<record>
  <date>2023-03-15T05:05:08.187585800Z</date>
  <millis>1678856708187</millis>
  <nanos>585800</nanos>
  <sequence>0</sequence>
  <logger>seedu.badMaths.Trigo.TrigoGraphAnalyser</logger>
  <level>SEVERE</level>
  <class>seedu.badMaths.Trigo.TrigoGraphAnalyser</class>
  <method>canStartAnalyser</method>
  <thread>1</thread>
  <message>ArrayIndexOutOfBounds</message>
  <exception>
    <message>java.lang.ArrayIndexOutOfBoundsException: Index 1 out of bounds for length 1</message>
    <frame>
      <class>seedu.badMaths.Trigo.TrigoGraphAnalyser</class>
      <method>splitAmplitudeFromTrigoEqn</method>
      <line>105</line>
    </frame>
    <frame>
      <class>seedu.badMaths.Trigo.TrigoGraphAnalyser</class>
      <method>canStartAnalyser</method>
      <line>38</line>
    </frame>
    <frame>
      <class>seedu.badMaths.Trigo.TrigoGraph</class>
      <method>startGraphAnalysis</method>
      <line>13</line>
    </frame>
    <frame>
      <class>seedu.badMaths.Command</class>
      <method>executeCommand</method>
      <line>44</line>
    </frame>
    <frame>
      <class>seedu.badMaths.BadMaths</class>
      <method>main</method>
      <line>32</line>
    </frame>
  </exception>
</record>
</log>
<?xml version="1.0" encoding="windows-1252" standalone="no"?>
<!DOCTYPE log SYSTEM "logger.dtd">
<log>
<record>
  <date>2023-03-15T05:05:13.191849200Z</date>
  <millis>1678856713191</millis>
  <nanos>849200</nanos>
  <sequence>1</sequence>
  <logger>seedu.badMaths.Trigo.TrigoGraphAnalyser</logger>
  <level>SEVERE</level>
  <class>seedu.badMaths.Trigo.TrigoGraphAnalyser</class>
  <method>canStartAnalyser</method>
  <thread>1</thread>
  <message>ArrayIndexOutOfBounds</message>
  <exception>
    <message>java.lang.ArrayIndexOutOfBoundsException: Index 1 out of bounds for length 1</message>
    <frame>
      <class>seedu.badMaths.Trigo.TrigoGraphAnalyser</class>
      <method>splitAmplitudeFromTrigoEqn</method>
      <line>105</line>
    </frame>
    <frame>
      <class>seedu.badMaths.Trigo.TrigoGraphAnalyser</class>
      <method>canStartAnalyser</method>
      <line>38</line>
    </frame>
    <frame>
      <class>seedu.badMaths.Trigo.TrigoGraph</class>
      <method>startGraphAnalysis</method>
      <line>13</line>
    </frame>
    <frame>
      <class>seedu.badMaths.Command</class>
      <method>executeCommand</method>
      <line>44</line>
    </frame>
    <frame>
      <class>seedu.badMaths.BadMaths</class>
      <method>main</method>
      <line>32</line>
    </frame>
  </exception>
</record>
</log>
<?xml version="1.0" encoding="windows-1252" standalone="no"?>
<!DOCTYPE log SYSTEM "logger.dtd">
<log>
</log>
<?xml version="1.0" encoding="windows-1252" standalone="no"?>
<!DOCTYPE log SYSTEM "logger.dtd">
<log>
</log>
<?xml version="1.0" encoding="windows-1252" standalone="no"?>
<!DOCTYPE log SYSTEM "logger.dtd">
<log>
<record>
  <date>2023-03-15T06:55:01.197579Z</date>
  <millis>1678863301197</millis>
  <nanos>579000</nanos>
  <sequence>0</sequence>
  <logger>seedu.badMaths.Trigo.TrigoGraphAnalyser</logger>
  <level>SEVERE</level>
  <class>seedu.badMaths.Trigo.TrigoGraphAnalyser</class>
  <method>canStartAnalyser</method>
  <thread>1</thread>
  <message>ArrayIndexOutOfBounds</message>
  <exception>
    <message>java.lang.ArrayIndexOutOfBoundsException: Index 1 out of bounds for length 1</message>
    <frame>
      <class>seedu.badMaths.Trigo.TrigoGraphAnalyser</class>
      <method>splitAmplitudeFromTrigoEqn</method>
      <line>105</line>
    </frame>
    <frame>
      <class>seedu.badMaths.Trigo.TrigoGraphAnalyser</class>
      <method>canStartAnalyser</method>
      <line>38</line>
    </frame>
    <frame>
      <class>seedu.badMaths.Trigo.TrigoGraph</class>
      <method>startGraphAnalysis</method>
      <line>13</line>
    </frame>
    <frame>
      <class>seedu.badMaths.Command</class>
      <method>executeCommand</method>
      <line>49</line>
    </frame>
    <frame>
      <class>seedu.badMaths.BadMaths</class>
      <method>main</method>
      <line>46</line>
    </frame>
  </exception>
</record>
</log>
<?xml version="1.0" encoding="windows-1252" standalone="no"?>
<!DOCTYPE log SYSTEM "logger.dtd">
<log>
<record>
  <date>2023-03-15T06:55:58.844453Z</date>
  <millis>1678863358844</millis>
  <nanos>453000</nanos>
  <sequence>0</sequence>
  <logger>seedu.badMaths.Trigo.TrigoGraphAnalyser</logger>
  <level>SEVERE</level>
  <class>seedu.badMaths.Trigo.TrigoGraphAnalyser</class>
  <method>canStartAnalyser</method>
  <thread>1</thread>
  <message>ArrayIndexOutOfBounds</message>
  <exception>
    <message>java.lang.ArrayIndexOutOfBoundsException: Index 1 out of bounds for length 1</message>
    <frame>
      <class>seedu.badMaths.Trigo.TrigoGraphAnalyser</class>
      <method>splitAmplitudeFromTrigoEqn</method>
      <line>105</line>
    </frame>
    <frame>
      <class>seedu.badMaths.Trigo.TrigoGraphAnalyser</class>
      <method>canStartAnalyser</method>
      <line>38</line>
    </frame>
    <frame>
      <class>seedu.badMaths.Trigo.TrigoGraph</class>
      <method>startGraphAnalysis</method>
      <line>13</line>
    </frame>
    <frame>
      <class>seedu.badMaths.Command</class>
      <method>executeCommand</method>
      <line>49</line>
    </frame>
    <frame>
      <class>seedu.badMaths.BadMaths</class>
      <method>main</method>
      <line>46</line>
    </frame>
  </exception>
</record>
<?xml version="1.0" encoding="windows-1252" standalone="no"?>
<!DOCTYPE log SYSTEM "logger.dtd">
<log>
<record>
  <date>2023-03-15T07:03:00.631625800Z</date>
  <millis>1678863780631</millis>
  <nanos>625800</nanos>
  <sequence>0</sequence>
  <logger>seedu.badMaths.Trigo.TrigoGraphAnalyser</logger>
  <level>SEVERE</level>
  <class>seedu.badMaths.Trigo.TrigoGraphAnalyser</class>
  <method>canStartAnalyser</method>
  <thread>1</thread>
  <message>ArrayIndexOutOfBounds</message>
  <exception>
    <message>java.lang.ArrayIndexOutOfBoundsException: Index 1 out of bounds for length 1</message>
    <frame>
      <class>seedu.badMaths.Trigo.TrigoGraphAnalyser</class>
      <method>splitAmplitudeFromTrigoEqn</method>
      <line>105</line>
    </frame>
    <frame>
      <class>seedu.badMaths.Trigo.TrigoGraphAnalyser</class>
      <method>canStartAnalyser</method>
      <line>38</line>
    </frame>
    <frame>
      <class>seedu.badMaths.Trigo.TrigoGraph</class>
      <method>startGraphAnalysis</method>
      <line>13</line>
    </frame>
    <frame>
      <class>seedu.badMaths.Command</class>
      <method>executeCommand</method>
      <line>49</line>
    </frame>
    <frame>
      <class>seedu.badMaths.BadMaths</class>
      <method>main</method>
      <line>45</line>
    </frame>
  </exception>
</record>
</log>
